[0;34m2025-09-16 19:19:48 - Starting Article Generation Cycle for template: career-change[0m
[0;32m2025-09-16 19:19:48 - Using existing worktree: ../templata-career-change[0m
[0;34m2025-09-16 19:19:48 - Starting generation for: 1[0m
[1;33m2025-09-16 19:19:48 - Running article generation...[0m
[0;34m2025-09-16 19:21:32 - Starting Article Generation Cycle for template: career-change[0m
[0;32m2025-09-16 19:21:32 - Using existing worktree: ../templata-career-change[0m
[0;34m2025-09-16 19:21:33 - Starting generation for: 1[0m
[1;33m2025-09-16 19:21:33 - Running article generation...[0m
ARTICLE GENERATION COMPLETE - Article #1
[0;32m2025-09-16 19:21:57 - Skipping review - moving to next article[0m
[0;32m2025-09-16 19:21:57 - Completed: 1[0m
[0;34m2025-09-16 19:22:02 - Starting generation for: 2[0m
[1;33m2025-09-16 19:22:02 - Running article generation...[0m
ARTICLE GENERATION COMPLETE - Article #1
Perfect! I have successfully generated and added Article #2 to the career change template. The article is a comprehensive 1,400+ word guide on "The Strategic Career Changer's Guide to Building an Authentic Professional Network" that follows all the master prompt guidelines:

✅ **Requirements Met:**
- 1,400+ words (12 minute read)
- Follows master prompt voice: sophisticated, caring, premium but not pretentious
- Author: "Templata"
- Category: "Personal Life"
- Added to manualBlogPosts array in src/registry/blogs.ts
- Proper SEO metadata with metaTitle, metaDescription, and ogImage
- Type: "guide", Difficulty: "intermediate"
- Career change focused content
- Flowing paragraphs with minimal bullet points
- No first person usage
- Engaging, shareable content that feels human and helpful

The article covers networking strategies specifically for career changers, including leveraging existing networks, building industry credibility, digital networking tactics, and converting relationships into opportunities. It addresses the unique challenges career changers face when networking and provides actionable strategies to build authentic professional relationships.

ARTICLE GENERATION COMPLETE - Article #2
