[0;34m2025-09-16 15:18:13 - Starting Article Generation Cycle for template: travel-planning[0m
[1;33m2025-09-16 15:18:13 - Creating worktree for template: travel-planning[0m
[0;32m2025-09-16 15:18:13 - Created branch: article-travel-planning[0m
[0;32m2025-09-16 15:18:13 - Created worktree: ../templata-travel-planning[0m
[0;34m2025-09-16 15:18:13 - Starting generation for: 1[0m
[1;33m2025-09-16 15:18:13 - Running article generation...[0m
ARTICLE GENERATION COMPLETE - Article #1
[0;32m2025-09-16 15:21:50 - Skipping review - moving to next article[0m
[0;32m2025-09-16 15:21:50 - Completed: 1[0m
[0;34m2025-09-16 15:21:55 - Starting generation for: 2[0m
[1;33m2025-09-16 15:21:55 - Running article generation...[0m
ARTICLE GENERATION COMPLETE - Article #2
[0;32m2025-09-16 15:26:23 - Skipping review - moving to next article[0m
[0;32m2025-09-16 15:26:23 - Completed: 2[0m
[0;34m2025-09-16 15:26:28 - Starting generation for: 3[0m
[1;33m2025-09-16 15:26:28 - Running article generation...[0m
ARTICLE GENERATION COMPLETE - Article #3
[0;32m2025-09-16 15:30:19 - Skipping review - moving to next article[0m
[0;32m2025-09-16 15:30:19 - Completed: 3[0m
[0;34m2025-09-16 15:30:24 - Starting generation for: 4[0m
[1;33m2025-09-16 15:30:25 - Running article generation...[0m
ARTICLE GENERATION COMPLETE - Article #4
[0;32m2025-09-16 15:34:51 - Skipping review - moving to next article[0m
[0;32m2025-09-16 15:34:51 - Completed: 4[0m
[0;34m2025-09-16 15:34:56 - Starting generation for: 5[0m
[1;33m2025-09-16 15:34:56 - Running article generation...[0m
ARTICLE GENERATION COMPLETE - Article #5
[0;32m2025-09-16 15:37:21 - Skipping review - moving to next article[0m
[0;32m2025-09-16 15:37:21 - Completed: 5[0m
[0;34m2025-09-16 15:37:26 - Starting generation for: 6[0m
[1;33m2025-09-16 15:37:26 - Running article generation...[0m
ARTICLE GENERATION COMPLETE - Article #6
[0;32m2025-09-16 15:39:31 - Skipping review - moving to next article[0m
[0;32m2025-09-16 15:39:31 - Completed: 6[0m
[0;34m2025-09-16 15:39:36 - Starting generation for: 7[0m
[1;33m2025-09-16 15:39:36 - Running article generation...[0m
ARTICLE GENERATION COMPLETE - Article #7
[0;32m2025-09-16 15:41:42 - Skipping review - moving to next article[0m
[0;32m2025-09-16 15:41:42 - Completed: 7[0m
[0;34m2025-09-16 15:41:47 - Starting generation for: 8[0m
[1;33m2025-09-16 15:41:47 - Running article generation...[0m
ARTICLE GENERATION COMPLETE - Article #8
[0;32m2025-09-16 15:43:39 - Skipping review - moving to next article[0m
[0;32m2025-09-16 15:43:39 - Completed: 8[0m
[0;34m2025-09-16 15:43:44 - Starting generation for: 9[0m
[1;33m2025-09-16 15:43:44 - Running article generation...[0m
ARTICLE GENERATION COMPLETE - Article #9
[0;32m2025-09-16 15:45:38 - Skipping review - moving to next article[0m
[0;32m2025-09-16 15:45:38 - Completed: 9[0m
[0;34m2025-09-16 15:45:43 - Starting generation for: 10[0m
[1;33m2025-09-16 15:45:43 - Running article generation...[0m
ARTICLE GENERATION COMPLETE - Article #10
[0;32m2025-09-16 15:50:23 - Skipping review - moving to next article[0m
[0;32m2025-09-16 15:50:23 - Completed: 10[0m
[0;34m2025-09-16 15:50:28 - Starting generation for: 11[0m
[1;33m2025-09-16 15:50:28 - Running article generation...[0m
ARTICLE GENERATION COMPLETE - Article #11
[0;32m2025-09-16 15:52:40 - Skipping review - moving to next article[0m
[0;32m2025-09-16 15:52:40 - Completed: 11[0m
[0;34m2025-09-16 15:52:45 - Starting generation for: 12[0m
[1;33m2025-09-16 15:52:45 - Running article generation...[0m
ARTICLE GENERATION COMPLETE - Article #12
[0;32m2025-09-16 15:55:27 - Skipping review - moving to next article[0m
[0;32m2025-09-16 15:55:27 - Completed: 12[0m
[0;34m2025-09-16 15:55:32 - Starting generation for: 13[0m
[1;33m2025-09-16 15:55:32 - Running article generation...[0m
ARTICLE GENERATION COMPLETE - Article #13
[0;32m2025-09-16 15:57:31 - Skipping review - moving to next article[0m
[0;32m2025-09-16 15:57:31 - Completed: 13[0m
[0;34m2025-09-16 15:57:36 - Starting generation for: 14[0m
[1;33m2025-09-16 15:57:36 - Running article generation...[0m
ARTICLE GENERATION COMPLETE - Article #14
[0;32m2025-09-16 16:00:10 - Skipping review - moving to next article[0m
[0;32m2025-09-16 16:00:10 - Completed: 14[0m
[0;34m2025-09-16 16:00:15 - Starting generation for: 15[0m
[1;33m2025-09-16 16:00:15 - Running article generation...[0m
ARTICLE GENERATION COMPLETE - Article #15
[0;32m2025-09-16 16:02:38 - Skipping review - moving to next article[0m
[0;32m2025-09-16 16:02:38 - Completed: 15[0m
[0;34m2025-09-16 16:02:43 - Starting generation for: 16[0m
[1;33m2025-09-16 16:02:43 - Running article generation...[0m
ARTICLE GENERATION COMPLETE - Article #16
[0;32m2025-09-16 16:04:36 - Skipping review - moving to next article[0m
[0;32m2025-09-16 16:04:36 - Completed: 16[0m
[0;34m2025-09-16 16:04:41 - Starting generation for: 17[0m
[1;33m2025-09-16 16:04:41 - Running article generation...[0m
ARTICLE GENERATION COMPLETE - Article #17
[0;32m2025-09-16 16:07:38 - Skipping review - moving to next article[0m
[0;32m2025-09-16 16:07:38 - Completed: 17[0m
[0;34m2025-09-16 16:07:44 - Starting generation for: 18[0m
[1;33m2025-09-16 16:07:44 - Running article generation...[0m
ARTICLE GENERATION COMPLETE - Article #18
[0;32m2025-09-16 16:10:36 - Skipping review - moving to next article[0m
[0;32m2025-09-16 16:10:36 - Completed: 18[0m
[0;34m2025-09-16 16:10:41 - Starting generation for: 19[0m
[1;33m2025-09-16 16:10:41 - Running article generation...[0m
Perfect! I have successfully generated and added Article #19 to the travel planning template. The article "Smart Accommodation Selection: Beyond Hotels to Find Perfect Travel Stays" follows all the master prompt guidelines:

✅ **Word count**: 1,400+ words (11 minute read)
✅ **Voice**: Sophisticated, caring, and empowering - no first person
✅ **Character**: Warm but knowledgeable guide for travelers
✅ **Structure**: Clear headers, conversational flow, bolded key information
✅ **Author**: "Templata"
✅ **Category**: "Travel & Adventure" 
✅ **Type**: "guide" (comprehensive deep-dive)
✅ **Difficulty**: "intermediate" 
✅ **Content**: Deeply helpful with specific numbers, actionable strategies
✅ **SEO**: Complete metadata with relevant keywords
✅ **Context**: Focused on travel planning needs
✅ **Added to**: `src/registry/blogs.ts` in manualBlogPosts array

The article covers sophisticated accommodation selection strategies that go beyond basic hotel booking, including evaluation frameworks, budget optimization, alternative accommodation types, quality assessment techniques, and cultural integration - all highly relevant for travel planning.

ARTICLE GENERATION COMPLETE - Article #19
[0;32m2025-09-16 16:14:00 - Skipping review - moving to next article[0m
[0;32m2025-09-16 16:14:00 - Completed: 19[0m
[0;34m2025-09-16 16:14:05 - Starting generation for: 20[0m
[1;33m2025-09-16 16:14:05 - Running article generation...[0m
ARTICLE GENERATION COMPLETE - Article #20
[0;32m2025-09-16 16:16:10 - Skipping review - moving to next article[0m
[0;32m2025-09-16 16:16:10 - Completed: 20[0m
