[0;34m2025-09-16 19:29:26 - Starting Article Generation Cycle for template: podcast-creation[0m
[0;32m2025-09-16 19:29:26 - Using existing worktree: ../templata-podcast-creation[0m
[0;34m2025-09-16 19:29:26 - Starting generation for: 1[0m
[1;33m2025-09-16 19:29:26 - Running article generation...[0m
ARTICLE GENERATION COMPLETE - Article #1
[0;32m2025-09-16 19:31:13 - Skipping review - moving to next article[0m
[0;32m2025-09-16 19:31:13 - Completed: 1[0m
[0;34m2025-09-16 19:31:18 - Starting generation for: 2[0m
[1;33m2025-09-16 19:31:18 - Running article generation...[0m
ARTICLE GENERATION COMPLETE - Article #2
[0;32m2025-09-16 19:33:07 - Skipping review - moving to next article[0m
[0;32m2025-09-16 19:33:07 - Completed: 2[0m
[0;34m2025-09-16 19:33:12 - Starting generation for: 3[0m
[1;33m2025-09-16 19:33:12 - Running article generation...[0m
ARTICLE GENERATION COMPLETE - Article #3
[0;32m2025-09-16 19:36:25 - Skipping review - moving to next article[0m
[0;32m2025-09-16 19:36:25 - Completed: 3[0m
[0;34m2025-09-16 19:36:30 - Starting generation for: 4[0m
[1;33m2025-09-16 19:36:30 - Running article generation...[0m
ARTICLE GENERATION COMPLETE - Article #4
[0;32m2025-09-16 19:38:43 - Skipping review - moving to next article[0m
[0;32m2025-09-16 19:38:43 - Completed: 4[0m
[0;34m2025-09-16 19:38:48 - Starting generation for: 5[0m
[1;33m2025-09-16 19:38:48 - Running article generation...[0m
ARTICLE GENERATION COMPLETE - Article #5
[0;32m2025-09-16 19:40:47 - Skipping review - moving to next article[0m
[0;32m2025-09-16 19:40:47 - Completed: 5[0m
[0;34m2025-09-16 19:40:52 - Starting generation for: 6[0m
[1;33m2025-09-16 19:40:52 - Running article generation...[0m
ARTICLE GENERATION COMPLETE - Article #6
[0;32m2025-09-16 19:44:20 - Skipping review - moving to next article[0m
[0;32m2025-09-16 19:44:20 - Completed: 6[0m
[0;34m2025-09-16 19:44:25 - Starting generation for: 7[0m
[1;33m2025-09-16 19:44:25 - Running article generation...[0m
ARTICLE GENERATION COMPLETE - Article #7
[0;32m2025-09-16 19:47:19 - Skipping review - moving to next article[0m
[0;32m2025-09-16 19:47:19 - Completed: 7[0m
[0;34m2025-09-16 19:47:24 - Starting generation for: 8[0m
[1;33m2025-09-16 19:47:24 - Running article generation...[0m
ARTICLE GENERATION COMPLETE - Article #8
[0;32m2025-09-16 19:50:03 - Skipping review - moving to next article[0m
[0;32m2025-09-16 19:50:03 - Completed: 8[0m
[0;34m2025-09-16 19:50:08 - Starting generation for: 9[0m
[1;33m2025-09-16 19:50:08 - Running article generation...[0m
ARTICLE GENERATION COMPLETE - Article #9
[0;32m2025-09-16 19:52:54 - Skipping review - moving to next article[0m
[0;32m2025-09-16 19:52:54 - Completed: 9[0m
[0;34m2025-09-16 19:52:59 - Starting generation for: 10[0m
[1;33m2025-09-16 19:52:59 - Running article generation...[0m
ARTICLE GENERATION COMPLETE - Article #10
[0;32m2025-09-16 19:55:47 - Skipping review - moving to next article[0m
[0;32m2025-09-16 19:55:47 - Completed: 10[0m
[0;34m2025-09-16 19:55:52 - Starting generation for: 11[0m
[1;33m2025-09-16 19:55:52 - Running article generation...[0m
ARTICLE GENERATION COMPLETE - Article #11
[0;32m2025-09-16 19:58:58 - Skipping review - moving to next article[0m
[0;32m2025-09-16 19:58:58 - Completed: 11[0m
[0;34m2025-09-16 19:59:03 - Starting generation for: 12[0m
[1;33m2025-09-16 19:59:03 - Running article generation...[0m
ARTICLE GENERATION COMPLETE - Article #12
[0;32m2025-09-16 20:01:17 - Skipping review - moving to next article[0m
[0;32m2025-09-16 20:01:17 - Completed: 12[0m
[0;34m2025-09-16 20:01:22 - Starting generation for: 13[0m
[1;33m2025-09-16 20:01:22 - Running article generation...[0m
ARTICLE GENERATION COMPLETE - Article #13
[0;32m2025-09-16 20:02:59 - Skipping review - moving to next article[0m
[0;32m2025-09-16 20:02:59 - Completed: 13[0m
[0;34m2025-09-16 20:03:04 - Starting generation for: 14[0m
[1;33m2025-09-16 20:03:04 - Running article generation...[0m
ARTICLE GENERATION COMPLETE - Article #14
[0;32m2025-09-16 20:06:05 - Skipping review - moving to next article[0m
[0;32m2025-09-16 20:06:05 - Completed: 14[0m
[0;34m2025-09-16 20:06:10 - Starting generation for: 15[0m
[1;33m2025-09-16 20:06:10 - Running article generation...[0m
ARTICLE GENERATION COMPLETE - Article #15
[0;32m2025-09-16 20:08:20 - Skipping review - moving to next article[0m
[0;32m2025-09-16 20:08:20 - Completed: 15[0m
[0;34m2025-09-16 20:08:25 - Starting generation for: 16[0m
[1;33m2025-09-16 20:08:25 - Running article generation...[0m
ARTICLE GENERATION COMPLETE - Article #16
[0;32m2025-09-16 20:09:58 - Skipping review - moving to next article[0m
[0;32m2025-09-16 20:09:58 - Completed: 16[0m
[0;34m2025-09-16 20:10:03 - Starting generation for: 17[0m
[1;33m2025-09-16 20:10:03 - Running article generation...[0m
ARTICLE GENERATION COMPLETE - Article #17
[0;32m2025-09-16 20:12:56 - Skipping review - moving to next article[0m
[0;32m2025-09-16 20:12:56 - Completed: 17[0m
[0;34m2025-09-16 20:13:01 - Starting generation for: 18[0m
[1;33m2025-09-16 20:13:01 - Running article generation...[0m
5-hour limit reached ∙ resets 10pm
[0;32m2025-09-16 20:14:43 - Skipping review - moving to next article[0m
[0;32m2025-09-16 20:14:43 - Completed: 18[0m
[0;34m2025-09-16 20:14:48 - Starting generation for: 19[0m
[1;33m2025-09-16 20:14:48 - Running article generation...[0m
5-hour limit reached ∙ resets 10pm
[0;32m2025-09-16 20:14:53 - Skipping review - moving to next article[0m
[0;32m2025-09-16 20:14:53 - Completed: 19[0m
[0;34m2025-09-16 20:14:58 - Starting generation for: 20[0m
[1;33m2025-09-16 20:14:58 - Running article generation...[0m
5-hour limit reached ∙ resets 10pm
[0;32m2025-09-16 20:15:03 - Skipping review - moving to next article[0m
[0;32m2025-09-16 20:15:03 - Completed: 20[0m
[0;34m2025-09-16 22:03:59 - Starting Article Generation Cycle for template: podcast-creation[0m
[0;32m2025-09-16 22:03:59 - Using existing worktree: ../templata-podcast-creation[0m
[0;34m2025-09-16 22:03:59 - Starting generation for: 18[0m
[1;33m2025-09-16 22:03:59 - Running article generation...[0m
ARTICLE GENERATION COMPLETE - Article #18
[0;32m2025-09-16 22:06:18 - Skipping review - moving to next article[0m
[0;32m2025-09-16 22:06:19 - Completed: 18[0m
[0;34m2025-09-16 22:06:24 - Starting generation for: 19[0m
[1;33m2025-09-16 22:06:24 - Running article generation...[0m
ARTICLE GENERATION COMPLETE - Article #19
[0;32m2025-09-16 22:08:03 - Skipping review - moving to next article[0m
[0;32m2025-09-16 22:08:03 - Completed: 19[0m
[0;34m2025-09-16 22:08:08 - Starting generation for: 20[0m
[1;33m2025-09-16 22:08:08 - Running article generation...[0m
Perfect! I have successfully generated and added Article #20 for the podcast creation template. The article is a comprehensive 1,400+ word guide on podcast monetization that follows all the master prompt guidelines:

- **Topic**: "Beyond Ads: Building Sustainable Podcast Revenue That Actually Works" - highly relevant to podcast creators
- **Length**: 1,400+ words (well within the 1,200-1,600 word requirement)
- **Voice**: Sophisticated, caring, and encouraging tone that follows the master prompt guidelines
- **Structure**: Flowing paragraphs with minimal bullet points, engaging and readable
- **Author**: "Templata" 
- **Category**: "Personal Life"
- **Type**: "guide"
- **Difficulty**: "intermediate"
- **SEO**: Complete metadata with title, description, and keywords
- **Content**: Covers premium content strategies, sponsorship approaches, product development, community building, financial planning, and long-term sustainability - all valuable for podcast creators

The article has been properly added to the `manualBlogPosts` array in `src/registry/blogs.ts` with all required fields and proper formatting.

ARTICLE GENERATION COMPLETE - Article #20
[0;32m2025-09-16 22:10:59 - Skipping review - moving to next article[0m
[0;32m2025-09-16 22:10:59 - Completed: 20[0m
