[0;34m2025-09-16 15:17:59 - Starting Article Generation Cycle for template: budget-planning[0m
[1;33m2025-09-16 15:17:59 - Creating worktree for template: budget-planning[0m
[0;32m2025-09-16 15:17:59 - Created branch: article-budget-planning[0m
[0;32m2025-09-16 15:18:01 - Created worktree: ../templata-budget-planning[0m
[0;34m2025-09-16 15:18:01 - Starting generation for: 1[0m
[1;33m2025-09-16 15:18:01 - Running article generation...[0m
ARTICLE GENERATION COMPLETE - Article #1
[0;32m2025-09-16 15:21:39 - Skipping review - moving to next article[0m
[0;32m2025-09-16 15:21:39 - Completed: 1[0m
[0;34m2025-09-16 15:21:45 - Starting generation for: 2[0m
[1;33m2025-09-16 15:21:45 - Running article generation...[0m
ARTICLE GENERATION COMPLETE - Article #2
[0;32m2025-09-16 15:24:26 - Skipping review - moving to next article[0m
[0;32m2025-09-16 15:24:26 - Completed: 2[0m
[0;34m2025-09-16 15:24:31 - Starting generation for: 3[0m
[1;33m2025-09-16 15:24:31 - Running article generation...[0m
ARTICLE GENERATION COMPLETE - Article #3
[0;32m2025-09-16 15:30:09 - Skipping review - moving to next article[0m
[0;32m2025-09-16 15:30:09 - Completed: 3[0m
[0;34m2025-09-16 15:30:14 - Starting generation for: 4[0m
[1;33m2025-09-16 15:30:14 - Running article generation...[0m
ARTICLE GENERATION COMPLETE - Article #4
[0;32m2025-09-16 15:34:06 - Skipping review - moving to next article[0m
[0;32m2025-09-16 15:34:06 - Completed: 4[0m
[0;34m2025-09-16 15:34:11 - Starting generation for: 5[0m
[1;33m2025-09-16 15:34:11 - Running article generation...[0m
ARTICLE GENERATION COMPLETE - Article #5
[0;32m2025-09-16 15:36:50 - Skipping review - moving to next article[0m
[0;32m2025-09-16 15:36:50 - Completed: 5[0m
[0;34m2025-09-16 15:36:55 - Starting generation for: 6[0m
[1;33m2025-09-16 15:36:55 - Running article generation...[0m
ARTICLE GENERATION COMPLETE - Article #6
[0;32m2025-09-16 15:39:25 - Skipping review - moving to next article[0m
[0;32m2025-09-16 15:39:25 - Completed: 6[0m
[0;34m2025-09-16 15:39:30 - Starting generation for: 7[0m
[1;33m2025-09-16 15:39:30 - Running article generation...[0m
ARTICLE GENERATION COMPLETE - Article #7
[0;32m2025-09-16 15:43:13 - Skipping review - moving to next article[0m
[0;32m2025-09-16 15:43:13 - Completed: 7[0m
[0;34m2025-09-16 15:43:19 - Starting generation for: 8[0m
[1;33m2025-09-16 15:43:19 - Running article generation...[0m
ARTICLE GENERATION COMPLETE - Article #8
[0;32m2025-09-16 15:44:55 - Skipping review - moving to next article[0m
[0;32m2025-09-16 15:44:55 - Completed: 8[0m
[0;34m2025-09-16 15:45:00 - Starting generation for: 9[0m
[1;33m2025-09-16 15:45:00 - Running article generation...[0m
ARTICLE GENERATION COMPLETE - Article #9
[0;32m2025-09-16 15:46:38 - Skipping review - moving to next article[0m
[0;32m2025-09-16 15:46:38 - Completed: 9[0m
[0;34m2025-09-16 15:46:43 - Starting generation for: 10[0m
[1;33m2025-09-16 15:46:43 - Running article generation...[0m
ARTICLE GENERATION COMPLETE - Article #10
[0;32m2025-09-16 15:49:53 - Skipping review - moving to next article[0m
[0;32m2025-09-16 15:49:53 - Completed: 10[0m
[0;34m2025-09-16 15:49:58 - Starting generation for: 11[0m
[1;33m2025-09-16 15:49:58 - Running article generation...[0m
ARTICLE GENERATION COMPLETE - Article #11
[0;32m2025-09-16 15:55:02 - Skipping review - moving to next article[0m
[0;32m2025-09-16 15:55:02 - Completed: 11[0m
[0;34m2025-09-16 15:55:07 - Starting generation for: 12[0m
[1;33m2025-09-16 15:55:08 - Running article generation...[0m
ARTICLE GENERATION COMPLETE - Article #12
[0;32m2025-09-16 15:57:38 - Skipping review - moving to next article[0m
[0;32m2025-09-16 15:57:38 - Completed: 12[0m
[0;34m2025-09-16 15:57:44 - Starting generation for: 13[0m
[1;33m2025-09-16 15:57:44 - Running article generation...[0m
Perfect! I have successfully generated and added Article #13 to the budget planning template. The article is a comprehensive 1,400+ word guide on "Expense Tracking Mastery" that follows all the master prompt guidelines:

- **Voice**: Sophisticated but warm, caring tone without first person
- **Structure**: Clear sections with conversational headers
- **Length**: 12 minute read (1,400+ words) within the target range
- **Author**: "Templata"
- **Category**: "Personal Finance"
- **Type**: "guide" (following the rotation guidelines)
- **Difficulty**: "intermediate" 
- **Content**: Deeply helpful, emotionally intelligent, and highly actionable
- **SEO**: Proper metadata with compelling title and description
- **Integration**: Added to manualBlogPosts array with proper formatting

The article covers sophisticated expense tracking strategies, automation techniques, analysis frameworks, and behavioral integration - all essential for budget planning success.

ARTICLE GENERATION COMPLETE - Article #13
[0;32m2025-09-16 16:02:33 - Skipping review - moving to next article[0m
[0;32m2025-09-16 16:02:33 - Completed: 13[0m
[0;34m2025-09-16 16:02:38 - Starting generation for: 14[0m
[1;33m2025-09-16 16:02:38 - Running article generation...[0m
ARTICLE GENERATION COMPLETE - Article #14
[0;32m2025-09-16 16:04:09 - Skipping review - moving to next article[0m
[0;32m2025-09-16 16:04:09 - Completed: 14[0m
[0;34m2025-09-16 16:04:14 - Starting generation for: 15[0m
[1;33m2025-09-16 16:04:14 - Running article generation...[0m
ARTICLE GENERATION COMPLETE - Article #15
[0;32m2025-09-16 16:06:10 - Skipping review - moving to next article[0m
[0;32m2025-09-16 16:06:10 - Completed: 15[0m
[0;34m2025-09-16 16:06:15 - Starting generation for: 16[0m
[1;33m2025-09-16 16:06:15 - Running article generation...[0m
ARTICLE GENERATION COMPLETE - Article #16
[0;32m2025-09-16 16:08:05 - Skipping review - moving to next article[0m
[0;32m2025-09-16 16:08:05 - Completed: 16[0m
[0;34m2025-09-16 16:08:10 - Starting generation for: 17[0m
[1;33m2025-09-16 16:08:10 - Running article generation...[0m
ARTICLE GENERATION COMPLETE - Article #17
[0;32m2025-09-16 16:10:50 - Skipping review - moving to next article[0m
[0;32m2025-09-16 16:10:50 - Completed: 17[0m
[0;34m2025-09-16 16:10:55 - Starting generation for: 18[0m
[1;33m2025-09-16 16:10:55 - Running article generation...[0m
ARTICLE GENERATION COMPLETE - Article #18
[0;32m2025-09-16 16:13:37 - Skipping review - moving to next article[0m
[0;32m2025-09-16 16:13:37 - Completed: 18[0m
[0;34m2025-09-16 16:13:42 - Starting generation for: 19[0m
[1;33m2025-09-16 16:13:42 - Running article generation...[0m
ARTICLE GENERATION COMPLETE - Article #19
[0;32m2025-09-16 16:14:57 - Skipping review - moving to next article[0m
[0;32m2025-09-16 16:14:57 - Completed: 19[0m
[0;34m2025-09-16 16:15:02 - Starting generation for: 20[0m
[1;33m2025-09-16 16:15:02 - Running article generation...[0m
ARTICLE GENERATION COMPLETE - Article #20
[0;32m2025-09-16 16:17:17 - Skipping review - moving to next article[0m
[0;32m2025-09-16 16:17:17 - Completed: 20[0m
