[0;34m2025-09-16 19:29:26 - Starting Article Generation Cycle for template: music-production[0m
[0;32m2025-09-16 19:29:26 - Using existing worktree: ../templata-music-production[0m
[0;34m2025-09-16 19:29:26 - Starting generation for: 1[0m
[1;33m2025-09-16 19:29:26 - Running article generation...[0m
ARTICLE GENERATION COMPLETE - Article #1
[0;32m2025-09-16 19:33:11 - Skipping review - moving to next article[0m
[0;32m2025-09-16 19:33:11 - Completed: 1[0m
[0;34m2025-09-16 19:33:16 - Starting generation for: 2[0m
[1;33m2025-09-16 19:33:16 - Running article generation...[0m
<invoke name="TodoWrite">
<parameter name="todos">[
  {
    "content": "Read existing blog registry to understand format",
    "status": "pending",
    "activeForm": "Reading existing blog registry to understand format"
  },
  {
    "content": "Generate comprehensive music production article (1,200-1,600 words)",
    "status": "pending", 
    "activeForm": "Generating comprehensive music production article"
  },
  {
    "content": "Add article to src/registry/blogs.ts manualBlogPosts array",
    "status": "pending",
    "activeForm": "Adding article to blog registry"
  }
]</parameter>
</invoke>
[0;32m2025-09-16 19:33:29 - Skipping review - moving to next article[0m
[0;32m2025-09-16 19:33:29 - Completed: 2[0m
[0;34m2025-09-16 19:33:34 - Starting generation for: 3[0m
[1;33m2025-09-16 19:33:34 - Running article generation...[0m
ARTICLE GENERATION COMPLETE - Article #3
[0;32m2025-09-16 19:36:22 - Skipping review - moving to next article[0m
[0;32m2025-09-16 19:36:22 - Completed: 3[0m
[0;34m2025-09-16 19:36:27 - Starting generation for: 4[0m
[1;33m2025-09-16 19:36:27 - Running article generation...[0m
ARTICLE GENERATION COMPLETE - Article #4
[0;32m2025-09-16 19:38:43 - Skipping review - moving to next article[0m
[0;32m2025-09-16 19:38:43 - Completed: 4[0m
[0;34m2025-09-16 19:38:48 - Starting generation for: 5[0m
[1;33m2025-09-16 19:38:48 - Running article generation...[0m
ARTICLE GENERATION COMPLETE - Article #5
[0;32m2025-09-16 19:41:32 - Skipping review - moving to next article[0m
[0;32m2025-09-16 19:41:32 - Completed: 5[0m
[0;34m2025-09-16 19:41:37 - Starting generation for: 6[0m
[1;33m2025-09-16 19:41:37 - Running article generation...[0m
ARTICLE GENERATION COMPLETE - Article #6
[0;32m2025-09-16 19:43:13 - Skipping review - moving to next article[0m
[0;32m2025-09-16 19:43:13 - Completed: 6[0m
[0;34m2025-09-16 19:43:18 - Starting generation for: 7[0m
[1;33m2025-09-16 19:43:18 - Running article generation...[0m
ARTICLE GENERATION COMPLETE - Article #7
[0;32m2025-09-16 19:45:57 - Skipping review - moving to next article[0m
[0;32m2025-09-16 19:45:57 - Completed: 7[0m
[0;34m2025-09-16 19:46:02 - Starting generation for: 8[0m
[1;33m2025-09-16 19:46:02 - Running article generation...[0m
ARTICLE GENERATION COMPLETE - Article #8
[0;32m2025-09-16 19:49:13 - Skipping review - moving to next article[0m
[0;32m2025-09-16 19:49:13 - Completed: 8[0m
[0;34m2025-09-16 19:49:18 - Starting generation for: 9[0m
[1;33m2025-09-16 19:49:18 - Running article generation...[0m
ARTICLE GENERATION COMPLETE - Article #9
[0;32m2025-09-16 19:53:46 - Skipping review - moving to next article[0m
[0;32m2025-09-16 19:53:46 - Completed: 9[0m
[0;34m2025-09-16 19:53:51 - Starting generation for: 10[0m
[1;33m2025-09-16 19:53:51 - Running article generation...[0m
ARTICLE GENERATION COMPLETE - Article #10
[0;32m2025-09-16 19:56:48 - Skipping review - moving to next article[0m
[0;32m2025-09-16 19:56:48 - Completed: 10[0m
[0;34m2025-09-16 19:56:53 - Starting generation for: 11[0m
[1;33m2025-09-16 19:56:53 - Running article generation...[0m
ARTICLE GENERATION COMPLETE - Article #11
[0;32m2025-09-16 19:59:51 - Skipping review - moving to next article[0m
[0;32m2025-09-16 19:59:51 - Completed: 11[0m
[0;34m2025-09-16 19:59:56 - Starting generation for: 12[0m
[1;33m2025-09-16 19:59:56 - Running article generation...[0m
ARTICLE GENERATION COMPLETE - Article #12
[0;32m2025-09-16 20:01:53 - Skipping review - moving to next article[0m
[0;32m2025-09-16 20:01:53 - Completed: 12[0m
[0;34m2025-09-16 20:01:58 - Starting generation for: 13[0m
[1;33m2025-09-16 20:01:58 - Running article generation...[0m
ARTICLE GENERATION COMPLETE - Article #13
[0;32m2025-09-16 20:04:49 - Skipping review - moving to next article[0m
[0;32m2025-09-16 20:04:49 - Completed: 13[0m
[0;34m2025-09-16 20:04:54 - Starting generation for: 14[0m
[1;33m2025-09-16 20:04:54 - Running article generation...[0m
ARTICLE GENERATION COMPLETE - Article #14
[0;32m2025-09-16 20:06:40 - Skipping review - moving to next article[0m
[0;32m2025-09-16 20:06:40 - Completed: 14[0m
[0;34m2025-09-16 20:06:45 - Starting generation for: 15[0m
[1;33m2025-09-16 20:06:45 - Running article generation...[0m
ARTICLE GENERATION COMPLETE - Article #15
[0;32m2025-09-16 20:08:44 - Skipping review - moving to next article[0m
[0;32m2025-09-16 20:08:44 - Completed: 15[0m
[0;34m2025-09-16 20:08:49 - Starting generation for: 16[0m
[1;33m2025-09-16 20:08:49 - Running article generation...[0m
ARTICLE GENERATION COMPLETE - Article #16
[0;32m2025-09-16 20:11:39 - Skipping review - moving to next article[0m
[0;32m2025-09-16 20:11:39 - Completed: 16[0m
[0;34m2025-09-16 20:11:44 - Starting generation for: 17[0m
[1;33m2025-09-16 20:11:44 - Running article generation...[0m
5-hour limit reached ∙ resets 10pm
[0;32m2025-09-16 20:14:24 - Skipping review - moving to next article[0m
[0;32m2025-09-16 20:14:24 - Completed: 17[0m
[0;34m2025-09-16 20:14:29 - Starting generation for: 18[0m
[1;33m2025-09-16 20:14:29 - Running article generation...[0m
5-hour limit reached ∙ resets 10pm
[0;32m2025-09-16 20:14:34 - Skipping review - moving to next article[0m
[0;32m2025-09-16 20:14:34 - Completed: 18[0m
[0;34m2025-09-16 20:14:39 - Starting generation for: 19[0m
[1;33m2025-09-16 20:14:39 - Running article generation...[0m
5-hour limit reached ∙ resets 10pm
[0;32m2025-09-16 20:14:45 - Skipping review - moving to next article[0m
[0;32m2025-09-16 20:14:45 - Completed: 19[0m
[0;34m2025-09-16 20:14:50 - Starting generation for: 20[0m
[1;33m2025-09-16 20:14:50 - Running article generation...[0m
5-hour limit reached ∙ resets 10pm
[0;32m2025-09-16 20:14:56 - Skipping review - moving to next article[0m
[0;32m2025-09-16 20:14:56 - Completed: 20[0m
[0;34m2025-09-16 22:03:59 - Starting Article Generation Cycle for template: music-production[0m
[0;32m2025-09-16 22:03:59 - Using existing worktree: ../templata-music-production[0m
[0;34m2025-09-16 22:04:00 - Starting generation for: 16[0m
[1;33m2025-09-16 22:04:00 - Running article generation...[0m
ARTICLE GENERATION COMPLETE - Article #16
[0;32m2025-09-16 22:07:10 - Skipping review - moving to next article[0m
[0;32m2025-09-16 22:07:10 - Completed: 16[0m
[0;34m2025-09-16 22:07:15 - Starting generation for: 17[0m
[1;33m2025-09-16 22:07:15 - Running article generation...[0m
ARTICLE GENERATION COMPLETE - Article #17
[0;32m2025-09-16 22:09:29 - Skipping review - moving to next article[0m
[0;32m2025-09-16 22:09:29 - Completed: 17[0m
[0;34m2025-09-16 22:09:34 - Starting generation for: 18[0m
[1;33m2025-09-16 22:09:34 - Running article generation...[0m
Perfect! I have successfully completed Article #18 for the music production template. The article "Mastering Your Creative Workflow: How to Turn Ideas Into Finished Tracks Consistently" is:

- **1,420 words** (within the 1,200-1,600 word requirement)
- **11-minute read time** (within the 8-12 minute requirement)
- **Author**: "Templata"
- **Category**: "Personal Life"
- **Type**: "guide"
- **Difficulty**: "intermediate"
- **Topic**: Creative workflow and project completion in music production
- **Added to manualBlogPosts array** in src/registry/blogs.ts

The article follows all master prompt guidelines:
- Premium but not pretentious tone
- Comprehensive but not overwhelming
- Warm and encouraging voice
- Refreshingly human approach
- Minimizes bullet points in favor of flowing paragraphs
- Never uses first person
- Focuses on genuinely helpful content for music producers
- Addresses the real challenges of turning ideas into finished tracks

ARTICLE GENERATION COMPLETE - Article #18
[0;32m2025-09-16 22:13:11 - Skipping review - moving to next article[0m
[0;32m2025-09-16 22:13:11 - Completed: 18[0m
[0;34m2025-09-16 22:13:16 - Starting generation for: 19[0m
[1;33m2025-09-16 22:13:16 - Running article generation...[0m
ARTICLE GENERATION COMPLETE - Article #19
[0;32m2025-09-16 22:15:07 - Skipping review - moving to next article[0m
[0;32m2025-09-16 22:15:07 - Completed: 19[0m
[0;34m2025-09-16 22:15:12 - Starting generation for: 20[0m
[1;33m2025-09-16 22:15:12 - Running article generation...[0m
ARTICLE GENERATION COMPLETE - Article #20
[0;32m2025-09-16 22:20:29 - Skipping review - moving to next article[0m
[0;32m2025-09-16 22:20:29 - Completed: 20[0m
