[0;34m2025-09-16 15:18:12 - Starting Article Generation Cycle for template: fitness-journey[0m
[1;33m2025-09-16 15:18:12 - Creating worktree for template: fitness-journey[0m
[0;32m2025-09-16 15:18:12 - Created branch: article-fitness-journey[0m
[0;32m2025-09-16 15:18:13 - Created worktree: ../templata-fitness-journey[0m
[0;34m2025-09-16 15:18:13 - Starting generation for: 1[0m
[1;33m2025-09-16 15:18:13 - Running article generation...[0m
ARTICLE GENERATION COMPLETE - Article #1
[0;32m2025-09-16 15:21:52 - Skipping review - moving to next article[0m
[0;32m2025-09-16 15:21:52 - Completed: 1[0m
[0;34m2025-09-16 15:21:57 - Starting generation for: 2[0m
[1;33m2025-09-16 15:21:57 - Running article generation...[0m
ARTICLE GENERATION COMPLETE - Article #2
[0;32m2025-09-16 15:28:09 - Skipping review - moving to next article[0m
[0;32m2025-09-16 15:28:09 - Completed: 2[0m
[0;34m2025-09-16 15:28:14 - Starting generation for: 3[0m
[1;33m2025-09-16 15:28:14 - Running article generation...[0m
ARTICLE GENERATION COMPLETE - Article #3
[0;32m2025-09-16 15:31:53 - Skipping review - moving to next article[0m
[0;32m2025-09-16 15:31:53 - Completed: 3[0m
[0;34m2025-09-16 15:31:58 - Starting generation for: 4[0m
[1;33m2025-09-16 15:31:58 - Running article generation...[0m
ARTICLE GENERATION COMPLETE - Article #4
[0;32m2025-09-16 15:35:31 - Skipping review - moving to next article[0m
[0;32m2025-09-16 15:35:31 - Completed: 4[0m
[0;34m2025-09-16 15:35:36 - Starting generation for: 5[0m
[1;33m2025-09-16 15:35:36 - Running article generation...[0m
ARTICLE GENERATION COMPLETE - Article #5
[0;32m2025-09-16 15:37:49 - Skipping review - moving to next article[0m
[0;32m2025-09-16 15:37:49 - Completed: 5[0m
[0;34m2025-09-16 15:37:54 - Starting generation for: 6[0m
[1;33m2025-09-16 15:37:54 - Running article generation...[0m
ARTICLE GENERATION COMPLETE - Article #6
[0;32m2025-09-16 15:41:57 - Skipping review - moving to next article[0m
[0;32m2025-09-16 15:41:57 - Completed: 6[0m
[0;34m2025-09-16 15:42:02 - Starting generation for: 7[0m
[1;33m2025-09-16 15:42:02 - Running article generation...[0m
ARTICLE GENERATION COMPLETE - Article #7
[0;32m2025-09-16 15:44:17 - Skipping review - moving to next article[0m
[0;32m2025-09-16 15:44:17 - Completed: 7[0m
[0;34m2025-09-16 15:44:22 - Starting generation for: 8[0m
[1;33m2025-09-16 15:44:22 - Running article generation...[0m
ARTICLE GENERATION COMPLETE - Article #8
[0;32m2025-09-16 15:46:25 - Skipping review - moving to next article[0m
[0;32m2025-09-16 15:46:25 - Completed: 8[0m
[0;34m2025-09-16 15:46:30 - Starting generation for: 9[0m
[1;33m2025-09-16 15:46:30 - Running article generation...[0m
ARTICLE GENERATION COMPLETE - Article #9
[0;32m2025-09-16 15:50:06 - Skipping review - moving to next article[0m
[0;32m2025-09-16 15:50:06 - Completed: 9[0m
[0;34m2025-09-16 15:50:11 - Starting generation for: 10[0m
[1;33m2025-09-16 15:50:11 - Running article generation...[0m
ARTICLE GENERATION COMPLETE - Article #10
[0;32m2025-09-16 15:52:06 - Skipping review - moving to next article[0m
[0;32m2025-09-16 15:52:06 - Completed: 10[0m
[0;34m2025-09-16 15:52:11 - Starting generation for: 11[0m
[1;33m2025-09-16 15:52:11 - Running article generation...[0m
ARTICLE GENERATION COMPLETE - Article #11
[0;32m2025-09-16 15:55:02 - Skipping review - moving to next article[0m
[0;32m2025-09-16 15:55:02 - Completed: 11[0m
[0;34m2025-09-16 15:55:08 - Starting generation for: 12[0m
[1;33m2025-09-16 15:55:08 - Running article generation...[0m
ARTICLE GENERATION COMPLETE - Article #12
[0;32m2025-09-16 15:58:23 - Skipping review - moving to next article[0m
[0;32m2025-09-16 15:58:23 - Completed: 12[0m
[0;34m2025-09-16 15:58:28 - Starting generation for: 13[0m
[1;33m2025-09-16 15:58:28 - Running article generation...[0m
ARTICLE GENERATION COMPLETE - Article #13
[0;32m2025-09-16 16:01:20 - Skipping review - moving to next article[0m
[0;32m2025-09-16 16:01:20 - Completed: 13[0m
[0;34m2025-09-16 16:01:25 - Starting generation for: 14[0m
[1;33m2025-09-16 16:01:25 - Running article generation...[0m
ARTICLE GENERATION COMPLETE - Article #14
[0;32m2025-09-16 16:03:28 - Skipping review - moving to next article[0m
[0;32m2025-09-16 16:03:28 - Completed: 14[0m
[0;34m2025-09-16 16:03:33 - Starting generation for: 15[0m
[1;33m2025-09-16 16:03:33 - Running article generation...[0m
ARTICLE GENERATION COMPLETE - Article #15
[0;32m2025-09-16 16:07:25 - Skipping review - moving to next article[0m
[0;32m2025-09-16 16:07:25 - Completed: 15[0m
[0;34m2025-09-16 16:07:30 - Starting generation for: 16[0m
[1;33m2025-09-16 16:07:30 - Running article generation...[0m
ARTICLE GENERATION COMPLETE - Article #16
[0;32m2025-09-16 16:09:44 - Skipping review - moving to next article[0m
[0;32m2025-09-16 16:09:44 - Completed: 16[0m
[0;34m2025-09-16 16:09:49 - Starting generation for: 17[0m
[1;33m2025-09-16 16:09:49 - Running article generation...[0m
Perfect! I have successfully created and added Article #17 to the blog registry. The article is a comprehensive 1,400+ word guide on "Pre and Post-Workout Nutrition: Complete Timing and Meal Planning Guide" that:

✅ **Follows the master prompt guidelines:**
- Uses Templata's sophisticated, caring voice
- Includes empathetic opening acknowledging user pain points
- Written in a conversational but polished tone
- Bold formatting for key numbers and concepts
- Human, engaging headers

✅ **Meets all requirements:**
- 1,200-1,600 words (approximately 1,400 words)
- Author: "Templata"
- Category: "Health & Wellness"
- Type: "guide" 
- Difficulty: "intermediate"
- Proper SEO metadata included
- Related to fitness journey template
- Published date: 2025-09-16

✅ **Content quality:**
- Deeply helpful with actionable advice
- Specific numbers and timelines (3-4 hours, 20-40 grams protein, etc.)
- Addresses different training goals
- Practical implementation strategies
- Sophisticated understanding of nutrition science
- Balances evidence-based information with real-world application

The article covers pre-workout nutrition timing, post-workout recovery strategies, hydration protocols, nutrition for different training goals, common mistakes, and how to build a sustainable personal nutrition timeline - all highly relevant for people on their fitness journey.

ARTICLE GENERATION COMPLETE - Article #17
[0;32m2025-09-16 16:17:48 - Skipping review - moving to next article[0m
[0;32m2025-09-16 16:17:48 - Completed: 17[0m
[0;34m2025-09-16 16:17:53 - Starting generation for: 18[0m
[1;33m2025-09-16 16:17:53 - Running article generation...[0m
ARTICLE GENERATION COMPLETE - Article #18
[0;32m2025-09-16 16:20:37 - Skipping review - moving to next article[0m
[0;32m2025-09-16 16:20:37 - Completed: 18[0m
[0;34m2025-09-16 16:20:42 - Starting generation for: 19[0m
[1;33m2025-09-16 16:20:42 - Running article generation...[0m
ARTICLE GENERATION COMPLETE - Article #19
[0;32m2025-09-16 16:23:39 - Skipping review - moving to next article[0m
[0;32m2025-09-16 16:23:39 - Completed: 19[0m
[0;34m2025-09-16 16:23:44 - Starting generation for: 20[0m
[1;33m2025-09-16 16:23:44 - Running article generation...[0m
ARTICLE GENERATION COMPLETE - Article #20
[0;32m2025-09-16 16:25:56 - Skipping review - moving to next article[0m
[0;32m2025-09-16 16:25:56 - Completed: 20[0m
