[0;34m2025-09-16 15:18:15 - Starting Article Generation Cycle for template: retirement-planning[0m
[1;33m2025-09-16 15:18:15 - Creating worktree for template: retirement-planning[0m
[0;32m2025-09-16 15:18:15 - Created branch: article-retirement-planning[0m
[0;32m2025-09-16 15:18:16 - Created worktree: ../templata-retirement-planning[0m
[0;34m2025-09-16 15:18:16 - Starting generation for: 1[0m
[1;33m2025-09-16 15:18:16 - Running article generation...[0m
ARTICLE GENERATION COMPLETE - Article #1
[0;32m2025-09-16 15:21:21 - Skipping review - moving to next article[0m
[0;32m2025-09-16 15:21:21 - Completed: 1[0m
[0;34m2025-09-16 15:21:26 - Starting generation for: 2[0m
[1;33m2025-09-16 15:21:26 - Running article generation...[0m
ARTICLE GENERATION COMPLETE - Article #2
[0;32m2025-09-16 15:23:35 - Skipping review - moving to next article[0m
[0;32m2025-09-16 15:23:35 - Completed: 2[0m
[0;34m2025-09-16 15:23:40 - Starting generation for: 3[0m
[1;33m2025-09-16 15:23:40 - Running article generation...[0m
ARTICLE GENERATION COMPLETE - Article #3
[0;32m2025-09-16 15:26:33 - Skipping review - moving to next article[0m
[0;32m2025-09-16 15:26:33 - Completed: 3[0m
[0;34m2025-09-16 15:26:38 - Starting generation for: 4[0m
[1;33m2025-09-16 15:26:38 - Running article generation...[0m
ARTICLE GENERATION COMPLETE - Article #4
[0;32m2025-09-16 15:31:53 - Skipping review - moving to next article[0m
[0;32m2025-09-16 15:31:53 - Completed: 4[0m
[0;34m2025-09-16 15:31:58 - Starting generation for: 5[0m
[1;33m2025-09-16 15:31:58 - Running article generation...[0m
ARTICLE GENERATION COMPLETE - Article #5
[0;32m2025-09-16 15:34:47 - Skipping review - moving to next article[0m
[0;32m2025-09-16 15:34:47 - Completed: 5[0m
[0;34m2025-09-16 15:34:52 - Starting generation for: 6[0m
[1;33m2025-09-16 15:34:52 - Running article generation...[0m
ARTICLE GENERATION COMPLETE - Article #6
[0;32m2025-09-16 15:36:48 - Skipping review - moving to next article[0m
[0;32m2025-09-16 15:36:48 - Completed: 6[0m
[0;34m2025-09-16 15:36:53 - Starting generation for: 7[0m
[1;33m2025-09-16 15:36:53 - Running article generation...[0m
ARTICLE GENERATION COMPLETE - Article #7
[0;32m2025-09-16 15:38:59 - Skipping review - moving to next article[0m
[0;32m2025-09-16 15:38:59 - Completed: 7[0m
[0;34m2025-09-16 15:39:04 - Starting generation for: 8[0m
[1;33m2025-09-16 15:39:04 - Running article generation...[0m
Perfect! I have successfully generated Article #8 for the retirement planning template. 

**Summary of what was accomplished:**

✅ **Read the master prompt** to understand Templata's voice, character, and writing guidelines
✅ **Created a comprehensive 1,400+ word article** on "Social Security Optimization Strategies"  
✅ **Followed all requirements:**
- 1,200-1,600 words (12 min read)
- Sophisticated, caring voice per master prompt guidelines  
- Author: "Templata"
- Category: "Personal Life"
- Type: "guide" with "intermediate" difficulty
- Comprehensive SEO metadata
- Added to src/registry/blogs.ts in manualBlogPosts array
- Related to retirement-planning template
- Proper related posts connections

✅ **Content covers critical Social Security optimization topics:**
- Full Retirement Age calculations and benefit formulas
- Early vs delayed claiming strategies with specific numbers
- Spousal benefits optimization strategies
- Survivor and widow/widower benefits
- Divorced spouse considerations  
- Tax implications and coordination with retirement withdrawals
- Working while receiving benefits rules
- Medicare coordination timing
- Documentation and application strategies
- Common mistakes and how to avoid them
- Strategic decision framework

The article provides specific numbers, timelines, and actionable strategies that align perfectly with the master prompt's requirements for practical, empowering content that helps people make informed retirement decisions.

**ARTICLE GENERATION COMPLETE - Article #8**
[0;32m2025-09-16 15:51:53 - Skipping review - moving to next article[0m
[0;32m2025-09-16 15:51:53 - Completed: 8[0m
[0;34m2025-09-16 15:51:58 - Starting generation for: 9[0m
[1;33m2025-09-16 15:51:58 - Running article generation...[0m
ARTICLE GENERATION COMPLETE - Article #9
[0;32m2025-09-16 15:53:36 - Skipping review - moving to next article[0m
[0;32m2025-09-16 15:53:36 - Completed: 9[0m
[0;34m2025-09-16 15:53:41 - Starting generation for: 10[0m
[1;33m2025-09-16 15:53:41 - Running article generation...[0m
ARTICLE GENERATION COMPLETE - Article #10
[0;32m2025-09-16 15:56:45 - Skipping review - moving to next article[0m
[0;32m2025-09-16 15:56:45 - Completed: 10[0m
[0;34m2025-09-16 15:56:50 - Starting generation for: 11[0m
[1;33m2025-09-16 15:56:50 - Running article generation...[0m
ARTICLE GENERATION COMPLETE - Article #11
[0;32m2025-09-16 16:00:32 - Skipping review - moving to next article[0m
[0;32m2025-09-16 16:00:32 - Completed: 11[0m
[0;34m2025-09-16 16:00:37 - Starting generation for: 12[0m
[1;33m2025-09-16 16:00:37 - Running article generation...[0m
ARTICLE GENERATION COMPLETE - Article #12
[0;32m2025-09-16 16:03:15 - Skipping review - moving to next article[0m
[0;32m2025-09-16 16:03:15 - Completed: 12[0m
[0;34m2025-09-16 16:03:20 - Starting generation for: 13[0m
[1;33m2025-09-16 16:03:20 - Running article generation...[0m
ARTICLE GENERATION COMPLETE - Article #13
[0;32m2025-09-16 16:05:09 - Skipping review - moving to next article[0m
[0;32m2025-09-16 16:05:09 - Completed: 13[0m
[0;34m2025-09-16 16:05:14 - Starting generation for: 14[0m
[1;33m2025-09-16 16:05:14 - Running article generation...[0m
ARTICLE GENERATION COMPLETE - Article #14
[0;32m2025-09-16 16:07:09 - Skipping review - moving to next article[0m
[0;32m2025-09-16 16:07:09 - Completed: 14[0m
[0;34m2025-09-16 16:07:14 - Starting generation for: 15[0m
[1;33m2025-09-16 16:07:14 - Running article generation...[0m
ARTICLE GENERATION COMPLETE - Article #15
[0;32m2025-09-16 16:10:51 - Skipping review - moving to next article[0m
[0;32m2025-09-16 16:10:51 - Completed: 15[0m
[0;34m2025-09-16 16:10:56 - Starting generation for: 16[0m
[1;33m2025-09-16 16:10:56 - Running article generation...[0m
ARTICLE GENERATION COMPLETE - Article #16
[0;32m2025-09-16 16:13:24 - Skipping review - moving to next article[0m
[0;32m2025-09-16 16:13:24 - Completed: 16[0m
[0;34m2025-09-16 16:13:29 - Starting generation for: 17[0m
[1;33m2025-09-16 16:13:29 - Running article generation...[0m
ARTICLE GENERATION COMPLETE - Article #17
[0;32m2025-09-16 16:15:22 - Skipping review - moving to next article[0m
[0;32m2025-09-16 16:15:22 - Completed: 17[0m
[0;34m2025-09-16 16:15:27 - Starting generation for: 18[0m
[1;33m2025-09-16 16:15:28 - Running article generation...[0m
ARTICLE GENERATION COMPLETE - Article #18
[0;32m2025-09-16 16:18:40 - Skipping review - moving to next article[0m
[0;32m2025-09-16 16:18:40 - Completed: 18[0m
[0;34m2025-09-16 16:18:45 - Starting generation for: 19[0m
[1;33m2025-09-16 16:18:45 - Running article generation...[0m
ARTICLE GENERATION COMPLETE - Article #19
[0;32m2025-09-16 16:20:52 - Skipping review - moving to next article[0m
[0;32m2025-09-16 16:20:52 - Completed: 19[0m
[0;34m2025-09-16 16:20:57 - Starting generation for: 20[0m
[1;33m2025-09-16 16:20:57 - Running article generation...[0m
ARTICLE GENERATION COMPLETE - Article #20
[0;32m2025-09-16 16:23:49 - Skipping review - moving to next article[0m
[0;32m2025-09-16 16:23:49 - Completed: 20[0m
