[0;34m2025-09-16 19:29:26 - Starting Article Generation Cycle for template: language-learning[0m
[0;32m2025-09-16 19:29:26 - Using existing worktree: ../templata-language-learning[0m
[0;34m2025-09-16 19:29:26 - Starting generation for: 1[0m
[1;33m2025-09-16 19:29:26 - Running article generation...[0m
ARTICLE GENERATION COMPLETE - Article #1
[0;32m2025-09-16 19:31:08 - Skipping review - moving to next article[0m
[0;32m2025-09-16 19:31:08 - Completed: 1[0m
[0;34m2025-09-16 19:31:13 - Starting generation for: 2[0m
[1;33m2025-09-16 19:31:13 - Running article generation...[0m
ARTICLE GENERATION COMPLETE - Article #2
[0;32m2025-09-16 19:33:10 - Skipping review - moving to next article[0m
[0;32m2025-09-16 19:33:10 - Completed: 2[0m
[0;34m2025-09-16 19:33:15 - Starting generation for: 3[0m
[1;33m2025-09-16 19:33:15 - Running article generation...[0m
ARTICLE GENERATION COMPLETE - Article #3
[0;32m2025-09-16 19:35:24 - Skipping review - moving to next article[0m
[0;32m2025-09-16 19:35:24 - Completed: 3[0m
[0;34m2025-09-16 19:35:29 - Starting generation for: 4[0m
[1;33m2025-09-16 19:35:29 - Running article generation...[0m
ARTICLE GENERATION COMPLETE - Article #4
[0;32m2025-09-16 19:36:49 - Skipping review - moving to next article[0m
[0;32m2025-09-16 19:36:49 - Completed: 4[0m
[0;34m2025-09-16 19:36:54 - Starting generation for: 5[0m
[1;33m2025-09-16 19:36:54 - Running article generation...[0m
ARTICLE GENERATION COMPLETE - Article #5
[0;32m2025-09-16 19:38:30 - Skipping review - moving to next article[0m
[0;32m2025-09-16 19:38:30 - Completed: 5[0m
[0;34m2025-09-16 19:38:35 - Starting generation for: 6[0m
[1;33m2025-09-16 19:38:35 - Running article generation...[0m
ARTICLE GENERATION COMPLETE - Article #6
[0;32m2025-09-16 19:40:14 - Skipping review - moving to next article[0m
[0;32m2025-09-16 19:40:14 - Completed: 6[0m
[0;34m2025-09-16 19:40:19 - Starting generation for: 7[0m
[1;33m2025-09-16 19:40:19 - Running article generation...[0m
ARTICLE GENERATION COMPLETE - Article #7
[0;32m2025-09-16 19:44:07 - Skipping review - moving to next article[0m
[0;32m2025-09-16 19:44:07 - Completed: 7[0m
[0;34m2025-09-16 19:44:12 - Starting generation for: 8[0m
[1;33m2025-09-16 19:44:12 - Running article generation...[0m
ARTICLE GENERATION COMPLETE - Article #8
[0;32m2025-09-16 19:46:07 - Skipping review - moving to next article[0m
[0;32m2025-09-16 19:46:07 - Completed: 8[0m
[0;34m2025-09-16 19:46:12 - Starting generation for: 9[0m
[1;33m2025-09-16 19:46:12 - Running article generation...[0m
ARTICLE GENERATION COMPLETE - Article #9
[0;32m2025-09-16 19:49:03 - Skipping review - moving to next article[0m
[0;32m2025-09-16 19:49:03 - Completed: 9[0m
[0;34m2025-09-16 19:49:08 - Starting generation for: 10[0m
[1;33m2025-09-16 19:49:08 - Running article generation...[0m
ARTICLE GENERATION COMPLETE - Article #10
[0;32m2025-09-16 19:50:58 - Skipping review - moving to next article[0m
[0;32m2025-09-16 19:50:58 - Completed: 10[0m
[0;34m2025-09-16 19:51:03 - Starting generation for: 11[0m
[1;33m2025-09-16 19:51:03 - Running article generation...[0m
ARTICLE GENERATION COMPLETE - Article #11
[0;32m2025-09-16 19:53:11 - Skipping review - moving to next article[0m
[0;32m2025-09-16 19:53:11 - Completed: 11[0m
[0;34m2025-09-16 19:53:16 - Starting generation for: 12[0m
[1;33m2025-09-16 19:53:16 - Running article generation...[0m
ARTICLE GENERATION COMPLETE - Article #12
[0;32m2025-09-16 19:55:16 - Skipping review - moving to next article[0m
[0;32m2025-09-16 19:55:16 - Completed: 12[0m
[0;34m2025-09-16 19:55:21 - Starting generation for: 13[0m
[1;33m2025-09-16 19:55:21 - Running article generation...[0m
ARTICLE GENERATION COMPLETE - Article #13
[0;32m2025-09-16 19:57:54 - Skipping review - moving to next article[0m
[0;32m2025-09-16 19:57:54 - Completed: 13[0m
[0;34m2025-09-16 19:57:59 - Starting generation for: 14[0m
[1;33m2025-09-16 19:57:59 - Running article generation...[0m
ARTICLE GENERATION COMPLETE - Article #14
[0;32m2025-09-16 20:00:58 - Skipping review - moving to next article[0m
[0;32m2025-09-16 20:00:58 - Completed: 14[0m
[0;34m2025-09-16 20:01:03 - Starting generation for: 15[0m
[1;33m2025-09-16 20:01:03 - Running article generation...[0m
ARTICLE GENERATION COMPLETE - Article #15
[0;32m2025-09-16 20:02:52 - Skipping review - moving to next article[0m
[0;32m2025-09-16 20:02:52 - Completed: 15[0m
[0;34m2025-09-16 20:02:57 - Starting generation for: 16[0m
[1;33m2025-09-16 20:02:57 - Running article generation...[0m
ARTICLE GENERATION COMPLETE - Article #16
[0;32m2025-09-16 20:06:00 - Skipping review - moving to next article[0m
[0;32m2025-09-16 20:06:00 - Completed: 16[0m
[0;34m2025-09-16 20:06:05 - Starting generation for: 17[0m
[1;33m2025-09-16 20:06:05 - Running article generation...[0m
ARTICLE GENERATION COMPLETE - Article #17
[0;32m2025-09-16 20:07:57 - Skipping review - moving to next article[0m
[0;32m2025-09-16 20:07:57 - Completed: 17[0m
[0;34m2025-09-16 20:08:02 - Starting generation for: 18[0m
[1;33m2025-09-16 20:08:02 - Running article generation...[0m
ARTICLE GENERATION COMPLETE - Article #18
[0;32m2025-09-16 20:11:02 - Skipping review - moving to next article[0m
[0;32m2025-09-16 20:11:02 - Completed: 18[0m
[0;34m2025-09-16 20:11:07 - Starting generation for: 19[0m
[1;33m2025-09-16 20:11:07 - Running article generation...[0m
ARTICLE GENERATION COMPLETE - Article #19
[0;32m2025-09-16 20:13:57 - Skipping review - moving to next article[0m
[0;32m2025-09-16 20:13:57 - Completed: 19[0m
[0;34m2025-09-16 20:14:02 - Starting generation for: 20[0m
[1;33m2025-09-16 20:14:02 - Running article generation...[0m
5-hour limit reached ∙ resets 10pm
[0;32m2025-09-16 20:14:26 - Skipping review - moving to next article[0m
[0;32m2025-09-16 20:14:26 - Completed: 20[0m
[0;34m2025-09-16 22:03:59 - Starting Article Generation Cycle for template: language-learning[0m
[0;32m2025-09-16 22:03:59 - Using existing worktree: ../templata-language-learning[0m
[0;34m2025-09-16 22:03:59 - Starting generation for: 20[0m
[1;33m2025-09-16 22:03:59 - Running article generation...[0m
ARTICLE GENERATION COMPLETE - Article #20
[0;32m2025-09-16 22:07:22 - Skipping review - moving to next article[0m
[0;32m2025-09-16 22:07:22 - Completed: 20[0m
