[0;34m2025-09-16 15:17:57 - Starting Article Generation Cycle for template: baby-planning[0m
[1;33m2025-09-16 15:17:57 - Creating worktree for template: baby-planning[0m
[0;32m2025-09-16 15:17:57 - Created branch: article-baby-planning[0m
[0;32m2025-09-16 15:17:58 - Created worktree: ../templata-baby-planning[0m
[0;34m2025-09-16 15:17:58 - Starting generation for: 1[0m
[1;33m2025-09-16 15:17:58 - Running article generation...[0m
ARTICLE GENERATION COMPLETE - Article #1
[0;32m2025-09-16 15:20:13 - Skipping review - moving to next article[0m
[0;32m2025-09-16 15:20:13 - Completed: 1[0m
[0;34m2025-09-16 15:20:18 - Starting generation for: 2[0m
[1;33m2025-09-16 15:20:18 - Running article generation...[0m
ARTICLE GENERATION COMPLETE - Article #2
[0;32m2025-09-16 15:23:11 - Skipping review - moving to next article[0m
[0;32m2025-09-16 15:23:11 - Completed: 2[0m
[0;34m2025-09-16 15:23:16 - Starting generation for: 3[0m
[1;33m2025-09-16 15:23:16 - Running article generation...[0m
ARTICLE GENERATION COMPLETE - Article #3
[0;32m2025-09-16 15:28:28 - Skipping review - moving to next article[0m
[0;32m2025-09-16 15:28:28 - Completed: 3[0m
[0;34m2025-09-16 15:28:33 - Starting generation for: 4[0m
[1;33m2025-09-16 15:28:33 - Running article generation...[0m
ARTICLE GENERATION COMPLETE - Article #4
[0;32m2025-09-16 15:31:40 - Skipping review - moving to next article[0m
[0;32m2025-09-16 15:31:40 - Completed: 4[0m
[0;34m2025-09-16 15:31:45 - Starting generation for: 5[0m
[1;33m2025-09-16 15:31:45 - Running article generation...[0m
ARTICLE GENERATION COMPLETE - Article #5
[0;32m2025-09-16 15:34:52 - Skipping review - moving to next article[0m
[0;32m2025-09-16 15:34:52 - Completed: 5[0m
[0;34m2025-09-16 15:34:57 - Starting generation for: 6[0m
[1;33m2025-09-16 15:34:57 - Running article generation...[0m
ARTICLE GENERATION COMPLETE - Article #6
[0;32m2025-09-16 15:38:05 - Skipping review - moving to next article[0m
[0;32m2025-09-16 15:38:05 - Completed: 6[0m
[0;34m2025-09-16 15:38:10 - Starting generation for: 7[0m
[1;33m2025-09-16 15:38:10 - Running article generation...[0m
ARTICLE GENERATION COMPLETE - Article #7
[0;32m2025-09-16 15:41:51 - Skipping review - moving to next article[0m
[0;32m2025-09-16 15:41:51 - Completed: 7[0m
[0;34m2025-09-16 15:41:56 - Starting generation for: 8[0m
[1;33m2025-09-16 15:41:56 - Running article generation...[0m
ARTICLE GENERATION COMPLETE - Article #8
[0;32m2025-09-16 15:45:36 - Skipping review - moving to next article[0m
[0;32m2025-09-16 15:45:36 - Completed: 8[0m
[0;34m2025-09-16 15:45:41 - Starting generation for: 9[0m
[1;33m2025-09-16 15:45:41 - Running article generation...[0m
ARTICLE GENERATION COMPLETE - Article #9
[0;32m2025-09-16 15:49:54 - Skipping review - moving to next article[0m
[0;32m2025-09-16 15:49:54 - Completed: 9[0m
[0;34m2025-09-16 15:49:59 - Starting generation for: 10[0m
[1;33m2025-09-16 15:50:00 - Running article generation...[0m
ARTICLE GENERATION COMPLETE - Article #10
[0;32m2025-09-16 15:54:45 - Skipping review - moving to next article[0m
[0;32m2025-09-16 15:54:45 - Completed: 10[0m
[0;34m2025-09-16 15:54:50 - Starting generation for: 11[0m
[1;33m2025-09-16 15:54:50 - Running article generation...[0m
ARTICLE GENERATION COMPLETE - Article #11
[0;32m2025-09-16 15:57:13 - Skipping review - moving to next article[0m
[0;32m2025-09-16 15:57:13 - Completed: 11[0m
[0;34m2025-09-16 15:57:18 - Starting generation for: 12[0m
[1;33m2025-09-16 15:57:18 - Running article generation...[0m
ARTICLE GENERATION COMPLETE - Article #12
[0;32m2025-09-16 15:59:32 - Skipping review - moving to next article[0m
[0;32m2025-09-16 15:59:32 - Completed: 12[0m
[0;34m2025-09-16 15:59:37 - Starting generation for: 13[0m
[1;33m2025-09-16 15:59:37 - Running article generation...[0m
ARTICLE GENERATION COMPLETE - Article #13
[0;32m2025-09-16 16:03:42 - Skipping review - moving to next article[0m
[0;32m2025-09-16 16:03:42 - Completed: 13[0m
[0;34m2025-09-16 16:03:47 - Starting generation for: 14[0m
[1;33m2025-09-16 16:03:47 - Running article generation...[0m
ARTICLE GENERATION COMPLETE - Article #14
[0;32m2025-09-16 16:05:51 - Skipping review - moving to next article[0m
[0;32m2025-09-16 16:05:51 - Completed: 14[0m
[0;34m2025-09-16 16:05:56 - Starting generation for: 15[0m
[1;33m2025-09-16 16:05:56 - Running article generation...[0m
ARTICLE GENERATION COMPLETE - Article #15
[0;32m2025-09-16 16:08:06 - Skipping review - moving to next article[0m
[0;32m2025-09-16 16:08:06 - Completed: 15[0m
[0;34m2025-09-16 16:08:11 - Starting generation for: 16[0m
[1;33m2025-09-16 16:08:11 - Running article generation...[0m
ARTICLE GENERATION COMPLETE - Article #16
[0;32m2025-09-16 16:10:05 - Skipping review - moving to next article[0m
[0;32m2025-09-16 16:10:05 - Completed: 16[0m
[0;34m2025-09-16 16:10:10 - Starting generation for: 17[0m
[1;33m2025-09-16 16:10:10 - Running article generation...[0m
ARTICLE GENERATION COMPLETE - Article #17
[0;32m2025-09-16 16:12:10 - Skipping review - moving to next article[0m
[0;32m2025-09-16 16:12:10 - Completed: 17[0m
[0;34m2025-09-16 16:12:16 - Starting generation for: 18[0m
[1;33m2025-09-16 16:12:16 - Running article generation...[0m
ARTICLE GENERATION COMPLETE - Article #18
[0;32m2025-09-16 16:14:03 - Skipping review - moving to next article[0m
[0;32m2025-09-16 16:14:03 - Completed: 18[0m
[0;34m2025-09-16 16:14:08 - Starting generation for: 19[0m
[1;33m2025-09-16 16:14:08 - Running article generation...[0m
ARTICLE GENERATION COMPLETE - Article #19
[0;32m2025-09-16 16:16:08 - Skipping review - moving to next article[0m
[0;32m2025-09-16 16:16:08 - Completed: 19[0m
[0;34m2025-09-16 16:16:13 - Starting generation for: 20[0m
[1;33m2025-09-16 16:16:13 - Running article generation...[0m
ARTICLE GENERATION COMPLETE - Article #20
[0;32m2025-09-16 16:18:30 - Skipping review - moving to next article[0m
[0;32m2025-09-16 16:18:30 - Completed: 20[0m
