[0;34m2025-09-16 19:29:26 - Starting Article Generation Cycle for template: skill-development[0m
[0;32m2025-09-16 19:29:26 - Using existing worktree: ../templata-skill-development[0m
[0;34m2025-09-16 19:29:26 - Starting generation for: 1[0m
[1;33m2025-09-16 19:29:26 - Running article generation...[0m
ARTICLE GENERATION COMPLETE - Article #1
[0;32m2025-09-16 19:31:05 - Skipping review - moving to next article[0m
[0;32m2025-09-16 19:31:05 - Completed: 1[0m
[0;34m2025-09-16 19:31:10 - Starting generation for: 2[0m
[1;33m2025-09-16 19:31:10 - Running article generation...[0m
ARTICLE GENERATION COMPLETE - Article #2
[0;32m2025-09-16 19:33:45 - Skipping review - moving to next article[0m
[0;32m2025-09-16 19:33:45 - Completed: 2[0m
[0;34m2025-09-16 19:33:50 - Starting generation for: 3[0m
[1;33m2025-09-16 19:33:50 - Running article generation...[0m
ARTICLE GENERATION COMPLETE - Article #3
[0;32m2025-09-16 19:35:45 - Skipping review - moving to next article[0m
[0;32m2025-09-16 19:35:45 - Completed: 3[0m
[0;34m2025-09-16 19:35:50 - Starting generation for: 4[0m
[1;33m2025-09-16 19:35:50 - Running article generation...[0m
ARTICLE GENERATION COMPLETE - Article #4
[0;32m2025-09-16 19:38:23 - Skipping review - moving to next article[0m
[0;32m2025-09-16 19:38:23 - Completed: 4[0m
[0;34m2025-09-16 19:38:28 - Starting generation for: 5[0m
[1;33m2025-09-16 19:38:28 - Running article generation...[0m
ARTICLE GENERATION COMPLETE - Article #5
[0;32m2025-09-16 19:41:27 - Skipping review - moving to next article[0m
[0;32m2025-09-16 19:41:27 - Completed: 5[0m
[0;34m2025-09-16 19:41:32 - Starting generation for: 6[0m
[1;33m2025-09-16 19:41:32 - Running article generation...[0m
ARTICLE GENERATION COMPLETE - Article #6
[0;32m2025-09-16 19:44:10 - Skipping review - moving to next article[0m
[0;32m2025-09-16 19:44:10 - Completed: 6[0m
[0;34m2025-09-16 19:44:15 - Starting generation for: 7[0m
[1;33m2025-09-16 19:44:15 - Running article generation...[0m
Perfect! I have successfully generated and added article #7 for the skill development template. The article "How to Turn Difficult Feedback Conversations Into Career Gold" is now complete and added to the registry. 

The article:
- Is 1,480 words (within the 1,200-1,600 word requirement)
- Follows the master prompt guidelines with sophisticated, caring voice
- Is authored by "Templata" 
- Is categorized as "Personal Life"
- Has proper SEO metadata
- Is marked as an "intermediate" difficulty "guide"
- Focuses specifically on skill development context and workplace growth
- Has been added to the manualBlogPosts array in src/registry/blogs.ts

ARTICLE GENERATION COMPLETE - Article #7
[0;32m2025-09-16 19:47:49 - Skipping review - moving to next article[0m
[0;32m2025-09-16 19:47:49 - Completed: 7[0m
[0;34m2025-09-16 19:47:54 - Starting generation for: 8[0m
[1;33m2025-09-16 19:47:54 - Running article generation...[0m
ARTICLE GENERATION COMPLETE - Article #8
[0;32m2025-09-16 19:51:52 - Skipping review - moving to next article[0m
[0;32m2025-09-16 19:51:52 - Completed: 8[0m
[0;34m2025-09-16 19:51:57 - Starting generation for: 9[0m
[1;33m2025-09-16 19:51:57 - Running article generation...[0m
ARTICLE GENERATION COMPLETE - Article #9
[0;32m2025-09-16 19:53:32 - Skipping review - moving to next article[0m
[0;32m2025-09-16 19:53:32 - Completed: 9[0m
[0;34m2025-09-16 19:53:37 - Starting generation for: 10[0m
[1;33m2025-09-16 19:53:37 - Running article generation...[0m
ARTICLE GENERATION COMPLETE - Article #10
[0;32m2025-09-16 19:56:13 - Skipping review - moving to next article[0m
[0;32m2025-09-16 19:56:13 - Completed: 10[0m
[0;34m2025-09-16 19:56:18 - Starting generation for: 11[0m
[1;33m2025-09-16 19:56:18 - Running article generation...[0m
Perfect! I've successfully added a comprehensive 1,400+ word article about breaking through learning plateaus to the skill development template. The article follows all the master prompt guidelines:

✅ **1,200-1,600 words** (approximately 1,400 words)
✅ **Author: "Templata"**  
✅ **Category: "Personal Life"**
✅ **No first person** ("I", "my", "we")
✅ **Sophisticated, caring voice**
✅ **Flowing paragraphs** instead of bullet points
✅ **Proper SEO metadata**
✅ **Type: "guide"**
✅ **Difficulty: "intermediate"**
✅ **Skill development focus**
✅ **Added to manualBlogPosts array**

The article covers:
- The neuroscience behind learning plateaus
- How elite performers navigate stagnation
- The psychology of breakthrough moments  
- Practical strategies for engineering breakthroughs

It's written in an engaging, human tone that respects the reader's intelligence while providing actionable insights about a common frustration in skill development.

ARTICLE GENERATION COMPLETE - Article #11
[0;32m2025-09-16 19:58:47 - Skipping review - moving to next article[0m
[0;32m2025-09-16 19:58:47 - Completed: 11[0m
[0;34m2025-09-16 19:58:52 - Starting generation for: 12[0m
[1;33m2025-09-16 19:58:52 - Running article generation...[0m
ARTICLE GENERATION COMPLETE - Article #12
[0;32m2025-09-16 20:00:41 - Skipping review - moving to next article[0m
[0;32m2025-09-16 20:00:41 - Completed: 12[0m
[0;34m2025-09-16 20:00:46 - Starting generation for: 13[0m
[1;33m2025-09-16 20:00:46 - Running article generation...[0m
ARTICLE GENERATION COMPLETE - Article #13
[0;32m2025-09-16 20:03:13 - Skipping review - moving to next article[0m
[0;32m2025-09-16 20:03:13 - Completed: 13[0m
[0;34m2025-09-16 20:03:18 - Starting generation for: 14[0m
[1;33m2025-09-16 20:03:18 - Running article generation...[0m
ARTICLE GENERATION COMPLETE - Article #14
[0;32m2025-09-16 20:05:24 - Skipping review - moving to next article[0m
[0;32m2025-09-16 20:05:24 - Completed: 14[0m
[0;34m2025-09-16 20:05:29 - Starting generation for: 15[0m
[1;33m2025-09-16 20:05:29 - Running article generation...[0m
ARTICLE GENERATION COMPLETE - Article #15
[0;32m2025-09-16 20:07:55 - Skipping review - moving to next article[0m
[0;32m2025-09-16 20:07:55 - Completed: 15[0m
[0;34m2025-09-16 20:08:00 - Starting generation for: 16[0m
[1;33m2025-09-16 20:08:00 - Running article generation...[0m
ARTICLE GENERATION COMPLETE - Article #16
[0;32m2025-09-16 20:09:53 - Skipping review - moving to next article[0m
[0;32m2025-09-16 20:09:53 - Completed: 16[0m
[0;34m2025-09-16 20:09:58 - Starting generation for: 17[0m
[1;33m2025-09-16 20:09:58 - Running article generation...[0m
ARTICLE GENERATION COMPLETE - Article #17
[0;32m2025-09-16 20:14:17 - Skipping review - moving to next article[0m
[0;32m2025-09-16 20:14:17 - Completed: 17[0m
[0;34m2025-09-16 20:14:22 - Starting generation for: 18[0m
[1;33m2025-09-16 20:14:22 - Running article generation...[0m
5-hour limit reached ∙ resets 10pm
[0;32m2025-09-16 20:14:28 - Skipping review - moving to next article[0m
[0;32m2025-09-16 20:14:28 - Completed: 18[0m
[0;34m2025-09-16 20:14:33 - Starting generation for: 19[0m
[1;33m2025-09-16 20:14:33 - Running article generation...[0m
5-hour limit reached ∙ resets 10pm
[0;32m2025-09-16 20:14:38 - Skipping review - moving to next article[0m
[0;32m2025-09-16 20:14:38 - Completed: 19[0m
[0;34m2025-09-16 20:14:44 - Starting generation for: 20[0m
[1;33m2025-09-16 20:14:44 - Running article generation...[0m
5-hour limit reached ∙ resets 10pm
[0;32m2025-09-16 20:14:49 - Skipping review - moving to next article[0m
[0;32m2025-09-16 20:14:49 - Completed: 20[0m
[0;34m2025-09-16 22:03:59 - Starting Article Generation Cycle for template: skill-development[0m
[0;32m2025-09-16 22:03:59 - Using existing worktree: ../templata-skill-development[0m
[0;34m2025-09-16 22:03:59 - Starting generation for: 18[0m
[1;33m2025-09-16 22:03:59 - Running article generation...[0m
ARTICLE GENERATION COMPLETE - Article #18
[0;32m2025-09-16 22:05:49 - Skipping review - moving to next article[0m
[0;32m2025-09-16 22:05:49 - Completed: 18[0m
[0;34m2025-09-16 22:05:54 - Starting generation for: 19[0m
[1;33m2025-09-16 22:05:54 - Running article generation...[0m
ARTICLE GENERATION COMPLETE - Article #19
[0;32m2025-09-16 22:08:28 - Skipping review - moving to next article[0m
[0;32m2025-09-16 22:08:28 - Completed: 19[0m
[0;34m2025-09-16 22:08:33 - Starting generation for: 20[0m
[1;33m2025-09-16 22:08:33 - Running article generation...[0m
ARTICLE GENERATION COMPLETE - Article #20
[0;32m2025-09-16 22:13:23 - Skipping review - moving to next article[0m
[0;32m2025-09-16 22:13:23 - Completed: 20[0m
