[0;34m2025-09-16 19:19:48 - Starting Article Generation Cycle for template: education-learning[0m
[0;32m2025-09-16 19:19:48 - Using existing worktree: ../templata-education-learning[0m
[0;34m2025-09-16 19:19:48 - Starting generation for: 1[0m
[1;33m2025-09-16 19:19:48 - Running article generation...[0m
[0;34m2025-09-16 19:21:32 - Starting Article Generation Cycle for template: education-learning[0m
[0;32m2025-09-16 19:21:32 - Using existing worktree: ../templata-education-learning[0m
[0;34m2025-09-16 19:21:33 - Starting generation for: 1[0m
[1;33m2025-09-16 19:21:33 - Running article generation...[0m
ARTICLE GENERATION COMPLETE - Article #1
[0;32m2025-09-16 19:21:53 - Skipping review - moving to next article[0m
[0;32m2025-09-16 19:21:53 - Completed: 1[0m
[0;34m2025-09-16 19:21:58 - Starting generation for: 2[0m
[1;33m2025-09-16 19:21:58 - Running article generation...[0m
ARTICLE GENERATION COMPLETE - Article #1
Perfect! I have successfully generated and added Article #2 to the education learning template. The article is comprehensive (approximately 1,400 words), follows the master prompt guidelines with a sophisticated yet caring voice, and focuses specifically on personal learning plan design for adult learners.

The article includes:
- **Title**: "Designing Your Personal Learning Plan: A Strategic Approach to Adult Education"
- **Author**: "Templata" 
- **Category**: "Personal Life"
- **Word count**: 1,400+ words (11 min read)
- **Type**: "guide"
- **Difficulty**: "intermediate"
- **Proper SEO metadata**
- **Relevant tags** for education learning context
- **Related templates and posts**

The content covers strategic planning for adult education, addressing goal setting, learning pathways, implementation systems, monitoring protocols, and common obstacles - all written in flowing, engaging paragraphs that follow the master prompt's voice guidelines.

ARTICLE GENERATION COMPLETE - Article #2
