[0;34m2025-09-16 19:29:26 - Starting Article Generation Cycle for template: event-planning[0m
[0;32m2025-09-16 19:29:26 - Using existing worktree: ../templata-event-planning[0m
[0;34m2025-09-16 19:29:26 - Starting generation for: 1[0m
[1;33m2025-09-16 19:29:26 - Running article generation...[0m
ARTICLE GENERATION COMPLETE - Article #1
[0;32m2025-09-16 19:32:16 - Skipping review - moving to next article[0m
[0;32m2025-09-16 19:32:16 - Completed: 1[0m
[0;34m2025-09-16 19:32:21 - Starting generation for: 2[0m
[1;33m2025-09-16 19:32:21 - Running article generation...[0m
ARTICLE GENERATION COMPLETE - Article #2
[0;32m2025-09-16 19:34:01 - Skipping review - moving to next article[0m
[0;32m2025-09-16 19:34:01 - Completed: 2[0m
[0;34m2025-09-16 19:34:06 - Starting generation for: 3[0m
[1;33m2025-09-16 19:34:06 - Running article generation...[0m
ARTICLE GENERATION COMPLETE - Article #3
[0;32m2025-09-16 19:37:04 - Skipping review - moving to next article[0m
[0;32m2025-09-16 19:37:04 - Completed: 3[0m
[0;34m2025-09-16 19:37:09 - Starting generation for: 4[0m
[1;33m2025-09-16 19:37:09 - Running article generation...[0m
ARTICLE GENERATION COMPLETE - Article #4
[0;32m2025-09-16 19:38:52 - Skipping review - moving to next article[0m
[0;32m2025-09-16 19:38:52 - Completed: 4[0m
[0;34m2025-09-16 19:38:57 - Starting generation for: 5[0m
[1;33m2025-09-16 19:38:57 - Running article generation...[0m
ARTICLE GENERATION COMPLETE - Article #5
[0;32m2025-09-16 19:40:28 - Skipping review - moving to next article[0m
[0;32m2025-09-16 19:40:28 - Completed: 5[0m
[0;34m2025-09-16 19:40:33 - Starting generation for: 6[0m
[1;33m2025-09-16 19:40:33 - Running article generation...[0m
ARTICLE GENERATION COMPLETE - Article #6
[0;32m2025-09-16 19:43:06 - Skipping review - moving to next article[0m
[0;32m2025-09-16 19:43:06 - Completed: 6[0m
[0;34m2025-09-16 19:43:11 - Starting generation for: 7[0m
[1;33m2025-09-16 19:43:11 - Running article generation...[0m
ARTICLE GENERATION COMPLETE - Article #7
[0;32m2025-09-16 19:44:51 - Skipping review - moving to next article[0m
[0;32m2025-09-16 19:44:51 - Completed: 7[0m
[0;34m2025-09-16 19:44:56 - Starting generation for: 8[0m
[1;33m2025-09-16 19:44:56 - Running article generation...[0m
ARTICLE GENERATION COMPLETE - Article #8
[0;32m2025-09-16 19:46:56 - Skipping review - moving to next article[0m
[0;32m2025-09-16 19:46:56 - Completed: 8[0m
[0;34m2025-09-16 19:47:01 - Starting generation for: 9[0m
[1;33m2025-09-16 19:47:01 - Running article generation...[0m
Perfect! I have successfully generated and added Article #9 to the event planning template. The article covers "Guest Experience Design: Creating Seamless Event Flow and Memorable Moments" and follows all the requirements:

✅ **1,200-1,600 words** (approximately 1,450 words - 11 minute read)  
✅ **Master prompt voice and character** - Sophisticated, caring, premium but not pretentious  
✅ **Author: "Templata"**  
✅ **Category: "Personal Life"**  
✅ **Added to manualBlogPosts array** in src/registry/blogs.ts  
✅ **Proper SEO metadata** with metaTitle, metaDescription, and ogImage  
✅ **Type: "guide" and difficulty: "intermediate"**  
✅ **Event planning context** - Focused on guest experience and event logistics  
✅ **Relevant topic** - Guest journey mapping, event flow management, and creating memorable experiences  
✅ **Master prompt guidelines** - Flowing paragraphs, minimal bullet points, no first person, sophisticated tone

The article provides comprehensive, actionable guidance on creating exceptional guest experiences through strategic planning, thoughtful logistics, and anticipatory service—exactly what someone planning an event would find valuable and want to share with others.

ARTICLE GENERATION COMPLETE - Article #9
[0;32m2025-09-16 19:51:05 - Skipping review - moving to next article[0m
[0;32m2025-09-16 19:51:05 - Completed: 9[0m
[0;34m2025-09-16 19:51:10 - Starting generation for: 10[0m
[1;33m2025-09-16 19:51:10 - Running article generation...[0m
ARTICLE GENERATION COMPLETE - Article #10
[0;32m2025-09-16 19:54:47 - Skipping review - moving to next article[0m
[0;32m2025-09-16 19:54:47 - Completed: 10[0m
[0;34m2025-09-16 19:54:52 - Starting generation for: 11[0m
[1;33m2025-09-16 19:54:52 - Running article generation...[0m
ARTICLE GENERATION COMPLETE - Article #11
[0;32m2025-09-16 19:57:26 - Skipping review - moving to next article[0m
[0;32m2025-09-16 19:57:26 - Completed: 11[0m
[0;34m2025-09-16 19:57:31 - Starting generation for: 12[0m
[1;33m2025-09-16 19:57:31 - Running article generation...[0m
ARTICLE GENERATION COMPLETE - Article #12
[0;32m2025-09-16 19:59:08 - Skipping review - moving to next article[0m
[0;32m2025-09-16 19:59:08 - Completed: 12[0m
[0;34m2025-09-16 19:59:13 - Starting generation for: 13[0m
[1;33m2025-09-16 19:59:13 - Running article generation...[0m
ARTICLE GENERATION COMPLETE - Article #13
[0;32m2025-09-16 20:01:01 - Skipping review - moving to next article[0m
[0;32m2025-09-16 20:01:01 - Completed: 13[0m
[0;34m2025-09-16 20:01:06 - Starting generation for: 14[0m
[1;33m2025-09-16 20:01:06 - Running article generation...[0m
ARTICLE GENERATION COMPLETE - Article #14
[0;32m2025-09-16 20:03:03 - Skipping review - moving to next article[0m
[0;32m2025-09-16 20:03:03 - Completed: 14[0m
[0;34m2025-09-16 20:03:08 - Starting generation for: 15[0m
[1;33m2025-09-16 20:03:08 - Running article generation...[0m
ARTICLE GENERATION COMPLETE - Article #15
[0;32m2025-09-16 20:05:02 - Skipping review - moving to next article[0m
[0;32m2025-09-16 20:05:02 - Completed: 15[0m
[0;34m2025-09-16 20:05:07 - Starting generation for: 16[0m
[1;33m2025-09-16 20:05:07 - Running article generation...[0m
ARTICLE GENERATION COMPLETE - Article #16
[0;32m2025-09-16 20:07:39 - Skipping review - moving to next article[0m
[0;32m2025-09-16 20:07:39 - Completed: 16[0m
[0;34m2025-09-16 20:07:44 - Starting generation for: 17[0m
[1;33m2025-09-16 20:07:44 - Running article generation...[0m
ARTICLE GENERATION COMPLETE - Article #17
[0;32m2025-09-16 20:10:46 - Skipping review - moving to next article[0m
[0;32m2025-09-16 20:10:46 - Completed: 17[0m
[0;34m2025-09-16 20:10:51 - Starting generation for: 18[0m
[1;33m2025-09-16 20:10:51 - Running article generation...[0m
ARTICLE GENERATION COMPLETE - Article #18
[0;32m2025-09-16 20:12:43 - Skipping review - moving to next article[0m
[0;32m2025-09-16 20:12:43 - Completed: 18[0m
[0;34m2025-09-16 20:12:48 - Starting generation for: 19[0m
[1;33m2025-09-16 20:12:48 - Running article generation...[0m
5-hour limit reached ∙ resets 10pm
[0;32m2025-09-16 20:14:25 - Skipping review - moving to next article[0m
[0;32m2025-09-16 20:14:25 - Completed: 19[0m
[0;34m2025-09-16 20:14:30 - Starting generation for: 20[0m
[1;33m2025-09-16 20:14:30 - Running article generation...[0m
5-hour limit reached ∙ resets 10pm
[0;32m2025-09-16 20:14:36 - Skipping review - moving to next article[0m
[0;32m2025-09-16 20:14:36 - Completed: 20[0m
[0;34m2025-09-16 22:03:59 - Starting Article Generation Cycle for template: event-planning[0m
[0;32m2025-09-16 22:03:59 - Using existing worktree: ../templata-event-planning[0m
[0;34m2025-09-16 22:03:59 - Starting generation for: 19[0m
[1;33m2025-09-16 22:03:59 - Running article generation...[0m
ARTICLE GENERATION COMPLETE - Article #19
[0;32m2025-09-16 22:06:23 - Skipping review - moving to next article[0m
[0;32m2025-09-16 22:06:23 - Completed: 19[0m
[0;34m2025-09-16 22:06:28 - Starting generation for: 20[0m
[1;33m2025-09-16 22:06:28 - Running article generation...[0m
ARTICLE GENERATION COMPLETE - Article #20
[0;32m2025-09-16 22:09:42 - Skipping review - moving to next article[0m
[0;32m2025-09-16 22:09:42 - Completed: 20[0m
