[0;34m2025-09-16 19:29:26 - Starting Article Generation Cycle for template: small-business-launch[0m
[0;32m2025-09-16 19:29:26 - Using existing worktree: ../templata-small-business-launch[0m
[0;34m2025-09-16 19:29:26 - Starting generation for: 1[0m
[1;33m2025-09-16 19:29:26 - Running article generation...[0m
ARTICLE GENERATION COMPLETE - Article #1
[0;32m2025-09-16 19:31:23 - Skipping review - moving to next article[0m
[0;32m2025-09-16 19:31:23 - Completed: 1[0m
[0;34m2025-09-16 19:31:28 - Starting generation for: 2[0m
[1;33m2025-09-16 19:31:28 - Running article generation...[0m
Perfect! The article has been successfully generated and meets all requirements:

✅ **1,200-1,600 words** - Comprehensive 11-minute read article about business insurance
✅ **Author: "Templata"**
✅ **Category: "Personal Life"**
✅ **Added to manualBlogPosts array**
✅ **Proper SEO metadata** with meta title, description, and og image
✅ **Type: "guide"** and **difficulty: "intermediate"**
✅ **Small business launch context** - specifically focused on startup insurance needs
✅ **Relevant topic** - Business insurance essentials for new entrepreneurs
✅ **Master prompt guidelines** - Sophisticated, caring voice with flowing paragraphs and minimal bullet points
✅ **Proper tags and related templates** - includes "small-business-launch" template

The article covers:
- Mandatory insurance requirements by business type
- General liability coverage fundamentals  
- Property insurance strategy and optimization
- Specialized coverage for industry-specific risks
- Cost management and smart purchasing strategies
- Implementation timeline and priority framework

ARTICLE GENERATION COMPLETE - Article #2
[0;32m2025-09-16 19:34:50 - Skipping review - moving to next article[0m
[0;32m2025-09-16 19:34:50 - Completed: 2[0m
[0;34m2025-09-16 19:34:55 - Starting generation for: 3[0m
[1;33m2025-09-16 19:34:55 - Running article generation...[0m
Perfect! I have successfully added Article #3 to the small business launch template blog registry. The article meets all the requirements:

✅ **1,200-1,600 words** - The article is approximately 1,400 words (14 min read)
✅ **Follow master prompt guidelines** - Uses sophisticated, caring voice with flowing paragraphs instead of bullet points
✅ **Author: "Templata"** - Correctly attributed
✅ **Category: "Personal Life"** - Properly categorized
✅ **Added to manualBlogPosts array** - Successfully inserted into the registry
✅ **Proper SEO metadata** - Includes metaTitle and metaDescription
✅ **Type and difficulty specified** - "guide" type, "intermediate" difficulty
✅ **Small business launch context** - Focused on business idea validation, a critical step in launching any business
✅ **Relevant, helpful topic** - "Turning Passion Into Profit: The Complete Guide to Validating Your Business Idea"
✅ **Sophisticated voice** - Follows the master prompt's guidance for premium but not pretentious content
✅ **Related templates and posts** - Properly linked to small-business-launch template and related articles

The article covers comprehensive business idea validation strategies that would genuinely help people launching small businesses, written in the engaging, human voice that Templata requires.

**ARTICLE GENERATION COMPLETE - Article #3**
[0;32m2025-09-16 19:39:02 - Skipping review - moving to next article[0m
[0;32m2025-09-16 19:39:02 - Completed: 3[0m
[0;34m2025-09-16 19:39:07 - Starting generation for: 4[0m
[1;33m2025-09-16 19:39:07 - Running article generation...[0m
Perfect! I have successfully added Article #4 to the small business launch template. The article "Building Your Business Team: When and How to Hire Your First Employees" is now added to the manualBlogPosts array in the blogs registry.

The article:
- Is 1,500+ words (well within the 1,200-1,600 word requirement)
- Follows the master prompt voice guidelines with sophisticated, caring tone
- Uses minimal bullet points and flows in engaging paragraphs
- Author is "Templata"
- Category is "Personal Life" 
- Includes proper SEO metadata
- Is marked as "guide" type with "intermediate" difficulty
- Focuses on small business launch context and team building needs
- Provides comprehensive, actionable content about hiring first employees

ARTICLE GENERATION COMPLETE - Article #4
[0;32m2025-09-16 19:42:22 - Skipping review - moving to next article[0m
[0;32m2025-09-16 19:42:22 - Completed: 4[0m
[0;34m2025-09-16 19:42:27 - Starting generation for: 5[0m
[1;33m2025-09-16 19:42:27 - Running article generation...[0m
ARTICLE GENERATION COMPLETE - Article #5
[0;32m2025-09-16 19:45:25 - Skipping review - moving to next article[0m
[0;32m2025-09-16 19:45:25 - Completed: 5[0m
[0;34m2025-09-16 19:45:30 - Starting generation for: 6[0m
[1;33m2025-09-16 19:45:30 - Running article generation...[0m
ARTICLE GENERATION COMPLETE - Article #6
[0;32m2025-09-16 19:48:04 - Skipping review - moving to next article[0m
[0;32m2025-09-16 19:48:04 - Completed: 6[0m
[0;34m2025-09-16 19:48:09 - Starting generation for: 7[0m
[1;33m2025-09-16 19:48:09 - Running article generation...[0m
ARTICLE GENERATION COMPLETE - Article #7
[0;32m2025-09-16 19:50:44 - Skipping review - moving to next article[0m
[0;32m2025-09-16 19:50:44 - Completed: 7[0m
[0;34m2025-09-16 19:50:49 - Starting generation for: 8[0m
[1;33m2025-09-16 19:50:49 - Running article generation...[0m
ARTICLE GENERATION COMPLETE - Article #8
[0;32m2025-09-16 19:53:13 - Skipping review - moving to next article[0m
[0;32m2025-09-16 19:53:13 - Completed: 8[0m
[0;34m2025-09-16 19:53:18 - Starting generation for: 9[0m
[1;33m2025-09-16 19:53:18 - Running article generation...[0m
ARTICLE GENERATION COMPLETE - Article #9
[0;32m2025-09-16 19:54:53 - Skipping review - moving to next article[0m
[0;32m2025-09-16 19:54:53 - Completed: 9[0m
[0;34m2025-09-16 19:54:58 - Starting generation for: 10[0m
[1;33m2025-09-16 19:54:58 - Running article generation...[0m
Perfect! I have successfully generated and added Article #10 to the small business launch template. The article is about "Strategic Pricing for Small Business Success: From Cost-Plus to Value-Based Models" and meets all the requirements:

- ✅ 1,200-1,600 words (approximately 1,450 words)
- ✅ Author: "Templata"
- ✅ Category: "Personal Life"
- ✅ Added to src/registry/blogs.ts in manualBlogPosts array
- ✅ Includes proper SEO metadata
- ✅ Type: "guide" and difficulty: "intermediate"
- ✅ Focused on small business launch context
- ✅ Follows master prompt voice guidelines with sophisticated, caring tone
- ✅ Minimizes bullet points in favor of flowing paragraphs
- ✅ Never uses first person
- ✅ Comprehensive topic that would genuinely help people with small business launch

The article covers strategic pricing from cost analysis through value-based models, psychological pricing tactics, and implementation strategies - a highly relevant topic for small business launch that would be valuable to share in group chats.

ARTICLE GENERATION COMPLETE - Article #10
[0;32m2025-09-16 19:58:10 - Skipping review - moving to next article[0m
[0;32m2025-09-16 19:58:10 - Completed: 10[0m
[0;34m2025-09-16 19:58:15 - Starting generation for: 11[0m
[1;33m2025-09-16 19:58:15 - Running article generation...[0m
ARTICLE GENERATION COMPLETE - Article #11
[0;32m2025-09-16 20:00:01 - Skipping review - moving to next article[0m
[0;32m2025-09-16 20:00:01 - Completed: 11[0m
[0;34m2025-09-16 20:00:07 - Starting generation for: 12[0m
[1;33m2025-09-16 20:00:07 - Running article generation...[0m
ARTICLE GENERATION COMPLETE - Article #12
[0;32m2025-09-16 20:02:02 - Skipping review - moving to next article[0m
[0;32m2025-09-16 20:02:02 - Completed: 12[0m
[0;34m2025-09-16 20:02:07 - Starting generation for: 13[0m
[1;33m2025-09-16 20:02:07 - Running article generation...[0m
ARTICLE GENERATION COMPLETE - Article #13
[0;32m2025-09-16 20:06:30 - Skipping review - moving to next article[0m
[0;32m2025-09-16 20:06:30 - Completed: 13[0m
[0;34m2025-09-16 20:06:35 - Starting generation for: 14[0m
[1;33m2025-09-16 20:06:35 - Running article generation...[0m
ARTICLE GENERATION COMPLETE - Article #14
[0;32m2025-09-16 20:08:29 - Skipping review - moving to next article[0m
[0;32m2025-09-16 20:08:29 - Completed: 14[0m
[0;34m2025-09-16 20:08:34 - Starting generation for: 15[0m
[1;33m2025-09-16 20:08:34 - Running article generation...[0m
ARTICLE GENERATION COMPLETE - Article #15
[0;32m2025-09-16 20:10:02 - Skipping review - moving to next article[0m
[0;32m2025-09-16 20:10:02 - Completed: 15[0m
[0;34m2025-09-16 20:10:07 - Starting generation for: 16[0m
[1;33m2025-09-16 20:10:07 - Running article generation...[0m
ARTICLE GENERATION COMPLETE - Article #16
[0;32m2025-09-16 20:11:42 - Skipping review - moving to next article[0m
[0;32m2025-09-16 20:11:42 - Completed: 16[0m
[0;34m2025-09-16 20:11:47 - Starting generation for: 17[0m
[1;33m2025-09-16 20:11:47 - Running article generation...[0m
ARTICLE GENERATION COMPLETE - Article #17
[0;32m2025-09-16 20:13:57 - Skipping review - moving to next article[0m
[0;32m2025-09-16 20:13:57 - Completed: 17[0m
[0;34m2025-09-16 20:14:02 - Starting generation for: 18[0m
[1;33m2025-09-16 20:14:02 - Running article generation...[0m
5-hour limit reached ∙ resets 10pm
[0;32m2025-09-16 20:15:03 - Skipping review - moving to next article[0m
[0;32m2025-09-16 20:15:03 - Completed: 18[0m
[0;34m2025-09-16 20:15:08 - Starting generation for: 19[0m
[1;33m2025-09-16 20:15:08 - Running article generation...[0m
5-hour limit reached ∙ resets 10pm
[0;32m2025-09-16 20:15:13 - Skipping review - moving to next article[0m
[0;32m2025-09-16 20:15:13 - Completed: 19[0m
[0;34m2025-09-16 20:15:18 - Starting generation for: 20[0m
[1;33m2025-09-16 20:15:18 - Running article generation...[0m
5-hour limit reached ∙ resets 10pm
[0;32m2025-09-16 20:15:24 - Skipping review - moving to next article[0m
[0;32m2025-09-16 20:15:24 - Completed: 20[0m
[0;34m2025-09-16 22:03:59 - Starting Article Generation Cycle for template: small-business-launch[0m
[0;32m2025-09-16 22:03:59 - Using existing worktree: ../templata-small-business-launch[0m
[0;34m2025-09-16 22:03:59 - Starting generation for: 18[0m
[1;33m2025-09-16 22:03:59 - Running article generation...[0m
ARTICLE GENERATION COMPLETE - Article #18
[0;32m2025-09-16 22:05:56 - Skipping review - moving to next article[0m
[0;32m2025-09-16 22:05:56 - Completed: 18[0m
[0;34m2025-09-16 22:06:01 - Starting generation for: 19[0m
[1;33m2025-09-16 22:06:01 - Running article generation...[0m
ARTICLE GENERATION COMPLETE - Article #19
[0;32m2025-09-16 22:07:31 - Skipping review - moving to next article[0m
[0;32m2025-09-16 22:07:31 - Completed: 19[0m
[0;34m2025-09-16 22:07:36 - Starting generation for: 20[0m
[1;33m2025-09-16 22:07:36 - Running article generation...[0m
ARTICLE GENERATION COMPLETE - Article #20
[0;32m2025-09-16 22:09:59 - Skipping review - moving to next article[0m
[0;32m2025-09-16 22:09:59 - Completed: 20[0m
