[0;34m2025-09-16 19:29:26 - Starting Article Generation Cycle for template: investment-portfolio[0m
[0;32m2025-09-16 19:29:26 - Using existing worktree: ../templata-investment-portfolio[0m
[0;34m2025-09-16 19:29:26 - Starting generation for: 1[0m
[1;33m2025-09-16 19:29:26 - Running article generation...[0m
ARTICLE GENERATION COMPLETE - Article #1
[0;32m2025-09-16 19:31:22 - Skipping review - moving to next article[0m
[0;32m2025-09-16 19:31:22 - Completed: 1[0m
[0;34m2025-09-16 19:31:27 - Starting generation for: 2[0m
[1;33m2025-09-16 19:31:27 - Running article generation...[0m
ARTICLE GENERATION COMPLETE - Article #2
[0;32m2025-09-16 19:33:59 - Skipping review - moving to next article[0m
[0;32m2025-09-16 19:33:59 - Completed: 2[0m
[0;34m2025-09-16 19:34:04 - Starting generation for: 3[0m
[1;33m2025-09-16 19:34:04 - Running article generation...[0m
ARTICLE GENERATION COMPLETE - Article #3
[0;32m2025-09-16 19:36:50 - Skipping review - moving to next article[0m
[0;32m2025-09-16 19:36:50 - Completed: 3[0m
[0;34m2025-09-16 19:36:55 - Starting generation for: 4[0m
[1;33m2025-09-16 19:36:55 - Running article generation...[0m
ARTICLE GENERATION COMPLETE - Article #4
[0;32m2025-09-16 19:38:51 - Skipping review - moving to next article[0m
[0;32m2025-09-16 19:38:51 - Completed: 4[0m
[0;34m2025-09-16 19:38:56 - Starting generation for: 5[0m
[1;33m2025-09-16 19:38:56 - Running article generation...[0m
ARTICLE GENERATION COMPLETE - Article #5
[0;32m2025-09-16 19:41:55 - Skipping review - moving to next article[0m
[0;32m2025-09-16 19:41:55 - Completed: 5[0m
[0;34m2025-09-16 19:42:00 - Starting generation for: 6[0m
[1;33m2025-09-16 19:42:00 - Running article generation...[0m
Perfect! I've successfully created and added a comprehensive 1,400+ word article about behavioral psychology in investing to the investment portfolio template. The article covers:

- The neuroscience of fear and greed
- Loss aversion and portfolio decline psychology  
- Overconfidence bias and illusion of control
- Herding behavior and social proof
- Confirmation bias and information filtering
- Anchoring bias and reference point dependence
- Mental accounting issues
- Time horizons and temporal discounting
- Practical systems for psychological protection

The article follows all the master prompt guidelines:
- ✅ 1,200-1,600 words (approximately 1,400 words)
- ✅ Author: "Templata"
- ✅ Category: "Personal Life" 
- ✅ Added to manualBlogPosts array
- ✅ Includes proper SEO metadata
- ✅ Type: "article", Difficulty: "intermediate"
- ✅ Investment portfolio context and focus
- ✅ Sophisticated, caring voice with flowing paragraphs
- ✅ Minimized bullet points in favor of engaging prose
- ✅ Never used first person

ARTICLE GENERATION COMPLETE - Article #6
[0;32m2025-09-16 19:44:14 - Skipping review - moving to next article[0m
[0;32m2025-09-16 19:44:15 - Completed: 6[0m
[0;34m2025-09-16 19:44:20 - Starting generation for: 7[0m
[1;33m2025-09-16 19:44:20 - Running article generation...[0m
ARTICLE GENERATION COMPLETE - Article #7
[0;32m2025-09-16 19:46:07 - Skipping review - moving to next article[0m
[0;32m2025-09-16 19:46:07 - Completed: 7[0m
[0;34m2025-09-16 19:46:12 - Starting generation for: 8[0m
[1;33m2025-09-16 19:46:12 - Running article generation...[0m
ARTICLE GENERATION COMPLETE - Article #8
[0;32m2025-09-16 19:48:58 - Skipping review - moving to next article[0m
[0;32m2025-09-16 19:48:58 - Completed: 8[0m
[0;34m2025-09-16 19:49:03 - Starting generation for: 9[0m
[1;33m2025-09-16 19:49:03 - Running article generation...[0m
ARTICLE GENERATION COMPLETE - Article #9
[0;32m2025-09-16 19:50:40 - Skipping review - moving to next article[0m
[0;32m2025-09-16 19:50:40 - Completed: 9[0m
[0;34m2025-09-16 19:50:45 - Starting generation for: 10[0m
[1;33m2025-09-16 19:50:45 - Running article generation...[0m
ARTICLE GENERATION COMPLETE - Article #10
[0;32m2025-09-16 19:52:04 - Skipping review - moving to next article[0m
[0;32m2025-09-16 19:52:04 - Completed: 10[0m
[0;34m2025-09-16 19:52:09 - Starting generation for: 11[0m
[1;33m2025-09-16 19:52:09 - Running article generation...[0m
ARTICLE GENERATION COMPLETE - Article #11
[0;32m2025-09-16 19:54:03 - Skipping review - moving to next article[0m
[0;32m2025-09-16 19:54:03 - Completed: 11[0m
[0;34m2025-09-16 19:54:08 - Starting generation for: 12[0m
[1;33m2025-09-16 19:54:08 - Running article generation...[0m
[0;32m2025-09-16 19:54:11 - Skipping review - moving to next article[0m
[0;32m2025-09-16 19:54:11 - Completed: 12[0m
[0;34m2025-09-16 19:54:16 - Starting generation for: 13[0m
[1;33m2025-09-16 19:54:16 - Running article generation...[0m
[0;32m2025-09-16 19:54:19 - Skipping review - moving to next article[0m
[0;32m2025-09-16 19:54:19 - Completed: 13[0m
[0;34m2025-09-16 19:54:24 - Starting generation for: 14[0m
[1;33m2025-09-16 19:54:24 - Running article generation...[0m
[0;32m2025-09-16 19:54:27 - Skipping review - moving to next article[0m
[0;32m2025-09-16 19:54:27 - Completed: 14[0m
[0;34m2025-09-16 19:54:32 - Starting generation for: 15[0m
[1;33m2025-09-16 19:54:32 - Running article generation...[0m
[0;32m2025-09-16 19:54:35 - Skipping review - moving to next article[0m
[0;32m2025-09-16 19:54:35 - Completed: 15[0m
[0;34m2025-09-16 19:54:40 - Starting generation for: 16[0m
[1;33m2025-09-16 19:54:40 - Running article generation...[0m
[0;32m2025-09-16 19:54:43 - Skipping review - moving to next article[0m
[0;32m2025-09-16 19:54:43 - Completed: 16[0m
[0;34m2025-09-16 19:54:49 - Starting generation for: 17[0m
[1;33m2025-09-16 19:54:49 - Running article generation...[0m
ARTICLE GENERATION COMPLETE - Article #17
[0;32m2025-09-16 19:57:52 - Skipping review - moving to next article[0m
[0;32m2025-09-16 19:57:52 - Completed: 17[0m
[0;34m2025-09-16 19:57:58 - Starting generation for: 18[0m
[1;33m2025-09-16 19:57:58 - Running article generation...[0m
ARTICLE GENERATION COMPLETE - Article #18
[0;32m2025-09-16 20:00:28 - Skipping review - moving to next article[0m
[0;32m2025-09-16 20:00:28 - Completed: 18[0m
[0;34m2025-09-16 20:00:33 - Starting generation for: 19[0m
[1;33m2025-09-16 20:00:33 - Running article generation...[0m
ARTICLE GENERATION COMPLETE - Article #19
[0;32m2025-09-16 20:02:15 - Skipping review - moving to next article[0m
[0;32m2025-09-16 20:02:15 - Completed: 19[0m
[0;34m2025-09-16 20:02:20 - Starting generation for: 20[0m
[1;33m2025-09-16 20:02:20 - Running article generation...[0m
ARTICLE GENERATION COMPLETE - Article #20
[0;32m2025-09-16 20:03:56 - Skipping review - moving to next article[0m
[0;32m2025-09-16 20:03:56 - Completed: 20[0m
[0;34m2025-09-16 22:03:59 - Starting Article Generation Cycle for template: investment-portfolio[0m
[0;32m2025-09-16 22:03:59 - Using existing worktree: ../templata-investment-portfolio[0m
[0;34m2025-09-16 22:03:59 - Starting generation for: 16[0m
[1;33m2025-09-16 22:03:59 - Running article generation...[0m
ARTICLE GENERATION COMPLETE - Article #16
[0;32m2025-09-16 22:06:47 - Skipping review - moving to next article[0m
[0;32m2025-09-16 22:06:47 - Completed: 16[0m
[0;34m2025-09-16 22:06:52 - Starting generation for: 17[0m
[1;33m2025-09-16 22:06:52 - Running article generation...[0m
ARTICLE GENERATION COMPLETE - Article #17
[0;32m2025-09-16 22:08:43 - Skipping review - moving to next article[0m
[0;32m2025-09-16 22:08:43 - Completed: 17[0m
[0;34m2025-09-16 22:08:48 - Starting generation for: 18[0m
[1;33m2025-09-16 22:08:48 - Running article generation...[0m
ARTICLE GENERATION COMPLETE - Article #18
[0;32m2025-09-16 22:09:57 - Skipping review - moving to next article[0m
[0;32m2025-09-16 22:09:57 - Completed: 18[0m
[0;34m2025-09-16 22:10:03 - Starting generation for: 19[0m
[1;33m2025-09-16 22:10:03 - Running article generation...[0m
ARTICLE GENERATION COMPLETE - Article #19
[0;32m2025-09-16 22:12:41 - Skipping review - moving to next article[0m
[0;32m2025-09-16 22:12:41 - Completed: 19[0m
[0;34m2025-09-16 22:12:46 - Starting generation for: 20[0m
[1;33m2025-09-16 22:12:46 - Running article generation...[0m
ARTICLE GENERATION COMPLETE - Article #20
[0;32m2025-09-16 22:15:11 - Skipping review - moving to next article[0m
[0;32m2025-09-16 22:15:11 - Completed: 20[0m
