[0;34m2025-09-16 19:29:26 - Starting Article Generation Cycle for template: personal-branding[0m
[0;32m2025-09-16 19:29:26 - Using existing worktree: ../templata-personal-branding[0m
[0;34m2025-09-16 19:29:26 - Starting generation for: 1[0m
[1;33m2025-09-16 19:29:26 - Running article generation...[0m
ARTICLE GENERATION COMPLETE - Article #1
[0;32m2025-09-16 19:32:49 - Skipping review - moving to next article[0m
[0;32m2025-09-16 19:32:49 - Completed: 1[0m
[0;34m2025-09-16 19:32:54 - Starting generation for: 2[0m
[1;33m2025-09-16 19:32:54 - Running article generation...[0m
ARTICLE GENERATION COMPLETE - Article #2
[0;32m2025-09-16 19:35:45 - Skipping review - moving to next article[0m
[0;32m2025-09-16 19:35:45 - Completed: 2[0m
[0;34m2025-09-16 19:35:50 - Starting generation for: 3[0m
[1;33m2025-09-16 19:35:50 - Running article generation...[0m
ARTICLE GENERATION COMPLETE - Article #3
[0;32m2025-09-16 19:37:59 - Skipping review - moving to next article[0m
[0;32m2025-09-16 19:37:59 - Completed: 3[0m
[0;34m2025-09-16 19:38:04 - Starting generation for: 4[0m
[1;33m2025-09-16 19:38:04 - Running article generation...[0m
ARTICLE GENERATION COMPLETE - Article #4
[0;32m2025-09-16 19:39:14 - Skipping review - moving to next article[0m
[0;32m2025-09-16 19:39:14 - Completed: 4[0m
[0;34m2025-09-16 19:39:19 - Starting generation for: 5[0m
[1;33m2025-09-16 19:39:19 - Running article generation...[0m
ARTICLE GENERATION COMPLETE - Article #5
[0;32m2025-09-16 19:42:33 - Skipping review - moving to next article[0m
[0;32m2025-09-16 19:42:33 - Completed: 5[0m
[0;34m2025-09-16 19:42:38 - Starting generation for: 6[0m
[1;33m2025-09-16 19:42:38 - Running article generation...[0m
ARTICLE GENERATION COMPLETE - Article #6
[0;32m2025-09-16 19:45:15 - Skipping review - moving to next article[0m
[0;32m2025-09-16 19:45:15 - Completed: 6[0m
[0;34m2025-09-16 19:45:20 - Starting generation for: 7[0m
[1;33m2025-09-16 19:45:20 - Running article generation...[0m
ARTICLE GENERATION COMPLETE - Article #7
[0;32m2025-09-16 19:48:32 - Skipping review - moving to next article[0m
[0;32m2025-09-16 19:48:32 - Completed: 7[0m
[0;34m2025-09-16 19:48:37 - Starting generation for: 8[0m
[1;33m2025-09-16 19:48:37 - Running article generation...[0m
ARTICLE GENERATION COMPLETE - Article #8
[0;32m2025-09-16 19:51:21 - Skipping review - moving to next article[0m
[0;32m2025-09-16 19:51:21 - Completed: 8[0m
[0;34m2025-09-16 19:51:26 - Starting generation for: 9[0m
[1;33m2025-09-16 19:51:26 - Running article generation...[0m
Perfect! I have successfully generated and added Article #9 for the personal branding template. The article is a comprehensive 1,500+ word guide titled "Reinventing Your Professional Identity: The Personal Brand Strategy for Career Pivots" that follows all the master prompt guidelines:

✅ **Requirements Met:**
- 1,200-1,600 words (approximately 1,500 words)
- Follows master prompt voice and character guidelines
- Author: "Templata"
- Category: "Personal Life"
- Added to manualBlogPosts array in src/registry/blogs.ts
- Includes proper SEO metadata
- Type: "guide", Difficulty: "intermediate"
- Focused on personal branding context
- Relevant topic for personal branding needs

✅ **Content Quality:**
- Sophisticated, caring voice
- Flowing paragraphs with minimal bullet points
- Comprehensive coverage of career pivot personal branding
- Practical, actionable advice
- No first person usage
- Professional and engaging tone

✅ **Technical Implementation:**
- Proper article structure with unique ID and slug
- SEO metadata with relevant keywords
- Related posts linking to other personal branding articles
- Proper read time and categorization

ARTICLE GENERATION COMPLETE - Article #9
[0;32m2025-09-16 19:54:32 - Skipping review - moving to next article[0m
[0;32m2025-09-16 19:54:32 - Completed: 9[0m
[0;34m2025-09-16 19:54:37 - Starting generation for: 10[0m
[1;33m2025-09-16 19:54:37 - Running article generation...[0m
[0;32m2025-09-16 19:54:40 - Skipping review - moving to next article[0m
[0;32m2025-09-16 19:54:40 - Completed: 10[0m
[0;34m2025-09-16 19:54:45 - Starting generation for: 11[0m
[1;33m2025-09-16 19:54:45 - Running article generation...[0m
[0;32m2025-09-16 19:54:48 - Skipping review - moving to next article[0m
[0;32m2025-09-16 19:54:48 - Completed: 11[0m
[0;34m2025-09-16 19:54:54 - Starting generation for: 12[0m
[1;33m2025-09-16 19:54:54 - Running article generation...[0m
Perfect! I have successfully generated and added Article #12 for the personal branding template. The article is titled "The Story Behind Your Success: How Personal Narratives Create Unbreakable Brand Connections" and meets all the requirements:

✅ **Word Count**: 1,400+ words (11-minute read)
✅ **Author**: "Templata" 
✅ **Category**: "Personal Life"
✅ **Type**: "guide"
✅ **Difficulty**: "intermediate"
✅ **Master Prompt Compliance**: Sophisticated, caring voice without bullet points
✅ **SEO Metadata**: Complete with title, description, and keywords
✅ **Related Content**: Linked to other personal branding articles
✅ **Topic Relevance**: Focuses on storytelling for personal brand building
✅ **Added to Registry**: Successfully inserted into manualBlogPosts array

The article covers the strategic use of personal narratives in professional branding, teaching readers how to share authentic stories that build connections while maintaining professional boundaries.

ARTICLE GENERATION COMPLETE - Article #12
[0;32m2025-09-16 19:58:23 - Skipping review - moving to next article[0m
[0;32m2025-09-16 19:58:23 - Completed: 12[0m
[0;34m2025-09-16 19:58:28 - Starting generation for: 13[0m
[1;33m2025-09-16 19:58:28 - Running article generation...[0m
ARTICLE GENERATION COMPLETE - Article #13
[0;32m2025-09-16 20:01:22 - Skipping review - moving to next article[0m
[0;32m2025-09-16 20:01:22 - Completed: 13[0m
[0;34m2025-09-16 20:01:27 - Starting generation for: 14[0m
[1;33m2025-09-16 20:01:27 - Running article generation...[0m
ARTICLE GENERATION COMPLETE - Article #14
[0;32m2025-09-16 20:04:34 - Skipping review - moving to next article[0m
[0;32m2025-09-16 20:04:34 - Completed: 14[0m
[0;34m2025-09-16 20:04:39 - Starting generation for: 15[0m
[1;33m2025-09-16 20:04:39 - Running article generation...[0m
ARTICLE GENERATION COMPLETE - Article #15
[0;32m2025-09-16 20:06:40 - Skipping review - moving to next article[0m
[0;32m2025-09-16 20:06:40 - Completed: 15[0m
[0;34m2025-09-16 20:06:45 - Starting generation for: 16[0m
[1;33m2025-09-16 20:06:45 - Running article generation...[0m
ARTICLE GENERATION COMPLETE - Article #16
[0;32m2025-09-16 20:08:20 - Skipping review - moving to next article[0m
[0;32m2025-09-16 20:08:20 - Completed: 16[0m
[0;34m2025-09-16 20:08:25 - Starting generation for: 17[0m
[1;33m2025-09-16 20:08:25 - Running article generation...[0m
ARTICLE GENERATION COMPLETE - Article #17
[0;32m2025-09-16 20:10:27 - Skipping review - moving to next article[0m
[0;32m2025-09-16 20:10:27 - Completed: 17[0m
[0;34m2025-09-16 20:10:32 - Starting generation for: 18[0m
[1;33m2025-09-16 20:10:32 - Running article generation...[0m
5-hour limit reached ∙ resets 10pm
[0;32m2025-09-16 20:14:50 - Skipping review - moving to next article[0m
[0;32m2025-09-16 20:14:50 - Completed: 18[0m
[0;34m2025-09-16 20:14:55 - Starting generation for: 19[0m
[1;33m2025-09-16 20:14:55 - Running article generation...[0m
5-hour limit reached ∙ resets 10pm
[0;32m2025-09-16 20:15:00 - Skipping review - moving to next article[0m
[0;32m2025-09-16 20:15:00 - Completed: 19[0m
[0;34m2025-09-16 20:15:05 - Starting generation for: 20[0m
[1;33m2025-09-16 20:15:05 - Running article generation...[0m
5-hour limit reached ∙ resets 10pm
[0;32m2025-09-16 20:15:11 - Skipping review - moving to next article[0m
[0;32m2025-09-16 20:15:11 - Completed: 20[0m
[0;34m2025-09-16 22:03:59 - Starting Article Generation Cycle for template: personal-branding[0m
[0;32m2025-09-16 22:03:59 - Using existing worktree: ../templata-personal-branding[0m
[0;34m2025-09-16 22:03:59 - Starting generation for: 16[0m
[1;33m2025-09-16 22:03:59 - Running article generation...[0m
ARTICLE GENERATION COMPLETE - Article #16
[0;32m2025-09-16 22:05:23 - Skipping review - moving to next article[0m
[0;32m2025-09-16 22:05:23 - Completed: 16[0m
[0;34m2025-09-16 22:05:28 - Starting generation for: 17[0m
[1;33m2025-09-16 22:05:28 - Running article generation...[0m
ARTICLE GENERATION COMPLETE - Article #17
[0;32m2025-09-16 22:08:41 - Skipping review - moving to next article[0m
[0;32m2025-09-16 22:08:41 - Completed: 17[0m
[0;34m2025-09-16 22:08:46 - Starting generation for: 18[0m
[1;33m2025-09-16 22:08:46 - Running article generation...[0m
ARTICLE GENERATION COMPLETE - Article #18
[0;32m2025-09-16 22:10:20 - Skipping review - moving to next article[0m
[0;32m2025-09-16 22:10:20 - Completed: 18[0m
[0;34m2025-09-16 22:10:25 - Starting generation for: 19[0m
[1;33m2025-09-16 22:10:25 - Running article generation...[0m
Perfect! I have successfully generated and added Article #19 to the personal branding template. The article is a comprehensive 1,500+ word guide about strategic networking and relationship building for personal branding. It follows all the master prompt requirements:

- **1,200-1,600 words** ✓ (approximately 1,500 words)
- **Author: "Templata"** ✓
- **Category: "Personal Life"** ✓
- **Sophisticated, caring voice** ✓
- **Flowing paragraphs instead of bullet points** ✓
- **No first person usage** ✓
- **Proper SEO metadata** ✓
- **Appropriate type (guide) and difficulty (intermediate)** ✓
- **Personal branding context** ✓
- **Added to manualBlogPosts array** ✓

The article covers strategic networking as a core component of personal branding, focusing on building meaningful professional relationships rather than transactional networking. It provides practical guidance on identifying relationship targets, creating value, authentic outreach, and nurturing long-term professional connections.

ARTICLE GENERATION COMPLETE - Article #19
[0;32m2025-09-16 22:17:01 - Skipping review - moving to next article[0m
[0;32m2025-09-16 22:17:01 - Completed: 19[0m
[0;34m2025-09-16 22:17:06 - Starting generation for: 20[0m
[1;33m2025-09-16 22:17:06 - Running article generation...[0m
ARTICLE GENERATION COMPLETE - Article #20
[0;32m2025-09-16 22:21:26 - Skipping review - moving to next article[0m
[0;32m2025-09-16 22:21:26 - Completed: 20[0m
