[0;34m2025-09-16 19:29:26 - Starting Article Generation Cycle for template: garden-planning[0m
[0;32m2025-09-16 19:29:26 - Using existing worktree: ../templata-garden-planning[0m
[0;34m2025-09-16 19:29:26 - Starting generation for: 1[0m
[1;33m2025-09-16 19:29:26 - Running article generation...[0m
ARTICLE GENERATION COMPLETE - Article #1
[0;32m2025-09-16 19:31:20 - Skipping review - moving to next article[0m
[0;32m2025-09-16 19:31:20 - Completed: 1[0m
[0;34m2025-09-16 19:31:25 - Starting generation for: 2[0m
[1;33m2025-09-16 19:31:25 - Running article generation...[0m
ARTICLE GENERATION COMPLETE - Article #2
[0;32m2025-09-16 19:33:59 - Skipping review - moving to next article[0m
[0;32m2025-09-16 19:33:59 - Completed: 2[0m
[0;34m2025-09-16 19:34:04 - Starting generation for: 3[0m
[1;33m2025-09-16 19:34:04 - Running article generation...[0m
ARTICLE GENERATION COMPLETE - Article #3
[0;32m2025-09-16 19:36:00 - Skipping review - moving to next article[0m
[0;32m2025-09-16 19:36:00 - Completed: 3[0m
[0;34m2025-09-16 19:36:05 - Starting generation for: 4[0m
[1;33m2025-09-16 19:36:05 - Running article generation...[0m
ARTICLE GENERATION COMPLETE - Article #4
[0;32m2025-09-16 19:38:48 - Skipping review - moving to next article[0m
[0;32m2025-09-16 19:38:48 - Completed: 4[0m
[0;34m2025-09-16 19:38:53 - Starting generation for: 5[0m
[1;33m2025-09-16 19:38:53 - Running article generation...[0m
ARTICLE GENERATION COMPLETE - Article #5
[0;32m2025-09-16 19:42:31 - Skipping review - moving to next article[0m
[0;32m2025-09-16 19:42:31 - Completed: 5[0m
[0;34m2025-09-16 19:42:36 - Starting generation for: 6[0m
[1;33m2025-09-16 19:42:36 - Running article generation...[0m
ARTICLE GENERATION COMPLETE - Article #6
[0;32m2025-09-16 19:44:49 - Skipping review - moving to next article[0m
[0;32m2025-09-16 19:44:49 - Completed: 6[0m
[0;34m2025-09-16 19:44:54 - Starting generation for: 7[0m
[1;33m2025-09-16 19:44:54 - Running article generation...[0m
Excellent! I have successfully completed the task. Here's what was accomplished:

✅ **Generated Article #7 for garden planning template**
- **Topic**: "Four-Season Garden Design: Creating Year-Round Beauty and Interest"
- **Word Count**: ~1,500 words (within the 1,200-1,600 requirement)
- **Author**: "Templata"
- **Category**: "Personal Life"
- **Type**: "guide"
- **Difficulty**: "intermediate"
- **Comprehensive Content**: Covers foundation plants, spring awakening, summer abundance, autumn glory, winter interest, and practical implementation strategies
- **Follows Master Prompt**: Uses sophisticated, caring voice with flowing paragraphs and minimal bullet points
- **SEO Optimized**: Proper metadata with title, description, and OG image
- **Related Content**: Linked to existing garden planning articles for cross-referencing

The article provides valuable, actionable advice for gardeners who want to create beautiful spaces that provide year-round interest, perfectly aligned with the garden planning template's goals and the master prompt's voice guidelines.

**ARTICLE GENERATION COMPLETE - Article #7**
[0;32m2025-09-16 19:52:00 - Skipping review - moving to next article[0m
[0;32m2025-09-16 19:52:00 - Completed: 7[0m
[0;34m2025-09-16 19:52:05 - Starting generation for: 8[0m
[1;33m2025-09-16 19:52:05 - Running article generation...[0m
ARTICLE GENERATION COMPLETE - Article #8
[0;32m2025-09-16 19:55:08 - Skipping review - moving to next article[0m
[0;32m2025-09-16 19:55:08 - Completed: 8[0m
[0;34m2025-09-16 19:55:13 - Starting generation for: 9[0m
[1;33m2025-09-16 19:55:13 - Running article generation...[0m
ARTICLE GENERATION COMPLETE - Article #9
[0;32m2025-09-16 19:58:41 - Skipping review - moving to next article[0m
[0;32m2025-09-16 19:58:41 - Completed: 9[0m
[0;34m2025-09-16 19:58:46 - Starting generation for: 10[0m
[1;33m2025-09-16 19:58:46 - Running article generation...[0m
ARTICLE GENERATION COMPLETE - Article #10
[0;32m2025-09-16 20:01:44 - Skipping review - moving to next article[0m
[0;32m2025-09-16 20:01:44 - Completed: 10[0m
[0;34m2025-09-16 20:01:49 - Starting generation for: 11[0m
[1;33m2025-09-16 20:01:49 - Running article generation...[0m
Perfect! I have successfully generated and added Article #11 to the garden planning template. The article covers "Permaculture Principles for Home Gardens: Creating Self-Sustaining Ecosystems" and follows all the requirements:

✅ **1,200-1,600 words** (approximately 1,400 words)
✅ **Author: "Templata"**
✅ **Category: "Personal Life"**
✅ **Added to manualBlogPosts array in src/registry/blogs.ts**
✅ **Proper SEO metadata** (metaTitle, metaDescription, keywords, etc.)
✅ **Appropriate type: "guide"** and **difficulty: "intermediate"**
✅ **Garden planning context** and comprehensive coverage
✅ **Sophisticated, caring voice** following master prompt guidelines
✅ **Flowing paragraphs** with minimal bullet points
✅ **Never uses first person**
✅ **8-12 minute read time** (12 minutes specified)

The article covers permaculture principles which is highly relevant for garden planning, providing comprehensive guidance on creating self-sustaining ecosystems, soil building, water conservation, food forests, and regenerative design practices.

ARTICLE GENERATION COMPLETE - Article #11
[0;32m2025-09-16 20:08:05 - Skipping review - moving to next article[0m
[0;32m2025-09-16 20:08:05 - Completed: 11[0m
[0;34m2025-09-16 20:08:10 - Starting generation for: 12[0m
[1;33m2025-09-16 20:08:10 - Running article generation...[0m
ARTICLE GENERATION COMPLETE - Article #12
[0;32m2025-09-16 20:09:58 - Skipping review - moving to next article[0m
[0;32m2025-09-16 20:09:58 - Completed: 12[0m
[0;34m2025-09-16 20:10:03 - Starting generation for: 13[0m
[1;33m2025-09-16 20:10:03 - Running article generation...[0m
ARTICLE GENERATION COMPLETE - Article #13
[0;32m2025-09-16 20:12:08 - Skipping review - moving to next article[0m
[0;32m2025-09-16 20:12:08 - Completed: 13[0m
[0;34m2025-09-16 20:12:13 - Starting generation for: 14[0m
[1;33m2025-09-16 20:12:13 - Running article generation...[0m
5-hour limit reached ∙ resets 10pm
[0;32m2025-09-16 20:14:24 - Skipping review - moving to next article[0m
[0;32m2025-09-16 20:14:24 - Completed: 14[0m
[0;34m2025-09-16 20:14:29 - Starting generation for: 15[0m
[1;33m2025-09-16 20:14:29 - Running article generation...[0m
5-hour limit reached ∙ resets 10pm
[0;32m2025-09-16 20:14:34 - Skipping review - moving to next article[0m
[0;32m2025-09-16 20:14:34 - Completed: 15[0m
[0;34m2025-09-16 20:14:39 - Starting generation for: 16[0m
[1;33m2025-09-16 20:14:39 - Running article generation...[0m
5-hour limit reached ∙ resets 10pm
[0;32m2025-09-16 20:14:45 - Skipping review - moving to next article[0m
[0;32m2025-09-16 20:14:45 - Completed: 16[0m
[0;34m2025-09-16 20:14:50 - Starting generation for: 17[0m
[1;33m2025-09-16 20:14:50 - Running article generation...[0m
5-hour limit reached ∙ resets 10pm
[0;32m2025-09-16 20:14:55 - Skipping review - moving to next article[0m
[0;32m2025-09-16 20:14:55 - Completed: 17[0m
[0;34m2025-09-16 20:15:00 - Starting generation for: 18[0m
[1;33m2025-09-16 20:15:00 - Running article generation...[0m
5-hour limit reached ∙ resets 10pm
[0;32m2025-09-16 20:15:06 - Skipping review - moving to next article[0m
[0;32m2025-09-16 20:15:06 - Completed: 18[0m
[0;34m2025-09-16 20:15:11 - Starting generation for: 19[0m
[1;33m2025-09-16 20:15:11 - Running article generation...[0m
5-hour limit reached ∙ resets 10pm
[0;32m2025-09-16 20:15:16 - Skipping review - moving to next article[0m
[0;32m2025-09-16 20:15:16 - Completed: 19[0m
[0;34m2025-09-16 20:15:22 - Starting generation for: 20[0m
[1;33m2025-09-16 20:15:22 - Running article generation...[0m
5-hour limit reached ∙ resets 10pm
[0;32m2025-09-16 20:15:27 - Skipping review - moving to next article[0m
[0;32m2025-09-16 20:15:27 - Completed: 20[0m
[0;34m2025-09-16 22:03:59 - Starting Article Generation Cycle for template: garden-planning[0m
[0;32m2025-09-16 22:03:59 - Using existing worktree: ../templata-garden-planning[0m
[0;34m2025-09-16 22:03:59 - Starting generation for: 14[0m
[1;33m2025-09-16 22:03:59 - Running article generation...[0m
ARTICLE GENERATION COMPLETE - Article #14
[0;32m2025-09-16 22:10:10 - Skipping review - moving to next article[0m
[0;32m2025-09-16 22:10:10 - Completed: 14[0m
[0;34m2025-09-16 22:10:15 - Starting generation for: 15[0m
[1;33m2025-09-16 22:10:15 - Running article generation...[0m
ARTICLE GENERATION COMPLETE - Article #15
[0;32m2025-09-16 22:13:41 - Skipping review - moving to next article[0m
[0;32m2025-09-16 22:13:41 - Completed: 15[0m
[0;34m2025-09-16 22:13:46 - Starting generation for: 16[0m
[1;33m2025-09-16 22:13:46 - Running article generation...[0m
ARTICLE GENERATION COMPLETE - Article #16
[0;32m2025-09-16 22:16:30 - Skipping review - moving to next article[0m
[0;32m2025-09-16 22:16:30 - Completed: 16[0m
[0;34m2025-09-16 22:16:35 - Starting generation for: 17[0m
[1;33m2025-09-16 22:16:35 - Running article generation...[0m
ARTICLE GENERATION COMPLETE - Article #17
[0;32m2025-09-16 22:18:24 - Skipping review - moving to next article[0m
[0;32m2025-09-16 22:18:24 - Completed: 17[0m
[0;34m2025-09-16 22:18:29 - Starting generation for: 18[0m
[1;33m2025-09-16 22:18:29 - Running article generation...[0m
ARTICLE GENERATION COMPLETE - Article #18
[0;32m2025-09-16 22:20:17 - Skipping review - moving to next article[0m
[0;32m2025-09-16 22:20:17 - Completed: 18[0m
[0;34m2025-09-16 22:20:22 - Starting generation for: 19[0m
[1;33m2025-09-16 22:20:22 - Running article generation...[0m
ARTICLE GENERATION COMPLETE - Article #19
[0;32m2025-09-16 22:25:06 - Skipping review - moving to next article[0m
[0;32m2025-09-16 22:25:06 - Completed: 19[0m
[0;34m2025-09-16 22:25:11 - Starting generation for: 20[0m
[1;33m2025-09-16 22:25:11 - Running article generation...[0m
ARTICLE GENERATION COMPLETE - Article #20
[0;32m2025-09-16 22:27:49 - Skipping review - moving to next article[0m
[0;32m2025-09-16 22:27:49 - Completed: 20[0m
