[0;34m2025-09-16 15:17:56 - Starting Article Generation Cycle for template: wedding-planning[0m
[1;33m2025-09-16 15:17:56 - Creating worktree for template: wedding-planning[0m
[0;32m2025-09-16 15:17:56 - Created branch: article-wedding-planning[0m
[0;32m2025-09-16 15:17:57 - Created worktree: ../templata-wedding-planning[0m
[0;34m2025-09-16 15:17:57 - Starting generation for: 1[0m
[1;33m2025-09-16 15:17:57 - Running article generation...[0m
ARTICLE GENERATION COMPLETE - Article #1
[0;32m2025-09-16 15:20:09 - Skipping review - moving to next article[0m
[0;32m2025-09-16 15:20:09 - Completed: 1[0m
[0;34m2025-09-16 15:20:14 - Starting generation for: 2[0m
[1;33m2025-09-16 15:20:14 - Running article generation...[0m
ARTICLE GENERATION COMPLETE - Article #2
[0;32m2025-09-16 15:22:59 - Skipping review - moving to next article[0m
[0;32m2025-09-16 15:22:59 - Completed: 2[0m
[0;34m2025-09-16 15:23:04 - Starting generation for: 3[0m
[1;33m2025-09-16 15:23:04 - Running article generation...[0m
ARTICLE GENERATION COMPLETE - Article #3
[0;32m2025-09-16 15:27:16 - Skipping review - moving to next article[0m
[0;32m2025-09-16 15:27:16 - Completed: 3[0m
[0;34m2025-09-16 15:27:21 - Starting generation for: 4[0m
[1;33m2025-09-16 15:27:21 - Running article generation...[0m
ARTICLE GENERATION COMPLETE - Article #4
[0;32m2025-09-16 15:30:28 - Skipping review - moving to next article[0m
[0;32m2025-09-16 15:30:28 - Completed: 4[0m
[0;34m2025-09-16 15:30:34 - Starting generation for: 5[0m
[1;33m2025-09-16 15:30:34 - Running article generation...[0m
ARTICLE GENERATION COMPLETE - Article #5
[0;32m2025-09-16 15:34:35 - Skipping review - moving to next article[0m
[0;32m2025-09-16 15:34:35 - Completed: 5[0m
[0;34m2025-09-16 15:34:40 - Starting generation for: 6[0m
[1;33m2025-09-16 15:34:40 - Running article generation...[0m
ARTICLE GENERATION COMPLETE - Article #6
[0;32m2025-09-16 15:37:28 - Skipping review - moving to next article[0m
[0;32m2025-09-16 15:37:28 - Completed: 6[0m
[0;34m2025-09-16 15:37:33 - Starting generation for: 7[0m
[1;33m2025-09-16 15:37:33 - Running article generation...[0m
ARTICLE GENERATION COMPLETE - Article #7
[0;32m2025-09-16 15:39:28 - Skipping review - moving to next article[0m
[0;32m2025-09-16 15:39:28 - Completed: 7[0m
[0;34m2025-09-16 15:39:33 - Starting generation for: 8[0m
[1;33m2025-09-16 15:39:33 - Running article generation...[0m
**ARTICLE GENERATION COMPLETE - Article #8**
[0;32m2025-09-16 15:41:49 - Skipping review - moving to next article[0m
[0;32m2025-09-16 15:41:49 - Completed: 8[0m
[0;34m2025-09-16 15:41:55 - Starting generation for: 9[0m
[1;33m2025-09-16 15:41:55 - Running article generation...[0m
ARTICLE GENERATION COMPLETE - Article #9
[0;32m2025-09-16 15:43:48 - Skipping review - moving to next article[0m
[0;32m2025-09-16 15:43:48 - Completed: 9[0m
[0;34m2025-09-16 15:43:53 - Starting generation for: 10[0m
[1;33m2025-09-16 15:43:53 - Running article generation...[0m
ARTICLE GENERATION COMPLETE - Article #10
[0;32m2025-09-16 15:50:17 - Skipping review - moving to next article[0m
[0;32m2025-09-16 15:50:17 - Completed: 10[0m
[0;34m2025-09-16 15:50:22 - Starting generation for: 11[0m
[1;33m2025-09-16 15:50:22 - Running article generation...[0m
ARTICLE GENERATION COMPLETE - Article #11
[0;32m2025-09-16 15:55:10 - Skipping review - moving to next article[0m
[0;32m2025-09-16 15:55:10 - Completed: 11[0m
[0;34m2025-09-16 15:55:15 - Starting generation for: 12[0m
[1;33m2025-09-16 15:55:15 - Running article generation...[0m
ARTICLE GENERATION COMPLETE - Article #12
[0;32m2025-09-16 15:57:07 - Skipping review - moving to next article[0m
[0;32m2025-09-16 15:57:07 - Completed: 12[0m
[0;34m2025-09-16 15:57:12 - Starting generation for: 13[0m
[1;33m2025-09-16 15:57:12 - Running article generation...[0m
ARTICLE GENERATION COMPLETE - Article #13
[0;32m2025-09-16 16:01:00 - Skipping review - moving to next article[0m
[0;32m2025-09-16 16:01:00 - Completed: 13[0m
[0;34m2025-09-16 16:01:05 - Starting generation for: 14[0m
[1;33m2025-09-16 16:01:05 - Running article generation...[0m
ARTICLE GENERATION COMPLETE - Article #14
[0;32m2025-09-16 16:03:41 - Skipping review - moving to next article[0m
[0;32m2025-09-16 16:03:41 - Completed: 14[0m
[0;34m2025-09-16 16:03:46 - Starting generation for: 15[0m
[1;33m2025-09-16 16:03:46 - Running article generation...[0m
ARTICLE GENERATION COMPLETE - Article #15
[0;32m2025-09-16 16:08:34 - Skipping review - moving to next article[0m
[0;32m2025-09-16 16:08:34 - Completed: 15[0m
[0;34m2025-09-16 16:08:39 - Starting generation for: 16[0m
[1;33m2025-09-16 16:08:39 - Running article generation...[0m
ARTICLE GENERATION COMPLETE - Article #16
[0;32m2025-09-16 16:11:52 - Skipping review - moving to next article[0m
[0;32m2025-09-16 16:11:52 - Completed: 16[0m
[0;34m2025-09-16 16:11:57 - Starting generation for: 17[0m
[1;33m2025-09-16 16:11:57 - Running article generation...[0m
ARTICLE GENERATION COMPLETE - Article #17
[0;32m2025-09-16 16:13:50 - Skipping review - moving to next article[0m
[0;32m2025-09-16 16:13:50 - Completed: 17[0m
[0;34m2025-09-16 16:13:55 - Starting generation for: 18[0m
[1;33m2025-09-16 16:13:55 - Running article generation...[0m
ARTICLE GENERATION COMPLETE - Article #18
[0;32m2025-09-16 16:17:16 - Skipping review - moving to next article[0m
[0;32m2025-09-16 16:17:16 - Completed: 18[0m
[0;34m2025-09-16 16:17:21 - Starting generation for: 19[0m
[1;33m2025-09-16 16:17:21 - Running article generation...[0m
ARTICLE GENERATION COMPLETE - Article #19
[0;32m2025-09-16 16:20:36 - Skipping review - moving to next article[0m
[0;32m2025-09-16 16:20:36 - Completed: 19[0m
[0;34m2025-09-16 16:20:42 - Starting generation for: 20[0m
[1;33m2025-09-16 16:20:42 - Running article generation...[0m
ARTICLE GENERATION COMPLETE - Article #20
[0;32m2025-09-16 16:22:38 - Skipping review - moving to next article[0m
[0;32m2025-09-16 16:22:38 - Completed: 20[0m
