[0;34m2025-09-16 19:29:26 - Starting Article Generation Cycle for template: freelance-business[0m
[0;32m2025-09-16 19:29:26 - Using existing worktree: ../templata-freelance-business[0m
[0;34m2025-09-16 19:29:26 - Starting generation for: 1[0m
[1;33m2025-09-16 19:29:26 - Running article generation...[0m
ARTICLE GENERATION COMPLETE - Article #1
[0;32m2025-09-16 19:31:11 - Skipping review - moving to next article[0m
[0;32m2025-09-16 19:31:11 - Completed: 1[0m
[0;34m2025-09-16 19:31:16 - Starting generation for: 2[0m
[1;33m2025-09-16 19:31:16 - Running article generation...[0m
ARTICLE GENERATION COMPLETE - Article #2
[0;32m2025-09-16 19:33:38 - Skipping review - moving to next article[0m
[0;32m2025-09-16 19:33:38 - Completed: 2[0m
[0;34m2025-09-16 19:33:43 - Starting generation for: 3[0m
[1;33m2025-09-16 19:33:43 - Running article generation...[0m
ARTICLE GENERATION COMPLETE - Article #3
[0;32m2025-09-16 19:40:03 - Skipping review - moving to next article[0m
[0;32m2025-09-16 19:40:03 - Completed: 3[0m
[0;34m2025-09-16 19:40:09 - Starting generation for: 4[0m
[1;33m2025-09-16 19:40:09 - Running article generation...[0m
ARTICLE GENERATION COMPLETE - Article #4
[0;32m2025-09-16 19:43:32 - Skipping review - moving to next article[0m
[0;32m2025-09-16 19:43:32 - Completed: 4[0m
[0;34m2025-09-16 19:43:37 - Starting generation for: 5[0m
[1;33m2025-09-16 19:43:37 - Running article generation...[0m
ARTICLE GENERATION COMPLETE - Article #5
[0;32m2025-09-16 19:46:33 - Skipping review - moving to next article[0m
[0;32m2025-09-16 19:46:33 - Completed: 5[0m
[0;34m2025-09-16 19:46:38 - Starting generation for: 6[0m
[1;33m2025-09-16 19:46:38 - Running article generation...[0m
ARTICLE GENERATION COMPLETE - Article #6
[0;32m2025-09-16 19:48:14 - Skipping review - moving to next article[0m
[0;32m2025-09-16 19:48:14 - Completed: 6[0m
[0;34m2025-09-16 19:48:19 - Starting generation for: 7[0m
[1;33m2025-09-16 19:48:19 - Running article generation...[0m
ARTICLE GENERATION COMPLETE - Article #7
[0;32m2025-09-16 19:51:56 - Skipping review - moving to next article[0m
[0;32m2025-09-16 19:51:56 - Completed: 7[0m
[0;34m2025-09-16 19:52:01 - Starting generation for: 8[0m
[1;33m2025-09-16 19:52:01 - Running article generation...[0m
ARTICLE GENERATION COMPLETE - Article #8
[0;32m2025-09-16 19:55:24 - Skipping review - moving to next article[0m
[0;32m2025-09-16 19:55:24 - Completed: 8[0m
[0;34m2025-09-16 19:55:29 - Starting generation for: 9[0m
[1;33m2025-09-16 19:55:29 - Running article generation...[0m
Perfect! I've successfully added a comprehensive 1,400-word article about building long-term client relationships for freelance businesses. The article:

- **Follows the master prompt guidelines** with sophisticated, caring voice
- **1,400 words** (within the 1,200-1,600 word requirement)  
- **Author: "Templata"**
- **Category: "Personal Life"**
- **Type: "guide"**
- **Difficulty: "intermediate"** 
- **11 min read time**
- **Focuses on freelance business context** with practical relationship-building strategies
- **Uses flowing paragraphs** instead of bullet points
- **Avoids first person** language
- **Includes proper SEO metadata**
- **Added to manualBlogPosts array** in the registry

The article covers sophisticated strategies for transforming one-time clients into long-term partners, including client lifecycle management, value creation between projects, strategic communication, service structuring, referral systems, and lifetime value optimization - all highly relevant for freelance business success.

ARTICLE GENERATION COMPLETE - Article #9
[0;32m2025-09-16 19:57:33 - Skipping review - moving to next article[0m
[0;32m2025-09-16 19:57:33 - Completed: 9[0m
[0;34m2025-09-16 19:57:38 - Starting generation for: 10[0m
[1;33m2025-09-16 19:57:38 - Running article generation...[0m
Perfect! I've successfully added a comprehensive 1,200+ word article about freelance financial systems to the manualBlogPosts array. The article:

- **Title**: "The Freelance Financial Foundation: Building Systems That Survive Feast or Famine"
- **Word count**: ~1,400 words (12 min read)
- **Author**: "Templata" 
- **Category**: "Personal Life"
- **Type**: "guide"
- **Difficulty**: "intermediate"
- **Topic**: Financial management systems for freelance businesses

The article follows the master prompt guidelines with:
- Sophisticated, caring voice without being pretentious
- Comprehensive coverage without overwhelming detail
- Flowing paragraphs instead of bullet points
- No first person usage
- Focus on practical, actionable strategies
- Content that freelancers would genuinely want to read and share

It covers critical financial topics like cash flow prediction, emergency fund architecture, revenue smoothing, expense management, growth capital planning, and system integration - all specifically tailored for the unique challenges of freelance business management.

ARTICLE GENERATION COMPLETE - Article #10
[0;32m2025-09-16 20:00:09 - Skipping review - moving to next article[0m
[0;32m2025-09-16 20:00:09 - Completed: 10[0m
[0;34m2025-09-16 20:00:14 - Starting generation for: 11[0m
[1;33m2025-09-16 20:00:14 - Running article generation...[0m
ARTICLE GENERATION COMPLETE - Article #11
[0;32m2025-09-16 20:01:57 - Skipping review - moving to next article[0m
[0;32m2025-09-16 20:01:57 - Completed: 11[0m
[0;34m2025-09-16 20:02:02 - Starting generation for: 12[0m
[1;33m2025-09-16 20:02:02 - Running article generation...[0m
ARTICLE GENERATION COMPLETE - Article #12
[0;32m2025-09-16 20:04:17 - Skipping review - moving to next article[0m
[0;32m2025-09-16 20:04:17 - Completed: 12[0m
[0;34m2025-09-16 20:04:22 - Starting generation for: 13[0m
[1;33m2025-09-16 20:04:22 - Running article generation...[0m
ARTICLE GENERATION COMPLETE - Article #13
[0;32m2025-09-16 20:07:15 - Skipping review - moving to next article[0m
[0;32m2025-09-16 20:07:15 - Completed: 13[0m
[0;34m2025-09-16 20:07:20 - Starting generation for: 14[0m
[1;33m2025-09-16 20:07:20 - Running article generation...[0m
Perfect! I have successfully generated and added Article #14 for the freelance business template. The article:

- **Title**: "From Solo to Scaled: The Freelancer's Guide to Building Systems That Work Without You"
- **Content**: 1,400+ words (11-minute read) covering freelance business scaling strategies
- **Author**: "Templata" 
- **Category**: "Personal Life"
- **Type**: "guide"
- **Difficulty**: "expert"
- **Focus**: Comprehensive systems and strategies for scaling freelance businesses beyond personal capacity
- **Topics covered**: Recognizing scaling limitations, foundation systems, delegation frameworks, revenue model evolution, technology infrastructure, and managing transitions

The article follows all the master prompt guidelines with a sophisticated, caring voice, flowing paragraphs instead of bullet points, and provides actionable frameworks that freelancers can implement to scale their businesses sustainably.

ARTICLE GENERATION COMPLETE - Article #14
[0;32m2025-09-16 20:10:27 - Skipping review - moving to next article[0m
[0;32m2025-09-16 20:10:27 - Completed: 14[0m
[0;34m2025-09-16 20:10:32 - Starting generation for: 15[0m
[1;33m2025-09-16 20:10:32 - Running article generation...[0m
ARTICLE GENERATION COMPLETE - Article #15
[0;32m2025-09-16 20:12:12 - Skipping review - moving to next article[0m
[0;32m2025-09-16 20:12:12 - Completed: 15[0m
[0;34m2025-09-16 20:12:17 - Starting generation for: 16[0m
[1;33m2025-09-16 20:12:17 - Running article generation...[0m
5-hour limit reached ∙ resets 10pm
[0;32m2025-09-16 20:14:36 - Skipping review - moving to next article[0m
[0;32m2025-09-16 20:14:36 - Completed: 16[0m
[0;34m2025-09-16 20:14:41 - Starting generation for: 17[0m
[1;33m2025-09-16 20:14:41 - Running article generation...[0m
5-hour limit reached ∙ resets 10pm
[0;32m2025-09-16 20:14:47 - Skipping review - moving to next article[0m
[0;32m2025-09-16 20:14:47 - Completed: 17[0m
[0;34m2025-09-16 20:14:52 - Starting generation for: 18[0m
[1;33m2025-09-16 20:14:52 - Running article generation...[0m
5-hour limit reached ∙ resets 10pm
[0;32m2025-09-16 20:14:57 - Skipping review - moving to next article[0m
[0;32m2025-09-16 20:14:57 - Completed: 18[0m
[0;34m2025-09-16 20:15:02 - Starting generation for: 19[0m
[1;33m2025-09-16 20:15:02 - Running article generation...[0m
5-hour limit reached ∙ resets 10pm
[0;32m2025-09-16 20:15:07 - Skipping review - moving to next article[0m
[0;32m2025-09-16 20:15:07 - Completed: 19[0m
[0;34m2025-09-16 20:15:12 - Starting generation for: 20[0m
[1;33m2025-09-16 20:15:12 - Running article generation...[0m
5-hour limit reached ∙ resets 10pm
[0;32m2025-09-16 20:15:18 - Skipping review - moving to next article[0m
[0;32m2025-09-16 20:15:18 - Completed: 20[0m
[0;34m2025-09-16 22:03:59 - Starting Article Generation Cycle for template: freelance-business[0m
[0;32m2025-09-16 22:03:59 - Using existing worktree: ../templata-freelance-business[0m
[0;34m2025-09-16 22:03:59 - Starting generation for: 16[0m
[1;33m2025-09-16 22:03:59 - Running article generation...[0m
ARTICLE GENERATION COMPLETE - Article #16
[0;32m2025-09-16 22:06:21 - Skipping review - moving to next article[0m
[0;32m2025-09-16 22:06:21 - Completed: 16[0m
[0;34m2025-09-16 22:06:26 - Starting generation for: 17[0m
[1;33m2025-09-16 22:06:26 - Running article generation...[0m
ARTICLE GENERATION COMPLETE - Article #17
[0;32m2025-09-16 22:09:24 - Skipping review - moving to next article[0m
[0;32m2025-09-16 22:09:24 - Completed: 17[0m
[0;34m2025-09-16 22:09:29 - Starting generation for: 18[0m
[1;33m2025-09-16 22:09:29 - Running article generation...[0m
Perfect! I have successfully generated and added Article #18 for the freelance business template. The article "The Referral Engine: How Strategic Networking Transforms Freelance Businesses Forever" is a comprehensive 1,400+ word guide that follows all the master prompt guidelines:

✅ **1,200-1,600 words** (approximately 1,400 words)
✅ **Author: "Templata"**
✅ **Category: "Personal Life"**
✅ **Added to manualBlogPosts array**
✅ **Proper SEO metadata**
✅ **Type: "guide"** and **Difficulty: "intermediate"**
✅ **Freelance business context** - focuses on networking strategies for freelancers
✅ **Sophisticated, caring voice** following master prompt guidelines
✅ **Flowing paragraphs** with minimal bullet points
✅ **No first person** usage
✅ **Professional tone** that's premium but not pretentious

The article covers strategic networking for freelancers with sections on:
- Psychology of professional relationship building
- Strategic relationship mapping 
- Value-first networking strategies
- Digital networking and online relationship building
- Referral system development
- Industry event networking
- Long-term relationship maintenance
- Measuring networking ROI

ARTICLE GENERATION COMPLETE - Article #18
[0;32m2025-09-16 22:15:34 - Skipping review - moving to next article[0m
[0;32m2025-09-16 22:15:34 - Completed: 18[0m
[0;34m2025-09-16 22:15:39 - Starting generation for: 19[0m
[1;33m2025-09-16 22:15:39 - Running article generation...[0m
ARTICLE GENERATION COMPLETE - Article #19
[0;32m2025-09-16 22:17:34 - Skipping review - moving to next article[0m
[0;32m2025-09-16 22:17:34 - Completed: 19[0m
[0;34m2025-09-16 22:17:39 - Starting generation for: 20[0m
[1;33m2025-09-16 22:17:39 - Running article generation...[0m
ARTICLE GENERATION COMPLETE - Article #20
[0;32m2025-09-16 22:19:45 - Skipping review - moving to next article[0m
[0;32m2025-09-16 22:19:45 - Completed: 20[0m
