[0;34m2025-09-16 15:18:14 - Starting Article Generation Cycle for template: moving-relocation[0m
[1;33m2025-09-16 15:18:14 - Creating worktree for template: moving-relocation[0m
[0;32m2025-09-16 15:18:14 - Created branch: article-moving-relocation[0m
[0;32m2025-09-16 15:18:14 - Created worktree: ../templata-moving-relocation[0m
[0;34m2025-09-16 15:18:14 - Starting generation for: 1[0m
[1;33m2025-09-16 15:18:14 - Running article generation...[0m
ARTICLE GENERATION COMPLETE - Article #1
[0;32m2025-09-16 15:21:30 - Skipping review - moving to next article[0m
[0;32m2025-09-16 15:21:30 - Completed: 1[0m
[0;34m2025-09-16 15:21:35 - Starting generation for: 2[0m
[1;33m2025-09-16 15:21:35 - Running article generation...[0m
ARTICLE GENERATION COMPLETE - Article #2
[0;32m2025-09-16 15:23:42 - Skipping review - moving to next article[0m
[0;32m2025-09-16 15:23:42 - Completed: 2[0m
[0;34m2025-09-16 15:23:47 - Starting generation for: 3[0m
[1;33m2025-09-16 15:23:47 - Running article generation...[0m
ARTICLE GENERATION COMPLETE - Article #3
[0;32m2025-09-16 15:28:30 - Skipping review - moving to next article[0m
[0;32m2025-09-16 15:28:30 - Completed: 3[0m
[0;34m2025-09-16 15:28:35 - Starting generation for: 4[0m
[1;33m2025-09-16 15:28:35 - Running article generation...[0m
ARTICLE GENERATION COMPLETE - Article #4
[0;32m2025-09-16 15:32:54 - Skipping review - moving to next article[0m
[0;32m2025-09-16 15:32:54 - Completed: 4[0m
[0;34m2025-09-16 15:32:59 - Starting generation for: 5[0m
[1;33m2025-09-16 15:32:59 - Running article generation...[0m
ARTICLE GENERATION COMPLETE - Article #5
[0;32m2025-09-16 15:34:53 - Skipping review - moving to next article[0m
[0;32m2025-09-16 15:34:53 - Completed: 5[0m
[0;34m2025-09-16 15:34:58 - Starting generation for: 6[0m
[1;33m2025-09-16 15:34:58 - Running article generation...[0m
ARTICLE GENERATION COMPLETE - Article #6
[0;32m2025-09-16 15:37:00 - Skipping review - moving to next article[0m
[0;32m2025-09-16 15:37:00 - Completed: 6[0m
[0;34m2025-09-16 15:37:05 - Starting generation for: 7[0m
[1;33m2025-09-16 15:37:05 - Running article generation...[0m
ARTICLE GENERATION COMPLETE - Article #7
[0;32m2025-09-16 15:39:30 - Skipping review - moving to next article[0m
[0;32m2025-09-16 15:39:30 - Completed: 7[0m
[0;34m2025-09-16 15:39:35 - Starting generation for: 8[0m
[1;33m2025-09-16 15:39:35 - Running article generation...[0m
ARTICLE GENERATION COMPLETE - Article #8
[0;32m2025-09-16 15:41:23 - Skipping review - moving to next article[0m
[0;32m2025-09-16 15:41:23 - Completed: 8[0m
[0;34m2025-09-16 15:41:28 - Starting generation for: 9[0m
[1;33m2025-09-16 15:41:28 - Running article generation...[0m
ARTICLE GENERATION COMPLETE - Article #9
[0;32m2025-09-16 15:43:08 - Skipping review - moving to next article[0m
[0;32m2025-09-16 15:43:08 - Completed: 9[0m
[0;34m2025-09-16 15:43:13 - Starting generation for: 10[0m
[1;33m2025-09-16 15:43:13 - Running article generation...[0m
ARTICLE GENERATION COMPLETE - Article #10
[0;32m2025-09-16 15:45:09 - Skipping review - moving to next article[0m
[0;32m2025-09-16 15:45:09 - Completed: 10[0m
[0;34m2025-09-16 15:45:14 - Starting generation for: 11[0m
[1;33m2025-09-16 15:45:14 - Running article generation...[0m
ARTICLE GENERATION COMPLETE - Article #11
[0;32m2025-09-16 15:48:46 - Skipping review - moving to next article[0m
[0;32m2025-09-16 15:48:46 - Completed: 11[0m
[0;34m2025-09-16 15:48:51 - Starting generation for: 12[0m
[1;33m2025-09-16 15:48:51 - Running article generation...[0m
ARTICLE GENERATION COMPLETE - Article #12
[0;32m2025-09-16 15:50:30 - Skipping review - moving to next article[0m
[0;32m2025-09-16 15:50:30 - Completed: 12[0m
[0;34m2025-09-16 15:50:36 - Starting generation for: 13[0m
[1;33m2025-09-16 15:50:36 - Running article generation...[0m
ARTICLE GENERATION COMPLETE - Article #13
[0;32m2025-09-16 15:52:45 - Skipping review - moving to next article[0m
[0;32m2025-09-16 15:52:45 - Completed: 13[0m
[0;34m2025-09-16 15:52:50 - Starting generation for: 14[0m
[1;33m2025-09-16 15:52:50 - Running article generation...[0m
ARTICLE GENERATION COMPLETE - Article #14
[0;32m2025-09-16 15:56:06 - Skipping review - moving to next article[0m
[0;32m2025-09-16 15:56:06 - Completed: 14[0m
[0;34m2025-09-16 15:56:11 - Starting generation for: 15[0m
[1;33m2025-09-16 15:56:11 - Running article generation...[0m
Perfect! I have successfully generated and added article #15 to the moving relocation template. The article is a comprehensive 1,500+ word guide on "Building Professional Networks in a New City: Career Success After Relocation" that follows all the master prompt guidelines:

**Article Details:**
- **Word Count**: ~1,500 words (12-minute read)
- **Type**: Guide (intermediate difficulty)
- **Author**: Templata
- **Category**: Personal Life
- **Focus**: Moving relocation context - specifically helping people who are relocating for career reasons
- **Voice**: Sophisticated but warm, caring and empowering as specified in the master prompt
- **Structure**: Clear sections with actionable advice, specific numbers, and practical frameworks
- **SEO**: Complete metadata with optimized title and description

The article covers a unique and valuable topic not covered by the existing 14 articles - professional networking strategies for career-focused relocators. It provides specific, actionable advice while maintaining the caring, sophisticated voice outlined in the master prompt.

ARTICLE GENERATION COMPLETE - Article #15
[0;32m2025-09-16 15:58:12 - Skipping review - moving to next article[0m
[0;32m2025-09-16 15:58:12 - Completed: 15[0m
[0;34m2025-09-16 15:58:17 - Starting generation for: 16[0m
[1;33m2025-09-16 15:58:17 - Running article generation...[0m
ARTICLE GENERATION COMPLETE - Article #16
[0;32m2025-09-16 16:00:09 - Skipping review - moving to next article[0m
[0;32m2025-09-16 16:00:09 - Completed: 16[0m
[0;34m2025-09-16 16:00:14 - Starting generation for: 17[0m
[1;33m2025-09-16 16:00:14 - Running article generation...[0m
ARTICLE GENERATION COMPLETE - Article #17
[0;32m2025-09-16 16:02:12 - Skipping review - moving to next article[0m
[0;32m2025-09-16 16:02:12 - Completed: 17[0m
[0;34m2025-09-16 16:02:17 - Starting generation for: 18[0m
[1;33m2025-09-16 16:02:17 - Running article generation...[0m
ARTICLE GENERATION COMPLETE - Article #18
[0;32m2025-09-16 16:04:23 - Skipping review - moving to next article[0m
[0;32m2025-09-16 16:04:23 - Completed: 18[0m
[0;34m2025-09-16 16:04:28 - Starting generation for: 19[0m
[1;33m2025-09-16 16:04:28 - Running article generation...[0m
ARTICLE GENERATION COMPLETE - Article #19
[0;32m2025-09-16 16:07:10 - Skipping review - moving to next article[0m
[0;32m2025-09-16 16:07:10 - Completed: 19[0m
[0;34m2025-09-16 16:07:15 - Starting generation for: 20[0m
[1;33m2025-09-16 16:07:15 - Running article generation...[0m
ARTICLE GENERATION COMPLETE - Article #20
[0;32m2025-09-16 16:09:17 - Skipping review - moving to next article[0m
[0;32m2025-09-16 16:09:17 - Completed: 20[0m
