[0;34m2025-09-16 19:29:26 - Starting Article Generation Cycle for template: medical-treatment[0m
[0;32m2025-09-16 19:29:26 - Using existing worktree: ../templata-medical-treatment[0m
[0;34m2025-09-16 19:29:26 - Starting generation for: 1[0m
[1;33m2025-09-16 19:29:26 - Running article generation...[0m
ARTICLE GENERATION COMPLETE - Article #1
[0;32m2025-09-16 19:31:20 - Skipping review - moving to next article[0m
[0;32m2025-09-16 19:31:20 - Completed: 1[0m
[0;34m2025-09-16 19:31:25 - Starting generation for: 2[0m
[1;33m2025-09-16 19:31:25 - Running article generation...[0m
ARTICLE GENERATION COMPLETE - Article #2
[0;32m2025-09-16 19:34:33 - Skipping review - moving to next article[0m
[0;32m2025-09-16 19:34:33 - Completed: 2[0m
[0;34m2025-09-16 19:34:38 - Starting generation for: 3[0m
[1;33m2025-09-16 19:34:39 - Running article generation...[0m
ARTICLE GENERATION COMPLETE - Article #3
[0;32m2025-09-16 19:36:18 - Skipping review - moving to next article[0m
[0;32m2025-09-16 19:36:18 - Completed: 3[0m
[0;34m2025-09-16 19:36:23 - Starting generation for: 4[0m
[1;33m2025-09-16 19:36:23 - Running article generation...[0m
ARTICLE GENERATION COMPLETE - Article #4
[0;32m2025-09-16 19:38:14 - Skipping review - moving to next article[0m
[0;32m2025-09-16 19:38:14 - Completed: 4[0m
[0;34m2025-09-16 19:38:19 - Starting generation for: 5[0m
[1;33m2025-09-16 19:38:19 - Running article generation...[0m
ARTICLE GENERATION COMPLETE - Article #5
[0;32m2025-09-16 19:41:20 - Skipping review - moving to next article[0m
[0;32m2025-09-16 19:41:20 - Completed: 5[0m
[0;34m2025-09-16 19:41:25 - Starting generation for: 6[0m
[1;33m2025-09-16 19:41:25 - Running article generation...[0m
ARTICLE GENERATION COMPLETE - Article #6
[0;32m2025-09-16 19:42:58 - Skipping review - moving to next article[0m
[0;32m2025-09-16 19:42:58 - Completed: 6[0m
[0;34m2025-09-16 19:43:03 - Starting generation for: 7[0m
[1;33m2025-09-16 19:43:03 - Running article generation...[0m
ARTICLE GENERATION COMPLETE - Article #7
[0;32m2025-09-16 19:45:56 - Skipping review - moving to next article[0m
[0;32m2025-09-16 19:45:56 - Completed: 7[0m
[0;34m2025-09-16 19:46:01 - Starting generation for: 8[0m
[1;33m2025-09-16 19:46:01 - Running article generation...[0m
ARTICLE GENERATION COMPLETE - Article #8
[0;32m2025-09-16 19:48:49 - Skipping review - moving to next article[0m
[0;32m2025-09-16 19:48:49 - Completed: 8[0m
[0;34m2025-09-16 19:48:54 - Starting generation for: 9[0m
[1;33m2025-09-16 19:48:54 - Running article generation...[0m
ARTICLE GENERATION COMPLETE - Article #9
[0;32m2025-09-16 19:51:45 - Skipping review - moving to next article[0m
[0;32m2025-09-16 19:51:45 - Completed: 9[0m
[0;34m2025-09-16 19:51:50 - Starting generation for: 10[0m
[1;33m2025-09-16 19:51:50 - Running article generation...[0m
ARTICLE GENERATION COMPLETE - Article #10
[0;32m2025-09-16 19:53:49 - Skipping review - moving to next article[0m
[0;32m2025-09-16 19:53:49 - Completed: 10[0m
[0;34m2025-09-16 19:53:54 - Starting generation for: 11[0m
[1;33m2025-09-16 19:53:54 - Running article generation...[0m
ARTICLE GENERATION COMPLETE - Article #11
[0;32m2025-09-16 19:56:20 - Skipping review - moving to next article[0m
[0;32m2025-09-16 19:56:20 - Completed: 11[0m
[0;34m2025-09-16 19:56:25 - Starting generation for: 12[0m
[1;33m2025-09-16 19:56:25 - Running article generation...[0m
ARTICLE GENERATION COMPLETE - Article #12
[0;32m2025-09-16 19:59:00 - Skipping review - moving to next article[0m
[0;32m2025-09-16 19:59:00 - Completed: 12[0m
[0;34m2025-09-16 19:59:05 - Starting generation for: 13[0m
[1;33m2025-09-16 19:59:05 - Running article generation...[0m
ARTICLE GENERATION COMPLETE - Article #13
[0;32m2025-09-16 20:01:55 - Skipping review - moving to next article[0m
[0;32m2025-09-16 20:01:55 - Completed: 13[0m
[0;34m2025-09-16 20:02:00 - Starting generation for: 14[0m
[1;33m2025-09-16 20:02:00 - Running article generation...[0m
ARTICLE GENERATION COMPLETE - Article #14
[0;32m2025-09-16 20:05:05 - Skipping review - moving to next article[0m
[0;32m2025-09-16 20:05:05 - Completed: 14[0m
[0;34m2025-09-16 20:05:10 - Starting generation for: 15[0m
[1;33m2025-09-16 20:05:10 - Running article generation...[0m
ARTICLE GENERATION COMPLETE - Article #15
[0;32m2025-09-16 20:06:56 - Skipping review - moving to next article[0m
[0;32m2025-09-16 20:06:56 - Completed: 15[0m
[0;34m2025-09-16 20:07:01 - Starting generation for: 16[0m
[1;33m2025-09-16 20:07:01 - Running article generation...[0m
ARTICLE GENERATION COMPLETE - Article #16
[0;32m2025-09-16 20:10:13 - Skipping review - moving to next article[0m
[0;32m2025-09-16 20:10:13 - Completed: 16[0m
[0;34m2025-09-16 20:10:18 - Starting generation for: 17[0m
[1;33m2025-09-16 20:10:18 - Running article generation...[0m
5-hour limit reached ∙ resets 10pm
[0;32m2025-09-16 20:14:55 - Skipping review - moving to next article[0m
[0;32m2025-09-16 20:14:55 - Completed: 17[0m
[0;34m2025-09-16 20:15:00 - Starting generation for: 18[0m
[1;33m2025-09-16 20:15:00 - Running article generation...[0m
5-hour limit reached ∙ resets 10pm
[0;32m2025-09-16 20:15:05 - Skipping review - moving to next article[0m
[0;32m2025-09-16 20:15:05 - Completed: 18[0m
[0;34m2025-09-16 20:15:10 - Starting generation for: 19[0m
[1;33m2025-09-16 20:15:10 - Running article generation...[0m
5-hour limit reached ∙ resets 10pm
[0;32m2025-09-16 20:15:16 - Skipping review - moving to next article[0m
[0;32m2025-09-16 20:15:16 - Completed: 19[0m
[0;34m2025-09-16 20:15:21 - Starting generation for: 20[0m
[1;33m2025-09-16 20:15:21 - Running article generation...[0m
5-hour limit reached ∙ resets 10pm
[0;32m2025-09-16 20:15:26 - Skipping review - moving to next article[0m
[0;32m2025-09-16 20:15:26 - Completed: 20[0m
[0;34m2025-09-16 22:03:59 - Starting Article Generation Cycle for template: medical-treatment[0m
[0;32m2025-09-16 22:03:59 - Using existing worktree: ../templata-medical-treatment[0m
[0;34m2025-09-16 22:03:59 - Starting generation for: 17[0m
[1;33m2025-09-16 22:03:59 - Running article generation...[0m
ARTICLE GENERATION COMPLETE - Article #17
[0;32m2025-09-16 22:05:51 - Skipping review - moving to next article[0m
[0;32m2025-09-16 22:05:51 - Completed: 17[0m
[0;34m2025-09-16 22:05:57 - Starting generation for: 18[0m
[1;33m2025-09-16 22:05:57 - Running article generation...[0m
ARTICLE GENERATION COMPLETE - Article #18
[0;32m2025-09-16 22:08:01 - Skipping review - moving to next article[0m
[0;32m2025-09-16 22:08:01 - Completed: 18[0m
[0;34m2025-09-16 22:08:06 - Starting generation for: 19[0m
[1;33m2025-09-16 22:08:06 - Running article generation...[0m
ARTICLE GENERATION COMPLETE - Article #19
[0;32m2025-09-16 22:09:39 - Skipping review - moving to next article[0m
[0;32m2025-09-16 22:09:39 - Completed: 19[0m
[0;34m2025-09-16 22:09:44 - Starting generation for: 20[0m
[1;33m2025-09-16 22:09:44 - Running article generation...[0m
Perfect! I have successfully added Article #20 to the medical treatment template. The article "Mastering Medical Test Preparation: Your Complete Guide to Accurate Results and Reduced Anxiety" is now included in the manualBlogPosts array with:

- 1,400+ words (12 min read) - within the required 1,200-1,600 word range
- Author: "Templata" as required
- Category: "Personal Life" as specified
- Comprehensive medical test preparation guidance relevant to medical treatment context
- Proper SEO metadata and structured content
- Related medical treatment articles linked
- Sophisticated, caring voice following master prompt guidelines
- Type: "guide" and difficulty: "intermediate"

The article covers essential topics for people navigating medical treatment including:
- Understanding test preparation requirements
- Strategic planning for complex procedures  
- Managing pre-procedure anxiety
- Optimizing test accuracy through preparation
- Communication strategies with healthcare providers
- Special considerations for chronic conditions
- Post-procedure recovery and follow-up

ARTICLE GENERATION COMPLETE - Article #20
[0;32m2025-09-16 22:14:11 - Skipping review - moving to next article[0m
[0;32m2025-09-16 22:14:11 - Completed: 20[0m
