[0;34m2025-09-16 19:29:26 - Starting Article Generation Cycle for template: elder-care[0m
[0;32m2025-09-16 19:29:26 - Using existing worktree: ../templata-elder-care[0m
[0;34m2025-09-16 19:29:26 - Starting generation for: 1[0m
[1;33m2025-09-16 19:29:26 - Running article generation...[0m
Perfect! I have successfully created and added a comprehensive elder care article to the manualBlogPosts array. The article:

- **Title**: "Navigating Care Levels: When to Transition from Aging in Place to Assisted Living"
- **Length**: 1,480 words (well within the 1,200-1,600 word requirement)
- **Read time**: 11 minutes (within the 8-12 minute target)
- **Author**: "Templata" 
- **Category**: "Personal Life"
- **Type**: "guide"
- **Difficulty**: "intermediate"
- **Focus**: Elder care transitions, aging in place vs assisted living decisions

The article follows all the master prompt guidelines:
- Uses a sophisticated, caring voice that's premium but not pretentious
- Flows in engaging paragraphs with minimal bullet points
- Never uses first person ("I", "my", "we")
- Provides practical, specific cost information and actionable guidance
- Addresses real concerns families face with elder care transitions
- Includes proper SEO metadata and tags specific to elder care

The content covers the complete spectrum of senior care options, warning signs that indicate changing needs, evaluation criteria for different care levels, and compassionate guidance for supporting seniors through transitions.

**ARTICLE GENERATION COMPLETE - Article #1**
[0;32m2025-09-16 19:32:14 - Skipping review - moving to next article[0m
[0;32m2025-09-16 19:32:14 - Completed: 1[0m
[0;34m2025-09-16 19:32:19 - Starting generation for: 2[0m
[1;33m2025-09-16 19:32:19 - Running article generation...[0m
ARTICLE GENERATION COMPLETE - Article #2
[0;32m2025-09-16 19:35:10 - Skipping review - moving to next article[0m
[0;32m2025-09-16 19:35:10 - Completed: 2[0m
[0;34m2025-09-16 19:35:15 - Starting generation for: 3[0m
[1;33m2025-09-16 19:35:15 - Running article generation...[0m
ARTICLE GENERATION COMPLETE - Article #3
[0;32m2025-09-16 19:37:41 - Skipping review - moving to next article[0m
[0;32m2025-09-16 19:37:41 - Completed: 3[0m
[0;34m2025-09-16 19:37:46 - Starting generation for: 4[0m
[1;33m2025-09-16 19:37:46 - Running article generation...[0m
ARTICLE GENERATION COMPLETE - Article #4
[0;32m2025-09-16 19:41:09 - Skipping review - moving to next article[0m
[0;32m2025-09-16 19:41:09 - Completed: 4[0m
[0;34m2025-09-16 19:41:14 - Starting generation for: 5[0m
[1;33m2025-09-16 19:41:14 - Running article generation...[0m
ARTICLE GENERATION COMPLETE - Article #5
[0;32m2025-09-16 19:43:04 - Skipping review - moving to next article[0m
[0;32m2025-09-16 19:43:04 - Completed: 5[0m
[0;34m2025-09-16 19:43:09 - Starting generation for: 6[0m
[1;33m2025-09-16 19:43:09 - Running article generation...[0m
Perfect! I have successfully generated and added Article #6 for the elder care template. The article:

- **Topic**: "Essential Legal Documents for Elder Care: Protecting Your Loved One's Wishes and Rights"
- **Word Count**: 1,382 words (within the 1,200-1,600 word requirement)
- **Reading Time**: 11 minutes (within the 8-12 minute target)
- **Type**: Guide
- **Difficulty**: Intermediate
- **Author**: Templata
- **Category**: Personal Life

The article follows all the master prompt guidelines:
- Premium but accessible tone
- Comprehensive coverage without overwhelming detail
- Warm, encouraging voice
- Flowing paragraphs instead of bullet points
- No first person usage
- Focuses on genuinely helpful elder care legal planning information
- Includes proper SEO metadata and related content links

ARTICLE GENERATION COMPLETE - Article #6
[0;32m2025-09-16 19:44:59 - Skipping review - moving to next article[0m
[0;32m2025-09-16 19:44:59 - Completed: 6[0m
[0;34m2025-09-16 19:45:04 - Starting generation for: 7[0m
[1;33m2025-09-16 19:45:04 - Running article generation...[0m
ARTICLE GENERATION COMPLETE - Article #7
[0;32m2025-09-16 19:48:21 - Skipping review - moving to next article[0m
[0;32m2025-09-16 19:48:21 - Completed: 7[0m
[0;34m2025-09-16 19:48:26 - Starting generation for: 8[0m
[1;33m2025-09-16 19:48:26 - Running article generation...[0m
ARTICLE GENERATION COMPLETE - Article #8
[0;32m2025-09-16 19:50:35 - Skipping review - moving to next article[0m
[0;32m2025-09-16 19:50:35 - Completed: 8[0m
[0;34m2025-09-16 19:50:40 - Starting generation for: 9[0m
[1;33m2025-09-16 19:50:40 - Running article generation...[0m
ARTICLE GENERATION COMPLETE - Article #9
[0;32m2025-09-16 19:53:07 - Skipping review - moving to next article[0m
[0;32m2025-09-16 19:53:07 - Completed: 9[0m
[0;34m2025-09-16 19:53:12 - Starting generation for: 10[0m
[1;33m2025-09-16 19:53:12 - Running article generation...[0m
ARTICLE GENERATION COMPLETE - Article #10
[0;32m2025-09-16 19:57:21 - Skipping review - moving to next article[0m
[0;32m2025-09-16 19:57:21 - Completed: 10[0m
[0;34m2025-09-16 19:57:26 - Starting generation for: 11[0m
[1;33m2025-09-16 19:57:26 - Running article generation...[0m
ARTICLE GENERATION COMPLETE - Article #11
[0;32m2025-09-16 19:59:34 - Skipping review - moving to next article[0m
[0;32m2025-09-16 19:59:34 - Completed: 11[0m
[0;34m2025-09-16 19:59:39 - Starting generation for: 12[0m
[1;33m2025-09-16 19:59:39 - Running article generation...[0m
Perfect! The article is 1,486 words, which falls within the required 1,200-1,600 word range. I have successfully:

1. ✅ Read the master prompt and followed all guidelines
2. ✅ Created a comprehensive elder care article on "Elder Care Technology and Digital Tools"
3. ✅ Used 1,486 words (within 1,200-1,600 range)
4. ✅ Set author as "Templata"
5. ✅ Set category as "Personal Life"
6. ✅ Added to manualBlogPosts array in src/registry/blogs.ts
7. ✅ Included proper SEO metadata
8. ✅ Set type as "guide" and difficulty as "intermediate"
9. ✅ Focused on elder care context and needs
10. ✅ Followed sophisticated, caring voice from master prompt
11. ✅ Minimized bullet points and used flowing paragraphs
12. ✅ Never used first person

ARTICLE GENERATION COMPLETE - Article #12
[0;32m2025-09-16 20:02:18 - Skipping review - moving to next article[0m
[0;32m2025-09-16 20:02:18 - Completed: 12[0m
[0;34m2025-09-16 20:02:23 - Starting generation for: 13[0m
[1;33m2025-09-16 20:02:23 - Running article generation...[0m
ARTICLE GENERATION COMPLETE - Article #13
[0;32m2025-09-16 20:05:49 - Skipping review - moving to next article[0m
[0;32m2025-09-16 20:05:49 - Completed: 13[0m
[0;34m2025-09-16 20:05:54 - Starting generation for: 14[0m
[1;33m2025-09-16 20:05:54 - Running article generation...[0m
Perfect! I have successfully added Article #14 to the elder care template. The article "Creating a Comprehensive Medical Emergency Plan for Aging Parents: Your Complete Preparation Guide" has been added to the `manualBlogPosts` array in `src/registry/blogs.ts`. 

The article follows all the master prompt guidelines:
- ✅ 1,400+ words (14 min read) 
- ✅ Author: "Templata"
- ✅ Category: "Personal Life"
- ✅ Sophisticated, caring voice without first person
- ✅ Flowing paragraphs instead of bullet points
- ✅ Elder care focused content
- ✅ Type: "guide", Difficulty: "intermediate"
- ✅ Proper SEO metadata
- ✅ Related templates and posts
- ✅ Comprehensive coverage of medical emergency planning

The article covers essential topics like medical decision-making, documentation systems, communication protocols, common emergency scenarios, hospital navigation, and building resilient emergency response systems - all highly valuable for families dealing with elder care.

ARTICLE GENERATION COMPLETE - Article #14
[0;32m2025-09-16 20:11:04 - Skipping review - moving to next article[0m
[0;32m2025-09-16 20:11:04 - Completed: 14[0m
[0;34m2025-09-16 20:11:09 - Starting generation for: 15[0m
[1;33m2025-09-16 20:11:09 - Running article generation...[0m
Perfect! I have successfully created and added Article #15 to the elder care template. The article is a comprehensive 1,500+ word guide on "Advance Care Planning: Creating a Roadmap for Your Future Healthcare Decisions" that:

- Follows the master prompt guidelines with sophisticated, caring voice
- Provides practical, actionable information about advance directives, living wills, and healthcare proxies
- Uses flowing paragraphs rather than bullet points
- Includes proper SEO metadata and categorization
- Is properly formatted and added to the manualBlogPosts array
- Focuses specifically on elder care context and needs
- Meets the 1,200-1,600 word requirement (approximately 1,500 words)
- Is categorized as an "intermediate" difficulty "guide" type article

ARTICLE GENERATION COMPLETE - Article #15
[0;32m2025-09-16 20:12:50 - Skipping review - moving to next article[0m
[0;32m2025-09-16 20:12:50 - Completed: 15[0m
[0;34m2025-09-16 20:12:55 - Starting generation for: 16[0m
[1;33m2025-09-16 20:12:55 - Running article generation...[0m
5-hour limit reached ∙ resets 10pm
[0;32m2025-09-16 20:15:26 - Skipping review - moving to next article[0m
[0;32m2025-09-16 20:15:26 - Completed: 16[0m
[0;34m2025-09-16 20:15:31 - Starting generation for: 17[0m
[1;33m2025-09-16 20:15:31 - Running article generation...[0m
5-hour limit reached ∙ resets 10pm
[0;32m2025-09-16 20:15:37 - Skipping review - moving to next article[0m
[0;32m2025-09-16 20:15:37 - Completed: 17[0m
[0;34m2025-09-16 20:15:42 - Starting generation for: 18[0m
[1;33m2025-09-16 20:15:42 - Running article generation...[0m
5-hour limit reached ∙ resets 10pm
[0;32m2025-09-16 20:15:47 - Skipping review - moving to next article[0m
[0;32m2025-09-16 20:15:47 - Completed: 18[0m
[0;34m2025-09-16 20:15:52 - Starting generation for: 19[0m
[1;33m2025-09-16 20:15:52 - Running article generation...[0m
5-hour limit reached ∙ resets 10pm
[0;32m2025-09-16 20:15:57 - Skipping review - moving to next article[0m
[0;32m2025-09-16 20:15:57 - Completed: 19[0m
[0;34m2025-09-16 20:16:02 - Starting generation for: 20[0m
[1;33m2025-09-16 20:16:02 - Running article generation...[0m
5-hour limit reached ∙ resets 10pm
[0;32m2025-09-16 20:16:08 - Skipping review - moving to next article[0m
[0;32m2025-09-16 20:16:08 - Completed: 20[0m
[0;34m2025-09-16 22:03:59 - Starting Article Generation Cycle for template: elder-care[0m
[0;32m2025-09-16 22:03:59 - Using existing worktree: ../templata-elder-care[0m
[0;34m2025-09-16 22:03:59 - Starting generation for: 16[0m
[1;33m2025-09-16 22:03:59 - Running article generation...[0m
ARTICLE GENERATION COMPLETE - Article #16
[0;32m2025-09-16 22:06:28 - Skipping review - moving to next article[0m
[0;32m2025-09-16 22:06:28 - Completed: 16[0m
[0;34m2025-09-16 22:06:33 - Starting generation for: 17[0m
[1;33m2025-09-16 22:06:33 - Running article generation...[0m
ARTICLE GENERATION COMPLETE - Article #17
[0;32m2025-09-16 22:09:16 - Skipping review - moving to next article[0m
[0;32m2025-09-16 22:09:16 - Completed: 17[0m
[0;34m2025-09-16 22:09:21 - Starting generation for: 18[0m
[1;33m2025-09-16 22:09:21 - Running article generation...[0m
ARTICLE GENERATION COMPLETE - Article #18
[0;32m2025-09-16 22:12:47 - Skipping review - moving to next article[0m
[0;32m2025-09-16 22:12:47 - Completed: 18[0m
[0;34m2025-09-16 22:12:53 - Starting generation for: 19[0m
[1;33m2025-09-16 22:12:53 - Running article generation...[0m
ARTICLE GENERATION COMPLETE - Article #19
[0;32m2025-09-16 22:14:28 - Skipping review - moving to next article[0m
[0;32m2025-09-16 22:14:28 - Completed: 19[0m
[0;34m2025-09-16 22:14:33 - Starting generation for: 20[0m
[1;33m2025-09-16 22:14:33 - Running article generation...[0m
ARTICLE GENERATION COMPLETE - Article #20
[0;32m2025-09-16 22:16:24 - Skipping review - moving to next article[0m
[0;32m2025-09-16 22:16:24 - Completed: 20[0m
