[0;34m2025-09-16 19:29:26 - Starting Article Generation Cycle for template: hobby-project[0m
[0;32m2025-09-16 19:29:26 - Using existing worktree: ../templata-hobby-project[0m
[0;34m2025-09-16 19:29:26 - Starting generation for: 1[0m
[1;33m2025-09-16 19:29:26 - Running article generation...[0m
ARTICLE GENERATION COMPLETE - Article #1
[0;32m2025-09-16 19:32:29 - Skipping review - moving to next article[0m
[0;32m2025-09-16 19:32:29 - Completed: 1[0m
[0;34m2025-09-16 19:32:34 - Starting generation for: 2[0m
[1;33m2025-09-16 19:32:34 - Running article generation...[0m
ARTICLE GENERATION COMPLETE - Article #2
[0;32m2025-09-16 19:34:09 - Skipping review - moving to next article[0m
[0;32m2025-09-16 19:34:09 - Completed: 2[0m
[0;34m2025-09-16 19:34:14 - Starting generation for: 3[0m
[1;33m2025-09-16 19:34:14 - Running article generation...[0m
ARTICLE GENERATION COMPLETE - Article #3
[0;32m2025-09-16 19:36:00 - Skipping review - moving to next article[0m
[0;32m2025-09-16 19:36:00 - Completed: 3[0m
[0;34m2025-09-16 19:36:05 - Starting generation for: 4[0m
[1;33m2025-09-16 19:36:05 - Running article generation...[0m
ARTICLE GENERATION COMPLETE - Article #4
[0;32m2025-09-16 19:37:44 - Skipping review - moving to next article[0m
[0;32m2025-09-16 19:37:44 - Completed: 4[0m
[0;34m2025-09-16 19:37:49 - Starting generation for: 5[0m
[1;33m2025-09-16 19:37:49 - Running article generation...[0m
ARTICLE GENERATION COMPLETE - Article #5
[0;32m2025-09-16 19:39:36 - Skipping review - moving to next article[0m
[0;32m2025-09-16 19:39:36 - Completed: 5[0m
[0;34m2025-09-16 19:39:41 - Starting generation for: 6[0m
[1;33m2025-09-16 19:39:41 - Running article generation...[0m
ARTICLE GENERATION COMPLETE - Article #6
[0;32m2025-09-16 19:43:53 - Skipping review - moving to next article[0m
[0;32m2025-09-16 19:43:53 - Completed: 6[0m
[0;34m2025-09-16 19:43:58 - Starting generation for: 7[0m
[1;33m2025-09-16 19:43:58 - Running article generation...[0m
Perfect! I have successfully generated and added a comprehensive 1,500+ word article titled "Finding Your Creative Identity: Moving from Hobby Dabbler to Passionate Creator" to the hobby project template's blog registry. The article:

- Follows the master prompt guidelines with a sophisticated, caring voice
- Is 1,500+ words (11 min read) within the required range
- Uses flowing paragraphs with minimal bullet points
- Author: "Templata" 
- Category: "Personal Life"
- Type: "guide", Difficulty: "intermediate"
- Includes proper SEO metadata
- Focuses specifically on hobby project context and needs
- Covers the journey from casual hobby exploration to passionate creative practice

The article has been successfully added to the `manualBlogPosts` array in `src/registry/blogs.ts`.

ARTICLE GENERATION COMPLETE - Article #7
[0;32m2025-09-16 19:46:54 - Skipping review - moving to next article[0m
[0;32m2025-09-16 19:46:54 - Completed: 7[0m
[0;34m2025-09-16 19:46:59 - Starting generation for: 8[0m
[1;33m2025-09-16 19:46:59 - Running article generation...[0m
ARTICLE GENERATION COMPLETE - Article #8
[0;32m2025-09-16 19:48:33 - Skipping review - moving to next article[0m
[0;32m2025-09-16 19:48:33 - Completed: 8[0m
[0;34m2025-09-16 19:48:38 - Starting generation for: 9[0m
[1;33m2025-09-16 19:48:38 - Running article generation...[0m
ARTICLE GENERATION COMPLETE - Article #9
[0;32m2025-09-16 19:51:51 - Skipping review - moving to next article[0m
[0;32m2025-09-16 19:51:51 - Completed: 9[0m
[0;34m2025-09-16 19:51:56 - Starting generation for: 10[0m
[1;33m2025-09-16 19:51:56 - Running article generation...[0m
ARTICLE GENERATION COMPLETE - Article #10
[0;32m2025-09-16 19:54:22 - Skipping review - moving to next article[0m
[0;32m2025-09-16 19:54:22 - Completed: 10[0m
[0;34m2025-09-16 19:54:27 - Starting generation for: 11[0m
[1;33m2025-09-16 19:54:27 - Running article generation...[0m
[0;32m2025-09-16 19:54:30 - Skipping review - moving to next article[0m
[0;32m2025-09-16 19:54:30 - Completed: 11[0m
[0;34m2025-09-16 19:54:35 - Starting generation for: 12[0m
[1;33m2025-09-16 19:54:35 - Running article generation...[0m
[0;32m2025-09-16 19:54:38 - Skipping review - moving to next article[0m
[0;32m2025-09-16 19:54:38 - Completed: 12[0m
[0;34m2025-09-16 19:54:43 - Starting generation for: 13[0m
[1;33m2025-09-16 19:54:43 - Running article generation...[0m
[0;32m2025-09-16 19:54:46 - Skipping review - moving to next article[0m
[0;32m2025-09-16 19:54:46 - Completed: 13[0m
[0;34m2025-09-16 19:54:51 - Starting generation for: 14[0m
[1;33m2025-09-16 19:54:51 - Running article generation...[0m
ARTICLE GENERATION COMPLETE - Article #14
[0;32m2025-09-16 19:58:33 - Skipping review - moving to next article[0m
[0;32m2025-09-16 19:58:33 - Completed: 14[0m
[0;34m2025-09-16 19:58:38 - Starting generation for: 15[0m
[1;33m2025-09-16 19:58:38 - Running article generation...[0m
ARTICLE GENERATION COMPLETE - Article #15
[0;32m2025-09-16 20:01:06 - Skipping review - moving to next article[0m
[0;32m2025-09-16 20:01:06 - Completed: 15[0m
[0;34m2025-09-16 20:01:11 - Starting generation for: 16[0m
[1;33m2025-09-16 20:01:11 - Running article generation...[0m
ARTICLE GENERATION COMPLETE - Article #16
[0;32m2025-09-16 20:02:30 - Skipping review - moving to next article[0m
[0;32m2025-09-16 20:02:30 - Completed: 16[0m
[0;34m2025-09-16 20:02:35 - Starting generation for: 17[0m
[1;33m2025-09-16 20:02:35 - Running article generation...[0m
ARTICLE GENERATION COMPLETE - Article #17
[0;32m2025-09-16 20:05:04 - Skipping review - moving to next article[0m
[0;32m2025-09-16 20:05:04 - Completed: 17[0m
[0;34m2025-09-16 20:05:09 - Starting generation for: 18[0m
[1;33m2025-09-16 20:05:09 - Running article generation...[0m
ARTICLE GENERATION COMPLETE - Article #18
[0;32m2025-09-16 20:06:42 - Skipping review - moving to next article[0m
[0;32m2025-09-16 20:06:42 - Completed: 18[0m
[0;34m2025-09-16 20:06:47 - Starting generation for: 19[0m
[1;33m2025-09-16 20:06:47 - Running article generation...[0m
ARTICLE GENERATION COMPLETE - Article #19
[0;32m2025-09-16 20:08:43 - Skipping review - moving to next article[0m
[0;32m2025-09-16 20:08:43 - Completed: 19[0m
[0;34m2025-09-16 20:08:48 - Starting generation for: 20[0m
[1;33m2025-09-16 20:08:48 - Running article generation...[0m
ARTICLE GENERATION COMPLETE - Article #20
[0;32m2025-09-16 20:10:02 - Skipping review - moving to next article[0m
[0;32m2025-09-16 20:10:02 - Completed: 20[0m
[0;34m2025-09-16 22:03:59 - Starting Article Generation Cycle for template: hobby-project[0m
[0;32m2025-09-16 22:03:59 - Using existing worktree: ../templata-hobby-project[0m
[0;34m2025-09-16 22:03:59 - Starting generation for: 18[0m
[1;33m2025-09-16 22:03:59 - Running article generation...[0m
ARTICLE GENERATION COMPLETE - Article #18
[0;32m2025-09-16 22:05:44 - Skipping review - moving to next article[0m
[0;32m2025-09-16 22:05:44 - Completed: 18[0m
[0;34m2025-09-16 22:05:49 - Starting generation for: 19[0m
[1;33m2025-09-16 22:05:49 - Running article generation...[0m
ARTICLE GENERATION COMPLETE - Article #19
[0;32m2025-09-16 22:08:10 - Skipping review - moving to next article[0m
[0;32m2025-09-16 22:08:10 - Completed: 19[0m
[0;34m2025-09-16 22:08:15 - Starting generation for: 20[0m
[1;33m2025-09-16 22:08:15 - Running article generation...[0m
Perfect! I have successfully added article #20 to the hobby project template. The article follows all the requirements:

- ✅ 1,200-1,600 words (12 minute read)
- ✅ Follows master prompt voice and character guidelines
- ✅ Author: "Templata"
- ✅ Category: "Personal Life" 
- ✅ Added to manualBlogPosts array in src/registry/blogs.ts
- ✅ Includes proper SEO metadata
- ✅ Type: "guide", Difficulty: "beginner"
- ✅ Focuses on hobby project context and needs
- ✅ Topic: Smart tool investment for hobby workshops
- ✅ Sophisticated, caring voice with excellent readability
- ✅ Minimizes bullet points, uses flowing paragraphs
- ✅ Never uses first person

The article provides practical guidance on navigating tool purchases for hobby projects, addressing the common challenge of tool envy and overspending while building functional workshops that support creative growth.

ARTICLE GENERATION COMPLETE - Article #20
[0;32m2025-09-16 22:11:17 - Skipping review - moving to next article[0m
[0;32m2025-09-16 22:11:17 - Completed: 20[0m
