[0;34m2025-09-16 19:29:26 - Starting Article Generation Cycle for template: nonprofit-management[0m
[0;32m2025-09-16 19:29:26 - Using existing worktree: ../templata-nonprofit-management[0m
[0;34m2025-09-16 19:29:26 - Starting generation for: 1[0m
[1;33m2025-09-16 19:29:26 - Running article generation...[0m
ARTICLE GENERATION COMPLETE - Article #1
[0;32m2025-09-16 19:33:12 - Skipping review - moving to next article[0m
[0;32m2025-09-16 19:33:12 - Completed: 1[0m
[0;34m2025-09-16 19:33:17 - Starting generation for: 2[0m
[1;33m2025-09-16 19:33:17 - Running article generation...[0m
ARTICLE GENERATION COMPLETE - Article #2
[0;32m2025-09-16 19:35:25 - Skipping review - moving to next article[0m
[0;32m2025-09-16 19:35:25 - Completed: 2[0m
[0;34m2025-09-16 19:35:30 - Starting generation for: 3[0m
[1;33m2025-09-16 19:35:30 - Running article generation...[0m
ARTICLE GENERATION COMPLETE - Article #3
[0;32m2025-09-16 19:40:14 - Skipping review - moving to next article[0m
[0;32m2025-09-16 19:40:14 - Completed: 3[0m
[0;34m2025-09-16 19:40:19 - Starting generation for: 4[0m
[1;33m2025-09-16 19:40:19 - Running article generation...[0m
ARTICLE GENERATION COMPLETE - Article #4
[0;32m2025-09-16 19:42:00 - Skipping review - moving to next article[0m
[0;32m2025-09-16 19:42:00 - Completed: 4[0m
[0;34m2025-09-16 19:42:05 - Starting generation for: 5[0m
[1;33m2025-09-16 19:42:05 - Running article generation...[0m
ARTICLE GENERATION COMPLETE - Article #5
[0;32m2025-09-16 19:45:51 - Skipping review - moving to next article[0m
[0;32m2025-09-16 19:45:51 - Completed: 5[0m
[0;34m2025-09-16 19:45:56 - Starting generation for: 6[0m
[1;33m2025-09-16 19:45:56 - Running article generation...[0m
ARTICLE GENERATION COMPLETE - Article #6
[0;32m2025-09-16 19:48:11 - Skipping review - moving to next article[0m
[0;32m2025-09-16 19:48:11 - Completed: 6[0m
[0;34m2025-09-16 19:48:16 - Starting generation for: 7[0m
[1;33m2025-09-16 19:48:16 - Running article generation...[0m
ARTICLE GENERATION COMPLETE - Article #7
[0;32m2025-09-16 19:51:15 - Skipping review - moving to next article[0m
[0;32m2025-09-16 19:51:15 - Completed: 7[0m
[0;34m2025-09-16 19:51:20 - Starting generation for: 8[0m
[1;33m2025-09-16 19:51:20 - Running article generation...[0m
ARTICLE GENERATION COMPLETE - Article #8
[0;32m2025-09-16 19:55:00 - Skipping review - moving to next article[0m
[0;32m2025-09-16 19:55:00 - Completed: 8[0m
[0;34m2025-09-16 19:55:05 - Starting generation for: 9[0m
[1;33m2025-09-16 19:55:05 - Running article generation...[0m
ARTICLE GENERATION COMPLETE - Article #9
[0;32m2025-09-16 19:57:25 - Skipping review - moving to next article[0m
[0;32m2025-09-16 19:57:25 - Completed: 9[0m
[0;34m2025-09-16 19:57:30 - Starting generation for: 10[0m
[1;33m2025-09-16 19:57:30 - Running article generation...[0m
ARTICLE GENERATION COMPLETE - Article #10
[0;32m2025-09-16 20:00:06 - Skipping review - moving to next article[0m
[0;32m2025-09-16 20:00:06 - Completed: 10[0m
[0;34m2025-09-16 20:00:11 - Starting generation for: 11[0m
[1;33m2025-09-16 20:00:11 - Running article generation...[0m
Perfect! I have successfully generated and added Article #11 for the nonprofit management template. The article covers "Strategic Planning for Nonprofit Sustainability" and follows all the master prompt guidelines:

- ✅ 1,200-1,600 words (approximately 1,450 words - 12 minute read)
- ✅ Sophisticated, caring voice following the master prompt character guidelines
- ✅ Author: "Templata"
- ✅ Category: "Personal Life"
- ✅ Added to src/registry/blogs.ts in manualBlogPosts array
- ✅ Proper SEO metadata included
- ✅ Type: "guide", Difficulty: "intermediate"
- ✅ Focused on nonprofit management context and needs
- ✅ Relevant topic: Strategic planning for organizational sustainability
- ✅ Flowing paragraphs with minimal bullet points
- ✅ No first person usage
- ✅ Premium but approachable tone

The article covers essential strategic planning concepts specifically tailored for nonprofit organizations, including organizational assessment, mission refinement, program portfolio development, financial sustainability, capacity building, implementation systems, and creating a strategic planning culture.

ARTICLE GENERATION COMPLETE - Article #11
[0;32m2025-09-16 20:02:34 - Skipping review - moving to next article[0m
[0;32m2025-09-16 20:02:34 - Completed: 11[0m
[0;34m2025-09-16 20:02:39 - Starting generation for: 12[0m
[1;33m2025-09-16 20:02:39 - Running article generation...[0m
ARTICLE GENERATION COMPLETE - Article #12
[0;32m2025-09-16 20:06:02 - Skipping review - moving to next article[0m
[0;32m2025-09-16 20:06:02 - Completed: 12[0m
[0;34m2025-09-16 20:06:07 - Starting generation for: 13[0m
[1;33m2025-09-16 20:06:07 - Running article generation...[0m
ARTICLE GENERATION COMPLETE - Article #13
[0;32m2025-09-16 20:09:13 - Skipping review - moving to next article[0m
[0;32m2025-09-16 20:09:13 - Completed: 13[0m
[0;34m2025-09-16 20:09:18 - Starting generation for: 14[0m
[1;33m2025-09-16 20:09:18 - Running article generation...[0m
ARTICLE GENERATION COMPLETE - Article #14
[0;32m2025-09-16 20:12:09 - Skipping review - moving to next article[0m
[0;32m2025-09-16 20:12:09 - Completed: 14[0m
[0;34m2025-09-16 20:12:14 - Starting generation for: 15[0m
[1;33m2025-09-16 20:12:14 - Running article generation...[0m
5-hour limit reached ∙ resets 10pm
[0;32m2025-09-16 20:14:38 - Skipping review - moving to next article[0m
[0;32m2025-09-16 20:14:38 - Completed: 15[0m
[0;34m2025-09-16 20:14:43 - Starting generation for: 16[0m
[1;33m2025-09-16 20:14:43 - Running article generation...[0m
5-hour limit reached ∙ resets 10pm
[0;32m2025-09-16 20:14:48 - Skipping review - moving to next article[0m
[0;32m2025-09-16 20:14:48 - Completed: 16[0m
[0;34m2025-09-16 20:14:53 - Starting generation for: 17[0m
[1;33m2025-09-16 20:14:53 - Running article generation...[0m
5-hour limit reached ∙ resets 10pm
[0;32m2025-09-16 20:14:58 - Skipping review - moving to next article[0m
[0;32m2025-09-16 20:14:58 - Completed: 17[0m
[0;34m2025-09-16 20:15:04 - Starting generation for: 18[0m
[1;33m2025-09-16 20:15:04 - Running article generation...[0m
5-hour limit reached ∙ resets 10pm
[0;32m2025-09-16 20:15:09 - Skipping review - moving to next article[0m
[0;32m2025-09-16 20:15:09 - Completed: 18[0m
[0;34m2025-09-16 20:15:14 - Starting generation for: 19[0m
[1;33m2025-09-16 20:15:14 - Running article generation...[0m
5-hour limit reached ∙ resets 10pm
[0;32m2025-09-16 20:15:19 - Skipping review - moving to next article[0m
[0;32m2025-09-16 20:15:19 - Completed: 19[0m
[0;34m2025-09-16 20:15:24 - Starting generation for: 20[0m
[1;33m2025-09-16 20:15:24 - Running article generation...[0m
5-hour limit reached ∙ resets 10pm
[0;32m2025-09-16 20:15:29 - Skipping review - moving to next article[0m
[0;32m2025-09-16 20:15:29 - Completed: 20[0m
[0;34m2025-09-16 22:03:59 - Starting Article Generation Cycle for template: nonprofit-management[0m
[0;32m2025-09-16 22:03:59 - Using existing worktree: ../templata-nonprofit-management[0m
[0;34m2025-09-16 22:03:59 - Starting generation for: 15[0m
[1;33m2025-09-16 22:03:59 - Running article generation...[0m
ARTICLE GENERATION COMPLETE - Article #15
[0;32m2025-09-16 22:05:52 - Skipping review - moving to next article[0m
[0;32m2025-09-16 22:05:52 - Completed: 15[0m
[0;34m2025-09-16 22:05:58 - Starting generation for: 16[0m
[1;33m2025-09-16 22:05:58 - Running article generation...[0m
ARTICLE GENERATION COMPLETE - Article #16
[0;32m2025-09-16 22:07:59 - Skipping review - moving to next article[0m
[0;32m2025-09-16 22:07:59 - Completed: 16[0m
[0;34m2025-09-16 22:08:04 - Starting generation for: 17[0m
[1;33m2025-09-16 22:08:04 - Running article generation...[0m
ARTICLE GENERATION COMPLETE - Article #17
[0;32m2025-09-16 22:11:47 - Skipping review - moving to next article[0m
[0;32m2025-09-16 22:11:47 - Completed: 17[0m
[0;34m2025-09-16 22:11:52 - Starting generation for: 18[0m
[1;33m2025-09-16 22:11:52 - Running article generation...[0m
ARTICLE GENERATION COMPLETE - Article #18
[0;32m2025-09-16 22:13:36 - Skipping review - moving to next article[0m
[0;32m2025-09-16 22:13:36 - Completed: 18[0m
[0;34m2025-09-16 22:13:41 - Starting generation for: 19[0m
[1;33m2025-09-16 22:13:41 - Running article generation...[0m
ARTICLE GENERATION COMPLETE - Article #19
[0;32m2025-09-16 22:16:00 - Skipping review - moving to next article[0m
[0;32m2025-09-16 22:16:00 - Completed: 19[0m
[0;34m2025-09-16 22:16:05 - Starting generation for: 20[0m
[1;33m2025-09-16 22:16:05 - Running article generation...[0m
ARTICLE GENERATION COMPLETE - Article #20
[0;32m2025-09-16 22:17:47 - Skipping review - moving to next article[0m
[0;32m2025-09-16 22:17:47 - Completed: 20[0m
