[0;34m2025-09-16 19:29:26 - Starting Article Generation Cycle for template: meal-planning[0m
[0;32m2025-09-16 19:29:26 - Using existing worktree: ../templata-meal-planning[0m
[0;34m2025-09-16 19:29:26 - Starting generation for: 1[0m
[1;33m2025-09-16 19:29:26 - Running article generation...[0m
ARTICLE GENERATION COMPLETE - Article #1
[0;32m2025-09-16 19:31:31 - Skipping review - moving to next article[0m
[0;32m2025-09-16 19:31:31 - Completed: 1[0m
[0;34m2025-09-16 19:31:36 - Starting generation for: 2[0m
[1;33m2025-09-16 19:31:36 - Running article generation...[0m
ARTICLE GENERATION COMPLETE - Article #2
[0;32m2025-09-16 19:33:21 - Skipping review - moving to next article[0m
[0;32m2025-09-16 19:33:21 - Completed: 2[0m
[0;34m2025-09-16 19:33:26 - Starting generation for: 3[0m
[1;33m2025-09-16 19:33:26 - Running article generation...[0m
ARTICLE GENERATION COMPLETE - Article #3
[0;32m2025-09-16 19:43:09 - Skipping review - moving to next article[0m
[0;32m2025-09-16 19:43:09 - Completed: 3[0m
[0;34m2025-09-16 19:43:15 - Starting generation for: 4[0m
[1;33m2025-09-16 19:43:15 - Running article generation...[0m
ARTICLE GENERATION COMPLETE - Article #4
[0;32m2025-09-16 19:46:10 - Skipping review - moving to next article[0m
[0;32m2025-09-16 19:46:10 - Completed: 4[0m
[0;34m2025-09-16 19:46:15 - Starting generation for: 5[0m
[1;33m2025-09-16 19:46:15 - Running article generation...[0m
ARTICLE GENERATION COMPLETE - Article #5
[0;32m2025-09-16 19:49:06 - Skipping review - moving to next article[0m
[0;32m2025-09-16 19:49:06 - Completed: 5[0m
[0;34m2025-09-16 19:49:11 - Starting generation for: 6[0m
[1;33m2025-09-16 19:49:11 - Running article generation...[0m
ARTICLE GENERATION COMPLETE - Article #6
[0;32m2025-09-16 19:51:40 - Skipping review - moving to next article[0m
[0;32m2025-09-16 19:51:40 - Completed: 6[0m
[0;34m2025-09-16 19:51:45 - Starting generation for: 7[0m
[1;33m2025-09-16 19:51:45 - Running article generation...[0m
ARTICLE GENERATION COMPLETE - Article #7
[0;32m2025-09-16 19:54:28 - Skipping review - moving to next article[0m
[0;32m2025-09-16 19:54:28 - Completed: 7[0m
[0;34m2025-09-16 19:54:33 - Starting generation for: 8[0m
[1;33m2025-09-16 19:54:33 - Running article generation...[0m
[0;32m2025-09-16 19:54:36 - Skipping review - moving to next article[0m
[0;32m2025-09-16 19:54:36 - Completed: 8[0m
[0;34m2025-09-16 19:54:41 - Starting generation for: 9[0m
[1;33m2025-09-16 19:54:41 - Running article generation...[0m
[0;32m2025-09-16 19:54:44 - Skipping review - moving to next article[0m
[0;32m2025-09-16 19:54:44 - Completed: 9[0m
[0;34m2025-09-16 19:54:49 - Starting generation for: 10[0m
[1;33m2025-09-16 19:54:49 - Running article generation...[0m
ARTICLE GENERATION COMPLETE - Article #10
[0;32m2025-09-16 19:57:01 - Skipping review - moving to next article[0m
[0;32m2025-09-16 19:57:01 - Completed: 10[0m
[0;34m2025-09-16 19:57:06 - Starting generation for: 11[0m
[1;33m2025-09-16 19:57:06 - Running article generation...[0m
ARTICLE GENERATION COMPLETE - Article #11
[0;32m2025-09-16 19:58:42 - Skipping review - moving to next article[0m
[0;32m2025-09-16 19:58:42 - Completed: 11[0m
[0;34m2025-09-16 19:58:47 - Starting generation for: 12[0m
[1;33m2025-09-16 19:58:47 - Running article generation...[0m
ARTICLE GENERATION COMPLETE - Article #12
[0;32m2025-09-16 20:03:10 - Skipping review - moving to next article[0m
[0;32m2025-09-16 20:03:10 - Completed: 12[0m
[0;34m2025-09-16 20:03:15 - Starting generation for: 13[0m
[1;33m2025-09-16 20:03:15 - Running article generation...[0m
ARTICLE GENERATION COMPLETE - Article #13
[0;32m2025-09-16 20:07:22 - Skipping review - moving to next article[0m
[0;32m2025-09-16 20:07:22 - Completed: 13[0m
[0;34m2025-09-16 20:07:27 - Starting generation for: 14[0m
[1;33m2025-09-16 20:07:28 - Running article generation...[0m
ARTICLE GENERATION COMPLETE - Article #14
[0;32m2025-09-16 20:10:04 - Skipping review - moving to next article[0m
[0;32m2025-09-16 20:10:04 - Completed: 14[0m
[0;34m2025-09-16 20:10:09 - Starting generation for: 15[0m
[1;33m2025-09-16 20:10:09 - Running article generation...[0m
ARTICLE GENERATION COMPLETE - Article #15
[0;32m2025-09-16 20:12:31 - Skipping review - moving to next article[0m
[0;32m2025-09-16 20:12:31 - Completed: 15[0m
[0;34m2025-09-16 20:12:36 - Starting generation for: 16[0m
[1;33m2025-09-16 20:12:36 - Running article generation...[0m
5-hour limit reached ∙ resets 10pm
[0;32m2025-09-16 20:14:46 - Skipping review - moving to next article[0m
[0;32m2025-09-16 20:14:46 - Completed: 16[0m
[0;34m2025-09-16 20:14:51 - Starting generation for: 17[0m
[1;33m2025-09-16 20:14:51 - Running article generation...[0m
5-hour limit reached ∙ resets 10pm
[0;32m2025-09-16 20:14:56 - Skipping review - moving to next article[0m
[0;32m2025-09-16 20:14:56 - Completed: 17[0m
[0;34m2025-09-16 20:15:02 - Starting generation for: 18[0m
[1;33m2025-09-16 20:15:02 - Running article generation...[0m
5-hour limit reached ∙ resets 10pm
[0;32m2025-09-16 20:15:07 - Skipping review - moving to next article[0m
[0;32m2025-09-16 20:15:07 - Completed: 18[0m
[0;34m2025-09-16 20:15:12 - Starting generation for: 19[0m
[1;33m2025-09-16 20:15:12 - Running article generation...[0m
5-hour limit reached ∙ resets 10pm
[0;32m2025-09-16 20:15:18 - Skipping review - moving to next article[0m
[0;32m2025-09-16 20:15:18 - Completed: 19[0m
[0;34m2025-09-16 20:15:23 - Starting generation for: 20[0m
[1;33m2025-09-16 20:15:23 - Running article generation...[0m
5-hour limit reached ∙ resets 10pm
[0;32m2025-09-16 20:15:28 - Skipping review - moving to next article[0m
[0;32m2025-09-16 20:15:28 - Completed: 20[0m
[0;34m2025-09-16 22:03:59 - Starting Article Generation Cycle for template: meal-planning[0m
[0;32m2025-09-16 22:03:59 - Using existing worktree: ../templata-meal-planning[0m
[0;34m2025-09-16 22:03:59 - Starting generation for: 14[0m
[1;33m2025-09-16 22:03:59 - Running article generation...[0m
ARTICLE GENERATION COMPLETE - Article #14
[0;32m2025-09-16 22:07:23 - Skipping review - moving to next article[0m
[0;32m2025-09-16 22:07:23 - Completed: 14[0m
[0;34m2025-09-16 22:07:28 - Starting generation for: 15[0m
[1;33m2025-09-16 22:07:28 - Running article generation...[0m
ARTICLE GENERATION COMPLETE - Article #15
[0;32m2025-09-16 22:11:12 - Skipping review - moving to next article[0m
[0;32m2025-09-16 22:11:12 - Completed: 15[0m
[0;34m2025-09-16 22:11:17 - Starting generation for: 16[0m
[1;33m2025-09-16 22:11:17 - Running article generation...[0m
ARTICLE GENERATION COMPLETE - Article #16
[0;32m2025-09-16 22:13:26 - Skipping review - moving to next article[0m
[0;32m2025-09-16 22:13:26 - Completed: 16[0m
[0;34m2025-09-16 22:13:31 - Starting generation for: 17[0m
[1;33m2025-09-16 22:13:31 - Running article generation...[0m
ARTICLE GENERATION COMPLETE - Article #17
[0;32m2025-09-16 22:15:37 - Skipping review - moving to next article[0m
[0;32m2025-09-16 22:15:37 - Completed: 17[0m
[0;34m2025-09-16 22:15:42 - Starting generation for: 18[0m
[1;33m2025-09-16 22:15:42 - Running article generation...[0m
ARTICLE GENERATION COMPLETE - Article #18
[0;32m2025-09-16 22:19:04 - Skipping review - moving to next article[0m
[0;32m2025-09-16 22:19:04 - Completed: 18[0m
[0;34m2025-09-16 22:19:09 - Starting generation for: 19[0m
[1;33m2025-09-16 22:19:09 - Running article generation...[0m
Perfect! I have successfully generated and added Article #19 to the meal planning template. The article "How to Plan Nutritious Meals Without Becoming a Calorie-Counting Robot" is a comprehensive 1,400+ word guide that follows all the master prompt requirements:

✅ **1,200-1,600 words** (meets requirement)
✅ **Author: "Templata"** 
✅ **Category: "Personal Life"**
✅ **Added to manualBlogPosts array**
✅ **Proper SEO metadata included**
✅ **Type: "guide", Difficulty: "beginner"**
✅ **Meal planning focused content**
✅ **Sophisticated, caring voice from master prompt**
✅ **Minimal bullet points, flowing paragraphs**
✅ **No first person usage**
✅ **12 min read time**

The article covers intuitive nutrition principles, the half-plate visual method, building flavor in healthy meals, energy-sustaining meal components, weekly nutrition rhythms, and teaching sustainable food relationships - all perfectly relevant to meal planning.

ARTICLE GENERATION COMPLETE - Article #19
[0;32m2025-09-16 22:23:44 - Skipping review - moving to next article[0m
[0;32m2025-09-16 22:23:44 - Completed: 19[0m
[0;34m2025-09-16 22:23:49 - Starting generation for: 20[0m
[1;33m2025-09-16 22:23:49 - Running article generation...[0m
ARTICLE GENERATION COMPLETE - Article #20
[0;32m2025-09-16 22:25:51 - Skipping review - moving to next article[0m
[0;32m2025-09-16 22:25:51 - Completed: 20[0m
