[0;34m2025-09-16 15:18:15 - Starting Article Generation Cycle for template: small-business[0m
[1;33m2025-09-16 15:18:15 - Creating worktree for template: small-business[0m
[0;32m2025-09-16 15:18:15 - Created branch: article-small-business[0m
[0;32m2025-09-16 15:18:17 - Created worktree: ../templata-small-business[0m
[0;34m2025-09-16 15:18:17 - Starting generation for: 1[0m
[1;33m2025-09-16 15:18:17 - Running article generation...[0m
ARTICLE GENERATION COMPLETE - Article #1
[0;32m2025-09-16 15:20:11 - Skipping review - moving to next article[0m
[0;32m2025-09-16 15:20:11 - Completed: 1[0m
[0;34m2025-09-16 15:20:16 - Starting generation for: 2[0m
[1;33m2025-09-16 15:20:16 - Running article generation...[0m
ARTICLE GENERATION COMPLETE - Article #2
[0;32m2025-09-16 15:22:51 - Skipping review - moving to next article[0m
[0;32m2025-09-16 15:22:51 - Completed: 2[0m
[0;34m2025-09-16 15:22:56 - Starting generation for: 3[0m
[1;33m2025-09-16 15:22:56 - Running article generation...[0m
ARTICLE GENERATION COMPLETE - Article #3
[0;32m2025-09-16 15:28:29 - Skipping review - moving to next article[0m
[0;32m2025-09-16 15:28:29 - Completed: 3[0m
[0;34m2025-09-16 15:28:34 - Starting generation for: 4[0m
[1;33m2025-09-16 15:28:34 - Running article generation...[0m
ARTICLE GENERATION COMPLETE - Article #4
[0;32m2025-09-16 15:31:27 - Skipping review - moving to next article[0m
[0;32m2025-09-16 15:31:27 - Completed: 4[0m
[0;34m2025-09-16 15:31:32 - Starting generation for: 5[0m
[1;33m2025-09-16 15:31:32 - Running article generation...[0m
ARTICLE GENERATION COMPLETE - Article #5
[0;32m2025-09-16 15:35:01 - Skipping review - moving to next article[0m
[0;32m2025-09-16 15:35:01 - Completed: 5[0m
[0;34m2025-09-16 15:35:06 - Starting generation for: 6[0m
[1;33m2025-09-16 15:35:06 - Running article generation...[0m
ARTICLE GENERATION COMPLETE - Article #6
[0;32m2025-09-16 15:37:36 - Skipping review - moving to next article[0m
[0;32m2025-09-16 15:37:36 - Completed: 6[0m
[0;34m2025-09-16 15:37:41 - Starting generation for: 7[0m
[1;33m2025-09-16 15:37:41 - Running article generation...[0m
ARTICLE GENERATION COMPLETE - Article #7
[0;32m2025-09-16 15:39:32 - Skipping review - moving to next article[0m
[0;32m2025-09-16 15:39:32 - Completed: 7[0m
[0;34m2025-09-16 15:39:37 - Starting generation for: 8[0m
[1;33m2025-09-16 15:39:37 - Running article generation...[0m
ARTICLE GENERATION COMPLETE - Article #8
[0;32m2025-09-16 15:43:46 - Skipping review - moving to next article[0m
[0;32m2025-09-16 15:43:46 - Completed: 8[0m
[0;34m2025-09-16 15:43:51 - Starting generation for: 9[0m
[1;33m2025-09-16 15:43:51 - Running article generation...[0m
ARTICLE GENERATION COMPLETE - Article #9
[0;32m2025-09-16 15:46:11 - Skipping review - moving to next article[0m
[0;32m2025-09-16 15:46:11 - Completed: 9[0m
[0;34m2025-09-16 15:46:16 - Starting generation for: 10[0m
[1;33m2025-09-16 15:46:16 - Running article generation...[0m
ARTICLE GENERATION COMPLETE - Article #10
[0;32m2025-09-16 15:50:06 - Skipping review - moving to next article[0m
[0;32m2025-09-16 15:50:06 - Completed: 10[0m
[0;34m2025-09-16 15:50:11 - Starting generation for: 11[0m
[1;33m2025-09-16 15:50:11 - Running article generation...[0m
ARTICLE GENERATION COMPLETE - Article #11
[0;32m2025-09-16 15:51:50 - Skipping review - moving to next article[0m
[0;32m2025-09-16 15:51:50 - Completed: 11[0m
[0;34m2025-09-16 15:51:55 - Starting generation for: 12[0m
[1;33m2025-09-16 15:51:55 - Running article generation...[0m
ARTICLE GENERATION COMPLETE - Article #12
[0;32m2025-09-16 15:53:36 - Skipping review - moving to next article[0m
[0;32m2025-09-16 15:53:36 - Completed: 12[0m
[0;34m2025-09-16 15:53:41 - Starting generation for: 13[0m
[1;33m2025-09-16 15:53:41 - Running article generation...[0m
ARTICLE GENERATION COMPLETE - Article #13
[0;32m2025-09-16 16:00:05 - Skipping review - moving to next article[0m
[0;32m2025-09-16 16:00:05 - Completed: 13[0m
[0;34m2025-09-16 16:00:10 - Starting generation for: 14[0m
[1;33m2025-09-16 16:00:10 - Running article generation...[0m
ARTICLE GENERATION COMPLETE - Article #14
[0;32m2025-09-16 16:02:25 - Skipping review - moving to next article[0m
[0;32m2025-09-16 16:02:25 - Completed: 14[0m
[0;34m2025-09-16 16:02:30 - Starting generation for: 15[0m
[1;33m2025-09-16 16:02:30 - Running article generation...[0m
ARTICLE GENERATION COMPLETE - Article #15
[0;32m2025-09-16 16:05:27 - Skipping review - moving to next article[0m
[0;32m2025-09-16 16:05:27 - Completed: 15[0m
[0;34m2025-09-16 16:05:32 - Starting generation for: 16[0m
[1;33m2025-09-16 16:05:32 - Running article generation...[0m
ARTICLE GENERATION COMPLETE - Article #16
[0;32m2025-09-16 16:07:28 - Skipping review - moving to next article[0m
[0;32m2025-09-16 16:07:28 - Completed: 16[0m
[0;34m2025-09-16 16:07:33 - Starting generation for: 17[0m
[1;33m2025-09-16 16:07:33 - Running article generation...[0m
ARTICLE GENERATION COMPLETE - Article #17
[0;32m2025-09-16 16:09:25 - Skipping review - moving to next article[0m
[0;32m2025-09-16 16:09:25 - Completed: 17[0m
[0;34m2025-09-16 16:09:30 - Starting generation for: 18[0m
[1;33m2025-09-16 16:09:30 - Running article generation...[0m
ARTICLE GENERATION COMPLETE - Article #18
[0;32m2025-09-16 16:13:20 - Skipping review - moving to next article[0m
[0;32m2025-09-16 16:13:20 - Completed: 18[0m
[0;34m2025-09-16 16:13:26 - Starting generation for: 19[0m
[1;33m2025-09-16 16:13:26 - Running article generation...[0m
ARTICLE GENERATION COMPLETE - Article #19
[0;32m2025-09-16 16:16:30 - Skipping review - moving to next article[0m
[0;32m2025-09-16 16:16:30 - Completed: 19[0m
[0;34m2025-09-16 16:16:35 - Starting generation for: 20[0m
[1;33m2025-09-16 16:16:35 - Running article generation...[0m
ARTICLE GENERATION COMPLETE - Article #20
[0;32m2025-09-16 16:19:56 - Skipping review - moving to next article[0m
[0;32m2025-09-16 16:19:56 - Completed: 20[0m
