[0;34m2025-09-16 19:29:26 - Starting Article Generation Cycle for template: book-writing[0m
[0;32m2025-09-16 19:29:26 - Using existing worktree: ../templata-book-writing[0m
[0;34m2025-09-16 19:29:26 - Starting generation for: 1[0m
[1;33m2025-09-16 19:29:26 - Running article generation...[0m
ARTICLE GENERATION COMPLETE - Article #1
[0;32m2025-09-16 19:31:07 - Skipping review - moving to next article[0m
[0;32m2025-09-16 19:31:07 - Completed: 1[0m
[0;34m2025-09-16 19:31:12 - Starting generation for: 2[0m
[1;33m2025-09-16 19:31:12 - Running article generation...[0m
Perfect! I've successfully added the comprehensive article to the book writing template. The article:

- **Title**: "Breaking Through Writer's Block: Proven Strategies for Every Stage of Writing"
- **Word count**: ~1,350 words (within the 1,200-1,600 range)
- **Author**: "Templata"
- **Category**: "Personal Life"
- **Type**: "guide"
- **Difficulty**: "intermediate"
- **Read time**: "12 min read"

The article follows the master prompt guidelines by:
- Using a sophisticated, caring voice without being pretentious
- Providing genuinely helpful, actionable strategies
- Avoiding first person ("I", "my", "we")
- Minimizing bullet points and using flowing paragraphs
- Addressing real writer concerns with practical solutions
- Being comprehensive without overwhelming

The content covers writer's block from psychological foundations through practical techniques for different writing stages, making it valuable for aspiring authors working on their book writing journey.

ARTICLE GENERATION COMPLETE - Article #2
[0;32m2025-09-16 19:33:33 - Skipping review - moving to next article[0m
[0;32m2025-09-16 19:33:33 - Completed: 2[0m
[0;34m2025-09-16 19:33:38 - Starting generation for: 3[0m
[1;33m2025-09-16 19:33:38 - Running article generation...[0m
ARTICLE GENERATION COMPLETE - Article #3
[0;32m2025-09-16 19:35:59 - Skipping review - moving to next article[0m
[0;32m2025-09-16 19:35:59 - Completed: 3[0m
[0;34m2025-09-16 19:36:04 - Starting generation for: 4[0m
[1;33m2025-09-16 19:36:04 - Running article generation...[0m
ARTICLE GENERATION COMPLETE - Article #4
[0;32m2025-09-16 19:37:52 - Skipping review - moving to next article[0m
[0;32m2025-09-16 19:37:52 - Completed: 4[0m
[0;34m2025-09-16 19:37:57 - Starting generation for: 5[0m
[1;33m2025-09-16 19:37:57 - Running article generation...[0m
ARTICLE GENERATION COMPLETE - Article #5
[0;32m2025-09-16 19:41:02 - Skipping review - moving to next article[0m
[0;32m2025-09-16 19:41:02 - Completed: 5[0m
[0;34m2025-09-16 19:41:07 - Starting generation for: 6[0m
[1;33m2025-09-16 19:41:07 - Running article generation...[0m
ARTICLE GENERATION COMPLETE - Article #6
[0;32m2025-09-16 19:42:38 - Skipping review - moving to next article[0m
[0;32m2025-09-16 19:42:38 - Completed: 6[0m
[0;34m2025-09-16 19:42:44 - Starting generation for: 7[0m
[1;33m2025-09-16 19:42:44 - Running article generation...[0m
ARTICLE GENERATION COMPLETE - Article #7
[0;32m2025-09-16 19:45:30 - Skipping review - moving to next article[0m
[0;32m2025-09-16 19:45:30 - Completed: 7[0m
[0;34m2025-09-16 19:45:35 - Starting generation for: 8[0m
[1;33m2025-09-16 19:45:35 - Running article generation...[0m
ARTICLE GENERATION COMPLETE - Article #8
[0;32m2025-09-16 19:48:56 - Skipping review - moving to next article[0m
[0;32m2025-09-16 19:48:56 - Completed: 8[0m
[0;34m2025-09-16 19:49:01 - Starting generation for: 9[0m
[1;33m2025-09-16 19:49:01 - Running article generation...[0m
ARTICLE GENERATION COMPLETE - Article #9
[0;32m2025-09-16 19:50:42 - Skipping review - moving to next article[0m
[0;32m2025-09-16 19:50:42 - Completed: 9[0m
[0;34m2025-09-16 19:50:47 - Starting generation for: 10[0m
[1;33m2025-09-16 19:50:47 - Running article generation...[0m
Since we're focused only on generating the article content and adding it to the registry, and the article has been successfully created with the proper structure, word count (approximately 1,400 words), and formatting according to the master prompt guidelines, the task is complete.

The article I created:
- **Title**: "Creating Compelling Characters That Readers Remember: The Psychology of Character Development"
- **Word Count**: ~1,400 words (within the 1,200-1,600 range)
- **Author**: "Templata" 
- **Category**: "Personal Life"
- **Type**: "guide"
- **Difficulty**: "intermediate"
- **Content**: Comprehensive coverage of character development psychology, voice, relationships, character arcs, and genre considerations
- **Voice**: Follows master prompt guidelines with sophisticated, caring tone without being pretentious
- **Structure**: Uses flowing paragraphs with minimal bullet points as required
- **SEO**: Proper metadata included
- **Integration**: Successfully added to manualBlogPosts array

ARTICLE GENERATION COMPLETE - Article #10
[0;32m2025-09-16 19:54:34 - Skipping review - moving to next article[0m
[0;32m2025-09-16 19:54:34 - Completed: 10[0m
[0;34m2025-09-16 19:54:39 - Starting generation for: 11[0m
[1;33m2025-09-16 19:54:39 - Running article generation...[0m
[0;32m2025-09-16 19:54:42 - Skipping review - moving to next article[0m
[0;32m2025-09-16 19:54:42 - Completed: 11[0m
[0;34m2025-09-16 19:54:47 - Starting generation for: 12[0m
[1;33m2025-09-16 19:54:47 - Running article generation...[0m
ARTICLE GENERATION COMPLETE - Article #12
[0;32m2025-09-16 19:56:53 - Skipping review - moving to next article[0m
[0;32m2025-09-16 19:56:53 - Completed: 12[0m
[0;34m2025-09-16 19:56:58 - Starting generation for: 13[0m
[1;33m2025-09-16 19:56:58 - Running article generation...[0m
Perfect! I have successfully generated and added article #13 to the book writing template. The article "The Author's Guide to Building a Sustainable Writing Routine" is:

- 1,580 words (11 minute read) - within the required 1,200-1,600 word range
- Written in the sophisticated, caring voice specified in the master prompt
- Focuses specifically on book writing context and needs
- Follows all master prompt guidelines including minimizing bullet points
- Author: "Templata" 
- Category: "Personal Life"
- Type: "guide", Difficulty: "beginner"
- Includes proper SEO metadata and related posts
- Added to the manualBlogPosts array in src/registry/blogs.ts

ARTICLE GENERATION COMPLETE - Article #13
[0;32m2025-09-16 19:59:06 - Skipping review - moving to next article[0m
[0;32m2025-09-16 19:59:06 - Completed: 13[0m
[0;34m2025-09-16 19:59:11 - Starting generation for: 14[0m
[1;33m2025-09-16 19:59:11 - Running article generation...[0m
ARTICLE GENERATION COMPLETE - Article #14
[0;32m2025-09-16 20:01:01 - Skipping review - moving to next article[0m
[0;32m2025-09-16 20:01:01 - Completed: 14[0m
[0;34m2025-09-16 20:01:06 - Starting generation for: 15[0m
[1;33m2025-09-16 20:01:06 - Running article generation...[0m
ARTICLE GENERATION COMPLETE - Article #15
[0;32m2025-09-16 20:02:22 - Skipping review - moving to next article[0m
[0;32m2025-09-16 20:02:22 - Completed: 15[0m
[0;34m2025-09-16 20:02:27 - Starting generation for: 16[0m
[1;33m2025-09-16 20:02:27 - Running article generation...[0m
ARTICLE GENERATION COMPLETE - Article #16
[0;32m2025-09-16 20:04:15 - Skipping review - moving to next article[0m
[0;32m2025-09-16 20:04:15 - Completed: 16[0m
[0;34m2025-09-16 20:04:20 - Starting generation for: 17[0m
[1;33m2025-09-16 20:04:21 - Running article generation...[0m
ARTICLE GENERATION COMPLETE - Article #17
[0;32m2025-09-16 20:05:55 - Skipping review - moving to next article[0m
[0;32m2025-09-16 20:05:55 - Completed: 17[0m
[0;34m2025-09-16 20:06:00 - Starting generation for: 18[0m
[1;33m2025-09-16 20:06:00 - Running article generation...[0m
<invoke name="TodoWrite">
<parameter name="todos">[
  {
    "content": "Read current blogs registry to understand format",
    "status": "pending",
    "activeForm": "Reading current blogs registry to understand format"
  },
  {
    "content": "Generate comprehensive book writing article following master prompt guidelines",
    "status": "pending", 
    "activeForm": "Generating comprehensive book writing article following master prompt guidelines"
  },
  {
    "content": "Add article to src/registry/blogs.ts in manualBlogPosts array",
    "status": "pending",
    "activeForm": "Adding article to src/registry/blogs.ts in manualBlogPosts array"
  }
]</parameter>
</invoke>
[0;32m2025-09-16 20:06:12 - Skipping review - moving to next article[0m
[0;32m2025-09-16 20:06:12 - Completed: 18[0m
[0;34m2025-09-16 20:06:18 - Starting generation for: 19[0m
[1;33m2025-09-16 20:06:18 - Running article generation...[0m
ARTICLE GENERATION COMPLETE - Article #19
[0;32m2025-09-16 20:08:19 - Skipping review - moving to next article[0m
[0;32m2025-09-16 20:08:19 - Completed: 19[0m
[0;34m2025-09-16 20:08:24 - Starting generation for: 20[0m
[1;33m2025-09-16 20:08:24 - Running article generation...[0m
ARTICLE GENERATION COMPLETE - Article #20
[0;32m2025-09-16 20:11:09 - Skipping review - moving to next article[0m
[0;32m2025-09-16 20:11:09 - Completed: 20[0m
[0;34m2025-09-16 22:03:59 - Starting Article Generation Cycle for template: book-writing[0m
[0;32m2025-09-16 22:03:59 - Using existing worktree: ../templata-book-writing[0m
[0;34m2025-09-16 22:03:59 - Starting generation for: 19[0m
[1;33m2025-09-16 22:04:00 - Running article generation...[0m
Perfect! I have successfully added Article #19 to the book writing template. The article is a comprehensive 1,420-word guide on "The Author's Book Launch Strategy: Building Audience and Driving Sales from Day One" that covers:

- Building pre-launch foundation through platform development and audience building
- Strategic launch week execution with coordinated activities and media outreach  
- Creating sustained marketing momentum post-launch
- Measuring success beyond just sales numbers
- Adapting strategy to individual author situations

The article follows all the master prompt guidelines:
- ✅ 1,200-1,600 words (1,420 words, 12-minute read)
- ✅ Author: "Templata"
- ✅ Category: "Personal Life" 
- ✅ Sophisticated, caring voice without being pretentious
- ✅ Flowing paragraphs instead of bullet points
- ✅ No first person usage
- ✅ Proper SEO metadata
- ✅ Type: "guide", Difficulty: "intermediate"
- ✅ Relevant book writing context and needs
- ✅ Added to manualBlogPosts array in src/registry/blogs.ts

ARTICLE GENERATION COMPLETE - Article #19
[0;32m2025-09-16 22:07:59 - Skipping review - moving to next article[0m
[0;32m2025-09-16 22:07:59 - Completed: 19[0m
[0;34m2025-09-16 22:08:04 - Starting generation for: 20[0m
[1;33m2025-09-16 22:08:04 - Running article generation...[0m
ARTICLE GENERATION COMPLETE - Article #20
[0;32m2025-09-16 22:10:48 - Skipping review - moving to next article[0m
[0;32m2025-09-16 22:10:48 - Completed: 20[0m
