[0;34m2025-09-16 15:17:58 - Starting Article Generation Cycle for template: job-search[0m
[1;33m2025-09-16 15:17:58 - Creating worktree for template: job-search[0m
[0;32m2025-09-16 15:17:58 - Created branch: article-job-search[0m
[0;32m2025-09-16 15:17:58 - Created worktree: ../templata-job-search[0m
[0;34m2025-09-16 15:17:58 - Starting generation for: 1[0m
[1;33m2025-09-16 15:17:58 - Running article generation...[0m
ARTICLE GENERATION COMPLETE - Article #1
[0;32m2025-09-16 15:19:51 - Skipping review - moving to next article[0m
[0;32m2025-09-16 15:19:51 - Completed: 1[0m
[0;34m2025-09-16 15:19:56 - Starting generation for: 2[0m
[1;33m2025-09-16 15:19:56 - Running article generation...[0m
ARTICLE GENERATION COMPLETE - Article #2
[0;32m2025-09-16 15:21:43 - Skipping review - moving to next article[0m
[0;32m2025-09-16 15:21:43 - Completed: 2[0m
[0;34m2025-09-16 15:21:48 - Starting generation for: 3[0m
[1;33m2025-09-16 15:21:48 - Running article generation...[0m
ARTICLE GENERATION COMPLETE - Article #3
[0;32m2025-09-16 15:24:51 - Skipping review - moving to next article[0m
[0;32m2025-09-16 15:24:51 - Completed: 3[0m
[0;34m2025-09-16 15:24:56 - Starting generation for: 4[0m
[1;33m2025-09-16 15:24:56 - Running article generation...[0m
ARTICLE GENERATION COMPLETE - Article #4
[0;32m2025-09-16 15:31:12 - Skipping review - moving to next article[0m
[0;32m2025-09-16 15:31:12 - Completed: 4[0m
[0;34m2025-09-16 15:31:17 - Starting generation for: 5[0m
[1;33m2025-09-16 15:31:17 - Running article generation...[0m
ARTICLE GENERATION COMPLETE - Article #5
[0;32m2025-09-16 15:34:52 - Skipping review - moving to next article[0m
[0;32m2025-09-16 15:34:52 - Completed: 5[0m
[0;34m2025-09-16 15:34:57 - Starting generation for: 6[0m
[1;33m2025-09-16 15:34:57 - Running article generation...[0m
ARTICLE GENERATION COMPLETE - Article #6
[0;32m2025-09-16 15:37:16 - Skipping review - moving to next article[0m
[0;32m2025-09-16 15:37:16 - Completed: 6[0m
[0;34m2025-09-16 15:37:21 - Starting generation for: 7[0m
[1;33m2025-09-16 15:37:21 - Running article generation...[0m
ARTICLE GENERATION COMPLETE - Article #7
[0;32m2025-09-16 15:39:30 - Skipping review - moving to next article[0m
[0;32m2025-09-16 15:39:30 - Completed: 7[0m
[0;34m2025-09-16 15:39:35 - Starting generation for: 8[0m
[1;33m2025-09-16 15:39:35 - Running article generation...[0m
ARTICLE GENERATION COMPLETE - Article #8
[0;32m2025-09-16 15:41:55 - Skipping review - moving to next article[0m
[0;32m2025-09-16 15:41:55 - Completed: 8[0m
[0;34m2025-09-16 15:42:00 - Starting generation for: 9[0m
[1;33m2025-09-16 15:42:00 - Running article generation...[0m
ARTICLE GENERATION COMPLETE - Article #9
[0;32m2025-09-16 15:50:26 - Skipping review - moving to next article[0m
[0;32m2025-09-16 15:50:26 - Completed: 9[0m
[0;34m2025-09-16 15:50:31 - Starting generation for: 10[0m
[1;33m2025-09-16 15:50:31 - Running article generation...[0m
Perfect! I have successfully generated Article #10 for the job search template. The article is a comprehensive 1,400+ word expert-level guide on "Salary Negotiation Mastery: How to Maximize Every Job Offer" that follows all the master prompt guidelines:

**Article Details:**
- **Title:** "Salary Negotiation Mastery: How to Maximize Every Job Offer"
- **Type:** Guide (expert level)
- **Word Count:** 1,400+ words (12 min read)
- **Author:** Templata
- **Category:** Career & Business
- **Voice:** Sophisticated but warm, caring, and genuinely helpful
- **Content:** Covers understanding negotiation landscape, research preparation, timing strategies, specific scripts, advanced tactics, and relationship management
- **SEO Optimized:** Complete metadata with compelling title and description
- **Tags:** Comprehensive relevant tags for job search context
- **Related Content:** Linked to existing job search articles

The article follows Templata's caring, sophisticated voice while providing deeply actionable advice with specific numbers, timelines, and scripts that job seekers can use immediately to secure better compensation packages.

ARTICLE GENERATION COMPLETE - Article #10
[0;32m2025-09-16 15:52:50 - Skipping review - moving to next article[0m
[0;32m2025-09-16 15:52:50 - Completed: 10[0m
[0;34m2025-09-16 15:52:55 - Starting generation for: 11[0m
[1;33m2025-09-16 15:52:56 - Running article generation...[0m
ARTICLE GENERATION COMPLETE - Article #11
[0;32m2025-09-16 15:55:43 - Skipping review - moving to next article[0m
[0;32m2025-09-16 15:55:43 - Completed: 11[0m
[0;34m2025-09-16 15:55:48 - Starting generation for: 12[0m
[1;33m2025-09-16 15:55:48 - Running article generation...[0m
ARTICLE GENERATION COMPLETE - Article #12
[0;32m2025-09-16 15:58:47 - Skipping review - moving to next article[0m
[0;32m2025-09-16 15:58:47 - Completed: 12[0m
[0;34m2025-09-16 15:58:52 - Starting generation for: 13[0m
[1;33m2025-09-16 15:58:52 - Running article generation...[0m
ARTICLE GENERATION COMPLETE - Article #13
[0;32m2025-09-16 16:01:36 - Skipping review - moving to next article[0m
[0;32m2025-09-16 16:01:36 - Completed: 13[0m
[0;34m2025-09-16 16:01:41 - Starting generation for: 14[0m
[1;33m2025-09-16 16:01:41 - Running article generation...[0m
ARTICLE GENERATION COMPLETE - Article #14
[0;32m2025-09-16 16:03:33 - Skipping review - moving to next article[0m
[0;32m2025-09-16 16:03:33 - Completed: 14[0m
[0;34m2025-09-16 16:03:38 - Starting generation for: 15[0m
[1;33m2025-09-16 16:03:38 - Running article generation...[0m
ARTICLE GENERATION COMPLETE - Article #15
[0;32m2025-09-16 16:06:10 - Skipping review - moving to next article[0m
[0;32m2025-09-16 16:06:10 - Completed: 15[0m
[0;34m2025-09-16 16:06:15 - Starting generation for: 16[0m
[1;33m2025-09-16 16:06:15 - Running article generation...[0m
ARTICLE GENERATION COMPLETE - Article #16
[0;32m2025-09-16 16:11:44 - Skipping review - moving to next article[0m
[0;32m2025-09-16 16:11:44 - Completed: 16[0m
[0;34m2025-09-16 16:11:49 - Starting generation for: 17[0m
[1;33m2025-09-16 16:11:49 - Running article generation...[0m
ARTICLE GENERATION COMPLETE - Article #17
[0;32m2025-09-16 16:13:32 - Skipping review - moving to next article[0m
[0;32m2025-09-16 16:13:32 - Completed: 17[0m
[0;34m2025-09-16 16:13:37 - Starting generation for: 18[0m
[1;33m2025-09-16 16:13:37 - Running article generation...[0m
ARTICLE GENERATION COMPLETE - Article #18
[0;32m2025-09-16 16:15:43 - Skipping review - moving to next article[0m
[0;32m2025-09-16 16:15:44 - Completed: 18[0m
[0;34m2025-09-16 16:15:49 - Starting generation for: 19[0m
[1;33m2025-09-16 16:15:49 - Running article generation...[0m
ARTICLE GENERATION COMPLETE - Article #19
[0;32m2025-09-16 16:19:27 - Skipping review - moving to next article[0m
[0;32m2025-09-16 16:19:27 - Completed: 19[0m
[0;34m2025-09-16 16:19:32 - Starting generation for: 20[0m
[1;33m2025-09-16 16:19:32 - Running article generation...[0m
ARTICLE GENERATION COMPLETE - Article #20
[0;32m2025-09-16 16:21:39 - Skipping review - moving to next article[0m
[0;32m2025-09-16 16:21:39 - Completed: 20[0m
