[0;34m2025-09-16 19:29:26 - Starting Article Generation Cycle for template: social-media-management[0m
[0;32m2025-09-16 19:29:26 - Using existing worktree: ../templata-social-media-management[0m
[0;34m2025-09-16 19:29:26 - Starting generation for: 1[0m
[1;33m2025-09-16 19:29:26 - Running article generation...[0m
ARTICLE GENERATION COMPLETE - Article #1
[0;32m2025-09-16 19:33:11 - Skipping review - moving to next article[0m
[0;32m2025-09-16 19:33:11 - Completed: 1[0m
[0;34m2025-09-16 19:33:16 - Starting generation for: 2[0m
[1;33m2025-09-16 19:33:16 - Running article generation...[0m
ARTICLE GENERATION COMPLETE - Article #2
[0;32m2025-09-16 19:37:15 - Skipping review - moving to next article[0m
[0;32m2025-09-16 19:37:15 - Completed: 2[0m
[0;34m2025-09-16 19:37:20 - Starting generation for: 3[0m
[1;33m2025-09-16 19:37:20 - Running article generation...[0m
ARTICLE GENERATION COMPLETE - Article #3
[0;32m2025-09-16 19:39:26 - Skipping review - moving to next article[0m
[0;32m2025-09-16 19:39:26 - Completed: 3[0m
[0;34m2025-09-16 19:39:31 - Starting generation for: 4[0m
[1;33m2025-09-16 19:39:31 - Running article generation...[0m
ARTICLE GENERATION COMPLETE - Article #4
[0;32m2025-09-16 19:43:46 - Skipping review - moving to next article[0m
[0;32m2025-09-16 19:43:46 - Completed: 4[0m
[0;34m2025-09-16 19:43:51 - Starting generation for: 5[0m
[1;33m2025-09-16 19:43:51 - Running article generation...[0m
ARTICLE GENERATION COMPLETE - Article #5
[0;32m2025-09-16 19:45:54 - Skipping review - moving to next article[0m
[0;32m2025-09-16 19:45:54 - Completed: 5[0m
[0;34m2025-09-16 19:45:59 - Starting generation for: 6[0m
[1;33m2025-09-16 19:45:59 - Running article generation...[0m
ARTICLE GENERATION COMPLETE - Article #6
[0;32m2025-09-16 19:48:35 - Skipping review - moving to next article[0m
[0;32m2025-09-16 19:48:35 - Completed: 6[0m
[0;34m2025-09-16 19:48:40 - Starting generation for: 7[0m
[1;33m2025-09-16 19:48:40 - Running article generation...[0m
ARTICLE GENERATION COMPLETE - Article #7
[0;32m2025-09-16 19:50:18 - Skipping review - moving to next article[0m
[0;32m2025-09-16 19:50:18 - Completed: 7[0m
[0;34m2025-09-16 19:50:23 - Starting generation for: 8[0m
[1;33m2025-09-16 19:50:23 - Running article generation...[0m
ARTICLE GENERATION COMPLETE - Article #8
[0;32m2025-09-16 19:53:51 - Skipping review - moving to next article[0m
[0;32m2025-09-16 19:53:51 - Completed: 8[0m
[0;34m2025-09-16 19:53:56 - Starting generation for: 9[0m
[1;33m2025-09-16 19:53:56 - Running article generation...[0m
[0;32m2025-09-16 19:53:59 - Skipping review - moving to next article[0m
[0;32m2025-09-16 19:53:59 - Completed: 9[0m
[0;34m2025-09-16 19:54:04 - Starting generation for: 10[0m
[1;33m2025-09-16 19:54:04 - Running article generation...[0m
[0;32m2025-09-16 19:54:07 - Skipping review - moving to next article[0m
[0;32m2025-09-16 19:54:07 - Completed: 10[0m
[0;34m2025-09-16 19:54:12 - Starting generation for: 11[0m
[1;33m2025-09-16 19:54:12 - Running article generation...[0m
[0;32m2025-09-16 19:54:15 - Skipping review - moving to next article[0m
[0;32m2025-09-16 19:54:15 - Completed: 11[0m
[0;34m2025-09-16 19:54:20 - Starting generation for: 12[0m
[1;33m2025-09-16 19:54:20 - Running article generation...[0m
[0;32m2025-09-16 19:54:23 - Skipping review - moving to next article[0m
[0;32m2025-09-16 19:54:23 - Completed: 12[0m
[0;34m2025-09-16 19:54:29 - Starting generation for: 13[0m
[1;33m2025-09-16 19:54:29 - Running article generation...[0m
[0;32m2025-09-16 19:54:32 - Skipping review - moving to next article[0m
[0;32m2025-09-16 19:54:32 - Completed: 13[0m
[0;34m2025-09-16 19:54:37 - Starting generation for: 14[0m
[1;33m2025-09-16 19:54:37 - Running article generation...[0m
[0;32m2025-09-16 19:54:40 - Skipping review - moving to next article[0m
[0;32m2025-09-16 19:54:40 - Completed: 14[0m
[0;34m2025-09-16 19:54:45 - Starting generation for: 15[0m
[1;33m2025-09-16 19:54:45 - Running article generation...[0m
[0;32m2025-09-16 19:54:48 - Skipping review - moving to next article[0m
[0;32m2025-09-16 19:54:48 - Completed: 15[0m
[0;34m2025-09-16 19:54:53 - Starting generation for: 16[0m
[1;33m2025-09-16 19:54:53 - Running article generation...[0m
ARTICLE GENERATION COMPLETE - Article #16
[0;32m2025-09-16 19:59:21 - Skipping review - moving to next article[0m
[0;32m2025-09-16 19:59:21 - Completed: 16[0m
[0;34m2025-09-16 19:59:26 - Starting generation for: 17[0m
[1;33m2025-09-16 19:59:26 - Running article generation...[0m
ARTICLE GENERATION COMPLETE - Article #17
[0;32m2025-09-16 20:01:30 - Skipping review - moving to next article[0m
[0;32m2025-09-16 20:01:30 - Completed: 17[0m
[0;34m2025-09-16 20:01:35 - Starting generation for: 18[0m
[1;33m2025-09-16 20:01:35 - Running article generation...[0m
ARTICLE GENERATION COMPLETE - Article #18
[0;32m2025-09-16 20:04:24 - Skipping review - moving to next article[0m
[0;32m2025-09-16 20:04:24 - Completed: 18[0m
[0;34m2025-09-16 20:04:29 - Starting generation for: 19[0m
[1;33m2025-09-16 20:04:29 - Running article generation...[0m
ARTICLE GENERATION COMPLETE - Article #19
[0;32m2025-09-16 20:06:51 - Skipping review - moving to next article[0m
[0;32m2025-09-16 20:06:51 - Completed: 19[0m
[0;34m2025-09-16 20:06:56 - Starting generation for: 20[0m
[1;33m2025-09-16 20:06:56 - Running article generation...[0m
Perfect! I have successfully generated a comprehensive 1,500+ word article titled "Creating Authentic Brand Voice in a Saturated Social Media Landscape" and added it to the manualBlogPosts array in src/registry/blogs.ts.

The article:
- Follows the master prompt guidelines with a sophisticated, caring voice
- Is 1,500+ words (well within the 1,200-1,600 word requirement) 
- Uses flowing paragraphs with minimal bullet points
- Author: "Templata"
- Category: "Personal Life"
- Type: "guide" with "intermediate" difficulty
- Includes proper SEO metadata
- Focuses specifically on social media management context
- Provides practical, actionable guidance for developing authentic brand voice
- Covers key topics like authenticity vs performance, value-based communication, balancing authority with human connection, platform consistency, and long-term voice evolution

The article addresses a genuine challenge that social media managers face and provides thoughtful, detailed guidance that respects the reader's intelligence while making complex concepts manageable.

ARTICLE GENERATION COMPLETE - Article #20
[0;32m2025-09-16 20:09:09 - Skipping review - moving to next article[0m
[0;32m2025-09-16 20:09:09 - Completed: 20[0m
[0;34m2025-09-16 22:03:59 - Starting Article Generation Cycle for template: social-media-management[0m
[0;32m2025-09-16 22:03:59 - Using existing worktree: ../templata-social-media-management[0m
[0;34m2025-09-16 22:04:00 - Starting generation for: 14[0m
[1;33m2025-09-16 22:04:00 - Running article generation...[0m
ARTICLE GENERATION COMPLETE - Article #14
[0;32m2025-09-16 22:06:14 - Skipping review - moving to next article[0m
[0;32m2025-09-16 22:06:14 - Completed: 14[0m
[0;34m2025-09-16 22:06:19 - Starting generation for: 15[0m
[1;33m2025-09-16 22:06:19 - Running article generation...[0m
ARTICLE GENERATION COMPLETE - Article #15
[0;32m2025-09-16 22:08:17 - Skipping review - moving to next article[0m
[0;32m2025-09-16 22:08:17 - Completed: 15[0m
[0;34m2025-09-16 22:08:22 - Starting generation for: 16[0m
[1;33m2025-09-16 22:08:22 - Running article generation...[0m
ARTICLE GENERATION COMPLETE - Article #16
[0;32m2025-09-16 22:09:58 - Skipping review - moving to next article[0m
[0;32m2025-09-16 22:09:58 - Completed: 16[0m
[0;34m2025-09-16 22:10:03 - Starting generation for: 17[0m
[1;33m2025-09-16 22:10:03 - Running article generation...[0m
ARTICLE GENERATION COMPLETE - Article #17
[0;32m2025-09-16 22:11:52 - Skipping review - moving to next article[0m
[0;32m2025-09-16 22:11:52 - Completed: 17[0m
[0;34m2025-09-16 22:11:57 - Starting generation for: 18[0m
[1;33m2025-09-16 22:11:57 - Running article generation...[0m
ARTICLE GENERATION COMPLETE - Article #18
[0;32m2025-09-16 22:13:44 - Skipping review - moving to next article[0m
[0;32m2025-09-16 22:13:44 - Completed: 18[0m
[0;34m2025-09-16 22:13:49 - Starting generation for: 19[0m
[1;33m2025-09-16 22:13:49 - Running article generation...[0m
ARTICLE GENERATION COMPLETE - Article #19
[0;32m2025-09-16 22:15:37 - Skipping review - moving to next article[0m
[0;32m2025-09-16 22:15:37 - Completed: 19[0m
[0;34m2025-09-16 22:15:42 - Starting generation for: 20[0m
[1;33m2025-09-16 22:15:42 - Running article generation...[0m
ARTICLE GENERATION COMPLETE - Article #20
[0;32m2025-09-16 22:17:36 - Skipping review - moving to next article[0m
[0;32m2025-09-16 22:17:36 - Completed: 20[0m
