[0;34m2025-09-16 15:17:59 - Starting Article Generation Cycle for template: college-planning[0m
[1;33m2025-09-16 15:17:59 - Creating worktree for template: college-planning[0m
[0;32m2025-09-16 15:17:59 - Created branch: article-college-planning[0m
[0;32m2025-09-16 15:17:59 - Created worktree: ../templata-college-planning[0m
[0;34m2025-09-16 15:17:59 - Starting generation for: 1[0m
[1;33m2025-09-16 15:17:59 - Running article generation...[0m
ARTICLE GENERATION COMPLETE - Article #1
[0;32m2025-09-16 15:20:01 - Skipping review - moving to next article[0m
[0;32m2025-09-16 15:20:01 - Completed: 1[0m
[0;34m2025-09-16 15:20:06 - Starting generation for: 2[0m
[1;33m2025-09-16 15:20:06 - Running article generation...[0m
ARTICLE GENERATION COMPLETE - Article #2
[0;32m2025-09-16 15:21:50 - Skipping review - moving to next article[0m
[0;32m2025-09-16 15:21:50 - Completed: 2[0m
[0;34m2025-09-16 15:21:55 - Starting generation for: 3[0m
[1;33m2025-09-16 15:21:55 - Running article generation...[0m
ARTICLE GENERATION COMPLETE - Article #3
[0;32m2025-09-16 15:28:29 - Skipping review - moving to next article[0m
[0;32m2025-09-16 15:28:29 - Completed: 3[0m
[0;34m2025-09-16 15:28:34 - Starting generation for: 4[0m
[1;33m2025-09-16 15:28:34 - Running article generation...[0m
ARTICLE GENERATION COMPLETE - Article #4
[0;32m2025-09-16 15:31:02 - Skipping review - moving to next article[0m
[0;32m2025-09-16 15:31:02 - Completed: 4[0m
[0;34m2025-09-16 15:31:07 - Starting generation for: 5[0m
[1;33m2025-09-16 15:31:07 - Running article generation...[0m
ARTICLE GENERATION COMPLETE - Article #5
[0;32m2025-09-16 15:34:44 - Skipping review - moving to next article[0m
[0;32m2025-09-16 15:34:44 - Completed: 5[0m
[0;34m2025-09-16 15:34:49 - Starting generation for: 6[0m
[1;33m2025-09-16 15:34:49 - Running article generation...[0m
ARTICLE GENERATION COMPLETE - Article #6
[0;32m2025-09-16 15:36:57 - Skipping review - moving to next article[0m
[0;32m2025-09-16 15:36:57 - Completed: 6[0m
[0;34m2025-09-16 15:37:02 - Starting generation for: 7[0m
[1;33m2025-09-16 15:37:02 - Running article generation...[0m
ARTICLE GENERATION COMPLETE - Article #7
[0;32m2025-09-16 15:38:55 - Skipping review - moving to next article[0m
[0;32m2025-09-16 15:38:55 - Completed: 7[0m
[0;34m2025-09-16 15:39:00 - Starting generation for: 8[0m
[1;33m2025-09-16 15:39:00 - Running article generation...[0m
ARTICLE GENERATION COMPLETE - Article #8
[0;32m2025-09-16 15:41:12 - Skipping review - moving to next article[0m
[0;32m2025-09-16 15:41:12 - Completed: 8[0m
[0;34m2025-09-16 15:41:17 - Starting generation for: 9[0m
[1;33m2025-09-16 15:41:17 - Running article generation...[0m
ARTICLE GENERATION COMPLETE - Article #9
[0;32m2025-09-16 15:45:00 - Skipping review - moving to next article[0m
[0;32m2025-09-16 15:45:00 - Completed: 9[0m
[0;34m2025-09-16 15:45:05 - Starting generation for: 10[0m
[1;33m2025-09-16 15:45:05 - Running article generation...[0m
ARTICLE GENERATION COMPLETE - Article #10
[0;32m2025-09-16 15:48:30 - Skipping review - moving to next article[0m
[0;32m2025-09-16 15:48:30 - Completed: 10[0m
[0;34m2025-09-16 15:48:35 - Starting generation for: 11[0m
[1;33m2025-09-16 15:48:35 - Running article generation...[0m
ARTICLE GENERATION COMPLETE - Article #11
[0;32m2025-09-16 15:53:31 - Skipping review - moving to next article[0m
[0;32m2025-09-16 15:53:31 - Completed: 11[0m
[0;34m2025-09-16 15:53:36 - Starting generation for: 12[0m
[1;33m2025-09-16 15:53:36 - Running article generation...[0m
ARTICLE GENERATION COMPLETE - Article #12
[0;32m2025-09-16 15:58:47 - Skipping review - moving to next article[0m
[0;32m2025-09-16 15:58:47 - Completed: 12[0m
[0;34m2025-09-16 15:58:52 - Starting generation for: 13[0m
[1;33m2025-09-16 15:58:52 - Running article generation...[0m
ARTICLE GENERATION COMPLETE - Article #13
[0;32m2025-09-16 16:01:24 - Skipping review - moving to next article[0m
[0;32m2025-09-16 16:01:24 - Completed: 13[0m
[0;34m2025-09-16 16:01:29 - Starting generation for: 14[0m
[1;33m2025-09-16 16:01:29 - Running article generation...[0m
ARTICLE GENERATION COMPLETE - Article #14
[0;32m2025-09-16 16:03:46 - Skipping review - moving to next article[0m
[0;32m2025-09-16 16:03:46 - Completed: 14[0m
[0;34m2025-09-16 16:03:51 - Starting generation for: 15[0m
[1;33m2025-09-16 16:03:51 - Running article generation...[0m
ARTICLE GENERATION COMPLETE - Article #15
[0;32m2025-09-16 16:09:07 - Skipping review - moving to next article[0m
[0;32m2025-09-16 16:09:07 - Completed: 15[0m
[0;34m2025-09-16 16:09:12 - Starting generation for: 16[0m
[1;33m2025-09-16 16:09:12 - Running article generation...[0m
ARTICLE GENERATION COMPLETE - Article #16
[0;32m2025-09-16 16:11:06 - Skipping review - moving to next article[0m
[0;32m2025-09-16 16:11:06 - Completed: 16[0m
[0;34m2025-09-16 16:11:11 - Starting generation for: 17[0m
[1;33m2025-09-16 16:11:11 - Running article generation...[0m
ARTICLE GENERATION COMPLETE - Article #17
[0;32m2025-09-16 16:13:43 - Skipping review - moving to next article[0m
[0;32m2025-09-16 16:13:43 - Completed: 17[0m
[0;34m2025-09-16 16:13:48 - Starting generation for: 18[0m
[1;33m2025-09-16 16:13:48 - Running article generation...[0m
ARTICLE GENERATION COMPLETE - Article #18
[0;32m2025-09-16 16:15:50 - Skipping review - moving to next article[0m
[0;32m2025-09-16 16:15:50 - Completed: 18[0m
[0;34m2025-09-16 16:15:55 - Starting generation for: 19[0m
[1;33m2025-09-16 16:15:55 - Running article generation...[0m
ARTICLE GENERATION COMPLETE - Article #19
[0;32m2025-09-16 16:18:08 - Skipping review - moving to next article[0m
[0;32m2025-09-16 16:18:08 - Completed: 19[0m
[0;34m2025-09-16 16:18:13 - Starting generation for: 20[0m
[1;33m2025-09-16 16:18:13 - Running article generation...[0m
ARTICLE GENERATION COMPLETE - Article #20
[0;32m2025-09-16 16:20:35 - Skipping review - moving to next article[0m
[0;32m2025-09-16 16:20:35 - Completed: 20[0m
