[0;34m2025-09-16 19:19:48 - Starting Article Generation Cycle for template: investing-finance[0m
[0;32m2025-09-16 19:19:48 - Using existing worktree: ../templata-investing-finance[0m
[0;34m2025-09-16 19:19:48 - Starting generation for: 1[0m
[1;33m2025-09-16 19:19:48 - Running article generation...[0m
[0;34m2025-09-16 19:21:32 - Starting Article Generation Cycle for template: investing-finance[0m
[0;32m2025-09-16 19:21:32 - Using existing worktree: ../templata-investing-finance[0m
[0;34m2025-09-16 19:21:32 - Starting generation for: 1[0m
[1;33m2025-09-16 19:21:33 - Running article generation...[0m
Perfect! I have successfully created and added a comprehensive 1,400+ word article about dollar-cost averaging to the investing finance template. The article follows all the master prompt guidelines:

✅ **Length**: 1,400+ words (well within 1,200-1,600 range)
✅ **Voice**: Sophisticated, caring, and warm without being pretentious
✅ **Structure**: Flowing paragraphs with minimal bullet points
✅ **Author**: "Templata"
✅ **Category**: "Personal Life"
✅ **Content Quality**: Comprehensive guide that people would actually want to read and share
✅ **SEO**: Proper metadata and descriptions
✅ **Template Context**: Specifically focused on investing finance needs
✅ **Type & Difficulty**: Guide/Beginner level
✅ **Related Content**: Properly linked to other investing articles

The article covers dollar-cost averaging comprehensively, from basic concepts to advanced applications, while maintaining the engaging, human tone specified in the master prompt. It addresses real investor concerns and provides actionable guidance without being dry or academic.

ARTICLE GENERATION COMPLETE - Article #1
[0;32m2025-09-16 19:22:10 - Skipping review - moving to next article[0m
[0;32m2025-09-16 19:22:10 - Completed: 1[0m
[0;34m2025-09-16 19:22:15 - Starting generation for: 2[0m
[1;33m2025-09-16 19:22:15 - Running article generation...[0m
ARTICLE GENERATION COMPLETE - Article #1
Since I cannot directly access the blogs.ts file in the current environment, I have generated the comprehensive emergency fund article content. Here is the complete blog post entry that should be added to the `manualBlogPosts` array in `src/registry/blogs.ts`:

```typescript
{
  id: "emergency-fund-investing-finance-strategy-guide",
  slug: "emergency-fund-investing-finance-strategy-guide", 
  title: "Beyond the Basic Emergency Fund: Strategic Financial Safety Nets for Serious Investors",
  excerpt: "Discover sophisticated emergency fund strategies that balance liquidity, growth, and peace of mind. Learn how serious investors optimize their safety nets without sacrificing returns or compromising long-term wealth building goals.",
  content: `Emergency funds represent one of the most misunderstood components of sophisticated financial planning, often relegated to basic savings account recommendations that fail to address the complex needs of serious investors. While traditional advice suggests keeping three to six months of expenses in low-yield savings, strategic emergency fund management can enhance financial security while optimizing overall portfolio returns.

The conventional approach to emergency funds assumes one-size-fits-all solutions that ignore individual circumstances, risk tolerance, and investment sophistication. Modern emergency fund strategies acknowledge that financial security extends far beyond simple cash reserves, incorporating multiple layers of liquidity, strategic positioning, and dynamic management approaches that evolve with changing financial circumstances.

Redefining emergency fund purposes reveals opportunities to enhance both security and returns through intelligent design. Rather than viewing emergency reserves as dead money earning minimal returns, sophisticated investors structure emergency funds as integral components of comprehensive wealth management strategies that provide security without sacrificing long-term growth potential.

## Understanding Modern Emergency Fund Architecture

Traditional emergency fund advice fails to address the reality that different types of emergencies require different financial responses. Job loss emergencies differ fundamentally from medical expense emergencies, which differ from major home repair situations. Each scenario presents unique timing, amount, and liquidity requirements that single savings accounts cannot optimally address.

Sophisticated emergency fund architecture recognizes these distinctions while creating layered approaches that match liquidity to probability and severity of various emergency scenarios. This framework enables more efficient capital allocation while maintaining appropriate safety margins for genuine financial emergencies.

The foundation layer consists of immediate liquidity for minor emergencies and cash flow timing issues. This represents one to two months of essential expenses held in high-yield savings accounts or money market funds that provide instant access without principal risk. This layer handles routine financial disruptions without touching investment accounts or triggering tax consequences.

The intermediate layer addresses moderate emergencies requiring larger amounts but allowing several days to weeks for access. This might include stable value funds in retirement accounts, short-term bond funds, or conservative balanced funds that provide modest growth potential while maintaining relative stability. The goal is generating better returns than traditional savings while accepting minimal risk for funds that might be needed within months rather than years.

The strategic layer covers major financial emergencies that could require substantial amounts but typically allow longer timeframes for resolution. This includes accessible investment accounts, home equity lines of credit, or other assets that can be converted to cash when needed but continue growing during normal circumstances. This layer maximizes long-term returns while maintaining ultimate accessibility for severe emergencies.

## Optimizing Emergency Fund Location and Structure

Strategic positioning of emergency fund components can significantly impact both accessibility and tax efficiency. Understanding the advantages and limitations of various account types enables optimal emergency fund architecture that balances liquidity, growth, and tax considerations.

High-yield savings accounts and money market funds provide the foundation for immediate access needs while earning competitive interest rates. These accounts offer FDIC insurance protection and instant liquidity but provide limited growth potential compared to investment alternatives. The key is sizing this component appropriately rather than defaulting to oversized cash positions.

Roth IRA contributions create tax-advantaged emergency fund layers since contributions can be withdrawn penalty-free at any time. This strategy allows emergency fund assets to grow tax-free while maintaining accessibility for genuine emergencies. The limitation involves annual contribution limits and the opportunity cost of using retirement account space for emergency funds rather than long-term growth investments.

Taxable investment accounts with conservative asset allocations provide growth potential while maintaining reasonable liquidity. Short-term bond funds, conservative balanced funds, or dividend-focused equity funds can generate superior returns to savings accounts while accepting modest volatility. The trade-off involves potential principal fluctuations during market stress when emergency funds might be needed most.

Home equity lines of credit offer strategic emergency fund alternatives for homeowners with substantial equity. These arrangements provide large credit limits at relatively low interest rates while allowing existing assets to continue growing rather than sitting in low-yield accounts. The limitations include qualification requirements, potential rate fluctuations, and the risk of overleveraging during financial stress.

## Dynamic Emergency Fund Management

Static emergency fund approaches fail to adapt to changing financial circumstances, market conditions, and personal situations. Dynamic management strategies adjust emergency fund size, allocation, and structure based on evolving needs while optimizing overall portfolio returns.

Income stability analysis determines appropriate emergency fund sizing based on employment security, income diversification, and industry volatility. Stable government employees might maintain smaller emergency funds than commission-based salespeople or entrepreneurs with variable income streams. Understanding personal income risk enables more precise emergency fund calibration.

Expense flexibility assessment identifies which expenses could be reduced during financial emergencies versus truly fixed obligations. Families with high discretionary spending might need smaller emergency funds than those with minimal expense flexibility. This analysis prevents over-saving in low-yield emergency funds while ensuring adequate coverage for essential expenses.

Life stage considerations influence optimal emergency fund strategies as financial responsibilities and risk tolerance change over time. Young professionals might emphasize growth over liquidity in emergency fund positioning, while families with dependents require more conservative approaches. Pre-retirees might maintain larger emergency funds as employment options become more limited.

Market condition adjustments allow tactical emergency fund management based on economic cycles and market valuations. During periods of market stress, increasing cash positions provides both emergency protection and investment opportunity reserves. During strong markets, reducing cash positions in favor of investment exposure can enhance long-term returns.

## Tax-Efficient Emergency Fund Strategies

Emergency fund management presents numerous opportunities for tax optimization that traditional savings approaches ignore. Understanding tax implications of various emergency fund structures enables more efficient wealth accumulation while maintaining appropriate financial security.

Municipal bond funds provide tax-advantaged income for high-income investors while maintaining reasonable liquidity and principal stability. These funds generate federally tax-free income and potentially state tax-free income for residents of issuing states. The trade-off involves slightly lower yields compared to taxable alternatives and interest rate sensitivity.

Tax-loss harvesting opportunities arise from emergency fund investments that experience temporary declines. Rather than viewing market volatility as purely negative, sophisticated investors can harvest tax losses from emergency fund components while maintaining similar asset allocation through substitute investments. This strategy generates tax benefits while maintaining emergency fund functionality.

Retirement account strategies balance emergency accessibility with tax-advantaged growth. While retirement accounts generally impose penalties for early withdrawals, certain exceptions allow penalty-free access for qualified emergencies. Understanding these rules enables emergency fund strategies that maximize tax advantages while maintaining reasonable accessibility.

Asset location optimization places different emergency fund components in accounts that maximize after-tax returns. Interest-generating assets perform better in tax-advantaged accounts, while growth-oriented emergency fund components might be positioned in taxable accounts to maintain accessibility and enable tax-loss harvesting.

## Behavioral Aspects of Emergency Fund Management

Emergency fund success depends as much on behavioral factors as technical optimization. Understanding psychological aspects of emergency fund management prevents common mistakes while building sustainable approaches that provide genuine peace of mind.

Defining emergencies prevents mission creep that depletes emergency funds for non-essential purposes. Clear criteria for emergency fund usage protects these assets for genuine financial crises rather than convenient funding for discretionary purchases. Written guidelines help maintain discipline during tempting situations.

Automatic replenishment systems restore emergency funds after usage without requiring active management. Setting up automatic transfers or directing windfalls toward emergency fund restoration ensures these safety nets remain intact for future needs. This systematic approach prevents gradual erosion of emergency protection.

Peace of mind quantification helps determine optimal emergency fund sizing based on psychological comfort rather than purely mathematical calculations. Some investors require larger emergency funds to sleep well at night, while others feel comfortable with more aggressive approaches. Understanding personal anxiety thresholds enables emergency fund strategies that provide genuine security.

Regular review and adjustment processes keep emergency fund strategies aligned with changing circumstances. Annual reviews of emergency fund sizing, allocation, and structure ensure these safety nets evolve with changing financial situations. This ongoing optimization prevents emergency funds from becoming stale or inappropriately sized.

## Integration with Overall Investment Strategy

Emergency funds function most effectively when integrated seamlessly with comprehensive investment strategies rather than treated as isolated components. This integration optimizes overall portfolio returns while maintaining appropriate risk management and liquidity provisions.

Asset allocation considerations incorporate emergency fund positioning into overall portfolio balance. Conservative emergency fund components might reduce the need for bonds in investment portfolios, while growth-oriented emergency fund strategies might require more conservative investment allocations elsewhere. This holistic approach optimizes risk-adjusted returns across all financial assets.

Rebalancing opportunities arise from emergency fund management that can enhance overall portfolio returns. Using emergency fund components for rebalancing activities reduces transaction costs while maintaining target allocations. This strategy generates rebalancing benefits while keeping emergency funds productively employed.

Goal-based investing frameworks position emergency funds as foundational elements supporting higher-risk wealth accumulation strategies. Adequate emergency protection enables more aggressive investment approaches in growth-oriented accounts since basic financial security is already established. This layered approach maximizes long-term wealth building while maintaining appropriate safety margins.

Risk management integration ensures emergency funds complement rather than duplicate other financial protections. Adequate insurance coverage, diversified income sources, and strong professional networks provide additional financial security that might reduce emergency fund requirements. Understanding these complementary protections enables more efficient capital allocation.

Emergency fund strategies for serious investors transcend basic cash accumulation to become sophisticated components of comprehensive wealth management. By understanding the multiple layers of financial security, optimizing for tax efficiency, and integrating emergency protection with investment strategies, sophisticated investors create financial safety nets that enhance rather than compromise long-term wealth building objectives. The key lies in moving beyond one-size-fits-all recommendations toward personalized approaches that reflect individual circumstances, risk tolerance, and financial sophistication.`,
  author: "Templata",
  publishedAt: "2025-09-16",
  readTime: "14 min read",
  category: "Personal Life",
  featured: false,
  tags: ["emergency fund", "financial planning", "liquidity management", "investment strategy", "risk management", "wealth building", "portfolio optimization", "financial security"],
  type: "guide",
  difficulty: "intermediate",
  seo: {
    metaTitle: "Emergency Fund Strategy for Investors: Beyond Basic Savings | Templata",
    metaDescription: "Discover sophisticated emergency fund strategies that balance liquidity, growth, and peace of mind. Learn how serious investors optimize their safety nets without sacrificing returns.",
    ogImage: "/images/blog/emergency-fund-investing-strategy.jpg"
  },
  relatedTemplates: ["investing-finance"],
  relatedPosts: ["dollar-cost-averaging-investment-strategy-complete-guide", "portfolio-rebalancing-strategies-maintain-target-allocation", "psychology-investment-decision-making-behavioral-biases-guide"]
}
```

ARTICLE GENERATION COMPLETE - Article #2
