[0;34m2025-09-16 19:29:26 - Starting Article Generation Cycle for template: divorce-coordination[0m
[0;32m2025-09-16 19:29:26 - Using existing worktree: ../templata-divorce-coordination[0m
[0;34m2025-09-16 19:29:26 - Starting generation for: 1[0m
[1;33m2025-09-16 19:29:26 - Running article generation...[0m
ARTICLE GENERATION COMPLETE - Article #1
[0;32m2025-09-16 19:31:25 - Skipping review - moving to next article[0m
[0;32m2025-09-16 19:31:25 - Completed: 1[0m
[0;34m2025-09-16 19:31:30 - Starting generation for: 2[0m
[1;33m2025-09-16 19:31:30 - Running article generation...[0m
ARTICLE GENERATION COMPLETE - Article #2
[0;32m2025-09-16 19:33:01 - Skipping review - moving to next article[0m
[0;32m2025-09-16 19:33:01 - Completed: 2[0m
[0;34m2025-09-16 19:33:06 - Starting generation for: 3[0m
[1;33m2025-09-16 19:33:06 - Running article generation...[0m
ARTICLE GENERATION COMPLETE - Article #3
[0;32m2025-09-16 19:34:50 - Skipping review - moving to next article[0m
[0;32m2025-09-16 19:34:50 - Completed: 3[0m
[0;34m2025-09-16 19:34:55 - Starting generation for: 4[0m
[1;33m2025-09-16 19:34:55 - Running article generation...[0m
ARTICLE GENERATION COMPLETE - Article #4
[0;32m2025-09-16 19:36:47 - Skipping review - moving to next article[0m
[0;32m2025-09-16 19:36:47 - Completed: 4[0m
[0;34m2025-09-16 19:36:52 - Starting generation for: 5[0m
[1;33m2025-09-16 19:36:52 - Running article generation...[0m
ARTICLE GENERATION COMPLETE - Article #5
[0;32m2025-09-16 19:39:05 - Skipping review - moving to next article[0m
[0;32m2025-09-16 19:39:05 - Completed: 5[0m
[0;34m2025-09-16 19:39:10 - Starting generation for: 6[0m
[1;33m2025-09-16 19:39:10 - Running article generation...[0m
ARTICLE GENERATION COMPLETE - Article #6
[0;32m2025-09-16 19:40:40 - Skipping review - moving to next article[0m
[0;32m2025-09-16 19:40:40 - Completed: 6[0m
[0;34m2025-09-16 19:40:45 - Starting generation for: 7[0m
[1;33m2025-09-16 19:40:45 - Running article generation...[0m
The article I created is titled "Financial Recovery and Rebuilding After Divorce: Your Complete Guide to Economic Independence" and covers:

- **Immediate Financial Stabilization** - Emergency triage, housing stability, income replacement
- **Credit Protection and Repair** - Separating accounts, building individual credit, addressing damage
- **Strategic Debt Management** - Prioritization, consolidation, negotiations
- **Building Emergency Reserves** - Small goals, automation, milestone tracking
- **Income Development Strategies** - Career advancement, skill development, networking
- **Long-Term Wealth Building** - Retirement planning, investments, insurance
- **Professional Support Resources** - Financial advisors, counseling, legal support

The article follows all master prompt guidelines:
- 1,400+ words (11-minute read)
- Premium but warm tone
- Sophisticated, caring voice
- Author: "Templata"
- Category: "Personal Life"
- Type: "guide", Difficulty: "intermediate"
- Comprehensive SEO metadata
- Related to divorce coordination template
- Flows in engaging paragraphs with minimal bullet points

ARTICLE GENERATION COMPLETE - Article #7
[0;32m2025-09-16 19:42:47 - Skipping review - moving to next article[0m
[0;32m2025-09-16 19:42:47 - Completed: 7[0m
[0;34m2025-09-16 19:42:52 - Starting generation for: 8[0m
[1;33m2025-09-16 19:42:52 - Running article generation...[0m
ARTICLE GENERATION COMPLETE - Article #8
[0;32m2025-09-16 19:45:33 - Skipping review - moving to next article[0m
[0;32m2025-09-16 19:45:33 - Completed: 8[0m
[0;34m2025-09-16 19:45:38 - Starting generation for: 9[0m
[1;33m2025-09-16 19:45:38 - Running article generation...[0m
ARTICLE GENERATION COMPLETE - Article #9
[0;32m2025-09-16 19:47:08 - Skipping review - moving to next article[0m
[0;32m2025-09-16 19:47:08 - Completed: 9[0m
[0;34m2025-09-16 19:47:13 - Starting generation for: 10[0m
[1;33m2025-09-16 19:47:13 - Running article generation...[0m
ARTICLE GENERATION COMPLETE - Article #10
[0;32m2025-09-16 19:48:33 - Skipping review - moving to next article[0m
[0;32m2025-09-16 19:48:33 - Completed: 10[0m
[0;34m2025-09-16 19:48:38 - Starting generation for: 11[0m
[1;33m2025-09-16 19:48:38 - Running article generation...[0m
ARTICLE GENERATION COMPLETE - Article #11
[0;32m2025-09-16 19:50:25 - Skipping review - moving to next article[0m
[0;32m2025-09-16 19:50:25 - Completed: 11[0m
[0;34m2025-09-16 19:50:30 - Starting generation for: 12[0m
[1;33m2025-09-16 19:50:30 - Running article generation...[0m
ARTICLE GENERATION COMPLETE - Article #12
[0;32m2025-09-16 19:52:19 - Skipping review - moving to next article[0m
[0;32m2025-09-16 19:52:19 - Completed: 12[0m
[0;34m2025-09-16 19:52:24 - Starting generation for: 13[0m
[1;33m2025-09-16 19:52:24 - Running article generation...[0m
ARTICLE GENERATION COMPLETE - Article #13
[0;32m2025-09-16 19:54:06 - Skipping review - moving to next article[0m
[0;32m2025-09-16 19:54:06 - Completed: 13[0m
[0;34m2025-09-16 19:54:11 - Starting generation for: 14[0m
[1;33m2025-09-16 19:54:11 - Running article generation...[0m
[0;32m2025-09-16 19:54:14 - Skipping review - moving to next article[0m
[0;32m2025-09-16 19:54:14 - Completed: 14[0m
[0;34m2025-09-16 19:54:19 - Starting generation for: 15[0m
[1;33m2025-09-16 19:54:19 - Running article generation...[0m
[0;32m2025-09-16 19:54:22 - Skipping review - moving to next article[0m
[0;32m2025-09-16 19:54:22 - Completed: 15[0m
[0;34m2025-09-16 19:54:27 - Starting generation for: 16[0m
[1;33m2025-09-16 19:54:27 - Running article generation...[0m
[0;32m2025-09-16 19:54:30 - Skipping review - moving to next article[0m
[0;32m2025-09-16 19:54:30 - Completed: 16[0m
[0;34m2025-09-16 19:54:35 - Starting generation for: 17[0m
[1;33m2025-09-16 19:54:35 - Running article generation...[0m
[0;32m2025-09-16 19:54:38 - Skipping review - moving to next article[0m
[0;32m2025-09-16 19:54:38 - Completed: 17[0m
[0;34m2025-09-16 19:54:43 - Starting generation for: 18[0m
[1;33m2025-09-16 19:54:43 - Running article generation...[0m
[0;32m2025-09-16 19:54:47 - Skipping review - moving to next article[0m
[0;32m2025-09-16 19:54:47 - Completed: 18[0m
[0;34m2025-09-16 19:54:52 - Starting generation for: 19[0m
[1;33m2025-09-16 19:54:52 - Running article generation...[0m
ARTICLE GENERATION COMPLETE - Article #19
[0;32m2025-09-16 19:57:26 - Skipping review - moving to next article[0m
[0;32m2025-09-16 19:57:26 - Completed: 19[0m
[0;34m2025-09-16 19:57:31 - Starting generation for: 20[0m
[1;33m2025-09-16 19:57:31 - Running article generation...[0m
ARTICLE GENERATION COMPLETE - Article #20
[0;32m2025-09-16 19:59:19 - Skipping review - moving to next article[0m
[0;32m2025-09-16 19:59:19 - Completed: 20[0m
[0;34m2025-09-16 22:03:59 - Starting Article Generation Cycle for template: divorce-coordination[0m
[0;32m2025-09-16 22:03:59 - Using existing worktree: ../templata-divorce-coordination[0m
[0;34m2025-09-16 22:03:59 - Starting generation for: 16[0m
[1;33m2025-09-16 22:03:59 - Running article generation...[0m
ARTICLE GENERATION COMPLETE - Article #16
[0;32m2025-09-16 22:06:20 - Skipping review - moving to next article[0m
[0;32m2025-09-16 22:06:20 - Completed: 16[0m
[0;34m2025-09-16 22:06:25 - Starting generation for: 17[0m
[1;33m2025-09-16 22:06:25 - Running article generation...[0m
ARTICLE GENERATION COMPLETE - Article #17
[0;32m2025-09-16 22:09:02 - Skipping review - moving to next article[0m
[0;32m2025-09-16 22:09:02 - Completed: 17[0m
[0;34m2025-09-16 22:09:07 - Starting generation for: 18[0m
[1;33m2025-09-16 22:09:07 - Running article generation...[0m
ARTICLE GENERATION COMPLETE - Article #18
[0;32m2025-09-16 22:10:29 - Skipping review - moving to next article[0m
[0;32m2025-09-16 22:10:29 - Completed: 18[0m
[0;34m2025-09-16 22:10:34 - Starting generation for: 19[0m
[1;33m2025-09-16 22:10:34 - Running article generation...[0m
Perfect! I have successfully generated and added Article #19 for the divorce coordination template. The article is titled "Rebuilding Your Identity After Divorce: A Guide to Personal Rediscovery" and follows all the master prompt guidelines:

✅ **Requirements Met:**
- 1,400+ words (14-minute read)
- Author: "Templata"
- Category: "Personal Life" 
- Added to manualBlogPosts array in src/registry/blogs.ts
- Comprehensive SEO metadata included
- Type: "guide", Difficulty: "intermediate"
- Focused on divorce coordination context
- Sophisticated, caring voice that flows in engaging paragraphs
- Minimizes bullet points as requested
- Never uses first person
- Content that would be genuinely shared and valuable

The article covers the profound challenge of identity reconstruction after divorce, providing practical strategies for rediscovering core values, exploring dormant interests, establishing new routines, building social connections, and creating intentional forward movement. It addresses both the emotional and practical aspects of rebuilding one's identity in a way that would genuinely help people navigating this transition.

ARTICLE GENERATION COMPLETE - Article #19
[0;32m2025-09-16 22:14:45 - Skipping review - moving to next article[0m
[0;32m2025-09-16 22:14:45 - Completed: 19[0m
[0;34m2025-09-16 22:14:50 - Starting generation for: 20[0m
[1;33m2025-09-16 22:14:50 - Running article generation...[0m
ARTICLE GENERATION COMPLETE - Article #20
[0;32m2025-09-16 22:18:47 - Skipping review - moving to next article[0m
[0;32m2025-09-16 22:18:47 - Completed: 20[0m
