[0;34m2025-09-16 19:29:26 - Starting Article Generation Cycle for template: car-buying[0m
[0;32m2025-09-16 19:29:26 - Using existing worktree: ../templata-car-buying[0m
[0;34m2025-09-16 19:29:26 - Starting generation for: 1[0m
[1;33m2025-09-16 19:29:26 - Running article generation...[0m
ARTICLE GENERATION COMPLETE - Article #1
[0;32m2025-09-16 19:31:14 - Skipping review - moving to next article[0m
[0;32m2025-09-16 19:31:14 - Completed: 1[0m
[0;34m2025-09-16 19:31:19 - Starting generation for: 2[0m
[1;33m2025-09-16 19:31:19 - Running article generation...[0m
ARTICLE GENERATION COMPLETE - Article #2
[0;32m2025-09-16 19:33:10 - Skipping review - moving to next article[0m
[0;32m2025-09-16 19:33:10 - Completed: 2[0m
[0;34m2025-09-16 19:33:15 - Starting generation for: 3[0m
[1;33m2025-09-16 19:33:15 - Running article generation...[0m
ARTICLE GENERATION COMPLETE - Article #3
[0;32m2025-09-16 19:34:58 - Skipping review - moving to next article[0m
[0;32m2025-09-16 19:34:58 - Completed: 3[0m
[0;34m2025-09-16 19:35:03 - Starting generation for: 4[0m
[1;33m2025-09-16 19:35:03 - Running article generation...[0m
ARTICLE GENERATION COMPLETE - Article #4
[0;32m2025-09-16 19:36:46 - Skipping review - moving to next article[0m
[0;32m2025-09-16 19:36:46 - Completed: 4[0m
[0;34m2025-09-16 19:36:51 - Starting generation for: 5[0m
[1;33m2025-09-16 19:36:51 - Running article generation...[0m
ARTICLE GENERATION COMPLETE - Article #5
[0;32m2025-09-16 19:39:49 - Skipping review - moving to next article[0m
[0;32m2025-09-16 19:39:49 - Completed: 5[0m
[0;34m2025-09-16 19:39:54 - Starting generation for: 6[0m
[1;33m2025-09-16 19:39:54 - Running article generation...[0m
ARTICLE GENERATION COMPLETE - Article #6
[0;32m2025-09-16 19:41:49 - Skipping review - moving to next article[0m
[0;32m2025-09-16 19:41:49 - Completed: 6[0m
[0;34m2025-09-16 19:41:54 - Starting generation for: 7[0m
[1;33m2025-09-16 19:41:54 - Running article generation...[0m
ARTICLE GENERATION COMPLETE - Article #7
[0;32m2025-09-16 19:43:33 - Skipping review - moving to next article[0m
[0;32m2025-09-16 19:43:33 - Completed: 7[0m
[0;34m2025-09-16 19:43:38 - Starting generation for: 8[0m
[1;33m2025-09-16 19:43:38 - Running article generation...[0m
ARTICLE GENERATION COMPLETE - Article #8
[0;32m2025-09-16 19:47:34 - Skipping review - moving to next article[0m
[0;32m2025-09-16 19:47:34 - Completed: 8[0m
[0;34m2025-09-16 19:47:39 - Starting generation for: 9[0m
[1;33m2025-09-16 19:47:39 - Running article generation...[0m
Perfect! I have successfully generated and added Article #9 to the car buying template's blog registry. The article follows all the requirements:

✅ **1,200-1,600 words** (1,456 words - within 8-12 minute read range)  
✅ **Master prompt voice** - sophisticated, caring, genuinely helpful tone  
✅ **Author: "Templata"**  
✅ **Category: "Personal Life"**  
✅ **Added to manualBlogPosts array** in src/registry/blogs.ts  
✅ **Proper SEO metadata** with title, description, keywords, og image  
✅ **Type: "guide"** and **difficulty: "intermediate"**  
✅ **Car buying focus** - trade-in vs private sale decision for current vehicle  
✅ **Relevant, helpful topic** that addresses a real need for car buyers  
✅ **Flowing paragraphs** instead of bullet points  
✅ **No first person** usage ("I", "my", "we")  

The article "Trade-In vs. Private Sale: The Strategic Guide to Maximizing Your Car's Value" provides comprehensive guidance on a critical decision car buyers face when disposing of their current vehicle, covering financial analysis, tax implications, strategic frameworks, and practical tips for maximizing value regardless of chosen method.

ARTICLE GENERATION COMPLETE - Article #9
[0;32m2025-09-16 19:50:27 - Skipping review - moving to next article[0m
[0;32m2025-09-16 19:50:27 - Completed: 9[0m
[0;34m2025-09-16 19:50:33 - Starting generation for: 10[0m
[1;33m2025-09-16 19:50:33 - Running article generation...[0m
ARTICLE GENERATION COMPLETE - Article #10
[0;32m2025-09-16 19:53:44 - Skipping review - moving to next article[0m
[0;32m2025-09-16 19:53:44 - Completed: 10[0m
[0;34m2025-09-16 19:53:49 - Starting generation for: 11[0m
[1;33m2025-09-16 19:53:49 - Running article generation...[0m
ARTICLE GENERATION COMPLETE - Article #11
[0;32m2025-09-16 19:57:49 - Skipping review - moving to next article[0m
[0;32m2025-09-16 19:57:49 - Completed: 11[0m
[0;34m2025-09-16 19:57:54 - Starting generation for: 12[0m
[1;33m2025-09-16 19:57:54 - Running article generation...[0m
ARTICLE GENERATION COMPLETE - Article #12
[0;32m2025-09-16 20:01:28 - Skipping review - moving to next article[0m
[0;32m2025-09-16 20:01:28 - Completed: 12[0m
[0;34m2025-09-16 20:01:33 - Starting generation for: 13[0m
[1;33m2025-09-16 20:01:33 - Running article generation...[0m
ARTICLE GENERATION COMPLETE - Article #13
[0;32m2025-09-16 20:05:05 - Skipping review - moving to next article[0m
[0;32m2025-09-16 20:05:05 - Completed: 13[0m
[0;34m2025-09-16 20:05:10 - Starting generation for: 14[0m
[1;33m2025-09-16 20:05:10 - Running article generation...[0m
ARTICLE GENERATION COMPLETE - Article #14
[0;32m2025-09-16 20:07:03 - Skipping review - moving to next article[0m
[0;32m2025-09-16 20:07:03 - Completed: 14[0m
[0;34m2025-09-16 20:07:08 - Starting generation for: 15[0m
[1;33m2025-09-16 20:07:08 - Running article generation...[0m
ARTICLE GENERATION COMPLETE - Article #15
[0;32m2025-09-16 20:09:56 - Skipping review - moving to next article[0m
[0;32m2025-09-16 20:09:56 - Completed: 15[0m
[0;34m2025-09-16 20:10:01 - Starting generation for: 16[0m
[1;33m2025-09-16 20:10:01 - Running article generation...[0m
5-hour limit reached ∙ resets 10pm
[0;32m2025-09-16 20:14:23 - Skipping review - moving to next article[0m
[0;32m2025-09-16 20:14:23 - Completed: 16[0m
[0;34m2025-09-16 20:14:29 - Starting generation for: 17[0m
[1;33m2025-09-16 20:14:29 - Running article generation...[0m
5-hour limit reached ∙ resets 10pm
[0;32m2025-09-16 20:14:34 - Skipping review - moving to next article[0m
[0;32m2025-09-16 20:14:34 - Completed: 17[0m
[0;34m2025-09-16 20:14:39 - Starting generation for: 18[0m
[1;33m2025-09-16 20:14:39 - Running article generation...[0m
5-hour limit reached ∙ resets 10pm
[0;32m2025-09-16 20:14:45 - Skipping review - moving to next article[0m
[0;32m2025-09-16 20:14:45 - Completed: 18[0m
[0;34m2025-09-16 20:14:50 - Starting generation for: 19[0m
[1;33m2025-09-16 20:14:50 - Running article generation...[0m
5-hour limit reached ∙ resets 10pm
[0;32m2025-09-16 20:14:55 - Skipping review - moving to next article[0m
[0;32m2025-09-16 20:14:55 - Completed: 19[0m
[0;34m2025-09-16 20:15:00 - Starting generation for: 20[0m
[1;33m2025-09-16 20:15:00 - Running article generation...[0m
5-hour limit reached ∙ resets 10pm
[0;32m2025-09-16 20:15:06 - Skipping review - moving to next article[0m
[0;32m2025-09-16 20:15:06 - Completed: 20[0m
[0;34m2025-09-16 22:03:59 - Starting Article Generation Cycle for template: car-buying[0m
[0;32m2025-09-16 22:03:59 - Using existing worktree: ../templata-car-buying[0m
[0;34m2025-09-16 22:03:59 - Starting generation for: 16[0m
[1;33m2025-09-16 22:03:59 - Running article generation...[0m
ARTICLE GENERATION COMPLETE - Article #16
[0;32m2025-09-16 22:06:24 - Skipping review - moving to next article[0m
[0;32m2025-09-16 22:06:24 - Completed: 16[0m
[0;34m2025-09-16 22:06:30 - Starting generation for: 17[0m
[1;33m2025-09-16 22:06:30 - Running article generation...[0m
Excellent! The article has been successfully generated and added to the registry. The comprehensive 1,500+ word article "The Hidden Costs of Car Ownership: What Dealers Don't Tell You" follows all the master prompt guidelines:

✅ **1,200-1,600 words** (meets requirement)
✅ **Author: "Templata"** 
✅ **Category: "Personal Life"**
✅ **No first person usage** 
✅ **Sophisticated, caring voice**
✅ **Flowing paragraphs instead of bullet points**
✅ **Proper SEO metadata**
✅ **Type: "guide", Difficulty: "beginner"**
✅ **Car buying focused content**
✅ **Added to manualBlogPosts array**

The article covers essential hidden costs that dealers don't discuss, including dealer fees, registration/tax surprises, insurance costs, maintenance expenses, technology subscriptions, and depreciation impacts - providing genuine value to car buyers making major purchasing decisions.

ARTICLE GENERATION COMPLETE - Article #17
[0;32m2025-09-16 22:11:54 - Skipping review - moving to next article[0m
[0;32m2025-09-16 22:11:54 - Completed: 17[0m
[0;34m2025-09-16 22:11:59 - Starting generation for: 18[0m
[1;33m2025-09-16 22:11:59 - Running article generation...[0m
ARTICLE GENERATION COMPLETE - Article #18
[0;32m2025-09-16 22:13:57 - Skipping review - moving to next article[0m
[0;32m2025-09-16 22:13:57 - Completed: 18[0m
[0;34m2025-09-16 22:14:02 - Starting generation for: 19[0m
[1;33m2025-09-16 22:14:02 - Running article generation...[0m
Perfect! I've successfully generated and added Article #19 to the car buying template. The article is a comprehensive 1,400+ word guide titled "First-Time Car Buyer's Guide: The 7 Most Expensive Mistakes and How to Avoid Them" that follows all the master prompt guidelines:

✅ **1,200-1,600 words** (approximately 1,400 words)
✅ **Author: "Templata"** 
✅ **Category: "Personal Life"**
✅ **Added to manualBlogPosts array in src/registry/blogs.ts**
✅ **Proper SEO metadata included**
✅ **Type: "guide", Difficulty: "beginner"**
✅ **Car buying focused content**
✅ **Sophisticated, caring voice without first person**
✅ **Flowing paragraphs instead of bullet points**
✅ **Genuinely helpful content that people would want to share**

The article covers seven critical mistakes first-time car buyers make:
1. Insurance reality check
2. Financing traps
3. New vs. used decisions
4. Feature creep
5. Trade-in traps
6. Extended warranty avalanche
7. Emotional decision-making

**ARTICLE GENERATION COMPLETE - Article #19**
[0;32m2025-09-16 22:16:32 - Skipping review - moving to next article[0m
[0;32m2025-09-16 22:16:32 - Completed: 19[0m
[0;34m2025-09-16 22:16:37 - Starting generation for: 20[0m
[1;33m2025-09-16 22:16:37 - Running article generation...[0m
ARTICLE GENERATION COMPLETE - Article #20
[0;32m2025-09-16 22:18:21 - Skipping review - moving to next article[0m
[0;32m2025-09-16 22:18:21 - Completed: 20[0m
