[0;34m2025-09-21 19:23:25 - Starting Prompt Generation Cycle for template: grief-loss[0m
[1;33m2025-09-21 19:23:25 - Override flag detected - resetting progress and recreating files[0m
[0;32m2025-09-21 19:23:25 - Progress reset to 0 for template: grief-loss[0m
[0;32m2025-09-21 19:23:25 - Using existing worktree: ../templata-grief-loss[0m
[1;33m2025-09-21 19:23:25 - Creating template prompt file: prompts-grief-loss.ts[0m
[0;32m2025-09-21 19:23:25 - Created template prompt file: ../templata-grief-loss/src/data/prompts-grief-loss.ts[0m
[0;34m2025-09-21 19:23:25 - Generating prompt #1 (Section 1, Prompt 1/17)[0m
[1;33m2025-09-21 19:23:25 - Running prompt generation...[0m
PROMPT GENERATION COMPLETE - Prompt #1
[0;32m2025-09-21 19:23:45 - Completed prompt #1[0m
[0;34m2025-09-21 19:23:50 - Generating prompt #2 (Section 1, Prompt 2/17)[0m
[1;33m2025-09-21 19:23:50 - Running prompt generation...[0m
PROMPT GENERATION COMPLETE - Prompt #2
[0;32m2025-09-21 19:24:10 - Completed prompt #2[0m
[0;34m2025-09-21 19:24:15 - Generating prompt #3 (Section 1, Prompt 3/17)[0m
[1;33m2025-09-21 19:24:15 - Running prompt generation...[0m
PROMPT GENERATION COMPLETE - Prompt #3
[0;32m2025-09-21 19:24:35 - Completed prompt #3[0m
[0;34m2025-09-21 19:24:40 - Generating prompt #4 (Section 1, Prompt 4/17)[0m
[1;33m2025-09-21 19:24:40 - Running prompt generation...[0m
PROMPT GENERATION COMPLETE - Prompt #4
[0;32m2025-09-21 19:25:00 - Completed prompt #4[0m
[0;34m2025-09-21 19:25:05 - Generating prompt #5 (Section 1, Prompt 5/17)[0m
[1;33m2025-09-21 19:25:05 - Running prompt generation...[0m
PROMPT GENERATION COMPLETE - Prompt #5
[0;32m2025-09-21 19:25:25 - Completed prompt #5[0m
[0;34m2025-09-21 19:25:30 - Generating prompt #6 (Section 1, Prompt 6/17)[0m
[1;33m2025-09-21 19:25:30 - Running prompt generation...[0m
PROMPT GENERATION COMPLETE - Prompt #6
[0;32m2025-09-21 19:25:52 - Completed prompt #6[0m
[0;34m2025-09-21 19:25:57 - Generating prompt #7 (Section 1, Prompt 7/17)[0m
[1;33m2025-09-21 19:25:57 - Running prompt generation...[0m
PROMPT GENERATION COMPLETE - Prompt #7
[0;32m2025-09-21 19:26:18 - Completed prompt #7[0m
[0;34m2025-09-21 19:26:23 - Generating prompt #8 (Section 1, Prompt 8/17)[0m
[1;33m2025-09-21 19:26:23 - Running prompt generation...[0m
PROMPT GENERATION COMPLETE - Prompt #8
[0;32m2025-09-21 19:26:43 - Completed prompt #8[0m
[0;34m2025-09-21 19:26:48 - Generating prompt #9 (Section 1, Prompt 9/17)[0m
[1;33m2025-09-21 19:26:48 - Running prompt generation...[0m
PROMPT GENERATION COMPLETE - Prompt #9
[0;32m2025-09-21 19:27:09 - Completed prompt #9[0m
[0;34m2025-09-21 19:27:14 - Generating prompt #10 (Section 1, Prompt 10/17)[0m
[1;33m2025-09-21 19:27:14 - Running prompt generation...[0m
PROMPT GENERATION COMPLETE - Prompt #10
[0;32m2025-09-21 19:27:38 - Completed prompt #10[0m
[0;34m2025-09-21 19:27:43 - Generating prompt #11 (Section 1, Prompt 11/17)[0m
[1;33m2025-09-21 19:27:43 - Running prompt generation...[0m
PROMPT GENERATION COMPLETE - Prompt #11
[0;32m2025-09-21 19:28:06 - Completed prompt #11[0m
[0;34m2025-09-21 19:28:11 - Generating prompt #12 (Section 1, Prompt 12/17)[0m
[1;33m2025-09-21 19:28:11 - Running prompt generation...[0m
PROMPT GENERATION COMPLETE - Prompt #12
[0;32m2025-09-21 19:28:32 - Completed prompt #12[0m
[0;34m2025-09-21 19:28:37 - Generating prompt #13 (Section 1, Prompt 13/17)[0m
[1;33m2025-09-21 19:28:37 - Running prompt generation...[0m
PROMPT GENERATION COMPLETE - Prompt #13
[0;32m2025-09-21 19:28:59 - Completed prompt #13[0m
[0;34m2025-09-21 19:29:04 - Generating prompt #14 (Section 1, Prompt 14/17)[0m
[1;33m2025-09-21 19:29:04 - Running prompt generation...[0m
PROMPT GENERATION COMPLETE - Prompt #14
[0;32m2025-09-21 19:29:26 - Completed prompt #14[0m
[0;34m2025-09-21 19:29:31 - Generating prompt #15 (Section 1, Prompt 15/17)[0m
[1;33m2025-09-21 19:29:31 - Running prompt generation...[0m
PROMPT GENERATION COMPLETE - Prompt #15
[0;32m2025-09-21 19:29:53 - Completed prompt #15[0m
[0;34m2025-09-21 19:29:58 - Generating prompt #16 (Section 1, Prompt 16/17)[0m
[1;33m2025-09-21 19:29:58 - Running prompt generation...[0m
PROMPT GENERATION COMPLETE - Prompt #16
[0;32m2025-09-21 19:30:21 - Completed prompt #16[0m
[0;34m2025-09-21 19:30:26 - Generating prompt #17 (Section 1, Prompt 17/17)[0m
[1;33m2025-09-21 19:30:26 - Running prompt generation...[0m
PROMPT GENERATION COMPLETE - Prompt #17
[0;32m2025-09-21 19:30:48 - Completed prompt #17[0m
[0;34m2025-09-21 19:30:54 - Generating prompt #18 (Section 2, Prompt 1/17)[0m
[1;33m2025-09-21 19:30:54 - Running prompt generation...[0m
PROMPT GENERATION COMPLETE - Prompt #18
[0;32m2025-09-21 19:31:15 - Completed prompt #18[0m
[0;34m2025-09-21 19:31:20 - Generating prompt #19 (Section 2, Prompt 2/17)[0m
[1;33m2025-09-21 19:31:20 - Running prompt generation...[0m
PROMPT GENERATION COMPLETE - Prompt #19
[0;32m2025-09-21 19:31:42 - Completed prompt #19[0m
[0;34m2025-09-21 19:31:47 - Generating prompt #20 (Section 2, Prompt 3/17)[0m
[1;33m2025-09-21 19:31:47 - Running prompt generation...[0m
PROMPT GENERATION COMPLETE - Prompt #20
[0;32m2025-09-21 19:32:09 - Completed prompt #20[0m
[0;34m2025-09-21 19:32:14 - Generating prompt #21 (Section 2, Prompt 4/17)[0m
[1;33m2025-09-21 19:32:14 - Running prompt generation...[0m
PROMPT GENERATION COMPLETE - Prompt #21
[0;32m2025-09-21 19:32:36 - Completed prompt #21[0m
[0;34m2025-09-21 19:32:41 - Generating prompt #22 (Section 2, Prompt 5/17)[0m
[1;33m2025-09-21 19:32:41 - Running prompt generation...[0m
PROMPT GENERATION COMPLETE - Prompt #22
[0;32m2025-09-21 19:33:04 - Completed prompt #22[0m
[0;34m2025-09-21 19:33:09 - Generating prompt #23 (Section 2, Prompt 6/17)[0m
[1;33m2025-09-21 19:33:09 - Running prompt generation...[0m
PROMPT GENERATION COMPLETE - Prompt #23
[0;32m2025-09-21 19:33:31 - Completed prompt #23[0m
[0;34m2025-09-21 19:33:36 - Generating prompt #24 (Section 2, Prompt 7/17)[0m
[1;33m2025-09-21 19:33:36 - Running prompt generation...[0m
PROMPT GENERATION COMPLETE - Prompt #24
[0;32m2025-09-21 19:33:58 - Completed prompt #24[0m
[0;34m2025-09-21 19:34:03 - Generating prompt #25 (Section 2, Prompt 8/17)[0m
[1;33m2025-09-21 19:34:03 - Running prompt generation...[0m
PROMPT GENERATION COMPLETE - Prompt #25
[0;32m2025-09-21 19:34:26 - Completed prompt #25[0m
[0;34m2025-09-21 19:34:31 - Generating prompt #26 (Section 2, Prompt 9/17)[0m
[1;33m2025-09-21 19:34:31 - Running prompt generation...[0m
PROMPT GENERATION COMPLETE - Prompt #26
[0;32m2025-09-21 19:34:51 - Completed prompt #26[0m
[0;34m2025-09-21 19:34:56 - Generating prompt #27 (Section 2, Prompt 10/17)[0m
[1;33m2025-09-21 19:34:56 - Running prompt generation...[0m
PROMPT GENERATION COMPLETE - Prompt #27
[0;32m2025-09-21 19:35:23 - Completed prompt #27[0m
[0;34m2025-09-21 19:35:28 - Generating prompt #28 (Section 2, Prompt 11/17)[0m
[1;33m2025-09-21 19:35:28 - Running prompt generation...[0m
PROMPT GENERATION COMPLETE - Prompt #28
[0;32m2025-09-21 19:35:54 - Completed prompt #28[0m
[0;34m2025-09-21 19:35:59 - Generating prompt #29 (Section 2, Prompt 12/17)[0m
[1;33m2025-09-21 19:35:59 - Running prompt generation...[0m
PROMPT GENERATION COMPLETE - Prompt #29
[0;32m2025-09-21 19:36:17 - Completed prompt #29[0m
[0;34m2025-09-21 19:36:22 - Generating prompt #30 (Section 2, Prompt 13/17)[0m
[1;33m2025-09-21 19:36:22 - Running prompt generation...[0m
PROMPT GENERATION COMPLETE - Prompt #30
[0;32m2025-09-21 19:36:43 - Completed prompt #30[0m
[0;34m2025-09-21 19:36:48 - Generating prompt #31 (Section 2, Prompt 14/17)[0m
[1;33m2025-09-21 19:36:48 - Running prompt generation...[0m
PROMPT GENERATION COMPLETE - Prompt #31
[0;32m2025-09-21 19:37:09 - Completed prompt #31[0m
[0;34m2025-09-21 19:37:14 - Generating prompt #32 (Section 2, Prompt 15/17)[0m
[1;33m2025-09-21 19:37:14 - Running prompt generation...[0m
PROMPT GENERATION COMPLETE - Prompt #32
[0;32m2025-09-21 19:37:35 - Completed prompt #32[0m
[0;34m2025-09-21 19:37:40 - Generating prompt #33 (Section 2, Prompt 16/17)[0m
[1;33m2025-09-21 19:37:40 - Running prompt generation...[0m
PROMPT GENERATION COMPLETE - Prompt #33
[0;32m2025-09-21 19:38:03 - Completed prompt #33[0m
[0;34m2025-09-21 19:38:08 - Generating prompt #34 (Section 2, Prompt 17/17)[0m
[1;33m2025-09-21 19:38:08 - Running prompt generation...[0m
PROMPT GENERATION COMPLETE - Prompt #34
[0;32m2025-09-21 19:38:29 - Completed prompt #34[0m
[0;34m2025-09-21 19:38:34 - Generating prompt #35 (Section 3, Prompt 1/17)[0m
[1;33m2025-09-21 19:38:34 - Running prompt generation...[0m
PROMPT GENERATION COMPLETE - Prompt #35
[0;32m2025-09-21 19:38:56 - Completed prompt #35[0m
[0;34m2025-09-21 19:39:01 - Generating prompt #36 (Section 3, Prompt 2/17)[0m
[1;33m2025-09-21 19:39:01 - Running prompt generation...[0m
<invoke name="Edit">
<parameter name="file_path">/Users/ikim1/Documents/GitHub/templata-grief-loss/src/data/prompts-grief-loss.ts</parameter>
<parameter name="old_string">  {
    id: 'prompt-35',
    prompt: 'Schedule and attend a follow-up appointment with your doctor to assess how grief is impacting your physical health after 30 days',
    category: 'action',
    helpText: 'Regular medical check-ins during grief help monitor physical symptoms that often accompany emotional stress, such as changes in blood pressure, sleep disruption, or immune system suppression. Schedule this follow-up appointment now to ensure consistent healthcare monitoring, as grief can manifest physically in ways you might not immediately recognize. Use this appointment to discuss any new symptoms, medication needs, or concerns about how your body is processing the stress of loss, allowing for early intervention if your physical health requires additional support.'
  }
];</parameter>
<parameter name="new_string">  {
    id: 'prompt-35',
    prompt: 'Schedule and attend a follow-up appointment with your doctor to assess how grief is impacting your physical health after 30 days',
    category: 'action',
    helpText: 'Regular medical check-ins during grief help monitor physical symptoms that often accompany emotional stress, such as changes in blood pressure, sleep disruption, or immune system suppression. Schedule this follow-up appointment now to ensure consistent healthcare monitoring, as grief can manifest physically in ways you might not immediately recognize. Use this appointment to discuss any new symptoms, medication needs, or concerns about how your body is processing the stress of loss, allowing for early intervention if your physical health requires additional support.'
  },
  {
    id: 'prompt-36',
    prompt: 'Create and finalize funeral or memorial service arrangements including venue, officiant, and reception planning',
    category: 'planning',
    helpText: 'Making concrete funeral arrangements transforms overwhelming decisions into manageable tasks while ensuring your loved one receives a meaningful tribute that honors their memory. Contact the chosen venue to confirm date availability, book an officiant who understands your family\'s values and the deceased\'s personality, and arrange reception details like catering or location for gathering after the service. Having these arrangements finalized provides structure during chaos and allows family and friends to focus on supporting each other rather than scrambling with last-minute logistics.'
  }
];</parameter>
</invoke>
[0;32m2025-09-21 19:39:20 - Completed prompt #36[0m
[0;34m2025-09-21 19:39:25 - Generating prompt #37 (Section 3, Prompt 3/17)[0m
[1;33m2025-09-21 19:39:25 - Running prompt generation...[0m
<invoke name="Edit">
<parameter name="file_path">/Users/ikim1/Documents/GitHub/templata-grief-loss/src/data/prompts-grief-loss.ts</parameter>
<parameter name="old_string">  {
    id: 'prompt-35',
    prompt: 'Schedule and attend a follow-up appointment with your doctor to assess how grief is impacting your physical health after 30 days',
    category: 'action',
    helpText: 'Regular medical check-ins during grief help monitor physical symptoms that often accompany emotional stress, such as changes in blood pressure, sleep disruption, or immune system suppression. Schedule this follow-up appointment now to ensure consistent healthcare monitoring, as grief can manifest physically in ways you might not immediately recognize. Use this appointment to discuss any new symptoms, medication needs, or concerns about how your body is processing the stress of loss, allowing for early intervention if your physical health requires additional support.'
  }
];</parameter>
<parameter name="new_string">  {
    id: 'prompt-35',
    prompt: 'Schedule and attend a follow-up appointment with your doctor to assess how grief is impacting your physical health after 30 days',
    category: 'action',
    helpText: 'Regular medical check-ins during grief help monitor physical symptoms that often accompany emotional stress, such as changes in blood pressure, sleep disruption, or immune system suppression. Schedule this follow-up appointment now to ensure consistent healthcare monitoring, as grief can manifest physically in ways you might not immediately recognize. Use this appointment to discuss any new symptoms, medication needs, or concerns about how your body is processing the stress of loss, allowing for early intervention if your physical health requires additional support.'
  },
  {
    id: 'prompt-36',
    prompt: 'Research and select a professional counselor or therapist who specializes in grief and trauma therapy',
    category: 'research',
    helpText: 'Finding a qualified mental health professional who understands the complexities of grief can provide crucial support for navigating the emotional challenges of loss. Look for licensed therapists with specific training in grief counseling, trauma therapy, or bereavement support, checking their credentials and reading reviews from other clients. Contact 2-3 potential therapists to discuss their approach, availability, and whether they accept your insurance, as having professional guidance can significantly improve your healing process and help you develop healthy coping strategies.'
  },
  {
    id: 'prompt-37',
    prompt: 'Create a detailed memorial budget plan including costs for services, flowers, catering, and any memorial keepsakes',
    category: 'planning',
    helpText: 'Establishing a clear memorial budget helps you make meaningful choices while avoiding financial stress during an emotionally vulnerable time. Research typical costs for funeral or memorial services, venue rentals, catering, flowers, printed materials, and any special memorial items like photo books or custom urns. Having specific budget categories allows you to prioritize spending on elements that truly honor your loved one while staying within your financial means and avoiding debt that could create additional stress during your grieving process.'
  }
];</parameter>
</invoke>
[0;32m2025-09-21 19:39:45 - Completed prompt #37[0m
[0;34m2025-09-21 19:39:50 - Generating prompt #38 (Section 3, Prompt 4/17)[0m
[1;33m2025-09-21 19:39:50 - Running prompt generation...[0m
<invoke name="Edit">
<parameter name="file_path">/Users/ikim1/Documents/GitHub/templata-grief-loss/src/data/prompts-grief-loss.ts</parameter>
<parameter name="old_string">  {
    id: 'prompt-35',
    prompt: 'Schedule and attend a follow-up appointment with your doctor to assess how grief is impacting your physical health after 30 days',
    category: 'action',
    helpText: 'Regular medical check-ins during grief help monitor physical symptoms that often accompany emotional stress, such as changes in blood pressure, sleep disruption, or immune system suppression. Schedule this follow-up appointment now to ensure consistent healthcare monitoring, as grief can manifest physically in ways you might not immediately recognize. Use this appointment to discuss any new symptoms, medication needs, or concerns about how your body is processing the stress of loss, allowing for early intervention if your physical health requires additional support.'
  }
];</parameter>
<parameter name="new_string">  {
    id: 'prompt-35',
    prompt: 'Schedule and attend a follow-up appointment with your doctor to assess how grief is impacting your physical health after 30 days',
    category: 'action',
    helpText: 'Regular medical check-ins during grief help monitor physical symptoms that often accompany emotional stress, such as changes in blood pressure, sleep disruption, or immune system suppression. Schedule this follow-up appointment now to ensure consistent healthcare monitoring, as grief can manifest physically in ways you might not immediately recognize. Use this appointment to discuss any new symptoms, medication needs, or concerns about how your body is processing the stress of loss, allowing for early intervention if your physical health requires additional support.'
  },
  {
    id: 'prompt-38',
    prompt: 'Research and contact 2-3 therapists who specialize in grief counseling to understand their approach and schedule an initial consultation',
    category: 'research',
    helpText: 'Finding a mental health professional who understands the unique challenges of grief provides specialized support tailored to your specific loss experience and helps you develop healthy coping strategies. Look for licensed therapists with specific training in grief and bereavement counseling, and contact them to discuss their therapeutic approach, availability, and whether they accept your insurance. This research phase allows you to find a good fit for your personality and needs before committing to ongoing sessions.'
  }
];</parameter>
</invoke>
[0;32m2025-09-21 19:40:07 - Completed prompt #38[0m
[0;34m2025-09-21 19:40:12 - Generating prompt #39 (Section 3, Prompt 5/17)[0m
[1;33m2025-09-21 19:40:12 - Running prompt generation...[0m
PROMPT GENERATION COMPLETE - Prompt #39
[0;32m2025-09-21 19:40:34 - Completed prompt #39[0m
[0;34m2025-09-21 19:40:39 - Generating prompt #40 (Section 3, Prompt 6/17)[0m
[1;33m2025-09-21 19:40:39 - Running prompt generation...[0m
PROMPT GENERATION COMPLETE - Prompt #40
[0;32m2025-09-21 19:41:01 - Completed prompt #40[0m
[0;34m2025-09-21 19:41:06 - Generating prompt #41 (Section 3, Prompt 7/17)[0m
[1;33m2025-09-21 19:41:06 - Running prompt generation...[0m
<invoke name="Edit">
<parameter name="file_path">/Users/ikim1/Documents/GitHub/templata-grief-loss/src/data/prompts-grief-loss.ts</parameter>
<parameter name="old_string">  {
    id: 'prompt-40',
    prompt: 'Create a written plan for handling special dates and anniversaries for the next 12 months',
    category: 'planning',
    helpText: 'Anticipating difficult dates like birthdays, death anniversaries, and holidays helps you prepare emotionally and practically for these challenging times rather than being caught off guard. Write down significant dates and plan specific activities, support systems, or memorial rituals for each one, giving yourself permission to change these plans as the dates approach. Having this roadmap reduces anxiety about upcoming milestones and allows your support network to be prepared to offer extra help during these particularly difficult periods.'
  }
];</parameter>
<parameter name="new_string">  {
    id: 'prompt-40',
    prompt: 'Create a written plan for handling special dates and anniversaries for the next 12 months',
    category: 'planning',
    helpText: 'Anticipating difficult dates like birthdays, death anniversaries, and holidays helps you prepare emotionally and practically for these challenging times rather than being caught off guard. Write down significant dates and plan specific activities, support systems, or memorial rituals for each one, giving yourself permission to change these plans as the dates approach. Having this roadmap reduces anxiety about upcoming milestones and allows your support network to be prepared to offer extra help during these particularly difficult periods.'
  },
  {
    id: 'prompt-41',
    prompt: 'Research and schedule appointments with 2-3 different grief therapists to find the right therapeutic approach for your healing process',
    category: 'research',
    helpText: 'Finding the right therapeutic support is crucial for processing grief in a healthy way, as different therapists use various approaches that may resonate differently with your personality and loss experience. Contact therapists who specialize in grief counseling, asking about their specific methods (such as cognitive behavioral therapy, EMDR, or narrative therapy) and schedule brief consultation calls to assess their communication style and approach. Taking time to find a therapist you connect with ensures you receive the most effective support for your unique grief journey.'
  }
];</parameter>
</invoke>
[0;32m2025-09-21 19:41:26 - Completed prompt #41[0m
[0;34m2025-09-21 19:41:31 - Generating prompt #42 (Section 3, Prompt 8/17)[0m
[1;33m2025-09-21 19:41:31 - Running prompt generation...[0m
PROMPT GENERATION COMPLETE - Prompt #42
[0;32m2025-09-21 19:41:53 - Completed prompt #42[0m
[0;34m2025-09-21 19:41:58 - Generating prompt #43 (Section 3, Prompt 9/17)[0m
[1;33m2025-09-21 19:41:58 - Running prompt generation...[0m
PROMPT GENERATION COMPLETE - Prompt #43
[0;32m2025-09-21 19:42:22 - Completed prompt #43[0m
[0;34m2025-09-21 19:42:27 - Generating prompt #44 (Section 3, Prompt 10/17)[0m
[1;33m2025-09-21 19:42:27 - Running prompt generation...[0m
PROMPT GENERATION COMPLETE - Prompt #44
[0;32m2025-09-21 19:42:48 - Completed prompt #44[0m
[0;34m2025-09-21 19:42:53 - Generating prompt #45 (Section 3, Prompt 11/17)[0m
[1;33m2025-09-21 19:42:54 - Running prompt generation...[0m
PROMPT GENERATION COMPLETE - Prompt #45
[0;32m2025-09-21 19:43:14 - Completed prompt #45[0m
[0;34m2025-09-21 19:43:19 - Generating prompt #46 (Section 3, Prompt 12/17)[0m
[1;33m2025-09-21 19:43:19 - Running prompt generation...[0m
PROMPT GENERATION COMPLETE - Prompt #46
[0;32m2025-09-21 19:43:39 - Completed prompt #46[0m
[0;34m2025-09-21 19:43:44 - Generating prompt #47 (Section 3, Prompt 13/17)[0m
[1;33m2025-09-21 19:43:44 - Running prompt generation...[0m
PROMPT GENERATION COMPLETE - Prompt #47
[0;32m2025-09-21 19:44:08 - Completed prompt #47[0m
[0;34m2025-09-21 19:44:13 - Generating prompt #48 (Section 3, Prompt 14/17)[0m
[1;33m2025-09-21 19:44:13 - Running prompt generation...[0m
PROMPT GENERATION COMPLETE - Prompt #48
[0;32m2025-09-21 19:44:34 - Completed prompt #48[0m
[0;34m2025-09-21 19:44:39 - Generating prompt #49 (Section 3, Prompt 15/17)[0m
[1;33m2025-09-21 19:44:39 - Running prompt generation...[0m
<invoke name="Edit">
<parameter name="file_path">/Users/ikim1/Documents/GitHub/templata-grief-loss/src/data/prompts-grief-loss.ts</parameter>
<parameter name="old_string">  {
    id: 'prompt-48',
    prompt: 'Create a daily ritual or memorial practice that honors your loved one and helps you feel connected to their memory',
    category: 'action',
    helpText: 'Establishing a meaningful daily practice provides structure and comfort while creating an ongoing way to honor your loved one\'s memory as part of your healing process. This could include lighting a candle each morning, visiting their photo and sharing something about your day, writing a brief note in a memorial journal, or listening to a song that reminds you of them. Choose something that feels authentic to your relationship and can be realistically maintained, allowing this ritual to become a source of comfort and connection rather than an additional burden during your grief journey.'
  }
];</parameter>
<parameter name="new_string">  {
    id: 'prompt-48',
    prompt: 'Create a daily ritual or memorial practice that honors your loved one and helps you feel connected to their memory',
    category: 'action',
    helpText: 'Establishing a meaningful daily practice provides structure and comfort while creating an ongoing way to honor your loved one\'s memory as part of your healing process. This could include lighting a candle each morning, visiting their photo and sharing something about your day, writing a brief note in a memorial journal, or listening to a song that reminds you of them. Choose something that feels authentic to your relationship and can be realistically maintained, allowing this ritual to become a source of comfort and connection rather than an additional burden during your grief journey.'
  },
  {
    id: 'prompt-49',
    prompt: 'Research and schedule appointments with your utilities and service providers to update account ownership and billing information',
    category: 'action',
    helpText: 'Transferring utility accounts and household services to your name prevents service interruptions and ensures you maintain control over essential services during an already disruptive time. Contact electric, gas, water, internet, cable, and phone companies to update account ownership, remove the deceased from joint accounts, and verify billing information matches your current situation. This proactive step helps establish your independent household operations while preventing potential service cancellations or billing complications that could add stress to your grief process.'
  }
];</parameter>
</invoke>
[0;32m2025-09-21 19:44:57 - Completed prompt #49[0m
[0;34m2025-09-21 19:45:02 - Generating prompt #50 (Section 3, Prompt 16/17)[0m
[1;33m2025-09-21 19:45:02 - Running prompt generation...[0m
PROMPT GENERATION COMPLETE - Prompt #50
[0;32m2025-09-21 19:45:27 - Completed prompt #50[0m
[0;34m2025-09-21 19:45:32 - Generating prompt #51 (Section 3, Prompt 17/17)[0m
[1;33m2025-09-21 19:45:32 - Running prompt generation...[0m
PROMPT GENERATION COMPLETE - Prompt #51
[0;32m2025-09-21 19:45:53 - Completed prompt #51[0m
[0;34m2025-09-21 19:45:58 - Generating prompt #52 (Section 4, Prompt 1/17)[0m
[1;33m2025-09-21 19:45:58 - Running prompt generation...[0m
PROMPT GENERATION COMPLETE - Prompt #52
[0;32m2025-09-21 19:46:26 - Completed prompt #52[0m
[0;34m2025-09-21 19:46:31 - Generating prompt #53 (Section 4, Prompt 2/17)[0m
[1;33m2025-09-21 19:46:31 - Running prompt generation...[0m
PROMPT GENERATION COMPLETE - Prompt #53
[0;32m2025-09-21 19:46:53 - Completed prompt #53[0m
[0;34m2025-09-21 19:46:58 - Generating prompt #54 (Section 4, Prompt 3/17)[0m
[1;33m2025-09-21 19:46:58 - Running prompt generation...[0m
PROMPT GENERATION COMPLETE - Prompt #54
[0;32m2025-09-21 19:47:19 - Completed prompt #54[0m
[0;34m2025-09-21 19:47:24 - Generating prompt #55 (Section 4, Prompt 4/17)[0m
[1;33m2025-09-21 19:47:24 - Running prompt generation...[0m
PROMPT GENERATION COMPLETE - Prompt #55
[0;32m2025-09-21 19:47:45 - Completed prompt #55[0m
[0;34m2025-09-21 19:47:50 - Generating prompt #56 (Section 4, Prompt 5/17)[0m
[1;33m2025-09-21 19:47:50 - Running prompt generation...[0m
PROMPT GENERATION COMPLETE - Prompt #56
[0;32m2025-09-21 19:48:11 - Completed prompt #56[0m
[0;34m2025-09-21 19:48:17 - Generating prompt #57 (Section 4, Prompt 6/17)[0m
[1;33m2025-09-21 19:48:17 - Running prompt generation...[0m
PROMPT GENERATION COMPLETE - Prompt #57
[0;32m2025-09-21 19:48:38 - Completed prompt #57[0m
[0;34m2025-09-21 19:48:43 - Generating prompt #58 (Section 4, Prompt 7/17)[0m
[1;33m2025-09-21 19:48:43 - Running prompt generation...[0m
PROMPT GENERATION COMPLETE - Prompt #58
[0;32m2025-09-21 19:49:06 - Completed prompt #58[0m
[0;34m2025-09-21 19:49:11 - Generating prompt #59 (Section 4, Prompt 8/17)[0m
[1;33m2025-09-21 19:49:11 - Running prompt generation...[0m
PROMPT GENERATION COMPLETE - Prompt #59
[0;32m2025-09-21 19:49:32 - Completed prompt #59[0m
[0;34m2025-09-21 19:49:37 - Generating prompt #60 (Section 4, Prompt 9/17)[0m
[1;33m2025-09-21 19:49:37 - Running prompt generation...[0m
PROMPT GENERATION COMPLETE - Prompt #60
[0;32m2025-09-21 19:49:58 - Completed prompt #60[0m
[0;34m2025-09-21 19:50:03 - Generating prompt #61 (Section 4, Prompt 10/17)[0m
[1;33m2025-09-21 19:50:03 - Running prompt generation...[0m
PROMPT GENERATION COMPLETE - Prompt #61
[0;32m2025-09-21 19:50:24 - Completed prompt #61[0m
[0;34m2025-09-21 19:50:29 - Generating prompt #62 (Section 4, Prompt 11/17)[0m
[1;33m2025-09-21 19:50:29 - Running prompt generation...[0m
PROMPT GENERATION COMPLETE - Prompt #62
[0;32m2025-09-21 19:50:52 - Completed prompt #62[0m
[0;34m2025-09-21 19:50:57 - Generating prompt #63 (Section 4, Prompt 12/17)[0m
[1;33m2025-09-21 19:50:57 - Running prompt generation...[0m
PROMPT GENERATION COMPLETE - Prompt #63
[0;32m2025-09-21 19:51:18 - Completed prompt #63[0m
[0;34m2025-09-21 19:51:23 - Generating prompt #64 (Section 4, Prompt 13/17)[0m
[1;33m2025-09-21 19:51:23 - Running prompt generation...[0m
PROMPT GENERATION COMPLETE - Prompt #64
[0;32m2025-09-21 19:51:46 - Completed prompt #64[0m
[0;34m2025-09-21 19:51:52 - Generating prompt #65 (Section 4, Prompt 14/17)[0m
[1;33m2025-09-21 19:51:52 - Running prompt generation...[0m
PROMPT GENERATION COMPLETE - Prompt #65
[0;32m2025-09-21 19:52:14 - Completed prompt #65[0m
[0;34m2025-09-21 19:52:19 - Generating prompt #66 (Section 4, Prompt 15/17)[0m
[1;33m2025-09-21 19:52:20 - Running prompt generation...[0m
PROMPT GENERATION COMPLETE - Prompt #66
[0;32m2025-09-21 19:52:41 - Completed prompt #66[0m
[0;34m2025-09-21 19:52:46 - Generating prompt #67 (Section 4, Prompt 16/17)[0m
[1;33m2025-09-21 19:52:46 - Running prompt generation...[0m
PROMPT GENERATION COMPLETE - Prompt #67
[0;32m2025-09-21 19:53:10 - Completed prompt #67[0m
[0;34m2025-09-21 19:53:15 - Generating prompt #68 (Section 4, Prompt 17/17)[0m
[1;33m2025-09-21 19:53:15 - Running prompt generation...[0m
PROMPT GENERATION COMPLETE - Prompt #68
[0;32m2025-09-21 19:53:36 - Completed prompt #68[0m
[0;34m2025-09-21 19:53:41 - Generating prompt #69 (Section 5, Prompt 1/17)[0m
[1;33m2025-09-21 19:53:41 - Running prompt generation...[0m
PROMPT GENERATION COMPLETE - Prompt #69
[0;32m2025-09-21 19:54:04 - Completed prompt #69[0m
[0;34m2025-09-21 19:54:09 - Generating prompt #70 (Section 5, Prompt 2/17)[0m
[1;33m2025-09-21 19:54:09 - Running prompt generation...[0m
PROMPT GENERATION COMPLETE - Prompt #70
[0;32m2025-09-21 19:54:32 - Completed prompt #70[0m
[0;34m2025-09-21 19:54:37 - Generating prompt #71 (Section 5, Prompt 3/17)[0m
[1;33m2025-09-21 19:54:37 - Running prompt generation...[0m
PROMPT GENERATION COMPLETE - Prompt #71
[0;32m2025-09-21 19:55:01 - Completed prompt #71[0m
[0;34m2025-09-21 19:55:06 - Generating prompt #72 (Section 5, Prompt 4/17)[0m
[1;33m2025-09-21 19:55:06 - Running prompt generation...[0m
PROMPT GENERATION COMPLETE - Prompt #72
[0;32m2025-09-21 19:55:27 - Completed prompt #72[0m
[0;34m2025-09-21 19:55:32 - Generating prompt #73 (Section 5, Prompt 5/17)[0m
[1;33m2025-09-21 19:55:32 - Running prompt generation...[0m
PROMPT GENERATION COMPLETE - Prompt #73
[0;32m2025-09-21 19:55:56 - Completed prompt #73[0m
[0;34m2025-09-21 19:56:01 - Generating prompt #74 (Section 5, Prompt 6/17)[0m
[1;33m2025-09-21 19:56:01 - Running prompt generation...[0m
PROMPT GENERATION COMPLETE - Prompt #74
[0;32m2025-09-21 19:56:24 - Completed prompt #74[0m
[0;34m2025-09-21 19:56:29 - Generating prompt #75 (Section 5, Prompt 7/17)[0m
[1;33m2025-09-21 19:56:29 - Running prompt generation...[0m
PROMPT GENERATION COMPLETE - Prompt #75
[0;32m2025-09-21 19:56:53 - Completed prompt #75[0m
[0;34m2025-09-21 19:56:58 - Generating prompt #76 (Section 5, Prompt 8/17)[0m
[1;33m2025-09-21 19:56:58 - Running prompt generation...[0m
PROMPT GENERATION COMPLETE - Prompt #76
[0;32m2025-09-21 19:57:20 - Completed prompt #76[0m
[0;34m2025-09-21 19:57:25 - Generating prompt #77 (Section 5, Prompt 9/17)[0m
[1;33m2025-09-21 19:57:25 - Running prompt generation...[0m
PROMPT GENERATION COMPLETE - Prompt #77
[0;32m2025-09-21 19:57:49 - Completed prompt #77[0m
[0;34m2025-09-21 19:57:54 - Generating prompt #78 (Section 5, Prompt 10/17)[0m
[1;33m2025-09-21 19:57:54 - Running prompt generation...[0m
PROMPT GENERATION COMPLETE - Prompt #78
[0;32m2025-09-21 19:58:15 - Completed prompt #78[0m
[0;34m2025-09-21 19:58:20 - Generating prompt #79 (Section 5, Prompt 11/17)[0m
[1;33m2025-09-21 19:58:20 - Running prompt generation...[0m
PROMPT GENERATION COMPLETE - Prompt #79
[0;32m2025-09-21 19:58:44 - Completed prompt #79[0m
[0;34m2025-09-21 19:58:49 - Generating prompt #80 (Section 5, Prompt 12/17)[0m
[1;33m2025-09-21 19:58:49 - Running prompt generation...[0m
PROMPT GENERATION COMPLETE - Prompt #80
[0;32m2025-09-21 19:59:08 - Completed prompt #80[0m
[0;34m2025-09-21 19:59:13 - Generating prompt #81 (Section 5, Prompt 13/17)[0m
[1;33m2025-09-21 19:59:13 - Running prompt generation...[0m
PROMPT GENERATION COMPLETE - Prompt #81
[0;32m2025-09-21 19:59:36 - Completed prompt #81[0m
[0;34m2025-09-21 19:59:41 - Generating prompt #82 (Section 5, Prompt 14/17)[0m
[1;33m2025-09-21 19:59:41 - Running prompt generation...[0m
PROMPT GENERATION COMPLETE - Prompt #82
[0;32m2025-09-21 20:00:04 - Completed prompt #82[0m
[0;34m2025-09-21 20:00:09 - Generating prompt #83 (Section 5, Prompt 15/17)[0m
[1;33m2025-09-21 20:00:09 - Running prompt generation...[0m
PROMPT GENERATION COMPLETE - Prompt #83
[0;32m2025-09-21 20:00:32 - Completed prompt #83[0m
[0;34m2025-09-21 20:00:37 - Generating prompt #84 (Section 5, Prompt 16/17)[0m
[1;33m2025-09-21 20:00:37 - Running prompt generation...[0m
PROMPT GENERATION COMPLETE - Prompt #84
[0;32m2025-09-21 20:01:01 - Completed prompt #84[0m
[0;34m2025-09-21 20:01:06 - Generating prompt #85 (Section 5, Prompt 17/17)[0m
[1;33m2025-09-21 20:01:06 - Running prompt generation...[0m
PROMPT GENERATION COMPLETE - Prompt #85
[0;32m2025-09-21 20:01:29 - Completed prompt #85[0m
[0;34m2025-09-21 20:01:34 - Generating prompt #86 (Section 6, Prompt 1/17)[0m
[1;33m2025-09-21 20:01:34 - Running prompt generation...[0m
PROMPT GENERATION COMPLETE - Prompt #86
[0;32m2025-09-21 20:01:56 - Completed prompt #86[0m
[0;34m2025-09-21 20:02:01 - Generating prompt #87 (Section 6, Prompt 2/17)[0m
[1;33m2025-09-21 20:02:01 - Running prompt generation...[0m
PROMPT GENERATION COMPLETE - Prompt #87
[0;32m2025-09-21 20:02:23 - Completed prompt #87[0m
[0;34m2025-09-21 20:02:28 - Generating prompt #88 (Section 6, Prompt 3/17)[0m
[1;33m2025-09-21 20:02:28 - Running prompt generation...[0m
PROMPT GENERATION COMPLETE - Prompt #88
[0;32m2025-09-21 20:02:50 - Completed prompt #88[0m
[0;34m2025-09-21 20:02:55 - Generating prompt #89 (Section 6, Prompt 4/17)[0m
[1;33m2025-09-21 20:02:55 - Running prompt generation...[0m
PROMPT GENERATION COMPLETE - Prompt #89
[0;32m2025-09-21 20:03:15 - Completed prompt #89[0m
[0;34m2025-09-21 20:03:20 - Generating prompt #90 (Section 6, Prompt 5/17)[0m
[1;33m2025-09-21 20:03:20 - Running prompt generation...[0m
PROMPT GENERATION COMPLETE - Prompt #90
[0;32m2025-09-21 20:03:44 - Completed prompt #90[0m
[0;34m2025-09-21 20:03:49 - Generating prompt #91 (Section 6, Prompt 6/17)[0m
[1;33m2025-09-21 20:03:49 - Running prompt generation...[0m
PROMPT GENERATION COMPLETE - Prompt #91
[0;32m2025-09-21 20:04:11 - Completed prompt #91[0m
[0;34m2025-09-21 20:04:16 - Generating prompt #92 (Section 6, Prompt 7/17)[0m
[1;33m2025-09-21 20:04:16 - Running prompt generation...[0m
PROMPT GENERATION COMPLETE - Prompt #92
[0;32m2025-09-21 20:04:39 - Completed prompt #92[0m
[0;34m2025-09-21 20:04:44 - Generating prompt #93 (Section 6, Prompt 8/17)[0m
[1;33m2025-09-21 20:04:44 - Running prompt generation...[0m
PROMPT GENERATION COMPLETE - Prompt #93
[0;32m2025-09-21 20:05:06 - Completed prompt #93[0m
[0;34m2025-09-21 20:05:11 - Generating prompt #94 (Section 6, Prompt 9/17)[0m
[1;33m2025-09-21 20:05:11 - Running prompt generation...[0m
PROMPT GENERATION COMPLETE - Prompt #94
[0;32m2025-09-21 20:05:32 - Completed prompt #94[0m
[0;34m2025-09-21 20:05:37 - Generating prompt #95 (Section 6, Prompt 10/17)[0m
[1;33m2025-09-21 20:05:37 - Running prompt generation...[0m
PROMPT GENERATION COMPLETE - Prompt #95
[0;32m2025-09-21 20:06:00 - Completed prompt #95[0m
[0;34m2025-09-21 20:06:05 - Generating prompt #96 (Section 6, Prompt 11/17)[0m
[1;33m2025-09-21 20:06:05 - Running prompt generation...[0m
PROMPT GENERATION COMPLETE - Prompt #96
[0;32m2025-09-21 20:06:26 - Completed prompt #96[0m
[0;34m2025-09-21 20:06:31 - Generating prompt #97 (Section 6, Prompt 12/17)[0m
[1;33m2025-09-21 20:06:31 - Running prompt generation...[0m
PROMPT GENERATION COMPLETE - Prompt #97
[0;32m2025-09-21 20:06:53 - Completed prompt #97[0m
[0;34m2025-09-21 20:06:58 - Generating prompt #98 (Section 6, Prompt 13/17)[0m
[1;33m2025-09-21 20:06:58 - Running prompt generation...[0m
PROMPT GENERATION COMPLETE - Prompt #98
[0;32m2025-09-21 20:07:20 - Completed prompt #98[0m
[0;34m2025-09-21 20:07:25 - Generating prompt #99 (Section 6, Prompt 14/17)[0m
[1;33m2025-09-21 20:07:25 - Running prompt generation...[0m
PROMPT GENERATION COMPLETE - Prompt #99
[0;32m2025-09-21 20:07:49 - Completed prompt #99[0m
[0;34m2025-09-21 20:07:54 - Generating prompt #100 (Section 6, Prompt 15/17)[0m
[1;33m2025-09-21 20:07:54 - Running prompt generation...[0m
PROMPT GENERATION COMPLETE - Prompt #100
[0;32m2025-09-21 20:08:14 - Completed prompt #100[0m
[0;34m2025-09-21 20:08:19 - Generating prompt #101 (Section 6, Prompt 16/17)[0m
[1;33m2025-09-21 20:08:20 - Running prompt generation...[0m
PROMPT GENERATION COMPLETE - Prompt #101
[0;32m2025-09-21 20:08:41 - Completed prompt #101[0m
[0;34m2025-09-21 20:08:46 - Generating prompt #102 (Section 6, Prompt 17/17)[0m
[1;33m2025-09-21 20:08:46 - Running prompt generation...[0m
PROMPT GENERATION COMPLETE - Prompt #102
[0;32m2025-09-21 20:09:09 - Completed prompt #102[0m
