[0;34m2025-09-20 19:28:37 - Starting Prompt Generation Cycle for template: boat-maintenance[0m
[1;33m2025-09-20 19:28:37 - Override flag detected - resetting progress and recreating files[0m
[0;32m2025-09-20 19:28:37 - Progress reset to 0 for template: boat-maintenance[0m
[0;32m2025-09-20 19:28:37 - Using existing worktree: ../templata-boat-maintenance[0m
[1;33m2025-09-20 19:28:37 - Creating template prompt file: prompts-boat-maintenance.ts[0m
[0;32m2025-09-20 19:28:37 - Created template prompt file: ../templata-boat-maintenance/src/data/prompts-boat-maintenance.ts[0m
[0;34m2025-09-20 19:28:37 - Generating prompt #1 (Section 1, Prompt 1/17)[0m
[1;33m2025-09-20 19:28:37 - Running prompt generation...[0m
PROMPT GENERATION COMPLETE - Prompt #1
[0;32m2025-09-20 19:28:56 - Completed prompt #1[0m
[0;34m2025-09-20 19:29:01 - Generating prompt #2 (Section 1, Prompt 2/17)[0m
[1;33m2025-09-20 19:29:01 - Running prompt generation...[0m
PROMPT GENERATION COMPLETE - Prompt #2
[0;32m2025-09-20 19:29:20 - Completed prompt #2[0m
[0;34m2025-09-20 19:29:25 - Generating prompt #3 (Section 1, Prompt 3/17)[0m
[1;33m2025-09-20 19:29:25 - Running prompt generation...[0m
PROMPT GENERATION COMPLETE - Prompt #3
[0;32m2025-09-20 19:29:44 - Completed prompt #3[0m
[0;34m2025-09-20 19:29:49 - Generating prompt #4 (Section 1, Prompt 4/17)[0m
[1;33m2025-09-20 19:29:49 - Running prompt generation...[0m
PROMPT GENERATION COMPLETE - Prompt #4
[0;32m2025-09-20 19:30:07 - Completed prompt #4[0m
[0;34m2025-09-20 19:30:12 - Generating prompt #5 (Section 1, Prompt 5/17)[0m
[1;33m2025-09-20 19:30:12 - Running prompt generation...[0m
PROMPT GENERATION COMPLETE - Prompt #5
[0;32m2025-09-20 19:30:31 - Completed prompt #5[0m
[0;34m2025-09-20 19:30:36 - Generating prompt #6 (Section 1, Prompt 6/17)[0m
[1;33m2025-09-20 19:30:36 - Running prompt generation...[0m
PROMPT GENERATION COMPLETE - Prompt #6
[0;32m2025-09-20 19:30:57 - Completed prompt #6[0m
[0;34m2025-09-20 19:31:02 - Generating prompt #7 (Section 1, Prompt 7/17)[0m
[1;33m2025-09-20 19:31:02 - Running prompt generation...[0m
PROMPT GENERATION COMPLETE - Prompt #7
[0;32m2025-09-20 19:31:22 - Completed prompt #7[0m
[0;34m2025-09-20 19:31:27 - Generating prompt #8 (Section 1, Prompt 8/17)[0m
[1;33m2025-09-20 19:31:27 - Running prompt generation...[0m
PROMPT GENERATION COMPLETE - Prompt #8
[0;32m2025-09-20 19:31:48 - Completed prompt #8[0m
[0;34m2025-09-20 19:31:53 - Generating prompt #9 (Section 1, Prompt 9/17)[0m
[1;33m2025-09-20 19:31:53 - Running prompt generation...[0m
PROMPT GENERATION COMPLETE - Prompt #9
[0;32m2025-09-20 19:32:15 - Completed prompt #9[0m
[0;34m2025-09-20 19:32:20 - Generating prompt #10 (Section 1, Prompt 10/17)[0m
[1;33m2025-09-20 19:32:20 - Running prompt generation...[0m
PROMPT GENERATION COMPLETE - Prompt #10
[0;32m2025-09-20 19:32:42 - Completed prompt #10[0m
[0;34m2025-09-20 19:32:47 - Generating prompt #11 (Section 1, Prompt 11/17)[0m
[1;33m2025-09-20 19:32:47 - Running prompt generation...[0m
PROMPT GENERATION COMPLETE - Prompt #11
[0;32m2025-09-20 19:33:07 - Completed prompt #11[0m
[0;34m2025-09-20 19:33:12 - Generating prompt #12 (Section 1, Prompt 12/17)[0m
[1;33m2025-09-20 19:33:12 - Running prompt generation...[0m
PROMPT GENERATION COMPLETE - Prompt #12
[0;32m2025-09-20 19:33:32 - Completed prompt #12[0m
[0;34m2025-09-20 19:33:37 - Generating prompt #13 (Section 1, Prompt 13/17)[0m
[1;33m2025-09-20 19:33:37 - Running prompt generation...[0m
PROMPT GENERATION COMPLETE - Prompt #13
[0;32m2025-09-20 19:34:00 - Completed prompt #13[0m
[0;34m2025-09-20 19:34:05 - Generating prompt #14 (Section 1, Prompt 14/17)[0m
[1;33m2025-09-20 19:34:06 - Running prompt generation...[0m
PROMPT GENERATION COMPLETE - Prompt #14
[0;32m2025-09-20 19:34:26 - Completed prompt #14[0m
[0;34m2025-09-20 19:34:31 - Generating prompt #15 (Section 1, Prompt 15/17)[0m
[1;33m2025-09-20 19:34:31 - Running prompt generation...[0m
PROMPT GENERATION COMPLETE - Prompt #15
[0;32m2025-09-20 19:34:52 - Completed prompt #15[0m
[0;34m2025-09-20 19:34:57 - Generating prompt #16 (Section 1, Prompt 16/17)[0m
[1;33m2025-09-20 19:34:57 - Running prompt generation...[0m
PROMPT GENERATION COMPLETE - Prompt #16
[0;32m2025-09-20 19:35:19 - Completed prompt #16[0m
[0;34m2025-09-20 19:35:24 - Generating prompt #17 (Section 1, Prompt 17/17)[0m
[1;33m2025-09-20 19:35:24 - Running prompt generation...[0m
PROMPT GENERATION COMPLETE - Prompt #17
[0;32m2025-09-20 19:35:44 - Completed prompt #17[0m
[0;34m2025-09-20 19:35:49 - Generating prompt #18 (Section 2, Prompt 1/17)[0m
[1;33m2025-09-20 19:35:49 - Running prompt generation...[0m
PROMPT GENERATION COMPLETE - Prompt #18
[0;32m2025-09-20 19:36:10 - Completed prompt #18[0m
[0;34m2025-09-20 19:36:15 - Generating prompt #19 (Section 2, Prompt 2/17)[0m
[1;33m2025-09-20 19:36:15 - Running prompt generation...[0m
PROMPT GENERATION COMPLETE - Prompt #19
[0;32m2025-09-20 19:36:35 - Completed prompt #19[0m
[0;34m2025-09-20 19:36:41 - Generating prompt #20 (Section 2, Prompt 3/17)[0m
[1;33m2025-09-20 19:36:41 - Running prompt generation...[0m
PROMPT GENERATION COMPLETE - Prompt #20
[0;32m2025-09-20 19:37:02 - Completed prompt #20[0m
[0;34m2025-09-20 19:37:08 - Generating prompt #21 (Section 2, Prompt 4/17)[0m
[1;33m2025-09-20 19:37:08 - Running prompt generation...[0m
PROMPT GENERATION COMPLETE - Prompt #21
[0;32m2025-09-20 19:37:31 - Completed prompt #21[0m
[0;34m2025-09-20 19:37:36 - Generating prompt #22 (Section 2, Prompt 5/17)[0m
[1;33m2025-09-20 19:37:36 - Running prompt generation...[0m
PROMPT GENERATION COMPLETE - Prompt #22
[0;32m2025-09-20 19:37:56 - Completed prompt #22[0m
[0;34m2025-09-20 19:38:01 - Generating prompt #23 (Section 2, Prompt 6/17)[0m
[1;33m2025-09-20 19:38:01 - Running prompt generation...[0m
PROMPT GENERATION COMPLETE - Prompt #23
[0;32m2025-09-20 19:38:22 - Completed prompt #23[0m
[0;34m2025-09-20 19:38:27 - Generating prompt #24 (Section 2, Prompt 7/17)[0m
[1;33m2025-09-20 19:38:27 - Running prompt generation...[0m
PROMPT GENERATION COMPLETE - Prompt #24
[0;32m2025-09-20 19:38:49 - Completed prompt #24[0m
[0;34m2025-09-20 19:38:54 - Generating prompt #25 (Section 2, Prompt 8/17)[0m
[1;33m2025-09-20 19:38:55 - Running prompt generation...[0m
PROMPT GENERATION COMPLETE - Prompt #25
[0;32m2025-09-20 19:39:17 - Completed prompt #25[0m
[0;34m2025-09-20 19:39:22 - Generating prompt #26 (Section 2, Prompt 9/17)[0m
[1;33m2025-09-20 19:39:22 - Running prompt generation...[0m
PROMPT GENERATION COMPLETE - Prompt #26
[0;32m2025-09-20 19:39:42 - Completed prompt #26[0m
[0;34m2025-09-20 19:39:47 - Generating prompt #27 (Section 2, Prompt 10/17)[0m
[1;33m2025-09-20 19:39:47 - Running prompt generation...[0m
PROMPT GENERATION COMPLETE - Prompt #27
[0;32m2025-09-20 19:40:08 - Completed prompt #27[0m
[0;34m2025-09-20 19:40:13 - Generating prompt #28 (Section 2, Prompt 11/17)[0m
[1;33m2025-09-20 19:40:13 - Running prompt generation...[0m
PROMPT GENERATION COMPLETE - Prompt #28
[0;32m2025-09-20 19:40:35 - Completed prompt #28[0m
[0;34m2025-09-20 19:40:40 - Generating prompt #29 (Section 2, Prompt 12/17)[0m
[1;33m2025-09-20 19:40:40 - Running prompt generation...[0m
PROMPT GENERATION COMPLETE - Prompt #29
[0;32m2025-09-20 19:41:01 - Completed prompt #29[0m
[0;34m2025-09-20 19:41:06 - Generating prompt #30 (Section 2, Prompt 13/17)[0m
[1;33m2025-09-20 19:41:06 - Running prompt generation...[0m
PROMPT GENERATION COMPLETE - Prompt #30
[0;32m2025-09-20 19:41:27 - Completed prompt #30[0m
[0;34m2025-09-20 19:41:32 - Generating prompt #31 (Section 2, Prompt 14/17)[0m
[1;33m2025-09-20 19:41:32 - Running prompt generation...[0m
PROMPT GENERATION COMPLETE - Prompt #31
[0;32m2025-09-20 19:41:54 - Completed prompt #31[0m
[0;34m2025-09-20 19:41:59 - Generating prompt #32 (Section 2, Prompt 15/17)[0m
[1;33m2025-09-20 19:41:59 - Running prompt generation...[0m
PROMPT GENERATION COMPLETE - Prompt #32
[0;32m2025-09-20 19:42:20 - Completed prompt #32[0m
[0;34m2025-09-20 19:42:25 - Generating prompt #33 (Section 2, Prompt 16/17)[0m
[1;33m2025-09-20 19:42:25 - Running prompt generation...[0m
PROMPT GENERATION COMPLETE - Prompt #33
[0;32m2025-09-20 19:42:46 - Completed prompt #33[0m
[0;34m2025-09-20 19:42:51 - Generating prompt #34 (Section 2, Prompt 17/17)[0m
[1;33m2025-09-20 19:42:51 - Running prompt generation...[0m
PROMPT GENERATION COMPLETE - Prompt #34
[0;32m2025-09-20 19:43:15 - Completed prompt #34[0m
[0;34m2025-09-20 19:43:20 - Generating prompt #35 (Section 3, Prompt 1/17)[0m
[1;33m2025-09-20 19:43:20 - Running prompt generation...[0m
PROMPT GENERATION COMPLETE - Prompt #35
[0;32m2025-09-20 19:43:42 - Completed prompt #35[0m
[0;34m2025-09-20 19:43:47 - Generating prompt #36 (Section 3, Prompt 2/17)[0m
[1;33m2025-09-20 19:43:47 - Running prompt generation...[0m
PROMPT GENERATION COMPLETE - Prompt #36
[0;32m2025-09-20 19:44:07 - Completed prompt #36[0m
[0;34m2025-09-20 19:44:12 - Generating prompt #37 (Section 3, Prompt 3/17)[0m
[1;33m2025-09-20 19:44:12 - Running prompt generation...[0m
<invoke name="Edit">
<parameter name="file_path">/Users/ikim1/Documents/GitHub/templata-boat-maintenance/src/data/prompts-boat-maintenance.ts</parameter>
<parameter name="old_string">  {
    id: 'prompt-36',
    prompt: 'Perform a thorough inspection and lubrication of all steering components, controls, and throttle linkages to ensure smooth operation and identify wear before failure',
    category: 'action',
    helpText: 'Steering and throttle systems are critical for safe boat operation but are often overlooked until they bind or fail at the worst possible moment. Check steering cables for fraying, lubricate all pivot points and connections, and test full range of motion for both steering and throttle controls. This inspection identifies developing problems like stiff cables, worn bushings, or corroded connections before they cause complete system failure, ensuring you maintain full control of your vessel in all operating conditions.'
  }</parameter>
<parameter name="new_string">  {
    id: 'prompt-36',
    prompt: 'Perform a thorough inspection and lubrication of all steering components, controls, and throttle linkages to ensure smooth operation and identify wear before failure',
    category: 'action',
    helpText: 'Steering and throttle systems are critical for safe boat operation but are often overlooked until they bind or fail at the worst possible moment. Check steering cables for fraying, lubricate all pivot points and connections, and test full range of motion for both steering and throttle controls. This inspection identifies developing problems like stiff cables, worn bushings, or corroded connections before they cause complete system failure, ensuring you maintain full control of your vessel in all operating conditions.'
  },
  {
    id: 'prompt-37',
    prompt: 'Test and inspect your boat\'s bilge pump system including float switches, discharge hoses, and backup power sources to ensure reliable water removal capability',
    category: 'action',
    helpText: 'A functioning bilge pump system is your primary defense against taking on water and potential sinking, making this inspection absolutely critical for boat safety. Test both automatic and manual pump operation, check that float switches activate properly, inspect discharge hoses for clogs or damage, and verify battery backup systems are charged and connected. This proactive testing ensures your bilge system will work when needed most and helps you identify problems like clogged strainers, corroded connections, or worn impellers before they leave you vulnerable to water intrusion emergencies.'
  }</parameter>
</invoke>
[0;32m2025-09-20 19:44:31 - Completed prompt #37[0m
[0;34m2025-09-20 19:44:36 - Generating prompt #38 (Section 3, Prompt 4/17)[0m
[1;33m2025-09-20 19:44:36 - Running prompt generation...[0m
<invoke name="Edit">
<parameter name="file_path">/Users/ikim1/Documents/GitHub/templata-boat-maintenance/src/data/prompts-boat-maintenance.ts</parameter>
<parameter name="old_string">  {
    id: 'prompt-36',
    prompt: 'Perform a thorough inspection and lubrication of all steering components, controls, and throttle linkages to ensure smooth operation and identify wear before failure',
    category: 'action',
    helpText: 'Steering and throttle systems are critical for safe boat operation but are often overlooked until they bind or fail at the worst possible moment. Check steering cables for fraying, lubricate all pivot points and connections, and test full range of motion for both steering and throttle controls. This inspection identifies developing problems like stiff cables, worn bushings, or corroded connections before they cause complete system failure, ensuring you maintain full control of your vessel in all operating conditions.'
  }</parameter>
<parameter name="new_string">  {
    id: 'prompt-36',
    prompt: 'Perform a thorough inspection and lubrication of all steering components, controls, and throttle linkages to ensure smooth operation and identify wear before failure',
    category: 'action',
    helpText: 'Steering and throttle systems are critical for safe boat operation but are often overlooked until they bind or fail at the worst possible moment. Check steering cables for fraying, lubricate all pivot points and connections, and test full range of motion for both steering and throttle controls. This inspection identifies developing problems like stiff cables, worn bushings, or corroded connections before they cause complete system failure, ensuring you maintain full control of your vessel in all operating conditions.'
  },
  {
    id: 'prompt-38',
    prompt: 'Test and service your boat\'s bilge pump system, including automatic float switches, manual overrides, and backup power connections',
    category: 'action',
    helpText: 'A reliable bilge pump system is your first line of defense against water intrusion and can mean the difference between a minor inconvenience and losing your boat. Test automatic operation by lifting float switches, verify manual override controls function properly, and check that backup power sources are connected and charged. This testing ensures your bilge system will respond immediately to water intrusion from rain, waves, or small leaks, giving you confidence that your boat will stay afloat even when unattended.'
  }</parameter>
</invoke>
[0;32m2025-09-20 19:44:54 - Completed prompt #38[0m
[0;34m2025-09-20 19:44:59 - Generating prompt #39 (Section 3, Prompt 5/17)[0m
[1;33m2025-09-20 19:44:59 - Running prompt generation...[0m
PROMPT GENERATION COMPLETE - Prompt #39
[0;32m2025-09-20 19:45:27 - Completed prompt #39[0m
[0;34m2025-09-20 19:45:32 - Generating prompt #40 (Section 3, Prompt 6/17)[0m
[1;33m2025-09-20 19:45:32 - Running prompt generation...[0m
PROMPT GENERATION COMPLETE - Prompt #40
[0;32m2025-09-20 19:45:53 - Completed prompt #40[0m
[0;34m2025-09-20 19:45:58 - Generating prompt #41 (Section 3, Prompt 7/17)[0m
[1;33m2025-09-20 19:45:58 - Running prompt generation...[0m
PROMPT GENERATION COMPLETE - Prompt #41
[0;32m2025-09-20 19:46:20 - Completed prompt #41[0m
[0;34m2025-09-20 19:46:25 - Generating prompt #42 (Section 3, Prompt 8/17)[0m
[1;33m2025-09-20 19:46:25 - Running prompt generation...[0m
PROMPT GENERATION COMPLETE - Prompt #42
[0;32m2025-09-20 19:46:45 - Completed prompt #42[0m
[0;34m2025-09-20 19:46:50 - Generating prompt #43 (Section 3, Prompt 9/17)[0m
[1;33m2025-09-20 19:46:50 - Running prompt generation...[0m
PROMPT GENERATION COMPLETE - Prompt #43
[0;32m2025-09-20 19:47:13 - Completed prompt #43[0m
[0;34m2025-09-20 19:47:18 - Generating prompt #44 (Section 3, Prompt 10/17)[0m
[1;33m2025-09-20 19:47:18 - Running prompt generation...[0m
PROMPT GENERATION COMPLETE - Prompt #44
[0;32m2025-09-20 19:47:39 - Completed prompt #44[0m
[0;34m2025-09-20 19:47:44 - Generating prompt #45 (Section 3, Prompt 11/17)[0m
[1;33m2025-09-20 19:47:44 - Running prompt generation...[0m
PROMPT GENERATION COMPLETE - Prompt #45
[0;32m2025-09-20 19:48:07 - Completed prompt #45[0m
[0;34m2025-09-20 19:48:12 - Generating prompt #46 (Section 3, Prompt 12/17)[0m
[1;33m2025-09-20 19:48:12 - Running prompt generation...[0m
PROMPT GENERATION COMPLETE - Prompt #46
[0;32m2025-09-20 19:48:36 - Completed prompt #46[0m
[0;34m2025-09-20 19:48:41 - Generating prompt #47 (Section 3, Prompt 13/17)[0m
[1;33m2025-09-20 19:48:41 - Running prompt generation...[0m
PROMPT GENERATION COMPLETE - Prompt #47
[0;32m2025-09-20 19:49:04 - Completed prompt #47[0m
[0;34m2025-09-20 19:49:09 - Generating prompt #48 (Section 3, Prompt 14/17)[0m
[1;33m2025-09-20 19:49:09 - Running prompt generation...[0m
PROMPT GENERATION COMPLETE - Prompt #48
[0;32m2025-09-20 19:49:30 - Completed prompt #48[0m
[0;34m2025-09-20 19:49:35 - Generating prompt #49 (Section 3, Prompt 15/17)[0m
[1;33m2025-09-20 19:49:35 - Running prompt generation...[0m
PROMPT GENERATION COMPLETE - Prompt #49
[0;32m2025-09-20 19:49:56 - Completed prompt #49[0m
[0;34m2025-09-20 19:50:01 - Generating prompt #50 (Section 3, Prompt 16/17)[0m
[1;33m2025-09-20 19:50:01 - Running prompt generation...[0m
PROMPT GENERATION COMPLETE - Prompt #50
[0;32m2025-09-20 19:50:26 - Completed prompt #50[0m
[0;34m2025-09-20 19:50:31 - Generating prompt #51 (Section 3, Prompt 17/17)[0m
[1;33m2025-09-20 19:50:31 - Running prompt generation...[0m
PROMPT GENERATION COMPLETE - Prompt #51
[0;32m2025-09-20 19:50:51 - Completed prompt #51[0m
[0;34m2025-09-20 19:50:56 - Generating prompt #52 (Section 4, Prompt 1/17)[0m
[1;33m2025-09-20 19:50:56 - Running prompt generation...[0m
PROMPT GENERATION COMPLETE - Prompt #52
[0;32m2025-09-20 19:51:21 - Completed prompt #52[0m
[0;34m2025-09-20 19:51:26 - Generating prompt #53 (Section 4, Prompt 2/17)[0m
[1;33m2025-09-20 19:51:26 - Running prompt generation...[0m
PROMPT GENERATION COMPLETE - Prompt #53
[0;32m2025-09-20 19:51:46 - Completed prompt #53[0m
[0;34m2025-09-20 19:51:51 - Generating prompt #54 (Section 4, Prompt 3/17)[0m
[1;33m2025-09-20 19:51:51 - Running prompt generation...[0m
PROMPT GENERATION COMPLETE - Prompt #54
[0;32m2025-09-20 19:52:13 - Completed prompt #54[0m
[0;34m2025-09-20 19:52:18 - Generating prompt #55 (Section 4, Prompt 4/17)[0m
[1;33m2025-09-20 19:52:18 - Running prompt generation...[0m
PROMPT GENERATION COMPLETE - Prompt #55
[0;32m2025-09-20 19:52:41 - Completed prompt #55[0m
[0;34m2025-09-20 19:52:46 - Generating prompt #56 (Section 4, Prompt 5/17)[0m
[1;33m2025-09-20 19:52:46 - Running prompt generation...[0m
PROMPT GENERATION COMPLETE - Prompt #56
[0;32m2025-09-20 19:53:07 - Completed prompt #56[0m
[0;34m2025-09-20 19:53:12 - Generating prompt #57 (Section 4, Prompt 6/17)[0m
[1;33m2025-09-20 19:53:12 - Running prompt generation...[0m
PROMPT GENERATION COMPLETE - Prompt #57
[0;32m2025-09-20 19:53:33 - Completed prompt #57[0m
[0;34m2025-09-20 19:53:38 - Generating prompt #58 (Section 4, Prompt 7/17)[0m
[1;33m2025-09-20 19:53:38 - Running prompt generation...[0m
PROMPT GENERATION COMPLETE - Prompt #58
[0;32m2025-09-20 19:54:00 - Completed prompt #58[0m
[0;34m2025-09-20 19:54:05 - Generating prompt #59 (Section 4, Prompt 8/17)[0m
[1;33m2025-09-20 19:54:05 - Running prompt generation...[0m
PROMPT GENERATION COMPLETE - Prompt #59
[0;32m2025-09-20 19:54:26 - Completed prompt #59[0m
[0;34m2025-09-20 19:54:31 - Generating prompt #60 (Section 4, Prompt 9/17)[0m
[1;33m2025-09-20 19:54:31 - Running prompt generation...[0m
PROMPT GENERATION COMPLETE - Prompt #60
[0;32m2025-09-20 19:54:53 - Completed prompt #60[0m
[0;34m2025-09-20 19:54:58 - Generating prompt #61 (Section 4, Prompt 10/17)[0m
[1;33m2025-09-20 19:54:58 - Running prompt generation...[0m
PROMPT GENERATION COMPLETE - Prompt #61
[0;32m2025-09-20 19:55:20 - Completed prompt #61[0m
[0;34m2025-09-20 19:55:25 - Generating prompt #62 (Section 4, Prompt 11/17)[0m
[1;33m2025-09-20 19:55:25 - Running prompt generation...[0m
PROMPT GENERATION COMPLETE - Prompt #62
[0;32m2025-09-20 19:55:45 - Completed prompt #62[0m
[0;34m2025-09-20 19:55:51 - Generating prompt #63 (Section 4, Prompt 12/17)[0m
[1;33m2025-09-20 19:55:51 - Running prompt generation...[0m
PROMPT GENERATION COMPLETE - Prompt #63
[0;32m2025-09-20 19:56:13 - Completed prompt #63[0m
[0;34m2025-09-20 19:56:18 - Generating prompt #64 (Section 4, Prompt 13/17)[0m
[1;33m2025-09-20 19:56:18 - Running prompt generation...[0m
PROMPT GENERATION COMPLETE - Prompt #64
[0;32m2025-09-20 19:56:41 - Completed prompt #64[0m
[0;34m2025-09-20 19:56:46 - Generating prompt #65 (Section 4, Prompt 14/17)[0m
[1;33m2025-09-20 19:56:46 - Running prompt generation...[0m
PROMPT GENERATION COMPLETE - Prompt #65
[0;32m2025-09-20 19:57:07 - Completed prompt #65[0m
[0;34m2025-09-20 19:57:12 - Generating prompt #66 (Section 4, Prompt 15/17)[0m
[1;33m2025-09-20 19:57:12 - Running prompt generation...[0m
PROMPT GENERATION COMPLETE - Prompt #66
[0;32m2025-09-20 19:57:34 - Completed prompt #66[0m
[0;34m2025-09-20 19:57:39 - Generating prompt #67 (Section 4, Prompt 16/17)[0m
[1;33m2025-09-20 19:57:39 - Running prompt generation...[0m
PROMPT GENERATION COMPLETE - Prompt #67
[0;32m2025-09-20 19:57:59 - Completed prompt #67[0m
[0;34m2025-09-20 19:58:04 - Generating prompt #68 (Section 4, Prompt 17/17)[0m
[1;33m2025-09-20 19:58:04 - Running prompt generation...[0m
PROMPT GENERATION COMPLETE - Prompt #68
[0;32m2025-09-20 19:58:23 - Completed prompt #68[0m
[0;34m2025-09-20 19:58:29 - Generating prompt #69 (Section 5, Prompt 1/17)[0m
[1;33m2025-09-20 19:58:29 - Running prompt generation...[0m
PROMPT GENERATION COMPLETE - Prompt #69
[0;32m2025-09-20 19:59:02 - Completed prompt #69[0m
[0;34m2025-09-20 19:59:07 - Generating prompt #70 (Section 5, Prompt 2/17)[0m
[1;33m2025-09-20 19:59:07 - Running prompt generation...[0m
PROMPT GENERATION COMPLETE - Prompt #70
[0;32m2025-09-20 19:59:29 - Completed prompt #70[0m
[0;34m2025-09-20 19:59:34 - Generating prompt #71 (Section 5, Prompt 3/17)[0m
[1;33m2025-09-20 19:59:34 - Running prompt generation...[0m
PROMPT GENERATION COMPLETE - Prompt #71
[0;32m2025-09-20 19:59:54 - Completed prompt #71[0m
[0;34m2025-09-20 19:59:59 - Generating prompt #72 (Section 5, Prompt 4/17)[0m
[1;33m2025-09-20 19:59:59 - Running prompt generation...[0m
PROMPT GENERATION COMPLETE - Prompt #72
[0;32m2025-09-20 20:00:23 - Completed prompt #72[0m
[0;34m2025-09-20 20:00:28 - Generating prompt #73 (Section 5, Prompt 5/17)[0m
[1;33m2025-09-20 20:00:28 - Running prompt generation...[0m
PROMPT GENERATION COMPLETE - Prompt #73
[0;32m2025-09-20 20:00:50 - Completed prompt #73[0m
[0;34m2025-09-20 20:00:55 - Generating prompt #74 (Section 5, Prompt 6/17)[0m
[1;33m2025-09-20 20:00:55 - Running prompt generation...[0m
PROMPT GENERATION COMPLETE - Prompt #74
[0;32m2025-09-20 20:01:16 - Completed prompt #74[0m
[0;34m2025-09-20 20:01:21 - Generating prompt #75 (Section 5, Prompt 7/17)[0m
[1;33m2025-09-20 20:01:21 - Running prompt generation...[0m
PROMPT GENERATION COMPLETE - Prompt #75
[0;32m2025-09-20 20:01:42 - Completed prompt #75[0m
[0;34m2025-09-20 20:01:48 - Generating prompt #76 (Section 5, Prompt 8/17)[0m
[1;33m2025-09-20 20:01:48 - Running prompt generation...[0m
PROMPT GENERATION COMPLETE - Prompt #76
[0;32m2025-09-20 20:02:10 - Completed prompt #76[0m
[0;34m2025-09-20 20:02:15 - Generating prompt #77 (Section 5, Prompt 9/17)[0m
[1;33m2025-09-20 20:02:15 - Running prompt generation...[0m
PROMPT GENERATION COMPLETE - Prompt #77
[0;32m2025-09-20 20:02:37 - Completed prompt #77[0m
[0;34m2025-09-20 20:02:42 - Generating prompt #78 (Section 5, Prompt 10/17)[0m
[1;33m2025-09-20 20:02:42 - Running prompt generation...[0m
PROMPT GENERATION COMPLETE - Prompt #78
[0;32m2025-09-20 20:03:07 - Completed prompt #78[0m
[0;34m2025-09-20 20:03:12 - Generating prompt #79 (Section 5, Prompt 11/17)[0m
[1;33m2025-09-20 20:03:12 - Running prompt generation...[0m
PROMPT GENERATION COMPLETE - Prompt #79
[0;32m2025-09-20 20:03:35 - Completed prompt #79[0m
[0;34m2025-09-20 20:03:40 - Generating prompt #80 (Section 5, Prompt 12/17)[0m
[1;33m2025-09-20 20:03:40 - Running prompt generation...[0m
PROMPT GENERATION COMPLETE - Prompt #80
[0;32m2025-09-20 20:04:03 - Completed prompt #80[0m
[0;34m2025-09-20 20:04:08 - Generating prompt #81 (Section 5, Prompt 13/17)[0m
[1;33m2025-09-20 20:04:08 - Running prompt generation...[0m
PROMPT GENERATION COMPLETE - Prompt #81
[0;32m2025-09-20 20:04:30 - Completed prompt #81[0m
[0;34m2025-09-20 20:04:35 - Generating prompt #82 (Section 5, Prompt 14/17)[0m
[1;33m2025-09-20 20:04:35 - Running prompt generation...[0m
PROMPT GENERATION COMPLETE - Prompt #82
[0;32m2025-09-20 20:04:57 - Completed prompt #82[0m
[0;34m2025-09-20 20:05:02 - Generating prompt #83 (Section 5, Prompt 15/17)[0m
[1;33m2025-09-20 20:05:02 - Running prompt generation...[0m
PROMPT GENERATION COMPLETE - Prompt #83
[0;32m2025-09-20 20:05:23 - Completed prompt #83[0m
[0;34m2025-09-20 20:05:28 - Generating prompt #84 (Section 5, Prompt 16/17)[0m
[1;33m2025-09-20 20:05:28 - Running prompt generation...[0m
PROMPT GENERATION COMPLETE - Prompt #84
[0;32m2025-09-20 20:05:50 - Completed prompt #84[0m
[0;34m2025-09-20 20:05:55 - Generating prompt #85 (Section 5, Prompt 17/17)[0m
[1;33m2025-09-20 20:05:55 - Running prompt generation...[0m
PROMPT GENERATION COMPLETE - Prompt #85
[0;32m2025-09-20 20:06:17 - Completed prompt #85[0m
[0;34m2025-09-20 20:06:22 - Generating prompt #86 (Section 6, Prompt 1/17)[0m
[1;33m2025-09-20 20:06:22 - Running prompt generation...[0m
5-hour limit reached ∙ resets 12am
[0;32m2025-09-20 20:06:28 - Completed prompt #86[0m
[0;34m2025-09-20 20:06:33 - Generating prompt #87 (Section 6, Prompt 2/17)[0m
[1;33m2025-09-20 20:06:33 - Running prompt generation...[0m
5-hour limit reached ∙ resets 12am
[0;32m2025-09-20 20:06:41 - Completed prompt #87[0m
[0;34m2025-09-20 20:06:46 - Generating prompt #88 (Section 6, Prompt 3/17)[0m
[1;33m2025-09-20 20:06:46 - Running prompt generation...[0m
5-hour limit reached ∙ resets 12am
[0;32m2025-09-20 20:06:52 - Completed prompt #88[0m
[0;34m2025-09-20 20:06:57 - Generating prompt #89 (Section 6, Prompt 4/17)[0m
[1;33m2025-09-20 20:06:57 - Running prompt generation...[0m
5-hour limit reached ∙ resets 12am
[0;32m2025-09-20 20:07:04 - Completed prompt #89[0m
[0;34m2025-09-20 20:07:09 - Generating prompt #90 (Section 6, Prompt 5/17)[0m
[1;33m2025-09-20 20:07:09 - Running prompt generation...[0m
5-hour limit reached ∙ resets 12am
[0;32m2025-09-20 20:07:15 - Completed prompt #90[0m
[0;34m2025-09-20 20:07:20 - Generating prompt #91 (Section 6, Prompt 6/17)[0m
[1;33m2025-09-20 20:07:20 - Running prompt generation...[0m
5-hour limit reached ∙ resets 12am
[0;32m2025-09-20 20:07:26 - Completed prompt #91[0m
[0;34m2025-09-20 20:07:31 - Generating prompt #92 (Section 6, Prompt 7/17)[0m
[1;33m2025-09-20 20:07:31 - Running prompt generation...[0m
5-hour limit reached ∙ resets 12am
[0;32m2025-09-20 20:07:37 - Completed prompt #92[0m
[0;34m2025-09-20 20:07:42 - Generating prompt #93 (Section 6, Prompt 8/17)[0m
[1;33m2025-09-20 20:07:42 - Running prompt generation...[0m
5-hour limit reached ∙ resets 12am
[0;32m2025-09-20 20:07:48 - Completed prompt #93[0m
[0;34m2025-09-20 20:07:53 - Generating prompt #94 (Section 6, Prompt 9/17)[0m
[1;33m2025-09-20 20:07:53 - Running prompt generation...[0m
5-hour limit reached ∙ resets 12am
[0;32m2025-09-20 20:08:00 - Completed prompt #94[0m
[0;34m2025-09-20 20:08:05 - Generating prompt #95 (Section 6, Prompt 10/17)[0m
[1;33m2025-09-20 20:08:05 - Running prompt generation...[0m
5-hour limit reached ∙ resets 12am
[0;32m2025-09-20 20:08:12 - Completed prompt #95[0m
[0;34m2025-09-20 20:08:17 - Generating prompt #96 (Section 6, Prompt 11/17)[0m
[1;33m2025-09-20 20:08:17 - Running prompt generation...[0m
5-hour limit reached ∙ resets 12am
[0;32m2025-09-20 20:08:25 - Completed prompt #96[0m
[0;34m2025-09-20 20:08:30 - Generating prompt #97 (Section 6, Prompt 12/17)[0m
[1;33m2025-09-20 20:08:30 - Running prompt generation...[0m
5-hour limit reached ∙ resets 12am
[0;32m2025-09-20 20:08:38 - Completed prompt #97[0m
[0;34m2025-09-20 20:08:43 - Generating prompt #98 (Section 6, Prompt 13/17)[0m
[1;33m2025-09-20 20:08:43 - Running prompt generation...[0m
5-hour limit reached ∙ resets 12am
[0;32m2025-09-20 20:08:50 - Completed prompt #98[0m
[0;34m2025-09-20 20:08:55 - Generating prompt #99 (Section 6, Prompt 14/17)[0m
[1;33m2025-09-20 20:08:55 - Running prompt generation...[0m
5-hour limit reached ∙ resets 12am
[0;32m2025-09-20 20:09:02 - Completed prompt #99[0m
[0;34m2025-09-20 20:09:07 - Generating prompt #100 (Section 6, Prompt 15/17)[0m
[1;33m2025-09-20 20:09:07 - Running prompt generation...[0m
5-hour limit reached ∙ resets 12am
[0;32m2025-09-20 20:09:14 - Completed prompt #100[0m
[0;34m2025-09-20 20:09:19 - Generating prompt #101 (Section 6, Prompt 16/17)[0m
[1;33m2025-09-20 20:09:19 - Running prompt generation...[0m
5-hour limit reached ∙ resets 12am
[0;32m2025-09-20 20:09:25 - Completed prompt #101[0m
[0;34m2025-09-20 20:09:30 - Generating prompt #102 (Section 6, Prompt 17/17)[0m
[1;33m2025-09-20 20:09:30 - Running prompt generation...[0m
5-hour limit reached ∙ resets 12am
[0;32m2025-09-20 20:09:36 - Completed prompt #102[0m
[0;34m2025-09-21 00:04:29 - Starting Prompt Generation Cycle for template: boat-maintenance[0m
[0;32m2025-09-21 00:04:29 - Using existing worktree: ../templata-boat-maintenance[0m
[0;34m2025-09-21 00:08:01 - Starting Prompt Generation Cycle for template: boat-maintenance[0m
[0;32m2025-09-21 00:08:01 - Using existing worktree: ../templata-boat-maintenance[0m
[0;34m2025-09-21 00:14:37 - Starting Prompt Generation Cycle for template: boat-maintenance[0m
[0;32m2025-09-21 00:14:37 - Using existing worktree: ../templata-boat-maintenance[0m
[0;34m2025-09-21 00:14:37 - Generating prompt #84 (Section 5, Prompt 16/17)[0m
[1;33m2025-09-21 00:14:37 - Running prompt generation...[0m
PROMPT GENERATION COMPLETE - Prompt #84
[0;32m2025-09-21 00:15:26 - Completed prompt #84[0m
[0;34m2025-09-21 00:15:31 - Generating prompt #85 (Section 5, Prompt 17/17)[0m
[1;33m2025-09-21 00:15:31 - Running prompt generation...[0m
PROMPT GENERATION COMPLETE - Prompt #85
[0;32m2025-09-21 00:15:50 - Completed prompt #85[0m
[0;34m2025-09-21 00:15:55 - Generating prompt #86 (Section 6, Prompt 1/17)[0m
[1;33m2025-09-21 00:15:55 - Running prompt generation...[0m
PROMPT GENERATION COMPLETE - Prompt #86
[0;32m2025-09-21 00:16:18 - Completed prompt #86[0m
[0;34m2025-09-21 00:16:23 - Generating prompt #87 (Section 6, Prompt 2/17)[0m
[1;33m2025-09-21 00:16:23 - Running prompt generation...[0m
PROMPT GENERATION COMPLETE - Prompt #87
[0;32m2025-09-21 00:16:42 - Completed prompt #87[0m
[0;34m2025-09-21 00:16:47 - Generating prompt #88 (Section 6, Prompt 3/17)[0m
[1;33m2025-09-21 00:16:47 - Running prompt generation...[0m
PROMPT GENERATION COMPLETE - Prompt #88
[0;32m2025-09-21 00:17:08 - Completed prompt #88[0m
[0;34m2025-09-21 00:17:13 - Generating prompt #89 (Section 6, Prompt 4/17)[0m
[1;33m2025-09-21 00:17:13 - Running prompt generation...[0m
PROMPT GENERATION COMPLETE - Prompt #89
[0;32m2025-09-21 00:17:34 - Completed prompt #89[0m
[0;34m2025-09-21 00:17:40 - Generating prompt #90 (Section 6, Prompt 5/17)[0m
[1;33m2025-09-21 00:17:40 - Running prompt generation...[0m
PROMPT GENERATION COMPLETE - Prompt #90
[0;32m2025-09-21 00:18:20 - Completed prompt #90[0m
[0;34m2025-09-21 00:18:26 - Generating prompt #91 (Section 6, Prompt 6/17)[0m
[1;33m2025-09-21 00:18:26 - Running prompt generation...[0m
PROMPT GENERATION COMPLETE - Prompt #91
[0;32m2025-09-21 00:19:01 - Completed prompt #91[0m
[0;34m2025-09-21 00:19:06 - Generating prompt #92 (Section 6, Prompt 7/17)[0m
[1;33m2025-09-21 00:19:06 - Running prompt generation...[0m
PROMPT GENERATION COMPLETE - Prompt #92
[0;32m2025-09-21 00:19:46 - Completed prompt #92[0m
[0;34m2025-09-21 00:19:51 - Generating prompt #93 (Section 6, Prompt 8/17)[0m
[1;33m2025-09-21 00:19:51 - Running prompt generation...[0m
PROMPT GENERATION COMPLETE - Prompt #93
[0;32m2025-09-21 00:20:21 - Completed prompt #93[0m
[0;34m2025-09-21 00:20:26 - Generating prompt #94 (Section 6, Prompt 9/17)[0m
[1;33m2025-09-21 00:20:27 - Running prompt generation...[0m
PROMPT GENERATION COMPLETE - Prompt #94
[0;32m2025-09-21 00:20:56 - Completed prompt #94[0m
[0;34m2025-09-21 00:21:01 - Generating prompt #95 (Section 6, Prompt 10/17)[0m
[1;33m2025-09-21 00:21:01 - Running prompt generation...[0m
PROMPT GENERATION COMPLETE - Prompt #95
[0;32m2025-09-21 00:21:23 - Completed prompt #95[0m
[0;34m2025-09-21 00:21:28 - Generating prompt #96 (Section 6, Prompt 11/17)[0m
[1;33m2025-09-21 00:21:29 - Running prompt generation...[0m
PROMPT GENERATION COMPLETE - Prompt #96
[0;32m2025-09-21 00:21:57 - Completed prompt #96[0m
[0;34m2025-09-21 00:22:02 - Generating prompt #97 (Section 6, Prompt 12/17)[0m
[1;33m2025-09-21 00:22:02 - Running prompt generation...[0m
PROMPT GENERATION COMPLETE - Prompt #97
[0;32m2025-09-21 00:22:26 - Completed prompt #97[0m
[0;34m2025-09-21 00:22:31 - Generating prompt #98 (Section 6, Prompt 13/17)[0m
[1;33m2025-09-21 00:22:31 - Running prompt generation...[0m
PROMPT GENERATION COMPLETE - Prompt #98
[0;32m2025-09-21 00:22:53 - Completed prompt #98[0m
[0;34m2025-09-21 00:22:58 - Generating prompt #99 (Section 6, Prompt 14/17)[0m
[1;33m2025-09-21 00:22:58 - Running prompt generation...[0m
PROMPT GENERATION COMPLETE - Prompt #99
[0;32m2025-09-21 00:23:18 - Completed prompt #99[0m
[0;34m2025-09-21 00:23:23 - Generating prompt #100 (Section 6, Prompt 15/17)[0m
[1;33m2025-09-21 00:23:23 - Running prompt generation...[0m
PROMPT GENERATION COMPLETE - Prompt #100
[0;32m2025-09-21 00:23:44 - Completed prompt #100[0m
[0;34m2025-09-21 00:23:49 - Generating prompt #101 (Section 6, Prompt 16/17)[0m
[1;33m2025-09-21 00:23:49 - Running prompt generation...[0m
PROMPT GENERATION COMPLETE - Prompt #101
[0;32m2025-09-21 00:24:12 - Completed prompt #101[0m
[0;34m2025-09-21 00:24:17 - Generating prompt #102 (Section 6, Prompt 17/17)[0m
[1;33m2025-09-21 00:24:17 - Running prompt generation...[0m
PROMPT GENERATION COMPLETE - Prompt #102
[0;32m2025-09-21 00:24:41 - Completed prompt #102[0m
