[0;34m2025-09-21 14:07:04 - Starting Prompt Generation Cycle for template: technology-digital[0m
[1;33m2025-09-21 14:07:04 - Override flag detected - resetting progress and recreating files[0m
[0;32m2025-09-21 14:07:04 - Progress reset to 0 for template: technology-digital[0m
[0;32m2025-09-21 14:07:04 - Using existing worktree: ../templata-technology-digital[0m
[1;33m2025-09-21 14:07:04 - Creating template prompt file: prompts-technology-digital.ts[0m
[0;32m2025-09-21 14:07:05 - Created template prompt file: ../templata-technology-digital/src/data/prompts-technology-digital.ts[0m
[0;34m2025-09-21 14:07:05 - Generating prompt #1 (Section 1, Prompt 1/17)[0m
[1;33m2025-09-21 14:07:05 - Running prompt generation...[0m
PROMPT GENERATION COMPLETE - Prompt #1
[0;32m2025-09-21 14:07:35 - Completed prompt #1[0m
[0;34m2025-09-21 14:07:40 - Generating prompt #2 (Section 1, Prompt 2/17)[0m
[1;33m2025-09-21 14:07:40 - Running prompt generation...[0m
PROMPT GENERATION COMPLETE - Prompt #2
[0;32m2025-09-21 14:08:07 - Completed prompt #2[0m
[0;34m2025-09-21 14:08:12 - Generating prompt #3 (Section 1, Prompt 3/17)[0m
[1;33m2025-09-21 14:08:12 - Running prompt generation...[0m
PROMPT GENERATION COMPLETE - Prompt #3
[0;32m2025-09-21 14:08:33 - Completed prompt #3[0m
[0;34m2025-09-21 14:08:38 - Generating prompt #4 (Section 1, Prompt 4/17)[0m
[1;33m2025-09-21 14:08:38 - Running prompt generation...[0m
PROMPT GENERATION COMPLETE - Prompt #4
[0;32m2025-09-21 14:09:00 - Completed prompt #4[0m
[0;34m2025-09-21 14:09:05 - Generating prompt #5 (Section 1, Prompt 5/17)[0m
[1;33m2025-09-21 14:09:05 - Running prompt generation...[0m
PROMPT GENERATION COMPLETE - Prompt #5
[0;32m2025-09-21 14:09:27 - Completed prompt #5[0m
[0;34m2025-09-21 14:09:32 - Generating prompt #6 (Section 1, Prompt 6/17)[0m
[1;33m2025-09-21 14:09:32 - Running prompt generation...[0m
PROMPT GENERATION COMPLETE - Prompt #6
[0;32m2025-09-21 14:09:51 - Completed prompt #6[0m
[0;34m2025-09-21 14:09:56 - Generating prompt #7 (Section 1, Prompt 7/17)[0m
[1;33m2025-09-21 14:09:56 - Running prompt generation...[0m
PROMPT GENERATION COMPLETE - Prompt #7
[0;32m2025-09-21 14:10:19 - Completed prompt #7[0m
[0;34m2025-09-21 14:10:24 - Generating prompt #8 (Section 1, Prompt 8/17)[0m
[1;33m2025-09-21 14:10:24 - Running prompt generation...[0m
PROMPT GENERATION COMPLETE - Prompt #8
[0;32m2025-09-21 14:10:44 - Completed prompt #8[0m
[0;34m2025-09-21 14:10:49 - Generating prompt #9 (Section 1, Prompt 9/17)[0m
[1;33m2025-09-21 14:10:49 - Running prompt generation...[0m
PROMPT GENERATION COMPLETE - Prompt #9
[0;32m2025-09-21 14:11:12 - Completed prompt #9[0m
[0;34m2025-09-21 14:11:17 - Generating prompt #10 (Section 1, Prompt 10/17)[0m
[1;33m2025-09-21 14:11:17 - Running prompt generation...[0m
PROMPT GENERATION COMPLETE - Prompt #10
[0;32m2025-09-21 14:11:39 - Completed prompt #10[0m
[0;34m2025-09-21 14:11:44 - Generating prompt #11 (Section 1, Prompt 11/17)[0m
[1;33m2025-09-21 14:11:44 - Running prompt generation...[0m
PROMPT GENERATION COMPLETE - Prompt #11
[0;32m2025-09-21 14:12:06 - Completed prompt #11[0m
[0;34m2025-09-21 14:12:11 - Generating prompt #12 (Section 1, Prompt 12/17)[0m
[1;33m2025-09-21 14:12:11 - Running prompt generation...[0m
PROMPT GENERATION COMPLETE - Prompt #12
[0;32m2025-09-21 14:12:35 - Completed prompt #12[0m
[0;34m2025-09-21 14:12:40 - Generating prompt #13 (Section 1, Prompt 13/17)[0m
[1;33m2025-09-21 14:12:40 - Running prompt generation...[0m
PROMPT GENERATION COMPLETE - Prompt #13
[0;32m2025-09-21 14:13:01 - Completed prompt #13[0m
[0;34m2025-09-21 14:13:06 - Generating prompt #14 (Section 1, Prompt 14/17)[0m
[1;33m2025-09-21 14:13:07 - Running prompt generation...[0m
PROMPT GENERATION COMPLETE - Prompt #14
[0;32m2025-09-21 14:13:27 - Completed prompt #14[0m
[0;34m2025-09-21 14:13:32 - Generating prompt #15 (Section 1, Prompt 15/17)[0m
[1;33m2025-09-21 14:13:32 - Running prompt generation...[0m
PROMPT GENERATION COMPLETE - Prompt #15
[0;32m2025-09-21 14:13:53 - Completed prompt #15[0m
[0;34m2025-09-21 14:13:58 - Generating prompt #16 (Section 1, Prompt 16/17)[0m
[1;33m2025-09-21 14:13:58 - Running prompt generation...[0m
PROMPT GENERATION COMPLETE - Prompt #16
[0;32m2025-09-21 14:14:21 - Completed prompt #16[0m
[0;34m2025-09-21 14:14:26 - Generating prompt #17 (Section 1, Prompt 17/17)[0m
[1;33m2025-09-21 14:14:26 - Running prompt generation...[0m
PROMPT GENERATION COMPLETE - Prompt #17
[0;32m2025-09-21 14:14:48 - Completed prompt #17[0m
[0;34m2025-09-21 14:14:53 - Generating prompt #18 (Section 2, Prompt 1/17)[0m
[1;33m2025-09-21 14:14:53 - Running prompt generation...[0m
PROMPT GENERATION COMPLETE - Prompt #18
[0;32m2025-09-21 14:15:13 - Completed prompt #18[0m
[0;34m2025-09-21 14:15:18 - Generating prompt #19 (Section 2, Prompt 2/17)[0m
[1;33m2025-09-21 14:15:18 - Running prompt generation...[0m
PROMPT GENERATION COMPLETE - Prompt #19
[0;32m2025-09-21 14:15:40 - Completed prompt #19[0m
[0;34m2025-09-21 14:15:45 - Generating prompt #20 (Section 2, Prompt 3/17)[0m
[1;33m2025-09-21 14:15:45 - Running prompt generation...[0m
PROMPT GENERATION COMPLETE - Prompt #20
[0;32m2025-09-21 14:16:04 - Completed prompt #20[0m
[0;34m2025-09-21 14:16:09 - Generating prompt #21 (Section 2, Prompt 4/17)[0m
[1;33m2025-09-21 14:16:09 - Running prompt generation...[0m
PROMPT GENERATION COMPLETE - Prompt #21
[0;32m2025-09-21 14:16:30 - Completed prompt #21[0m
[0;34m2025-09-21 14:16:35 - Generating prompt #22 (Section 2, Prompt 5/17)[0m
[1;33m2025-09-21 14:16:35 - Running prompt generation...[0m
PROMPT GENERATION COMPLETE - Prompt #22
[0;32m2025-09-21 14:16:55 - Completed prompt #22[0m
[0;34m2025-09-21 14:17:00 - Generating prompt #23 (Section 2, Prompt 6/17)[0m
[1;33m2025-09-21 14:17:00 - Running prompt generation...[0m
PROMPT GENERATION COMPLETE - Prompt #23
[0;32m2025-09-21 14:17:21 - Completed prompt #23[0m
[0;34m2025-09-21 14:17:26 - Generating prompt #24 (Section 2, Prompt 7/17)[0m
[1;33m2025-09-21 14:17:26 - Running prompt generation...[0m
PROMPT GENERATION COMPLETE - Prompt #24
[0;32m2025-09-21 14:17:51 - Completed prompt #24[0m
[0;34m2025-09-21 14:17:56 - Generating prompt #25 (Section 2, Prompt 8/17)[0m
[1;33m2025-09-21 14:17:56 - Running prompt generation...[0m
PROMPT GENERATION COMPLETE - Prompt #25
[0;32m2025-09-21 14:18:17 - Completed prompt #25[0m
[0;34m2025-09-21 14:18:22 - Generating prompt #26 (Section 2, Prompt 9/17)[0m
[1;33m2025-09-21 14:18:22 - Running prompt generation...[0m
PROMPT GENERATION COMPLETE - Prompt #26
[0;32m2025-09-21 14:18:43 - Completed prompt #26[0m
[0;34m2025-09-21 14:18:48 - Generating prompt #27 (Section 2, Prompt 10/17)[0m
[1;33m2025-09-21 14:18:48 - Running prompt generation...[0m
PROMPT GENERATION COMPLETE - Prompt #27
[0;32m2025-09-21 14:19:11 - Completed prompt #27[0m
[0;34m2025-09-21 14:19:16 - Generating prompt #28 (Section 2, Prompt 11/17)[0m
[1;33m2025-09-21 14:19:16 - Running prompt generation...[0m
PROMPT GENERATION COMPLETE - Prompt #28
[0;32m2025-09-21 14:19:38 - Completed prompt #28[0m
[0;34m2025-09-21 14:19:43 - Generating prompt #29 (Section 2, Prompt 12/17)[0m
[1;33m2025-09-21 14:19:43 - Running prompt generation...[0m
PROMPT GENERATION COMPLETE - Prompt #29
[0;32m2025-09-21 14:20:11 - Completed prompt #29[0m
[0;34m2025-09-21 14:20:16 - Generating prompt #30 (Section 2, Prompt 13/17)[0m
[1;33m2025-09-21 14:20:16 - Running prompt generation...[0m
PROMPT GENERATION COMPLETE - Prompt #30
[0;32m2025-09-21 14:20:36 - Completed prompt #30[0m
[0;34m2025-09-21 14:20:41 - Generating prompt #31 (Section 2, Prompt 14/17)[0m
[1;33m2025-09-21 14:20:41 - Running prompt generation...[0m
PROMPT GENERATION COMPLETE - Prompt #31
[0;32m2025-09-21 14:21:02 - Completed prompt #31[0m
[0;34m2025-09-21 14:21:07 - Generating prompt #32 (Section 2, Prompt 15/17)[0m
[1;33m2025-09-21 14:21:07 - Running prompt generation...[0m
PROMPT GENERATION COMPLETE - Prompt #32
[0;32m2025-09-21 14:21:27 - Completed prompt #32[0m
[0;34m2025-09-21 14:21:32 - Generating prompt #33 (Section 2, Prompt 16/17)[0m
[1;33m2025-09-21 14:21:32 - Running prompt generation...[0m
PROMPT GENERATION COMPLETE - Prompt #33
[0;32m2025-09-21 14:21:56 - Completed prompt #33[0m
[0;34m2025-09-21 14:22:01 - Generating prompt #34 (Section 2, Prompt 17/17)[0m
[1;33m2025-09-21 14:22:01 - Running prompt generation...[0m
PROMPT GENERATION COMPLETE - Prompt #34
[0;32m2025-09-21 14:22:24 - Completed prompt #34[0m
[0;34m2025-09-21 14:22:29 - Generating prompt #35 (Section 3, Prompt 1/17)[0m
[1;33m2025-09-21 14:22:29 - Running prompt generation...[0m
PROMPT GENERATION COMPLETE - Prompt #35
[0;32m2025-09-21 14:22:52 - Completed prompt #35[0m
[0;34m2025-09-21 14:22:57 - Generating prompt #36 (Section 3, Prompt 2/17)[0m
[1;33m2025-09-21 14:22:57 - Running prompt generation...[0m
PROMPT GENERATION COMPLETE - Prompt #36
[0;32m2025-09-21 14:23:20 - Completed prompt #36[0m
[0;34m2025-09-21 14:23:25 - Generating prompt #37 (Section 3, Prompt 3/17)[0m
[1;33m2025-09-21 14:23:25 - Running prompt generation...[0m
PROMPT GENERATION COMPLETE - Prompt #37
[0;32m2025-09-21 14:23:47 - Completed prompt #37[0m
[0;34m2025-09-21 14:23:52 - Generating prompt #38 (Section 3, Prompt 4/17)[0m
[1;33m2025-09-21 14:23:52 - Running prompt generation...[0m
PROMPT GENERATION COMPLETE - Prompt #38
[0;32m2025-09-21 14:24:15 - Completed prompt #38[0m
[0;34m2025-09-21 14:24:21 - Generating prompt #39 (Section 3, Prompt 5/17)[0m
[1;33m2025-09-21 14:24:21 - Running prompt generation...[0m
PROMPT GENERATION COMPLETE - Prompt #39
[0;32m2025-09-21 14:24:42 - Completed prompt #39[0m
[0;34m2025-09-21 14:24:47 - Generating prompt #40 (Section 3, Prompt 6/17)[0m
[1;33m2025-09-21 14:24:47 - Running prompt generation...[0m
PROMPT GENERATION COMPLETE - Prompt #40
[0;32m2025-09-21 14:25:10 - Completed prompt #40[0m
[0;34m2025-09-21 14:25:15 - Generating prompt #41 (Section 3, Prompt 7/17)[0m
[1;33m2025-09-21 14:25:15 - Running prompt generation...[0m
PROMPT GENERATION COMPLETE - Prompt #41
[0;32m2025-09-21 14:25:37 - Completed prompt #41[0m
[0;34m2025-09-21 14:25:42 - Generating prompt #42 (Section 3, Prompt 8/17)[0m
[1;33m2025-09-21 14:25:42 - Running prompt generation...[0m
PROMPT GENERATION COMPLETE - Prompt #42
[0;32m2025-09-21 14:26:04 - Completed prompt #42[0m
[0;34m2025-09-21 14:26:09 - Generating prompt #43 (Section 3, Prompt 9/17)[0m
[1;33m2025-09-21 14:26:09 - Running prompt generation...[0m
PROMPT GENERATION COMPLETE - Prompt #43
[0;32m2025-09-21 14:26:32 - Completed prompt #43[0m
[0;34m2025-09-21 14:26:37 - Generating prompt #44 (Section 3, Prompt 10/17)[0m
[1;33m2025-09-21 14:26:37 - Running prompt generation...[0m
PROMPT GENERATION COMPLETE - Prompt #44
[0;32m2025-09-21 14:26:59 - Completed prompt #44[0m
[0;34m2025-09-21 14:27:04 - Generating prompt #45 (Section 3, Prompt 11/17)[0m
[1;33m2025-09-21 14:27:04 - Running prompt generation...[0m
PROMPT GENERATION COMPLETE - Prompt #45
[0;32m2025-09-21 14:27:25 - Completed prompt #45[0m
[0;34m2025-09-21 14:27:30 - Generating prompt #46 (Section 3, Prompt 12/17)[0m
[1;33m2025-09-21 14:27:30 - Running prompt generation...[0m
PROMPT GENERATION COMPLETE - Prompt #46
[0;32m2025-09-21 14:27:50 - Completed prompt #46[0m
[0;34m2025-09-21 14:27:55 - Generating prompt #47 (Section 3, Prompt 13/17)[0m
[1;33m2025-09-21 14:27:55 - Running prompt generation...[0m
PROMPT GENERATION COMPLETE - Prompt #47
[0;32m2025-09-21 14:28:15 - Completed prompt #47[0m
[0;34m2025-09-21 14:28:20 - Generating prompt #48 (Section 3, Prompt 14/17)[0m
[1;33m2025-09-21 14:28:20 - Running prompt generation...[0m
PROMPT GENERATION COMPLETE - Prompt #48
[0;32m2025-09-21 14:28:41 - Completed prompt #48[0m
[0;34m2025-09-21 14:28:46 - Generating prompt #49 (Section 3, Prompt 15/17)[0m
[1;33m2025-09-21 14:28:46 - Running prompt generation...[0m
PROMPT GENERATION COMPLETE - Prompt #49
[0;32m2025-09-21 14:29:05 - Completed prompt #49[0m
[0;34m2025-09-21 14:29:10 - Generating prompt #50 (Section 3, Prompt 16/17)[0m
[1;33m2025-09-21 14:29:10 - Running prompt generation...[0m
PROMPT GENERATION COMPLETE - Prompt #50
[0;32m2025-09-21 14:29:35 - Completed prompt #50[0m
[0;34m2025-09-21 14:29:40 - Generating prompt #51 (Section 3, Prompt 17/17)[0m
[1;33m2025-09-21 14:29:40 - Running prompt generation...[0m
PROMPT GENERATION COMPLETE - Prompt #51
[0;32m2025-09-21 14:30:05 - Completed prompt #51[0m
[0;34m2025-09-21 14:30:10 - Generating prompt #52 (Section 4, Prompt 1/17)[0m
[1;33m2025-09-21 14:30:10 - Running prompt generation...[0m
PROMPT GENERATION COMPLETE - Prompt #52
[0;32m2025-09-21 14:30:33 - Completed prompt #52[0m
[0;34m2025-09-21 14:30:38 - Generating prompt #53 (Section 4, Prompt 2/17)[0m
[1;33m2025-09-21 14:30:38 - Running prompt generation...[0m
PROMPT GENERATION COMPLETE - Prompt #53
[0;32m2025-09-21 14:31:04 - Completed prompt #53[0m
[0;34m2025-09-21 14:31:09 - Generating prompt #54 (Section 4, Prompt 3/17)[0m
[1;33m2025-09-21 14:31:09 - Running prompt generation...[0m
PROMPT GENERATION COMPLETE - Prompt #54
[0;32m2025-09-21 14:31:30 - Completed prompt #54[0m
[0;34m2025-09-21 14:31:35 - Generating prompt #55 (Section 4, Prompt 4/17)[0m
[1;33m2025-09-21 14:31:35 - Running prompt generation...[0m
PROMPT GENERATION COMPLETE - Prompt #55
[0;32m2025-09-21 14:32:00 - Completed prompt #55[0m
[0;34m2025-09-21 14:32:05 - Generating prompt #56 (Section 4, Prompt 5/17)[0m
[1;33m2025-09-21 14:32:05 - Running prompt generation...[0m
PROMPT GENERATION COMPLETE - Prompt #56
[0;32m2025-09-21 14:32:26 - Completed prompt #56[0m
[0;34m2025-09-21 14:32:31 - Generating prompt #57 (Section 4, Prompt 6/17)[0m
[1;33m2025-09-21 14:32:31 - Running prompt generation...[0m
PROMPT GENERATION COMPLETE - Prompt #57
[0;32m2025-09-21 14:32:53 - Completed prompt #57[0m
[0;34m2025-09-21 14:32:58 - Generating prompt #58 (Section 4, Prompt 7/17)[0m
[1;33m2025-09-21 14:32:58 - Running prompt generation...[0m
PROMPT GENERATION COMPLETE - Prompt #58
[0;32m2025-09-21 14:33:20 - Completed prompt #58[0m
[0;34m2025-09-21 14:33:25 - Generating prompt #59 (Section 4, Prompt 8/17)[0m
[1;33m2025-09-21 14:33:25 - Running prompt generation...[0m
PROMPT GENERATION COMPLETE - Prompt #59
[0;32m2025-09-21 14:33:49 - Completed prompt #59[0m
[0;34m2025-09-21 14:33:54 - Generating prompt #60 (Section 4, Prompt 9/17)[0m
[1;33m2025-09-21 14:33:54 - Running prompt generation...[0m
PROMPT GENERATION COMPLETE - Prompt #60
[0;32m2025-09-21 14:34:18 - Completed prompt #60[0m
[0;34m2025-09-21 14:34:23 - Generating prompt #61 (Section 4, Prompt 10/17)[0m
[1;33m2025-09-21 14:34:23 - Running prompt generation...[0m
PROMPT GENERATION COMPLETE - Prompt #61
[0;32m2025-09-21 14:34:46 - Completed prompt #61[0m
[0;34m2025-09-21 14:34:51 - Generating prompt #62 (Section 4, Prompt 11/17)[0m
[1;33m2025-09-21 14:34:51 - Running prompt generation...[0m
PROMPT GENERATION COMPLETE - Prompt #62
[0;32m2025-09-21 14:35:15 - Completed prompt #62[0m
[0;34m2025-09-21 14:35:20 - Generating prompt #63 (Section 4, Prompt 12/17)[0m
[1;33m2025-09-21 14:35:20 - Running prompt generation...[0m
PROMPT GENERATION COMPLETE - Prompt #63
[0;32m2025-09-21 14:35:41 - Completed prompt #63[0m
[0;34m2025-09-21 14:35:46 - Generating prompt #64 (Section 4, Prompt 13/17)[0m
[1;33m2025-09-21 14:35:46 - Running prompt generation...[0m
PROMPT GENERATION COMPLETE - Prompt #64
[0;32m2025-09-21 14:36:09 - Completed prompt #64[0m
[0;34m2025-09-21 14:36:14 - Generating prompt #65 (Section 4, Prompt 14/17)[0m
[1;33m2025-09-21 14:36:14 - Running prompt generation...[0m
PROMPT GENERATION COMPLETE - Prompt #65
[0;32m2025-09-21 14:36:39 - Completed prompt #65[0m
[0;34m2025-09-21 14:36:44 - Generating prompt #66 (Section 4, Prompt 15/17)[0m
[1;33m2025-09-21 14:36:44 - Running prompt generation...[0m
PROMPT GENERATION COMPLETE - Prompt #66
[0;32m2025-09-21 14:37:05 - Completed prompt #66[0m
[0;34m2025-09-21 14:37:11 - Generating prompt #67 (Section 4, Prompt 16/17)[0m
[1;33m2025-09-21 14:37:11 - Running prompt generation...[0m
PROMPT GENERATION COMPLETE - Prompt #67
[0;32m2025-09-21 14:37:30 - Completed prompt #67[0m
[0;34m2025-09-21 14:37:35 - Generating prompt #68 (Section 4, Prompt 17/17)[0m
[1;33m2025-09-21 14:37:35 - Running prompt generation...[0m
PROMPT GENERATION COMPLETE - Prompt #68
[0;32m2025-09-21 14:37:57 - Completed prompt #68[0m
[0;34m2025-09-21 14:38:02 - Generating prompt #69 (Section 5, Prompt 1/17)[0m
[1;33m2025-09-21 14:38:02 - Running prompt generation...[0m
PROMPT GENERATION COMPLETE - Prompt #69
[0;32m2025-09-21 14:38:25 - Completed prompt #69[0m
[0;34m2025-09-21 14:38:30 - Generating prompt #70 (Section 5, Prompt 2/17)[0m
[1;33m2025-09-21 14:38:30 - Running prompt generation...[0m
PROMPT GENERATION COMPLETE - Prompt #70
[0;32m2025-09-21 14:38:54 - Completed prompt #70[0m
[0;34m2025-09-21 14:38:59 - Generating prompt #71 (Section 5, Prompt 3/17)[0m
[1;33m2025-09-21 14:38:59 - Running prompt generation...[0m
PROMPT GENERATION COMPLETE - Prompt #71
[0;32m2025-09-21 14:39:19 - Completed prompt #71[0m
[0;34m2025-09-21 14:39:24 - Generating prompt #72 (Section 5, Prompt 4/17)[0m
[1;33m2025-09-21 14:39:24 - Running prompt generation...[0m
PROMPT GENERATION COMPLETE - Prompt #72
[0;32m2025-09-21 14:39:45 - Completed prompt #72[0m
[0;34m2025-09-21 14:39:50 - Generating prompt #73 (Section 5, Prompt 5/17)[0m
[1;33m2025-09-21 14:39:50 - Running prompt generation...[0m
PROMPT GENERATION COMPLETE - Prompt #73
[0;32m2025-09-21 14:40:13 - Completed prompt #73[0m
[0;34m2025-09-21 14:40:18 - Generating prompt #74 (Section 5, Prompt 6/17)[0m
[1;33m2025-09-21 14:40:18 - Running prompt generation...[0m
PROMPT GENERATION COMPLETE - Prompt #74
[0;32m2025-09-21 14:40:39 - Completed prompt #74[0m
[0;34m2025-09-21 14:40:44 - Generating prompt #75 (Section 5, Prompt 7/17)[0m
[1;33m2025-09-21 14:40:44 - Running prompt generation...[0m
PROMPT GENERATION COMPLETE - Prompt #75
[0;32m2025-09-21 14:41:09 - Completed prompt #75[0m
[0;34m2025-09-21 14:41:14 - Generating prompt #76 (Section 5, Prompt 8/17)[0m
[1;33m2025-09-21 14:41:14 - Running prompt generation...[0m
PROMPT GENERATION COMPLETE - Prompt #76
[0;32m2025-09-21 14:41:36 - Completed prompt #76[0m
[0;34m2025-09-21 14:41:41 - Generating prompt #77 (Section 5, Prompt 9/17)[0m
[1;33m2025-09-21 14:41:41 - Running prompt generation...[0m
PROMPT GENERATION COMPLETE - Prompt #77
[0;32m2025-09-21 14:42:03 - Completed prompt #77[0m
[0;34m2025-09-21 14:42:08 - Generating prompt #78 (Section 5, Prompt 10/17)[0m
[1;33m2025-09-21 14:42:08 - Running prompt generation...[0m
PROMPT GENERATION COMPLETE - Prompt #78
[0;32m2025-09-21 14:42:31 - Completed prompt #78[0m
[0;34m2025-09-21 14:42:36 - Generating prompt #79 (Section 5, Prompt 11/17)[0m
[1;33m2025-09-21 14:42:36 - Running prompt generation...[0m
PROMPT GENERATION COMPLETE - Prompt #79
[0;32m2025-09-21 14:42:57 - Completed prompt #79[0m
[0;34m2025-09-21 14:43:02 - Generating prompt #80 (Section 5, Prompt 12/17)[0m
[1;33m2025-09-21 14:43:02 - Running prompt generation...[0m
PROMPT GENERATION COMPLETE - Prompt #80
[0;32m2025-09-21 14:43:21 - Completed prompt #80[0m
[0;34m2025-09-21 14:43:26 - Generating prompt #81 (Section 5, Prompt 13/17)[0m
[1;33m2025-09-21 14:43:26 - Running prompt generation...[0m
PROMPT GENERATION COMPLETE - Prompt #81
[0;32m2025-09-21 14:43:47 - Completed prompt #81[0m
[0;34m2025-09-21 14:43:52 - Generating prompt #82 (Section 5, Prompt 14/17)[0m
[1;33m2025-09-21 14:43:52 - Running prompt generation...[0m
PROMPT GENERATION COMPLETE - Prompt #82
[0;32m2025-09-21 14:44:16 - Completed prompt #82[0m
[0;34m2025-09-21 14:44:21 - Generating prompt #83 (Section 5, Prompt 15/17)[0m
[1;33m2025-09-21 14:44:21 - Running prompt generation...[0m
PROMPT GENERATION COMPLETE - Prompt #83
[0;32m2025-09-21 14:44:44 - Completed prompt #83[0m
[0;34m2025-09-21 14:44:49 - Generating prompt #84 (Section 5, Prompt 16/17)[0m
[1;33m2025-09-21 14:44:49 - Running prompt generation...[0m
PROMPT GENERATION COMPLETE - Prompt #84
[0;32m2025-09-21 14:45:18 - Completed prompt #84[0m
[0;34m2025-09-21 14:45:23 - Generating prompt #85 (Section 5, Prompt 17/17)[0m
[1;33m2025-09-21 14:45:23 - Running prompt generation...[0m
PROMPT GENERATION COMPLETE - Prompt #85
[0;32m2025-09-21 14:45:46 - Completed prompt #85[0m
[0;34m2025-09-21 14:45:51 - Generating prompt #86 (Section 6, Prompt 1/17)[0m
[1;33m2025-09-21 14:45:51 - Running prompt generation...[0m
PROMPT GENERATION COMPLETE - Prompt #86
[0;32m2025-09-21 14:46:10 - Completed prompt #86[0m
[0;34m2025-09-21 14:46:15 - Generating prompt #87 (Section 6, Prompt 2/17)[0m
[1;33m2025-09-21 14:46:15 - Running prompt generation...[0m
PROMPT GENERATION COMPLETE - Prompt #87
[0;32m2025-09-21 14:46:36 - Completed prompt #87[0m
[0;34m2025-09-21 14:46:41 - Generating prompt #88 (Section 6, Prompt 3/17)[0m
[1;33m2025-09-21 14:46:41 - Running prompt generation...[0m
PROMPT GENERATION COMPLETE - Prompt #88
[0;32m2025-09-21 14:47:04 - Completed prompt #88[0m
[0;34m2025-09-21 14:47:09 - Generating prompt #89 (Section 6, Prompt 4/17)[0m
[1;33m2025-09-21 14:47:09 - Running prompt generation...[0m
PROMPT GENERATION COMPLETE - Prompt #89
[0;32m2025-09-21 14:47:30 - Completed prompt #89[0m
[0;34m2025-09-21 14:47:35 - Generating prompt #90 (Section 6, Prompt 5/17)[0m
[1;33m2025-09-21 14:47:35 - Running prompt generation...[0m
PROMPT GENERATION COMPLETE - Prompt #90
[0;32m2025-09-21 14:47:58 - Completed prompt #90[0m
[0;34m2025-09-21 14:48:03 - Generating prompt #91 (Section 6, Prompt 6/17)[0m
[1;33m2025-09-21 14:48:03 - Running prompt generation...[0m
PROMPT GENERATION COMPLETE - Prompt #91
[0;32m2025-09-21 14:48:24 - Completed prompt #91[0m
[0;34m2025-09-21 14:48:29 - Generating prompt #92 (Section 6, Prompt 7/17)[0m
[1;33m2025-09-21 14:48:29 - Running prompt generation...[0m
PROMPT GENERATION COMPLETE - Prompt #92
[0;32m2025-09-21 14:48:49 - Completed prompt #92[0m
[0;34m2025-09-21 14:48:54 - Generating prompt #93 (Section 6, Prompt 8/17)[0m
[1;33m2025-09-21 14:48:54 - Running prompt generation...[0m
PROMPT GENERATION COMPLETE - Prompt #93
[0;32m2025-09-21 14:49:19 - Completed prompt #93[0m
[0;34m2025-09-21 14:49:24 - Generating prompt #94 (Section 6, Prompt 9/17)[0m
[1;33m2025-09-21 14:49:24 - Running prompt generation...[0m
PROMPT GENERATION COMPLETE - Prompt #94
[0;32m2025-09-21 14:49:47 - Completed prompt #94[0m
[0;34m2025-09-21 14:49:52 - Generating prompt #95 (Section 6, Prompt 10/17)[0m
[1;33m2025-09-21 14:49:52 - Running prompt generation...[0m
PROMPT GENERATION COMPLETE - Prompt #95
[0;32m2025-09-21 14:50:13 - Completed prompt #95[0m
[0;34m2025-09-21 14:50:18 - Generating prompt #96 (Section 6, Prompt 11/17)[0m
[1;33m2025-09-21 14:50:18 - Running prompt generation...[0m
PROMPT GENERATION COMPLETE - Prompt #96
[0;32m2025-09-21 14:50:39 - Completed prompt #96[0m
[0;34m2025-09-21 14:50:44 - Generating prompt #97 (Section 6, Prompt 12/17)[0m
[1;33m2025-09-21 14:50:44 - Running prompt generation...[0m
PROMPT GENERATION COMPLETE - Prompt #97
[0;32m2025-09-21 14:51:02 - Completed prompt #97[0m
[0;34m2025-09-21 14:51:07 - Generating prompt #98 (Section 6, Prompt 13/17)[0m
[1;33m2025-09-21 14:51:07 - Running prompt generation...[0m
PROMPT GENERATION COMPLETE - Prompt #98
[0;32m2025-09-21 14:51:31 - Completed prompt #98[0m
[0;34m2025-09-21 14:51:36 - Generating prompt #99 (Section 6, Prompt 14/17)[0m
[1;33m2025-09-21 14:51:36 - Running prompt generation...[0m
PROMPT GENERATION COMPLETE - Prompt #99
[0;32m2025-09-21 14:51:59 - Completed prompt #99[0m
[0;34m2025-09-21 14:52:04 - Generating prompt #100 (Section 6, Prompt 15/17)[0m
[1;33m2025-09-21 14:52:04 - Running prompt generation...[0m
PROMPT GENERATION COMPLETE - Prompt #100
[0;32m2025-09-21 14:52:28 - Completed prompt #100[0m
[0;34m2025-09-21 14:52:33 - Generating prompt #101 (Section 6, Prompt 16/17)[0m
[1;33m2025-09-21 14:52:33 - Running prompt generation...[0m
PROMPT GENERATION COMPLETE - Prompt #101
[0;32m2025-09-21 14:52:53 - Completed prompt #101[0m
[0;34m2025-09-21 14:52:58 - Generating prompt #102 (Section 6, Prompt 17/17)[0m
[1;33m2025-09-21 14:52:58 - Running prompt generation...[0m
PROMPT GENERATION COMPLETE - Prompt #102
[0;32m2025-09-21 14:53:20 - Completed prompt #102[0m
