[0;34m2025-09-21 00:17:33 - Starting Prompt Generation Cycle for template: digital-detox[0m
[1;33m2025-09-21 00:17:33 - Override flag detected - resetting progress and recreating files[0m
[0;32m2025-09-21 00:17:33 - Progress reset to 0 for template: digital-detox[0m
[0;32m2025-09-21 00:17:33 - Using existing worktree: ../templata-digital-detox[0m
[1;33m2025-09-21 00:17:34 - Creating template prompt file: prompts-digital-detox.ts[0m
[0;32m2025-09-21 00:17:34 - Created template prompt file: ../templata-digital-detox/src/data/prompts-digital-detox.ts[0m
[0;34m2025-09-21 00:17:34 - Generating prompt #1 (Section 1, Prompt 1/17)[0m
[1;33m2025-09-21 00:17:34 - Running prompt generation...[0m
PROMPT GENERATION COMPLETE - Prompt #1
[0;32m2025-09-21 00:18:06 - Completed prompt #1[0m
[0;34m2025-09-21 00:18:11 - Generating prompt #2 (Section 1, Prompt 2/17)[0m
[1;33m2025-09-21 00:18:12 - Running prompt generation...[0m
PROMPT GENERATION COMPLETE - Prompt #2
[0;32m2025-09-21 00:18:41 - Completed prompt #2[0m
[0;34m2025-09-21 00:18:46 - Generating prompt #3 (Section 1, Prompt 3/17)[0m
[1;33m2025-09-21 00:18:46 - Running prompt generation...[0m
PROMPT GENERATION COMPLETE - Prompt #3
[0;32m2025-09-21 00:19:04 - Completed prompt #3[0m
[0;34m2025-09-21 00:19:10 - Generating prompt #4 (Section 1, Prompt 4/17)[0m
[1;33m2025-09-21 00:19:10 - Running prompt generation...[0m
PROMPT GENERATION COMPLETE - Prompt #4
[0;32m2025-09-21 00:19:36 - Completed prompt #4[0m
[0;34m2025-09-21 00:19:41 - Generating prompt #5 (Section 1, Prompt 5/17)[0m
[1;33m2025-09-21 00:19:41 - Running prompt generation...[0m
PROMPT GENERATION COMPLETE - Prompt #5
[0;32m2025-09-21 00:20:02 - Completed prompt #5[0m
[0;34m2025-09-21 00:20:07 - Generating prompt #6 (Section 1, Prompt 6/17)[0m
[1;33m2025-09-21 00:20:07 - Running prompt generation...[0m
PROMPT GENERATION COMPLETE - Prompt #6
[0;32m2025-09-21 00:20:35 - Completed prompt #6[0m
[0;34m2025-09-21 00:20:40 - Generating prompt #7 (Section 1, Prompt 7/17)[0m
[1;33m2025-09-21 00:20:40 - Running prompt generation...[0m
PROMPT GENERATION COMPLETE - Prompt #7
[0;32m2025-09-21 00:21:04 - Completed prompt #7[0m
[0;34m2025-09-21 00:21:09 - Generating prompt #8 (Section 1, Prompt 8/17)[0m
[1;33m2025-09-21 00:21:10 - Running prompt generation...[0m
PROMPT GENERATION COMPLETE - Prompt #8
[0;32m2025-09-21 00:21:33 - Completed prompt #8[0m
[0;34m2025-09-21 00:21:38 - Generating prompt #9 (Section 1, Prompt 9/17)[0m
[1;33m2025-09-21 00:21:38 - Running prompt generation...[0m
PROMPT GENERATION COMPLETE - Prompt #9
[0;32m2025-09-21 00:22:01 - Completed prompt #9[0m
[0;34m2025-09-21 00:22:06 - Generating prompt #10 (Section 1, Prompt 10/17)[0m
[1;33m2025-09-21 00:22:06 - Running prompt generation...[0m
PROMPT GENERATION COMPLETE - Prompt #10
[0;32m2025-09-21 00:22:28 - Completed prompt #10[0m
[0;34m2025-09-21 00:22:33 - Generating prompt #11 (Section 1, Prompt 11/17)[0m
[1;33m2025-09-21 00:22:33 - Running prompt generation...[0m
PROMPT GENERATION COMPLETE - Prompt #11
[0;32m2025-09-21 00:22:56 - Completed prompt #11[0m
[0;34m2025-09-21 00:23:01 - Generating prompt #12 (Section 1, Prompt 12/17)[0m
[1;33m2025-09-21 00:23:01 - Running prompt generation...[0m
PROMPT GENERATION COMPLETE - Prompt #12
[0;32m2025-09-21 00:23:22 - Completed prompt #12[0m
[0;34m2025-09-21 00:23:27 - Generating prompt #13 (Section 1, Prompt 13/17)[0m
[1;33m2025-09-21 00:23:27 - Running prompt generation...[0m
PROMPT GENERATION COMPLETE - Prompt #13
[0;32m2025-09-21 00:23:49 - Completed prompt #13[0m
[0;34m2025-09-21 00:23:54 - Generating prompt #14 (Section 1, Prompt 14/17)[0m
[1;33m2025-09-21 00:23:54 - Running prompt generation...[0m
PROMPT GENERATION COMPLETE - Prompt #14
[0;32m2025-09-21 00:24:14 - Completed prompt #14[0m
[0;34m2025-09-21 00:24:19 - Generating prompt #15 (Section 1, Prompt 15/17)[0m
[1;33m2025-09-21 00:24:19 - Running prompt generation...[0m
PROMPT GENERATION COMPLETE - Prompt #15
[0;32m2025-09-21 00:24:41 - Completed prompt #15[0m
[0;34m2025-09-21 00:24:46 - Generating prompt #16 (Section 1, Prompt 16/17)[0m
[1;33m2025-09-21 00:24:46 - Running prompt generation...[0m
PROMPT GENERATION COMPLETE - Prompt #16
[0;32m2025-09-21 00:25:08 - Completed prompt #16[0m
[0;34m2025-09-21 00:25:13 - Generating prompt #17 (Section 1, Prompt 17/17)[0m
[1;33m2025-09-21 00:25:13 - Running prompt generation...[0m
PROMPT GENERATION COMPLETE - Prompt #17
[0;32m2025-09-21 00:25:34 - Completed prompt #17[0m
[0;34m2025-09-21 00:25:39 - Generating prompt #18 (Section 2, Prompt 1/17)[0m
[1;33m2025-09-21 00:25:40 - Running prompt generation...[0m
PROMPT GENERATION COMPLETE - Prompt #18
[0;32m2025-09-21 00:26:03 - Completed prompt #18[0m
[0;34m2025-09-21 00:26:08 - Generating prompt #19 (Section 2, Prompt 2/17)[0m
[1;33m2025-09-21 00:26:08 - Running prompt generation...[0m
PROMPT GENERATION COMPLETE - Prompt #19
[0;32m2025-09-21 00:26:32 - Completed prompt #19[0m
[0;34m2025-09-21 00:26:37 - Generating prompt #20 (Section 2, Prompt 3/17)[0m
[1;33m2025-09-21 00:26:37 - Running prompt generation...[0m
PROMPT GENERATION COMPLETE - Prompt #20
[0;32m2025-09-21 00:27:00 - Completed prompt #20[0m
[0;34m2025-09-21 00:27:05 - Generating prompt #21 (Section 2, Prompt 4/17)[0m
[1;33m2025-09-21 00:27:05 - Running prompt generation...[0m
PROMPT GENERATION COMPLETE - Prompt #21
[0;32m2025-09-21 00:27:28 - Completed prompt #21[0m
[0;34m2025-09-21 00:27:33 - Generating prompt #22 (Section 2, Prompt 5/17)[0m
[1;33m2025-09-21 00:27:33 - Running prompt generation...[0m
PROMPT GENERATION COMPLETE - Prompt #22
[0;32m2025-09-21 00:27:57 - Completed prompt #22[0m
[0;34m2025-09-21 00:28:02 - Generating prompt #23 (Section 2, Prompt 6/17)[0m
[1;33m2025-09-21 00:28:02 - Running prompt generation...[0m
PROMPT GENERATION COMPLETE - Prompt #23
[0;32m2025-09-21 00:28:25 - Completed prompt #23[0m
[0;34m2025-09-21 00:28:30 - Generating prompt #24 (Section 2, Prompt 7/17)[0m
[1;33m2025-09-21 00:28:30 - Running prompt generation...[0m
PROMPT GENERATION COMPLETE - Prompt #24
[0;32m2025-09-21 00:28:53 - Completed prompt #24[0m
[0;34m2025-09-21 00:28:58 - Generating prompt #25 (Section 2, Prompt 8/17)[0m
[1;33m2025-09-21 00:28:58 - Running prompt generation...[0m
PROMPT GENERATION COMPLETE - Prompt #25
[0;32m2025-09-21 00:29:19 - Completed prompt #25[0m
[0;34m2025-09-21 00:29:24 - Generating prompt #26 (Section 2, Prompt 9/17)[0m
[1;33m2025-09-21 00:29:24 - Running prompt generation...[0m
PROMPT GENERATION COMPLETE - Prompt #26
[0;32m2025-09-21 00:29:45 - Completed prompt #26[0m
[0;34m2025-09-21 00:29:50 - Generating prompt #27 (Section 2, Prompt 10/17)[0m
[1;33m2025-09-21 00:29:50 - Running prompt generation...[0m
PROMPT GENERATION COMPLETE - Prompt #27
[0;32m2025-09-21 00:30:12 - Completed prompt #27[0m
[0;34m2025-09-21 00:30:17 - Generating prompt #28 (Section 2, Prompt 11/17)[0m
[1;33m2025-09-21 00:30:17 - Running prompt generation...[0m
PROMPT GENERATION COMPLETE - Prompt #28
[0;32m2025-09-21 00:30:39 - Completed prompt #28[0m
[0;34m2025-09-21 00:30:44 - Generating prompt #29 (Section 2, Prompt 12/17)[0m
[1;33m2025-09-21 00:30:44 - Running prompt generation...[0m
PROMPT GENERATION COMPLETE - Prompt #29
[0;32m2025-09-21 00:31:06 - Completed prompt #29[0m
[0;34m2025-09-21 00:31:11 - Generating prompt #30 (Section 2, Prompt 13/17)[0m
[1;33m2025-09-21 00:31:12 - Running prompt generation...[0m
PROMPT GENERATION COMPLETE - Prompt #30
[0;32m2025-09-21 00:31:33 - Completed prompt #30[0m
[0;34m2025-09-21 00:31:38 - Generating prompt #31 (Section 2, Prompt 14/17)[0m
[1;33m2025-09-21 00:31:38 - Running prompt generation...[0m
PROMPT GENERATION COMPLETE - Prompt #31
[0;32m2025-09-21 00:31:58 - Completed prompt #31[0m
[0;34m2025-09-21 00:32:03 - Generating prompt #32 (Section 2, Prompt 15/17)[0m
[1;33m2025-09-21 00:32:03 - Running prompt generation...[0m
PROMPT GENERATION COMPLETE - Prompt #32
[0;32m2025-09-21 00:32:26 - Completed prompt #32[0m
[0;34m2025-09-21 00:32:31 - Generating prompt #33 (Section 2, Prompt 16/17)[0m
[1;33m2025-09-21 00:32:31 - Running prompt generation...[0m
PROMPT GENERATION COMPLETE - Prompt #33
[0;32m2025-09-21 00:32:52 - Completed prompt #33[0m
[0;34m2025-09-21 00:32:57 - Generating prompt #34 (Section 2, Prompt 17/17)[0m
[1;33m2025-09-21 00:32:57 - Running prompt generation...[0m
PROMPT GENERATION COMPLETE - Prompt #34
[0;32m2025-09-21 00:33:18 - Completed prompt #34[0m
[0;34m2025-09-21 00:33:23 - Generating prompt #35 (Section 3, Prompt 1/17)[0m
[1;33m2025-09-21 00:33:23 - Running prompt generation...[0m
<invoke name="Edit">
<parameter name="file_path">/Users/ikim1/Documents/GitHub/templata-digital-detox/src/data/prompts-digital-detox.ts</parameter>
<parameter name="old_string">  {
    id: 'prompt-34',
    prompt: 'Download and set up a meditation timer app with interval bells to structure your device-free reflection periods',
    category: 'planning',
    helpText: 'Structured meditation and reflection time helps fill the mental space previously occupied by digital stimulation and builds your capacity for sustained focus without devices. Choose a simple meditation timer app like Insight Timer or Enso that offers interval bells and gentle background sounds, then practice using it for 10-15 minute sessions during your first week of detox. This tool bridges the gap between digital dependency and complete disconnection while developing mindfulness skills that support your overall digital wellness goals.'
  }
];</parameter>
<parameter name="new_string">  {
    id: 'prompt-34',
    prompt: 'Download and set up a meditation timer app with interval bells to structure your device-free reflection periods',
    category: 'planning',
    helpText: 'Structured meditation and reflection time helps fill the mental space previously occupied by digital stimulation and builds your capacity for sustained focus without devices. Choose a simple meditation timer app like Insight Timer or Enso that offers interval bells and gentle background sounds, then practice using it for 10-15 minute sessions during your first week of detox. This tool bridges the gap between digital dependency and complete disconnection while developing mindfulness skills that support your overall digital wellness goals.'
  },
  {
    id: 'prompt-35',
    prompt: 'Install app usage tracking software on all devices and create a weekly digital usage report',
    category: 'action',
    helpText: 'Creating detailed reports of your digital consumption patterns provides objective data to guide your detox decisions and track progress over time. Install comprehensive tracking tools like RescueTime, Toggl Track, or use built-in analytics to monitor not just screen time but specific app usage, website visits, and productive versus recreational digital activities. Generate weekly reports comparing usage patterns to identify trends, triggers, and improvement areas. This data-driven approach transforms digital detox from guesswork into informed behavior modification based on concrete evidence.'
  }
];</parameter>
</invoke>
[0;32m2025-09-21 00:33:41 - Completed prompt #35[0m
[0;34m2025-09-21 00:33:46 - Generating prompt #36 (Section 3, Prompt 2/17)[0m
[1;33m2025-09-21 00:33:46 - Running prompt generation...[0m
PROMPT GENERATION COMPLETE - Prompt #36
[0;32m2025-09-21 00:34:09 - Completed prompt #36[0m
[0;34m2025-09-21 00:34:14 - Generating prompt #37 (Section 3, Prompt 3/17)[0m
[1;33m2025-09-21 00:34:14 - Running prompt generation...[0m
PROMPT GENERATION COMPLETE - Prompt #37
[0;32m2025-09-21 00:34:35 - Completed prompt #37[0m
[0;34m2025-09-21 00:34:40 - Generating prompt #38 (Section 3, Prompt 4/17)[0m
[1;33m2025-09-21 00:34:40 - Running prompt generation...[0m
PROMPT GENERATION COMPLETE - Prompt #38
[0;32m2025-09-21 00:35:01 - Completed prompt #38[0m
[0;34m2025-09-21 00:35:07 - Generating prompt #39 (Section 3, Prompt 5/17)[0m
[1;33m2025-09-21 00:35:07 - Running prompt generation...[0m
PROMPT GENERATION COMPLETE - Prompt #39
[0;32m2025-09-21 00:35:29 - Completed prompt #39[0m
[0;34m2025-09-21 00:35:34 - Generating prompt #40 (Section 3, Prompt 6/17)[0m
[1;33m2025-09-21 00:35:34 - Running prompt generation...[0m
PROMPT GENERATION COMPLETE - Prompt #40
[0;32m2025-09-21 00:35:55 - Completed prompt #40[0m
[0;34m2025-09-21 00:36:00 - Generating prompt #41 (Section 3, Prompt 7/17)[0m
[1;33m2025-09-21 00:36:00 - Running prompt generation...[0m
PROMPT GENERATION COMPLETE - Prompt #41
[0;32m2025-09-21 00:36:24 - Completed prompt #41[0m
[0;34m2025-09-21 00:36:29 - Generating prompt #42 (Section 3, Prompt 8/17)[0m
[1;33m2025-09-21 00:36:29 - Running prompt generation...[0m
PROMPT GENERATION COMPLETE - Prompt #42
[0;32m2025-09-21 00:36:52 - Completed prompt #42[0m
[0;34m2025-09-21 00:36:57 - Generating prompt #43 (Section 3, Prompt 9/17)[0m
[1;33m2025-09-21 00:36:57 - Running prompt generation...[0m
<invoke name="Edit">
<parameter name="file_path">/Users/ikim1/Documents/GitHub/templata-digital-detox/src/data/prompts-digital-detox.ts</parameter>
<parameter name="old_string">  },
  {
    id: 'prompt-42',
    prompt: 'Practice the "phone parking" method by placing your device in a designated spot during important conversations and activities',
    category: 'action',
    helpText: 'Creating physical distance between yourself and your device during meaningful activities improves focus and demonstrates respect for the people and experiences in front of you. Choose a consistent location like a basket by the front door, a drawer, or a specific table where you place your phone during meals, conversations, work sessions, or quality time with loved ones. This visible commitment to presence helps break the unconscious habit of reaching for your device and signals to others that you value undivided attention in your relationships and activities.'
  }
];</parameter>
<parameter name="new_string">  },
  {
    id: 'prompt-42',
    prompt: 'Practice the "phone parking" method by placing your device in a designated spot during important conversations and activities',
    category: 'action',
    helpText: 'Creating physical distance between yourself and your device during meaningful activities improves focus and demonstrates respect for the people and experiences in front of you. Choose a consistent location like a basket by the front door, a drawer, or a specific table where you place your phone during meals, conversations, work sessions, or quality time with loved ones. This visible commitment to presence helps break the unconscious habit of reaching for your device and signals to others that you value undivided attention in your relationships and activities.'
  },
  {
    id: 'prompt-43',
    prompt: 'Install and configure a digital wellness tracking app to monitor your screen time reduction progress',
    category: 'action',
    helpText: 'Measuring your progress with concrete data helps maintain motivation and identify patterns in your digital usage throughout your detox journey. Choose apps like RescueTime, Moment, or your device\'s built-in screen time tools to track daily usage across different apps and categories. Set up weekly progress reports and establish specific reduction targets (like decreasing social media time by 30 minutes per week) to create measurable goals. This objective feedback loop prevents you from underestimating usage and provides positive reinforcement when you successfully reduce your digital consumption.'
  }
];</parameter>
</invoke>
[0;32m2025-09-21 00:37:18 - Completed prompt #43[0m
[0;34m2025-09-21 00:37:23 - Generating prompt #44 (Section 3, Prompt 10/17)[0m
[1;33m2025-09-21 00:37:23 - Running prompt generation...[0m
PROMPT GENERATION COMPLETE - Prompt #44
[0;32m2025-09-21 00:37:44 - Completed prompt #44[0m
[0;34m2025-09-21 00:37:49 - Generating prompt #45 (Section 3, Prompt 11/17)[0m
[1;33m2025-09-21 00:37:49 - Running prompt generation...[0m
<invoke name="Edit">
<parameter name="file_path">/Users/ikim1/Documents/GitHub/templata-digital-detox/src/data/prompts-digital-detox.ts</parameter>
<parameter name="old_string">  {
    id: 'prompt-44',
    prompt: 'Create a comprehensive digital detox implementation plan with specific daily actions for your first week',
    category: 'planning',
    helpText: 'Moving from planning to action requires a detailed roadmap that breaks down your digital detox goals into manageable daily steps. Create a written schedule for your first 7 days that includes specific actions for each day (Day 1: install app blockers, Day 2: create device-free zones, etc.), realistic time commitments, and backup plans for challenging moments. This structured approach transforms overwhelming lifestyle changes into concrete daily tasks, making your digital detox feel achievable and helping you build momentum through consistent small wins rather than attempting dramatic overnight changes.'
  }</parameter>
<parameter name="new_string">  {
    id: 'prompt-44',
    prompt: 'Create a comprehensive digital detox implementation plan with specific daily actions for your first week',
    category: 'planning',
    helpText: 'Moving from planning to action requires a detailed roadmap that breaks down your digital detox goals into manageable daily steps. Create a written schedule for your first 7 days that includes specific actions for each day (Day 1: install app blockers, Day 2: create device-free zones, etc.), realistic time commitments, and backup plans for challenging moments. This structured approach transforms overwhelming lifestyle changes into concrete daily tasks, making your digital detox feel achievable and helping you build momentum through consistent small wins rather than attempting dramatic overnight changes.'
  },
  {
    id: 'prompt-45',
    prompt: 'Configure your router and home WiFi to automatically disable internet access during designated detox hours',
    category: 'action',
    helpText: 'Network-level controls create the strongest barriers to digital access and eliminate the possibility of bypassing individual device restrictions during your committed offline time. Access your router\'s admin panel and set up scheduled WiFi shutdowns or internet restrictions during your planned detox hours, such as evening family time or weekend mornings. This comprehensive approach ensures that all household devices lose connectivity simultaneously, preventing you from switching between phones, tablets, or computers when one is blocked. Having to physically restart your router creates significant friction that supports your commitment to digital boundaries.'
  }</parameter>
</invoke>
[0;32m2025-09-21 00:38:09 - Completed prompt #45[0m
[0;34m2025-09-21 00:38:14 - Generating prompt #46 (Section 3, Prompt 12/17)[0m
[1;33m2025-09-21 00:38:15 - Running prompt generation...[0m
<invoke name="Edit">
<parameter name="file_path">/Users/ikim1/Documents/GitHub/templata-digital-detox/src/data/prompts-digital-detox.ts</parameter>
<parameter name="old_string">  {
    id: 'prompt-44',
    prompt: 'Create a comprehensive digital detox implementation plan with specific daily actions for your first week',
    category: 'planning',
    helpText: 'Moving from planning to action requires a detailed roadmap that breaks down your digital detox goals into manageable daily steps. Create a written schedule for your first 7 days that includes specific actions for each day (Day 1: install app blockers, Day 2: create device-free zones, etc.), realistic time commitments, and backup plans for challenging moments. This structured approach transforms overwhelming lifestyle changes into concrete daily tasks, making your digital detox feel achievable and helping you build momentum through consistent small wins rather than attempting dramatic overnight changes.'
  }</parameter>
<parameter name="new_string">  {
    id: 'prompt-44',
    prompt: 'Create a comprehensive digital detox implementation plan with specific daily actions for your first week',
    category: 'planning',
    helpText: 'Moving from planning to action requires a detailed roadmap that breaks down your digital detox goals into manageable daily steps. Create a written schedule for your first 7 days that includes specific actions for each day (Day 1: install app blockers, Day 2: create device-free zones, etc.), realistic time commitments, and backup plans for challenging moments. This structured approach transforms overwhelming lifestyle changes into concrete daily tasks, making your digital detox feel achievable and helping you build momentum through consistent small wins rather than attempting dramatic overnight changes.'
  },
  {
    id: 'prompt-46',
    prompt: 'Set up physical barriers by removing all chargers and devices from high-temptation areas like your bed, couch, and dining table',
    category: 'action',
    helpText: 'Creating environmental friction is one of the most effective ways to break unconscious device-reaching habits and support your digital detox goals. Remove phone chargers from beside your bed, couch, and eating areas, forcing you to be more intentional about when and where you use devices. Store charging cables in a designated tech area away from relaxation and social spaces. This simple environmental design makes it physically harder to engage in mindless scrolling during important activities like meals, conversations, and rest periods.'
  }</parameter>
</invoke>
[0;32m2025-09-21 00:38:36 - Completed prompt #46[0m
[0;34m2025-09-21 00:38:41 - Generating prompt #47 (Section 3, Prompt 13/17)[0m
[1;33m2025-09-21 00:38:41 - Running prompt generation...[0m
PROMPT GENERATION COMPLETE - Prompt #47
[0;32m2025-09-21 00:39:03 - Completed prompt #47[0m
[0;34m2025-09-21 00:39:08 - Generating prompt #48 (Section 3, Prompt 14/17)[0m
[1;33m2025-09-21 00:39:08 - Running prompt generation...[0m
PROMPT GENERATION COMPLETE - Prompt #48
[0;32m2025-09-21 00:39:28 - Completed prompt #48[0m
[0;34m2025-09-21 00:39:33 - Generating prompt #49 (Section 3, Prompt 15/17)[0m
[1;33m2025-09-21 00:39:33 - Running prompt generation...[0m
PROMPT GENERATION COMPLETE - Prompt #49
[0;32m2025-09-21 00:39:57 - Completed prompt #49[0m
[0;34m2025-09-21 00:40:02 - Generating prompt #50 (Section 3, Prompt 16/17)[0m
[1;33m2025-09-21 00:40:02 - Running prompt generation...[0m
PROMPT GENERATION COMPLETE - Prompt #50
[0;32m2025-09-21 00:40:25 - Completed prompt #50[0m
[0;34m2025-09-21 00:40:30 - Generating prompt #51 (Section 3, Prompt 17/17)[0m
[1;33m2025-09-21 00:40:30 - Running prompt generation...[0m
PROMPT GENERATION COMPLETE - Prompt #51
[0;32m2025-09-21 00:40:53 - Completed prompt #51[0m
[0;34m2025-09-21 00:40:58 - Generating prompt #52 (Section 4, Prompt 1/17)[0m
[1;33m2025-09-21 00:40:58 - Running prompt generation...[0m
PROMPT GENERATION COMPLETE - Prompt #52
[0;32m2025-09-21 00:41:19 - Completed prompt #52[0m
[0;34m2025-09-21 00:41:24 - Generating prompt #53 (Section 4, Prompt 2/17)[0m
[1;33m2025-09-21 00:41:24 - Running prompt generation...[0m
PROMPT GENERATION COMPLETE - Prompt #53
[0;32m2025-09-21 00:41:45 - Completed prompt #53[0m
[0;34m2025-09-21 00:41:50 - Generating prompt #54 (Section 4, Prompt 3/17)[0m
[1;33m2025-09-21 00:41:50 - Running prompt generation...[0m
PROMPT GENERATION COMPLETE - Prompt #54
[0;32m2025-09-21 00:42:12 - Completed prompt #54[0m
[0;34m2025-09-21 00:42:17 - Generating prompt #55 (Section 4, Prompt 4/17)[0m
[1;33m2025-09-21 00:42:17 - Running prompt generation...[0m
PROMPT GENERATION COMPLETE - Prompt #55
[0;32m2025-09-21 00:42:47 - Completed prompt #55[0m
[0;34m2025-09-21 00:42:52 - Generating prompt #56 (Section 4, Prompt 5/17)[0m
[1;33m2025-09-21 00:42:52 - Running prompt generation...[0m
PROMPT GENERATION COMPLETE - Prompt #56
[0;32m2025-09-21 00:43:13 - Completed prompt #56[0m
[0;34m2025-09-21 00:43:18 - Generating prompt #57 (Section 4, Prompt 6/17)[0m
[1;33m2025-09-21 00:43:18 - Running prompt generation...[0m
PROMPT GENERATION COMPLETE - Prompt #57
[0;32m2025-09-21 00:43:40 - Completed prompt #57[0m
[0;34m2025-09-21 00:43:45 - Generating prompt #58 (Section 4, Prompt 7/17)[0m
[1;33m2025-09-21 00:43:45 - Running prompt generation...[0m
PROMPT GENERATION COMPLETE - Prompt #58
[0;32m2025-09-21 00:44:08 - Completed prompt #58[0m
[0;34m2025-09-21 00:44:13 - Generating prompt #59 (Section 4, Prompt 8/17)[0m
[1;33m2025-09-21 00:44:13 - Running prompt generation...[0m
PROMPT GENERATION COMPLETE - Prompt #59
[0;32m2025-09-21 00:44:36 - Completed prompt #59[0m
[0;34m2025-09-21 00:44:41 - Generating prompt #60 (Section 4, Prompt 9/17)[0m
[1;33m2025-09-21 00:44:41 - Running prompt generation...[0m
PROMPT GENERATION COMPLETE - Prompt #60
[0;32m2025-09-21 00:45:03 - Completed prompt #60[0m
[0;34m2025-09-21 00:45:08 - Generating prompt #61 (Section 4, Prompt 10/17)[0m
[1;33m2025-09-21 00:45:08 - Running prompt generation...[0m
PROMPT GENERATION COMPLETE - Prompt #61
[0;32m2025-09-21 00:45:30 - Completed prompt #61[0m
[0;34m2025-09-21 00:45:35 - Generating prompt #62 (Section 4, Prompt 11/17)[0m
[1;33m2025-09-21 00:45:35 - Running prompt generation...[0m
PROMPT GENERATION COMPLETE - Prompt #62
[0;32m2025-09-21 00:45:56 - Completed prompt #62[0m
[0;34m2025-09-21 00:46:01 - Generating prompt #63 (Section 4, Prompt 12/17)[0m
[1;33m2025-09-21 00:46:01 - Running prompt generation...[0m
PROMPT GENERATION COMPLETE - Prompt #63
[0;32m2025-09-21 00:46:22 - Completed prompt #63[0m
[0;34m2025-09-21 00:46:27 - Generating prompt #64 (Section 4, Prompt 13/17)[0m
[1;33m2025-09-21 00:46:27 - Running prompt generation...[0m
PROMPT GENERATION COMPLETE - Prompt #64
[0;32m2025-09-21 00:46:48 - Completed prompt #64[0m
[0;34m2025-09-21 00:46:53 - Generating prompt #65 (Section 4, Prompt 14/17)[0m
[1;33m2025-09-21 00:46:53 - Running prompt generation...[0m
PROMPT GENERATION COMPLETE - Prompt #65
[0;32m2025-09-21 00:47:13 - Completed prompt #65[0m
[0;34m2025-09-21 00:47:19 - Generating prompt #66 (Section 4, Prompt 15/17)[0m
[1;33m2025-09-21 00:47:19 - Running prompt generation...[0m
PROMPT GENERATION COMPLETE - Prompt #66
[0;32m2025-09-21 00:47:41 - Completed prompt #66[0m
[0;34m2025-09-21 00:47:46 - Generating prompt #67 (Section 4, Prompt 16/17)[0m
[1;33m2025-09-21 00:47:46 - Running prompt generation...[0m
PROMPT GENERATION COMPLETE - Prompt #67
[0;32m2025-09-21 00:48:08 - Completed prompt #67[0m
[0;34m2025-09-21 00:48:13 - Generating prompt #68 (Section 4, Prompt 17/17)[0m
[1;33m2025-09-21 00:48:13 - Running prompt generation...[0m
PROMPT GENERATION COMPLETE - Prompt #68
[0;32m2025-09-21 00:48:36 - Completed prompt #68[0m
[0;34m2025-09-21 00:48:41 - Generating prompt #69 (Section 5, Prompt 1/17)[0m
[1;33m2025-09-21 00:48:41 - Running prompt generation...[0m
PROMPT GENERATION COMPLETE - Prompt #69
[0;32m2025-09-21 00:49:03 - Completed prompt #69[0m
[0;34m2025-09-21 00:49:08 - Generating prompt #70 (Section 5, Prompt 2/17)[0m
[1;33m2025-09-21 00:49:08 - Running prompt generation...[0m
PROMPT GENERATION COMPLETE - Prompt #70
[0;32m2025-09-21 00:49:30 - Completed prompt #70[0m
[0;34m2025-09-21 00:49:35 - Generating prompt #71 (Section 5, Prompt 3/17)[0m
[1;33m2025-09-21 00:49:35 - Running prompt generation...[0m
PROMPT GENERATION COMPLETE - Prompt #71
[0;32m2025-09-21 00:49:56 - Completed prompt #71[0m
[0;34m2025-09-21 00:50:01 - Generating prompt #72 (Section 5, Prompt 4/17)[0m
[1;33m2025-09-21 00:50:01 - Running prompt generation...[0m
PROMPT GENERATION COMPLETE - Prompt #72
[0;32m2025-09-21 00:50:27 - Completed prompt #72[0m
[0;34m2025-09-21 00:50:32 - Generating prompt #73 (Section 5, Prompt 5/17)[0m
[1;33m2025-09-21 00:50:32 - Running prompt generation...[0m
PROMPT GENERATION COMPLETE - Prompt #73
[0;32m2025-09-21 00:50:54 - Completed prompt #73[0m
[0;34m2025-09-21 00:50:59 - Generating prompt #74 (Section 5, Prompt 6/17)[0m
[1;33m2025-09-21 00:50:59 - Running prompt generation...[0m
PROMPT GENERATION COMPLETE - Prompt #74
[0;32m2025-09-21 00:51:23 - Completed prompt #74[0m
[0;34m2025-09-21 00:51:28 - Generating prompt #75 (Section 5, Prompt 7/17)[0m
[1;33m2025-09-21 00:51:28 - Running prompt generation...[0m
5-hour limit reached ∙ resets 5am
[0;32m2025-09-21 00:51:47 - Completed prompt #75[0m
[0;34m2025-09-21 00:51:52 - Generating prompt #76 (Section 5, Prompt 8/17)[0m
[1;33m2025-09-21 00:51:52 - Running prompt generation...[0m
5-hour limit reached ∙ resets 5am
[0;32m2025-09-21 00:52:01 - Completed prompt #76[0m
[0;34m2025-09-21 00:52:06 - Generating prompt #77 (Section 5, Prompt 9/17)[0m
[1;33m2025-09-21 00:52:06 - Running prompt generation...[0m
5-hour limit reached ∙ resets 5am
[0;32m2025-09-21 00:52:20 - Completed prompt #77[0m
[0;34m2025-09-21 00:52:25 - Generating prompt #78 (Section 5, Prompt 10/17)[0m
[1;33m2025-09-21 00:52:25 - Running prompt generation...[0m
5-hour limit reached ∙ resets 5am
[0;32m2025-09-21 00:52:33 - Completed prompt #78[0m
[0;34m2025-09-21 00:52:38 - Generating prompt #79 (Section 5, Prompt 11/17)[0m
[1;33m2025-09-21 00:52:39 - Running prompt generation...[0m
5-hour limit reached ∙ resets 5am
[0;32m2025-09-21 00:52:50 - Completed prompt #79[0m
[0;34m2025-09-21 00:52:55 - Generating prompt #80 (Section 5, Prompt 12/17)[0m
[1;33m2025-09-21 00:52:55 - Running prompt generation...[0m
5-hour limit reached ∙ resets 5am
[0;32m2025-09-21 00:53:07 - Completed prompt #80[0m
[0;34m2025-09-21 00:53:13 - Generating prompt #81 (Section 5, Prompt 13/17)[0m
[1;33m2025-09-21 00:53:13 - Running prompt generation...[0m
5-hour limit reached ∙ resets 5am
[0;32m2025-09-21 00:53:23 - Completed prompt #81[0m
[0;34m2025-09-21 00:53:28 - Generating prompt #82 (Section 5, Prompt 14/17)[0m
[1;33m2025-09-21 00:53:29 - Running prompt generation...[0m
5-hour limit reached ∙ resets 5am
[0;32m2025-09-21 00:53:41 - Completed prompt #82[0m
[0;34m2025-09-21 00:53:46 - Generating prompt #83 (Section 5, Prompt 15/17)[0m
[1;33m2025-09-21 00:53:46 - Running prompt generation...[0m
5-hour limit reached ∙ resets 5am
[0;32m2025-09-21 00:53:59 - Completed prompt #83[0m
[0;34m2025-09-21 00:54:05 - Generating prompt #84 (Section 5, Prompt 16/17)[0m
[1;33m2025-09-21 00:54:05 - Running prompt generation...[0m
5-hour limit reached ∙ resets 5am
[0;32m2025-09-21 00:54:16 - Completed prompt #84[0m
[0;34m2025-09-21 00:54:21 - Generating prompt #85 (Section 5, Prompt 17/17)[0m
[1;33m2025-09-21 00:54:21 - Running prompt generation...[0m
5-hour limit reached ∙ resets 5am
[0;32m2025-09-21 00:54:33 - Completed prompt #85[0m
[0;34m2025-09-21 00:54:38 - Generating prompt #86 (Section 6, Prompt 1/17)[0m
[1;33m2025-09-21 00:54:38 - Running prompt generation...[0m
5-hour limit reached ∙ resets 5am
[0;32m2025-09-21 00:54:50 - Completed prompt #86[0m
[0;34m2025-09-21 00:54:55 - Generating prompt #87 (Section 6, Prompt 2/17)[0m
[1;33m2025-09-21 00:54:55 - Running prompt generation...[0m
5-hour limit reached ∙ resets 5am
[0;32m2025-09-21 00:55:07 - Completed prompt #87[0m
[0;34m2025-09-21 00:55:12 - Generating prompt #88 (Section 6, Prompt 3/17)[0m
[1;33m2025-09-21 00:55:12 - Running prompt generation...[0m
5-hour limit reached ∙ resets 5am
[0;32m2025-09-21 00:55:24 - Completed prompt #88[0m
[0;34m2025-09-21 00:55:29 - Generating prompt #89 (Section 6, Prompt 4/17)[0m
[1;33m2025-09-21 00:55:29 - Running prompt generation...[0m
5-hour limit reached ∙ resets 5am
[0;32m2025-09-21 00:55:41 - Completed prompt #89[0m
[0;34m2025-09-21 00:55:46 - Generating prompt #90 (Section 6, Prompt 5/17)[0m
[1;33m2025-09-21 00:55:46 - Running prompt generation...[0m
5-hour limit reached ∙ resets 5am
[0;32m2025-09-21 00:55:56 - Completed prompt #90[0m
[0;34m2025-09-21 00:56:01 - Generating prompt #91 (Section 6, Prompt 6/17)[0m
[1;33m2025-09-21 00:56:01 - Running prompt generation...[0m
5-hour limit reached ∙ resets 5am
[0;32m2025-09-21 00:56:15 - Completed prompt #91[0m
[0;34m2025-09-21 00:56:20 - Generating prompt #92 (Section 6, Prompt 7/17)[0m
[1;33m2025-09-21 00:56:20 - Running prompt generation...[0m
5-hour limit reached ∙ resets 5am
[0;32m2025-09-21 00:56:31 - Completed prompt #92[0m
[0;34m2025-09-21 00:56:36 - Generating prompt #93 (Section 6, Prompt 8/17)[0m
[1;33m2025-09-21 00:56:36 - Running prompt generation...[0m
5-hour limit reached ∙ resets 5am
[0;32m2025-09-21 00:56:48 - Completed prompt #93[0m
[0;34m2025-09-21 00:56:53 - Generating prompt #94 (Section 6, Prompt 9/17)[0m
[1;33m2025-09-21 00:56:53 - Running prompt generation...[0m
5-hour limit reached ∙ resets 5am
[0;32m2025-09-21 00:57:04 - Completed prompt #94[0m
[0;34m2025-09-21 00:57:09 - Generating prompt #95 (Section 6, Prompt 10/17)[0m
[1;33m2025-09-21 00:57:09 - Running prompt generation...[0m
5-hour limit reached ∙ resets 5am
[0;32m2025-09-21 00:57:21 - Completed prompt #95[0m
[0;34m2025-09-21 00:57:26 - Generating prompt #96 (Section 6, Prompt 11/17)[0m
[1;33m2025-09-21 00:57:26 - Running prompt generation...[0m
5-hour limit reached ∙ resets 5am
[0;32m2025-09-21 00:57:38 - Completed prompt #96[0m
[0;34m2025-09-21 00:57:43 - Generating prompt #97 (Section 6, Prompt 12/17)[0m
[1;33m2025-09-21 00:57:44 - Running prompt generation...[0m
5-hour limit reached ∙ resets 5am
[0;32m2025-09-21 00:57:56 - Completed prompt #97[0m
[0;34m2025-09-21 00:58:01 - Generating prompt #98 (Section 6, Prompt 13/17)[0m
[1;33m2025-09-21 00:58:01 - Running prompt generation...[0m
5-hour limit reached ∙ resets 5am
[0;32m2025-09-21 00:58:10 - Completed prompt #98[0m
[0;34m2025-09-21 00:58:15 - Generating prompt #99 (Section 6, Prompt 14/17)[0m
[1;33m2025-09-21 00:58:15 - Running prompt generation...[0m
5-hour limit reached ∙ resets 5am
[0;32m2025-09-21 00:58:27 - Completed prompt #99[0m
[0;34m2025-09-21 00:58:32 - Generating prompt #100 (Section 6, Prompt 15/17)[0m
[1;33m2025-09-21 00:58:32 - Running prompt generation...[0m
5-hour limit reached ∙ resets 5am
[0;32m2025-09-21 00:58:41 - Completed prompt #100[0m
[0;34m2025-09-21 00:58:46 - Generating prompt #101 (Section 6, Prompt 16/17)[0m
[1;33m2025-09-21 00:58:46 - Running prompt generation...[0m
5-hour limit reached ∙ resets 5am
[0;32m2025-09-21 00:58:53 - Completed prompt #101[0m
[0;34m2025-09-21 00:58:58 - Generating prompt #102 (Section 6, Prompt 17/17)[0m
[1;33m2025-09-21 00:58:59 - Running prompt generation...[0m
5-hour limit reached ∙ resets 5am
[0;32m2025-09-21 00:59:05 - Completed prompt #102[0m
