[0;34m2025-09-21 09:57:04 - Starting Prompt Generation Cycle for template: parenting-guidance[0m
[1;33m2025-09-21 09:57:04 - Override flag detected - resetting progress and recreating files[0m
[0;32m2025-09-21 09:57:04 - Progress reset to 0 for template: parenting-guidance[0m
[0;32m2025-09-21 09:57:04 - Using existing worktree: ../templata-parenting-guidance[0m
[1;33m2025-09-21 09:57:04 - Creating template prompt file: prompts-parenting-guidance.ts[0m
[0;32m2025-09-21 09:57:04 - Created template prompt file: ../templata-parenting-guidance/src/data/prompts-parenting-guidance.ts[0m
[0;34m2025-09-21 09:57:04 - Generating prompt #1 (Section 1, Prompt 1/17)[0m
[1;33m2025-09-21 09:57:04 - Running prompt generation...[0m
PROMPT GENERATION COMPLETE - Prompt #1
[0;32m2025-09-21 09:57:36 - Completed prompt #1[0m
[0;34m2025-09-21 09:57:41 - Generating prompt #2 (Section 1, Prompt 2/17)[0m
[1;33m2025-09-21 09:57:41 - Running prompt generation...[0m
PROMPT GENERATION COMPLETE - Prompt #2
[0;32m2025-09-21 09:58:09 - Completed prompt #2[0m
[0;34m2025-09-21 09:58:14 - Generating prompt #3 (Section 1, Prompt 3/17)[0m
[1;33m2025-09-21 09:58:14 - Running prompt generation...[0m
PROMPT GENERATION COMPLETE - Prompt #3
[0;32m2025-09-21 09:58:36 - Completed prompt #3[0m
[0;34m2025-09-21 09:58:42 - Generating prompt #4 (Section 1, Prompt 4/17)[0m
[1;33m2025-09-21 09:58:42 - Running prompt generation...[0m
PROMPT GENERATION COMPLETE - Prompt #4
[0;32m2025-09-21 09:59:06 - Completed prompt #4[0m
[0;34m2025-09-21 09:59:11 - Generating prompt #5 (Section 1, Prompt 5/17)[0m
[1;33m2025-09-21 09:59:11 - Running prompt generation...[0m
PROMPT GENERATION COMPLETE - Prompt #5
[0;32m2025-09-21 09:59:33 - Completed prompt #5[0m
[0;34m2025-09-21 09:59:38 - Generating prompt #6 (Section 1, Prompt 6/17)[0m
[1;33m2025-09-21 09:59:38 - Running prompt generation...[0m
PROMPT GENERATION COMPLETE - Prompt #6
[0;32m2025-09-21 10:00:02 - Completed prompt #6[0m
[0;34m2025-09-21 10:00:07 - Generating prompt #7 (Section 1, Prompt 7/17)[0m
[1;33m2025-09-21 10:00:07 - Running prompt generation...[0m
PROMPT GENERATION COMPLETE - Prompt #7
[0;32m2025-09-21 10:00:31 - Completed prompt #7[0m
[0;34m2025-09-21 10:00:36 - Generating prompt #8 (Section 1, Prompt 8/17)[0m
[1;33m2025-09-21 10:00:36 - Running prompt generation...[0m
PROMPT GENERATION COMPLETE - Prompt #8
[0;32m2025-09-21 10:01:05 - Completed prompt #8[0m
[0;34m2025-09-21 10:01:10 - Generating prompt #9 (Section 1, Prompt 9/17)[0m
[1;33m2025-09-21 10:01:10 - Running prompt generation...[0m
PROMPT GENERATION COMPLETE - Prompt #9
[0;32m2025-09-21 10:01:31 - Completed prompt #9[0m
[0;34m2025-09-21 10:01:36 - Generating prompt #10 (Section 1, Prompt 10/17)[0m
[1;33m2025-09-21 10:01:36 - Running prompt generation...[0m
PROMPT GENERATION COMPLETE - Prompt #10
[0;32m2025-09-21 10:01:56 - Completed prompt #10[0m
[0;34m2025-09-21 10:02:01 - Generating prompt #11 (Section 1, Prompt 11/17)[0m
[1;33m2025-09-21 10:02:01 - Running prompt generation...[0m
PROMPT GENERATION COMPLETE - Prompt #11
[0;32m2025-09-21 10:02:22 - Completed prompt #11[0m
[0;34m2025-09-21 10:02:27 - Generating prompt #12 (Section 1, Prompt 12/17)[0m
[1;33m2025-09-21 10:02:27 - Running prompt generation...[0m
PROMPT GENERATION COMPLETE - Prompt #12
[0;32m2025-09-21 10:02:50 - Completed prompt #12[0m
[0;34m2025-09-21 10:02:55 - Generating prompt #13 (Section 1, Prompt 13/17)[0m
[1;33m2025-09-21 10:02:55 - Running prompt generation...[0m
PROMPT GENERATION COMPLETE - Prompt #13
[0;32m2025-09-21 10:03:17 - Completed prompt #13[0m
[0;34m2025-09-21 10:03:22 - Generating prompt #14 (Section 1, Prompt 14/17)[0m
[1;33m2025-09-21 10:03:22 - Running prompt generation...[0m
PROMPT GENERATION COMPLETE - Prompt #14
[0;32m2025-09-21 10:03:42 - Completed prompt #14[0m
[0;34m2025-09-21 10:03:47 - Generating prompt #15 (Section 1, Prompt 15/17)[0m
[1;33m2025-09-21 10:03:47 - Running prompt generation...[0m
PROMPT GENERATION COMPLETE - Prompt #15
[0;32m2025-09-21 10:04:07 - Completed prompt #15[0m
[0;34m2025-09-21 10:04:12 - Generating prompt #16 (Section 1, Prompt 16/17)[0m
[1;33m2025-09-21 10:04:12 - Running prompt generation...[0m
PROMPT GENERATION COMPLETE - Prompt #16
[0;32m2025-09-21 10:04:32 - Completed prompt #16[0m
[0;34m2025-09-21 10:04:37 - Generating prompt #17 (Section 1, Prompt 17/17)[0m
[1;33m2025-09-21 10:04:37 - Running prompt generation...[0m
PROMPT GENERATION COMPLETE - Prompt #17
[0;32m2025-09-21 10:04:57 - Completed prompt #17[0m
[0;34m2025-09-21 10:05:02 - Generating prompt #18 (Section 2, Prompt 1/17)[0m
[1;33m2025-09-21 10:05:02 - Running prompt generation...[0m
PROMPT GENERATION COMPLETE - Prompt #18
[0;32m2025-09-21 10:05:26 - Completed prompt #18[0m
[0;34m2025-09-21 10:05:31 - Generating prompt #19 (Section 2, Prompt 2/17)[0m
[1;33m2025-09-21 10:05:31 - Running prompt generation...[0m
PROMPT GENERATION COMPLETE - Prompt #19
[0;32m2025-09-21 10:05:51 - Completed prompt #19[0m
[0;34m2025-09-21 10:05:56 - Generating prompt #20 (Section 2, Prompt 3/17)[0m
[1;33m2025-09-21 10:05:56 - Running prompt generation...[0m
PROMPT GENERATION COMPLETE - Prompt #20
[0;32m2025-09-21 10:06:17 - Completed prompt #20[0m
[0;34m2025-09-21 10:06:22 - Generating prompt #21 (Section 2, Prompt 4/17)[0m
[1;33m2025-09-21 10:06:22 - Running prompt generation...[0m
PROMPT GENERATION COMPLETE - Prompt #21
[0;32m2025-09-21 10:06:43 - Completed prompt #21[0m
[0;34m2025-09-21 10:06:48 - Generating prompt #22 (Section 2, Prompt 5/17)[0m
[1;33m2025-09-21 10:06:48 - Running prompt generation...[0m
PROMPT GENERATION COMPLETE - Prompt #22
[0;32m2025-09-21 10:07:07 - Completed prompt #22[0m
[0;34m2025-09-21 10:07:13 - Generating prompt #23 (Section 2, Prompt 6/17)[0m
[1;33m2025-09-21 10:07:13 - Running prompt generation...[0m
PROMPT GENERATION COMPLETE - Prompt #23
[0;32m2025-09-21 10:07:32 - Completed prompt #23[0m
[0;34m2025-09-21 10:07:37 - Generating prompt #24 (Section 2, Prompt 7/17)[0m
[1;33m2025-09-21 10:07:37 - Running prompt generation...[0m
PROMPT GENERATION COMPLETE - Prompt #24
[0;32m2025-09-21 10:07:58 - Completed prompt #24[0m
[0;34m2025-09-21 10:08:03 - Generating prompt #25 (Section 2, Prompt 8/17)[0m
[1;33m2025-09-21 10:08:03 - Running prompt generation...[0m
PROMPT GENERATION COMPLETE - Prompt #25
[0;32m2025-09-21 10:08:26 - Completed prompt #25[0m
[0;34m2025-09-21 10:08:31 - Generating prompt #26 (Section 2, Prompt 9/17)[0m
[1;33m2025-09-21 10:08:31 - Running prompt generation...[0m
PROMPT GENERATION COMPLETE - Prompt #26
[0;32m2025-09-21 10:08:52 - Completed prompt #26[0m
[0;34m2025-09-21 10:08:57 - Generating prompt #27 (Section 2, Prompt 10/17)[0m
[1;33m2025-09-21 10:08:57 - Running prompt generation...[0m
PROMPT GENERATION COMPLETE - Prompt #27
[0;32m2025-09-21 10:09:18 - Completed prompt #27[0m
[0;34m2025-09-21 10:09:23 - Generating prompt #28 (Section 2, Prompt 11/17)[0m
[1;33m2025-09-21 10:09:23 - Running prompt generation...[0m
PROMPT GENERATION COMPLETE - Prompt #28
[0;32m2025-09-21 10:09:45 - Completed prompt #28[0m
[0;34m2025-09-21 10:09:50 - Generating prompt #29 (Section 2, Prompt 12/17)[0m
[1;33m2025-09-21 10:09:50 - Running prompt generation...[0m
PROMPT GENERATION COMPLETE - Prompt #29
[0;32m2025-09-21 10:10:11 - Completed prompt #29[0m
[0;34m2025-09-21 10:10:17 - Generating prompt #30 (Section 2, Prompt 13/17)[0m
[1;33m2025-09-21 10:10:17 - Running prompt generation...[0m
PROMPT GENERATION COMPLETE - Prompt #30
[0;32m2025-09-21 10:10:40 - Completed prompt #30[0m
[0;34m2025-09-21 10:10:45 - Generating prompt #31 (Section 2, Prompt 14/17)[0m
[1;33m2025-09-21 10:10:45 - Running prompt generation...[0m
PROMPT GENERATION COMPLETE - Prompt #31
[0;32m2025-09-21 10:11:05 - Completed prompt #31[0m
[0;34m2025-09-21 10:11:10 - Generating prompt #32 (Section 2, Prompt 15/17)[0m
[1;33m2025-09-21 10:11:10 - Running prompt generation...[0m
PROMPT GENERATION COMPLETE - Prompt #32
[0;32m2025-09-21 10:11:31 - Completed prompt #32[0m
[0;34m2025-09-21 10:11:36 - Generating prompt #33 (Section 2, Prompt 16/17)[0m
[1;33m2025-09-21 10:11:36 - Running prompt generation...[0m
PROMPT GENERATION COMPLETE - Prompt #33
[0;32m2025-09-21 10:11:57 - Completed prompt #33[0m
[0;34m2025-09-21 10:12:02 - Generating prompt #34 (Section 2, Prompt 17/17)[0m
[1;33m2025-09-21 10:12:02 - Running prompt generation...[0m
PROMPT GENERATION COMPLETE - Prompt #34
[0;32m2025-09-21 10:12:23 - Completed prompt #34[0m
[0;34m2025-09-21 10:12:28 - Generating prompt #35 (Section 3, Prompt 1/17)[0m
[1;33m2025-09-21 10:12:28 - Running prompt generation...[0m
<invoke name="Edit">
<parameter name="file_path">/Users/ikim1/Documents/GitHub/templata-parenting-guidance/src/data/prompts-parenting-guidance.ts</parameter>
<parameter name="old_string">  {
    id: 'prompt-34',
    prompt: 'Create a detailed behavior tracking chart and implement a consistent positive reinforcement system for two weeks',
    category: 'planning',
    helpText: 'Systematic behavior tracking helps you identify patterns and triggers while positive reinforcement builds your child\'s confidence and motivation to continue good choices. Design a simple chart that tracks 3-5 specific behaviors you want to encourage, then establish clear rewards that matter to your child for meeting daily or weekly goals. This structured approach helps you respond consistently to behavior patterns rather than reacting in the moment, creating a foundation for long-term positive behavior development.'
  }
];</parameter>
<parameter name="new_string">  {
    id: 'prompt-34',
    prompt: 'Create a detailed behavior tracking chart and implement a consistent positive reinforcement system for two weeks',
    category: 'planning',
    helpText: 'Systematic behavior tracking helps you identify patterns and triggers while positive reinforcement builds your child\'s confidence and motivation to continue good choices. Design a simple chart that tracks 3-5 specific behaviors you want to encourage, then establish clear rewards that matter to your child for meeting daily or weekly goals. This structured approach helps you respond consistently to behavior patterns rather than reacting in the moment, creating a foundation for long-term positive behavior development.'
  },
  {
    id: 'prompt-35',
    prompt: 'Schedule and prepare for a parent-child bonding activity that aligns with your child\'s current interests and developmental stage',
    category: 'action',
    helpText: 'Dedicated one-on-one time strengthens your parent-child connection while supporting your child\'s emotional security and self-esteem. Choose an activity your child genuinely enjoys that allows for natural conversation and interaction, such as cooking together, building a fort, or exploring nature. This focused attention without distractions helps you better understand your child\'s personality and interests while creating positive memories that reinforce your relationship during challenging parenting moments.'
  }
];</parameter>
</invoke>
[0;32m2025-09-21 10:12:45 - Completed prompt #35[0m
[0;34m2025-09-21 10:12:50 - Generating prompt #36 (Section 3, Prompt 2/17)[0m
[1;33m2025-09-21 10:12:50 - Running prompt generation...[0m
PROMPT GENERATION COMPLETE - Prompt #36
[0;32m2025-09-21 10:13:11 - Completed prompt #36[0m
[0;34m2025-09-21 10:13:16 - Generating prompt #37 (Section 3, Prompt 3/17)[0m
[1;33m2025-09-21 10:13:16 - Running prompt generation...[0m
PROMPT GENERATION COMPLETE - Prompt #37
[0;32m2025-09-21 10:13:36 - Completed prompt #37[0m
[0;34m2025-09-21 10:13:41 - Generating prompt #38 (Section 3, Prompt 4/17)[0m
[1;33m2025-09-21 10:13:41 - Running prompt generation...[0m
PROMPT GENERATION COMPLETE - Prompt #38
[0;32m2025-09-21 10:14:01 - Completed prompt #38[0m
[0;34m2025-09-21 10:14:06 - Generating prompt #39 (Section 3, Prompt 5/17)[0m
[1;33m2025-09-21 10:14:06 - Running prompt generation...[0m
PROMPT GENERATION COMPLETE - Prompt #39
[0;32m2025-09-21 10:14:26 - Completed prompt #39[0m
[0;34m2025-09-21 10:14:31 - Generating prompt #40 (Section 3, Prompt 6/17)[0m
[1;33m2025-09-21 10:14:31 - Running prompt generation...[0m
PROMPT GENERATION COMPLETE - Prompt #40
[0;32m2025-09-21 10:14:52 - Completed prompt #40[0m
[0;34m2025-09-21 10:14:57 - Generating prompt #41 (Section 3, Prompt 7/17)[0m
[1;33m2025-09-21 10:14:57 - Running prompt generation...[0m
<invoke name="Edit">
<parameter name="file_path">/Users/ikim1/Documents/GitHub/templata-parenting-guidance/src/data/prompts-parenting-guidance.ts</parameter>
<parameter name="old_string">  {
    id: 'prompt-40',
    prompt: 'Set up a monthly one-on-one date with your child and plan the first three activities based on their interests',
    category: 'action',
    helpText: 'Regular individual attention strengthens your parent-child bond while making your child feel valued and special in your busy family life. Choose activities that match your child\'s current interests and developmental stage, such as visiting a museum, cooking together, or exploring a new playground, then schedule these dates on your calendar as non-negotiable commitments. This dedicated time creates lasting memories and provides opportunities for deeper conversations and connection without distractions from siblings or daily responsibilities.'
  }
];</parameter>
<parameter name="new_string">  {
    id: 'prompt-40',
    prompt: 'Set up a monthly one-on-one date with your child and plan the first three activities based on their interests',
    category: 'action',
    helpText: 'Regular individual attention strengthens your parent-child bond while making your child feel valued and special in your busy family life. Choose activities that match your child\'s current interests and developmental stage, such as visiting a museum, cooking together, or exploring a new playground, then schedule these dates on your calendar as non-negotiable commitments. This dedicated time creates lasting memories and provides opportunities for deeper conversations and connection without distractions from siblings or daily responsibilities.'
  },
  {
    id: 'prompt-41',
    prompt: 'Create a detailed home learning station with organized educational materials and establish daily learning time',
    category: 'action',
    helpText: 'A dedicated learning environment reinforces the importance of education and provides structure for meaningful parent-child educational activities. Set up a specific area with age-appropriate books, art supplies, educational games, and writing materials organized in accessible containers, then commit to 20-30 minutes of focused learning time together each day. This physical space and routine creates positive associations with learning while giving you regular opportunities to support your child\'s academic development and discover their learning preferences.'
  }
];</parameter>
</invoke>
[0;32m2025-09-21 10:15:14 - Completed prompt #41[0m
[0;34m2025-09-21 10:15:19 - Generating prompt #42 (Section 3, Prompt 8/17)[0m
[1;33m2025-09-21 10:15:19 - Running prompt generation...[0m
PROMPT GENERATION COMPLETE - Prompt #42
[0;32m2025-09-21 10:15:40 - Completed prompt #42[0m
[0;34m2025-09-21 10:15:45 - Generating prompt #43 (Section 3, Prompt 9/17)[0m
[1;33m2025-09-21 10:15:45 - Running prompt generation...[0m
PROMPT GENERATION COMPLETE - Prompt #43
[0;32m2025-09-21 10:16:07 - Completed prompt #43[0m
[0;34m2025-09-21 10:16:12 - Generating prompt #44 (Section 3, Prompt 10/17)[0m
[1;33m2025-09-21 10:16:12 - Running prompt generation...[0m
<invoke name="Edit">
<parameter name="file_path">/Users/ikim1/Documents/GitHub/templata-parenting-guidance/src/data/prompts-parenting-guidance.ts</parameter>
<parameter name="old_string">  {
    id: 'prompt-43',
    prompt: 'Create a detailed action plan for implementing consistent consequences and follow through for one week',
    category: 'action',
    helpText: 'Consistent follow-through on established consequences builds your child\'s trust in your reliability while teaching them that actions have predictable outcomes. Document specific consequences for common rule violations, practice delivering them calmly and without negotiation, then track your consistency in implementation for seven days. This systematic approach helps you stay calm during challenging moments while teaching your child accountability and the security that comes from predictable, fair responses to their choices.'
  }</parameter>
<parameter name="new_string">  {
    id: 'prompt-43',
    prompt: 'Create a detailed action plan for implementing consistent consequences and follow through for one week',
    category: 'action',
    helpText: 'Consistent follow-through on established consequences builds your child\'s trust in your reliability while teaching them that actions have predictable outcomes. Document specific consequences for common rule violations, practice delivering them calmly and without negotiation, then track your consistency in implementation for seven days. This systematic approach helps you stay calm during challenging moments while teaching your child accountability and the security that comes from predictable, fair responses to their choices.'
  },
  {
    id: 'prompt-44',
    prompt: 'Schedule and conduct a comprehensive home safety walk-through, documenting and addressing 5 specific hazards',
    category: 'action',
    helpText: 'A systematic safety assessment ensures your home environment supports your child\'s natural curiosity while preventing preventable accidents and injuries. Walk through each room with fresh eyes, identifying specific risks like loose cords, unsecured furniture, cleaning supplies within reach, or sharp corners, then immediately address each hazard with appropriate safety measures. This proactive approach creates peace of mind for parents while teaching children that safety is a family priority that requires ongoing attention and care.'
  }</parameter>
</invoke>
[0;32m2025-09-21 10:16:30 - Completed prompt #44[0m
[0;34m2025-09-21 10:16:35 - Generating prompt #45 (Section 3, Prompt 11/17)[0m
[1;33m2025-09-21 10:16:35 - Running prompt generation...[0m
PROMPT GENERATION COMPLETE - Prompt #45
[0;32m2025-09-21 10:16:55 - Completed prompt #45[0m
[0;34m2025-09-21 10:17:00 - Generating prompt #46 (Section 3, Prompt 12/17)[0m
[1;33m2025-09-21 10:17:00 - Running prompt generation...[0m
PROMPT GENERATION COMPLETE - Prompt #46
[0;32m2025-09-21 10:17:21 - Completed prompt #46[0m
[0;34m2025-09-21 10:17:26 - Generating prompt #47 (Section 3, Prompt 13/17)[0m
[1;33m2025-09-21 10:17:26 - Running prompt generation...[0m
PROMPT GENERATION COMPLETE - Prompt #47
[0;32m2025-09-21 10:17:46 - Completed prompt #47[0m
[0;34m2025-09-21 10:17:51 - Generating prompt #48 (Section 3, Prompt 14/17)[0m
[1;33m2025-09-21 10:17:51 - Running prompt generation...[0m
PROMPT GENERATION COMPLETE - Prompt #48
[0;32m2025-09-21 10:18:11 - Completed prompt #48[0m
[0;34m2025-09-21 10:18:16 - Generating prompt #49 (Section 3, Prompt 15/17)[0m
[1;33m2025-09-21 10:18:16 - Running prompt generation...[0m
PROMPT GENERATION COMPLETE - Prompt #49
[0;32m2025-09-21 10:18:37 - Completed prompt #49[0m
[0;34m2025-09-21 10:18:42 - Generating prompt #50 (Section 3, Prompt 16/17)[0m
[1;33m2025-09-21 10:18:42 - Running prompt generation...[0m
PROMPT GENERATION COMPLETE - Prompt #50
[0;32m2025-09-21 10:19:03 - Completed prompt #50[0m
[0;34m2025-09-21 10:19:08 - Generating prompt #51 (Section 3, Prompt 17/17)[0m
[1;33m2025-09-21 10:19:08 - Running prompt generation...[0m
PROMPT GENERATION COMPLETE - Prompt #51
[0;32m2025-09-21 10:19:29 - Completed prompt #51[0m
[0;34m2025-09-21 10:19:34 - Generating prompt #52 (Section 4, Prompt 1/17)[0m
[1;33m2025-09-21 10:19:34 - Running prompt generation...[0m
PROMPT GENERATION COMPLETE - Prompt #52
[0;32m2025-09-21 10:19:57 - Completed prompt #52[0m
[0;34m2025-09-21 10:20:02 - Generating prompt #53 (Section 4, Prompt 2/17)[0m
[1;33m2025-09-21 10:20:02 - Running prompt generation...[0m
PROMPT GENERATION COMPLETE - Prompt #53
[0;32m2025-09-21 10:20:22 - Completed prompt #53[0m
[0;34m2025-09-21 10:20:27 - Generating prompt #54 (Section 4, Prompt 3/17)[0m
[1;33m2025-09-21 10:20:27 - Running prompt generation...[0m
PROMPT GENERATION COMPLETE - Prompt #54
[0;32m2025-09-21 10:20:48 - Completed prompt #54[0m
[0;34m2025-09-21 10:20:53 - Generating prompt #55 (Section 4, Prompt 4/17)[0m
[1;33m2025-09-21 10:20:53 - Running prompt generation...[0m
PROMPT GENERATION COMPLETE - Prompt #55
[0;32m2025-09-21 10:21:13 - Completed prompt #55[0m
[0;34m2025-09-21 10:21:18 - Generating prompt #56 (Section 4, Prompt 5/17)[0m
[1;33m2025-09-21 10:21:18 - Running prompt generation...[0m
PROMPT GENERATION COMPLETE - Prompt #56
[0;32m2025-09-21 10:21:40 - Completed prompt #56[0m
[0;34m2025-09-21 10:21:45 - Generating prompt #57 (Section 4, Prompt 6/17)[0m
[1;33m2025-09-21 10:21:45 - Running prompt generation...[0m
PROMPT GENERATION COMPLETE - Prompt #57
[0;32m2025-09-21 10:22:05 - Completed prompt #57[0m
[0;34m2025-09-21 10:22:10 - Generating prompt #58 (Section 4, Prompt 7/17)[0m
[1;33m2025-09-21 10:22:10 - Running prompt generation...[0m
PROMPT GENERATION COMPLETE - Prompt #58
[0;32m2025-09-21 10:22:30 - Completed prompt #58[0m
[0;34m2025-09-21 10:22:35 - Generating prompt #59 (Section 4, Prompt 8/17)[0m
[1;33m2025-09-21 10:22:35 - Running prompt generation...[0m
PROMPT GENERATION COMPLETE - Prompt #59
[0;32m2025-09-21 10:22:59 - Completed prompt #59[0m
[0;34m2025-09-21 10:23:04 - Generating prompt #60 (Section 4, Prompt 9/17)[0m
[1;33m2025-09-21 10:23:04 - Running prompt generation...[0m
PROMPT GENERATION COMPLETE - Prompt #60
[0;32m2025-09-21 10:23:25 - Completed prompt #60[0m
[0;34m2025-09-21 10:23:31 - Generating prompt #61 (Section 4, Prompt 10/17)[0m
[1;33m2025-09-21 10:23:31 - Running prompt generation...[0m
PROMPT GENERATION COMPLETE - Prompt #61
[0;32m2025-09-21 10:23:51 - Completed prompt #61[0m
[0;34m2025-09-21 10:23:56 - Generating prompt #62 (Section 4, Prompt 11/17)[0m
[1;33m2025-09-21 10:23:56 - Running prompt generation...[0m
PROMPT GENERATION COMPLETE - Prompt #62
[0;32m2025-09-21 10:24:18 - Completed prompt #62[0m
[0;34m2025-09-21 10:24:23 - Generating prompt #63 (Section 4, Prompt 12/17)[0m
[1;33m2025-09-21 10:24:23 - Running prompt generation...[0m
PROMPT GENERATION COMPLETE - Prompt #63
[0;32m2025-09-21 10:24:44 - Completed prompt #63[0m
[0;34m2025-09-21 10:24:49 - Generating prompt #64 (Section 4, Prompt 13/17)[0m
[1;33m2025-09-21 10:24:49 - Running prompt generation...[0m
PROMPT GENERATION COMPLETE - Prompt #64
[0;32m2025-09-21 10:25:10 - Completed prompt #64[0m
[0;34m2025-09-21 10:25:15 - Generating prompt #65 (Section 4, Prompt 14/17)[0m
[1;33m2025-09-21 10:25:15 - Running prompt generation...[0m
PROMPT GENERATION COMPLETE - Prompt #65
[0;32m2025-09-21 10:25:36 - Completed prompt #65[0m
[0;34m2025-09-21 10:25:41 - Generating prompt #66 (Section 4, Prompt 15/17)[0m
[1;33m2025-09-21 10:25:41 - Running prompt generation...[0m
PROMPT GENERATION COMPLETE - Prompt #66
[0;32m2025-09-21 10:26:02 - Completed prompt #66[0m
[0;34m2025-09-21 10:26:07 - Generating prompt #67 (Section 4, Prompt 16/17)[0m
[1;33m2025-09-21 10:26:07 - Running prompt generation...[0m
PROMPT GENERATION COMPLETE - Prompt #67
[0;32m2025-09-21 10:26:28 - Completed prompt #67[0m
[0;34m2025-09-21 10:26:33 - Generating prompt #68 (Section 4, Prompt 17/17)[0m
[1;33m2025-09-21 10:26:34 - Running prompt generation...[0m
PROMPT GENERATION COMPLETE - Prompt #68
[0;32m2025-09-21 10:26:56 - Completed prompt #68[0m
[0;34m2025-09-21 10:27:01 - Generating prompt #69 (Section 5, Prompt 1/17)[0m
[1;33m2025-09-21 10:27:01 - Running prompt generation...[0m
PROMPT GENERATION COMPLETE - Prompt #69
[0;32m2025-09-21 10:27:22 - Completed prompt #69[0m
[0;34m2025-09-21 10:27:27 - Generating prompt #70 (Section 5, Prompt 2/17)[0m
[1;33m2025-09-21 10:27:27 - Running prompt generation...[0m
PROMPT GENERATION COMPLETE - Prompt #70
[0;32m2025-09-21 10:27:48 - Completed prompt #70[0m
[0;34m2025-09-21 10:27:53 - Generating prompt #71 (Section 5, Prompt 3/17)[0m
[1;33m2025-09-21 10:27:53 - Running prompt generation...[0m
PROMPT GENERATION COMPLETE - Prompt #71
[0;32m2025-09-21 10:28:14 - Completed prompt #71[0m
[0;34m2025-09-21 10:28:19 - Generating prompt #72 (Section 5, Prompt 4/17)[0m
[1;33m2025-09-21 10:28:19 - Running prompt generation...[0m
PROMPT GENERATION COMPLETE - Prompt #72
[0;32m2025-09-21 10:28:39 - Completed prompt #72[0m
[0;34m2025-09-21 10:28:44 - Generating prompt #73 (Section 5, Prompt 5/17)[0m
[1;33m2025-09-21 10:28:44 - Running prompt generation...[0m
PROMPT GENERATION COMPLETE - Prompt #73
[0;32m2025-09-21 10:29:06 - Completed prompt #73[0m
[0;34m2025-09-21 10:29:11 - Generating prompt #74 (Section 5, Prompt 6/17)[0m
[1;33m2025-09-21 10:29:11 - Running prompt generation...[0m
PROMPT GENERATION COMPLETE - Prompt #74
[0;32m2025-09-21 10:29:33 - Completed prompt #74[0m
[0;34m2025-09-21 10:29:38 - Generating prompt #75 (Section 5, Prompt 7/17)[0m
[1;33m2025-09-21 10:29:38 - Running prompt generation...[0m
PROMPT GENERATION COMPLETE - Prompt #75
[0;32m2025-09-21 10:30:00 - Completed prompt #75[0m
[0;34m2025-09-21 10:30:05 - Generating prompt #76 (Section 5, Prompt 8/17)[0m
[1;33m2025-09-21 10:30:05 - Running prompt generation...[0m
PROMPT GENERATION COMPLETE - Prompt #76
[0;32m2025-09-21 10:30:27 - Completed prompt #76[0m
[0;34m2025-09-21 10:30:32 - Generating prompt #77 (Section 5, Prompt 9/17)[0m
[1;33m2025-09-21 10:30:32 - Running prompt generation...[0m
PROMPT GENERATION COMPLETE - Prompt #77
[0;32m2025-09-21 10:30:57 - Completed prompt #77[0m
[0;34m2025-09-21 10:31:02 - Generating prompt #78 (Section 5, Prompt 10/17)[0m
[1;33m2025-09-21 10:31:02 - Running prompt generation...[0m
PROMPT GENERATION COMPLETE - Prompt #78
[0;32m2025-09-21 10:31:24 - Completed prompt #78[0m
[0;34m2025-09-21 10:31:29 - Generating prompt #79 (Section 5, Prompt 11/17)[0m
[1;33m2025-09-21 10:31:29 - Running prompt generation...[0m
PROMPT GENERATION COMPLETE - Prompt #79
[0;32m2025-09-21 10:31:52 - Completed prompt #79[0m
[0;34m2025-09-21 10:31:57 - Generating prompt #80 (Section 5, Prompt 12/17)[0m
[1;33m2025-09-21 10:31:57 - Running prompt generation...[0m
PROMPT GENERATION COMPLETE - Prompt #80
[0;32m2025-09-21 10:32:21 - Completed prompt #80[0m
[0;34m2025-09-21 10:32:26 - Generating prompt #81 (Section 5, Prompt 13/17)[0m
[1;33m2025-09-21 10:32:26 - Running prompt generation...[0m
PROMPT GENERATION COMPLETE - Prompt #81
[0;32m2025-09-21 10:32:47 - Completed prompt #81[0m
[0;34m2025-09-21 10:32:52 - Generating prompt #82 (Section 5, Prompt 14/17)[0m
[1;33m2025-09-21 10:32:52 - Running prompt generation...[0m
PROMPT GENERATION COMPLETE - Prompt #82
[0;32m2025-09-21 10:33:13 - Completed prompt #82[0m
[0;34m2025-09-21 10:33:18 - Generating prompt #83 (Section 5, Prompt 15/17)[0m
[1;33m2025-09-21 10:33:18 - Running prompt generation...[0m
PROMPT GENERATION COMPLETE - Prompt #83
[0;32m2025-09-21 10:33:40 - Completed prompt #83[0m
[0;34m2025-09-21 10:33:45 - Generating prompt #84 (Section 5, Prompt 16/17)[0m
[1;33m2025-09-21 10:33:45 - Running prompt generation...[0m
PROMPT GENERATION COMPLETE - Prompt #84
[0;32m2025-09-21 10:34:06 - Completed prompt #84[0m
[0;34m2025-09-21 10:34:11 - Generating prompt #85 (Section 5, Prompt 17/17)[0m
[1;33m2025-09-21 10:34:11 - Running prompt generation...[0m
PROMPT GENERATION COMPLETE - Prompt #85
[0;32m2025-09-21 10:34:34 - Completed prompt #85[0m
[0;34m2025-09-21 10:34:39 - Generating prompt #86 (Section 6, Prompt 1/17)[0m
[1;33m2025-09-21 10:34:39 - Running prompt generation...[0m
PROMPT GENERATION COMPLETE - Prompt #86
[0;32m2025-09-21 10:35:00 - Completed prompt #86[0m
[0;34m2025-09-21 10:35:05 - Generating prompt #87 (Section 6, Prompt 2/17)[0m
[1;33m2025-09-21 10:35:05 - Running prompt generation...[0m
PROMPT GENERATION COMPLETE - Prompt #87
[0;32m2025-09-21 10:35:27 - Completed prompt #87[0m
[0;34m2025-09-21 10:35:32 - Generating prompt #88 (Section 6, Prompt 3/17)[0m
[1;33m2025-09-21 10:35:32 - Running prompt generation...[0m
PROMPT GENERATION COMPLETE - Prompt #88
[0;32m2025-09-21 10:35:54 - Completed prompt #88[0m
[0;34m2025-09-21 10:35:59 - Generating prompt #89 (Section 6, Prompt 4/17)[0m
[1;33m2025-09-21 10:35:59 - Running prompt generation...[0m
PROMPT GENERATION COMPLETE - Prompt #89
[0;32m2025-09-21 10:36:25 - Completed prompt #89[0m
[0;34m2025-09-21 10:36:30 - Generating prompt #90 (Section 6, Prompt 5/17)[0m
[1;33m2025-09-21 10:36:30 - Running prompt generation...[0m
PROMPT GENERATION COMPLETE - Prompt #90
[0;32m2025-09-21 10:36:54 - Completed prompt #90[0m
[0;34m2025-09-21 10:36:59 - Generating prompt #91 (Section 6, Prompt 6/17)[0m
[1;33m2025-09-21 10:36:59 - Running prompt generation...[0m
PROMPT GENERATION COMPLETE - Prompt #91
[0;32m2025-09-21 10:37:21 - Completed prompt #91[0m
[0;34m2025-09-21 10:37:26 - Generating prompt #92 (Section 6, Prompt 7/17)[0m
[1;33m2025-09-21 10:37:27 - Running prompt generation...[0m
PROMPT GENERATION COMPLETE - Prompt #92
[0;32m2025-09-21 10:37:47 - Completed prompt #92[0m
[0;34m2025-09-21 10:37:52 - Generating prompt #93 (Section 6, Prompt 8/17)[0m
[1;33m2025-09-21 10:37:52 - Running prompt generation...[0m
PROMPT GENERATION COMPLETE - Prompt #93
[0;32m2025-09-21 10:38:16 - Completed prompt #93[0m
[0;34m2025-09-21 10:38:21 - Generating prompt #94 (Section 6, Prompt 9/17)[0m
[1;33m2025-09-21 10:38:21 - Running prompt generation...[0m
PROMPT GENERATION COMPLETE - Prompt #94
[0;32m2025-09-21 10:38:43 - Completed prompt #94[0m
[0;34m2025-09-21 10:38:48 - Generating prompt #95 (Section 6, Prompt 10/17)[0m
[1;33m2025-09-21 10:38:48 - Running prompt generation...[0m
PROMPT GENERATION COMPLETE - Prompt #95
[0;32m2025-09-21 10:39:10 - Completed prompt #95[0m
[0;34m2025-09-21 10:39:15 - Generating prompt #96 (Section 6, Prompt 11/17)[0m
[1;33m2025-09-21 10:39:15 - Running prompt generation...[0m
PROMPT GENERATION COMPLETE - Prompt #96
[0;32m2025-09-21 10:39:38 - Completed prompt #96[0m
[0;34m2025-09-21 10:39:43 - Generating prompt #97 (Section 6, Prompt 12/17)[0m
[1;33m2025-09-21 10:39:43 - Running prompt generation...[0m
PROMPT GENERATION COMPLETE - Prompt #97
[0;32m2025-09-21 10:40:08 - Completed prompt #97[0m
[0;34m2025-09-21 10:40:13 - Generating prompt #98 (Section 6, Prompt 13/17)[0m
[1;33m2025-09-21 10:40:13 - Running prompt generation...[0m
PROMPT GENERATION COMPLETE - Prompt #98
[0;32m2025-09-21 10:40:37 - Completed prompt #98[0m
[0;34m2025-09-21 10:40:42 - Generating prompt #99 (Section 6, Prompt 14/17)[0m
[1;33m2025-09-21 10:40:42 - Running prompt generation...[0m
PROMPT GENERATION COMPLETE - Prompt #99
[0;32m2025-09-21 10:41:04 - Completed prompt #99[0m
[0;34m2025-09-21 10:41:09 - Generating prompt #100 (Section 6, Prompt 15/17)[0m
[1;33m2025-09-21 10:41:09 - Running prompt generation...[0m
PROMPT GENERATION COMPLETE - Prompt #100
[0;32m2025-09-21 10:41:33 - Completed prompt #100[0m
[0;34m2025-09-21 10:41:38 - Generating prompt #101 (Section 6, Prompt 16/17)[0m
[1;33m2025-09-21 10:41:38 - Running prompt generation...[0m
5-hour limit reached ∙ resets 2pm
[0;32m2025-09-21 10:41:46 - Completed prompt #101[0m
[0;34m2025-09-21 10:41:51 - Generating prompt #102 (Section 6, Prompt 17/17)[0m
[1;33m2025-09-21 10:41:51 - Running prompt generation...[0m
5-hour limit reached ∙ resets 2pm
[0;32m2025-09-21 10:42:02 - Completed prompt #102[0m
[0;34m2025-09-21 14:05:42 - Starting Prompt Generation Cycle for template: parenting-guidance[0m
[0;32m2025-09-21 14:05:42 - Using existing worktree: ../templata-parenting-guidance[0m
[0;34m2025-09-21 14:05:42 - Generating prompt #98 (Section 6, Prompt 13/17)[0m
[1;33m2025-09-21 14:05:42 - Running prompt generation...[0m
PROMPT GENERATION COMPLETE - Prompt #98
[0;32m2025-09-21 14:06:16 - Completed prompt #98[0m
[0;34m2025-09-21 14:06:21 - Generating prompt #99 (Section 6, Prompt 14/17)[0m
[1;33m2025-09-21 14:06:21 - Running prompt generation...[0m
PROMPT GENERATION COMPLETE - Prompt #99
[0;32m2025-09-21 14:06:45 - Completed prompt #99[0m
[0;34m2025-09-21 14:06:50 - Generating prompt #100 (Section 6, Prompt 15/17)[0m
[1;33m2025-09-21 14:06:50 - Running prompt generation...[0m
I see that prompt #100 already exists! It looks like the file already contains all 100 prompts. The existing prompt #100 is focused on creating a family legacy plan, which aligns with the "Growth and Future Vision" theme. Since the prompt is already complete and appropriately fits the requirements, I don't need to make any changes.

PROMPT GENERATION COMPLETE - Prompt #100
[0;32m2025-09-21 14:07:25 - Completed prompt #100[0m
[0;34m2025-09-21 14:07:30 - Generating prompt #101 (Section 6, Prompt 16/17)[0m
[1;33m2025-09-21 14:07:30 - Running prompt generation...[0m
PROMPT GENERATION COMPLETE - Prompt #101
[0;32m2025-09-21 14:07:55 - Completed prompt #101[0m
[0;34m2025-09-21 14:08:00 - Generating prompt #102 (Section 6, Prompt 17/17)[0m
[1;33m2025-09-21 14:08:00 - Running prompt generation...[0m
PROMPT GENERATION COMPLETE - Prompt #102
[0;32m2025-09-21 14:08:24 - Completed prompt #102[0m
