[0;34m2025-09-21 18:23:30 - Starting Prompt Generation Cycle for template: stock-trading[0m
[1;33m2025-09-21 18:23:30 - Override flag detected - resetting progress and recreating files[0m
[0;32m2025-09-21 18:23:30 - Progress reset to 0 for template: stock-trading[0m
[0;32m2025-09-21 18:23:30 - Using existing worktree: ../templata-stock-trading[0m
[1;33m2025-09-21 18:23:30 - Creating template prompt file: prompts-stock-trading.ts[0m
[0;32m2025-09-21 18:23:30 - Created template prompt file: ../templata-stock-trading/src/data/prompts-stock-trading.ts[0m
[0;34m2025-09-21 18:23:30 - Generating prompt #1 (Section 1, Prompt 1/17)[0m
[1;33m2025-09-21 18:23:31 - Running prompt generation...[0m
PROMPT GENERATION COMPLETE - Prompt #1
[0;32m2025-09-21 18:23:52 - Completed prompt #1[0m
[0;34m2025-09-21 18:23:57 - Generating prompt #2 (Section 1, Prompt 2/17)[0m
[1;33m2025-09-21 18:23:58 - Running prompt generation...[0m
5-hour limit reached ∙ resets 7pm
[0;32m2025-09-21 18:24:05 - Completed prompt #2[0m
[0;34m2025-09-21 18:24:10 - Generating prompt #3 (Section 1, Prompt 3/17)[0m
[1;33m2025-09-21 18:24:10 - Running prompt generation...[0m
5-hour limit reached ∙ resets 7pm
[0;32m2025-09-21 18:24:17 - Completed prompt #3[0m
[0;34m2025-09-21 18:24:22 - Generating prompt #4 (Section 1, Prompt 4/17)[0m
[1;33m2025-09-21 18:24:22 - Running prompt generation...[0m
5-hour limit reached ∙ resets 7pm
[0;32m2025-09-21 18:24:30 - Completed prompt #4[0m
[0;34m2025-09-21 18:24:35 - Generating prompt #5 (Section 1, Prompt 5/17)[0m
[1;33m2025-09-21 18:24:35 - Running prompt generation...[0m
5-hour limit reached ∙ resets 7pm
[0;32m2025-09-21 18:24:42 - Completed prompt #5[0m
[0;34m2025-09-21 18:24:47 - Generating prompt #6 (Section 1, Prompt 6/17)[0m
[1;33m2025-09-21 18:24:47 - Running prompt generation...[0m
5-hour limit reached ∙ resets 7pm
[0;32m2025-09-21 18:24:55 - Completed prompt #6[0m
[0;34m2025-09-21 18:25:00 - Generating prompt #7 (Section 1, Prompt 7/17)[0m
[1;33m2025-09-21 18:25:00 - Running prompt generation...[0m
5-hour limit reached ∙ resets 7pm
[0;32m2025-09-21 18:25:07 - Completed prompt #7[0m
[0;34m2025-09-21 18:25:12 - Generating prompt #8 (Section 1, Prompt 8/17)[0m
[1;33m2025-09-21 18:25:12 - Running prompt generation...[0m
5-hour limit reached ∙ resets 7pm
[0;32m2025-09-21 18:25:18 - Completed prompt #8[0m
[0;34m2025-09-21 18:25:23 - Generating prompt #9 (Section 1, Prompt 9/17)[0m
[1;33m2025-09-21 18:25:23 - Running prompt generation...[0m
5-hour limit reached ∙ resets 7pm
[0;32m2025-09-21 18:25:30 - Completed prompt #9[0m
[0;34m2025-09-21 18:25:35 - Generating prompt #10 (Section 1, Prompt 10/17)[0m
[1;33m2025-09-21 18:25:35 - Running prompt generation...[0m
5-hour limit reached ∙ resets 7pm
[0;32m2025-09-21 18:25:42 - Completed prompt #10[0m
[0;34m2025-09-21 18:25:47 - Generating prompt #11 (Section 1, Prompt 11/17)[0m
[1;33m2025-09-21 18:25:48 - Running prompt generation...[0m
5-hour limit reached ∙ resets 7pm
[0;32m2025-09-21 18:25:55 - Completed prompt #11[0m
[0;34m2025-09-21 18:26:00 - Generating prompt #12 (Section 1, Prompt 12/17)[0m
[1;33m2025-09-21 18:26:00 - Running prompt generation...[0m
5-hour limit reached ∙ resets 7pm
[0;32m2025-09-21 18:26:08 - Completed prompt #12[0m
[0;34m2025-09-21 18:26:13 - Generating prompt #13 (Section 1, Prompt 13/17)[0m
[1;33m2025-09-21 18:26:13 - Running prompt generation...[0m
5-hour limit reached ∙ resets 7pm
[0;32m2025-09-21 18:26:21 - Completed prompt #13[0m
[0;34m2025-09-21 18:26:26 - Generating prompt #14 (Section 1, Prompt 14/17)[0m
[1;33m2025-09-21 18:26:26 - Running prompt generation...[0m
5-hour limit reached ∙ resets 7pm
[0;32m2025-09-21 18:26:33 - Completed prompt #14[0m
[0;34m2025-09-21 18:26:38 - Generating prompt #15 (Section 1, Prompt 15/17)[0m
[1;33m2025-09-21 18:26:38 - Running prompt generation...[0m
5-hour limit reached ∙ resets 7pm
[0;32m2025-09-21 18:26:45 - Completed prompt #15[0m
[0;34m2025-09-21 18:26:50 - Generating prompt #16 (Section 1, Prompt 16/17)[0m
[1;33m2025-09-21 18:26:50 - Running prompt generation...[0m
5-hour limit reached ∙ resets 7pm
[0;32m2025-09-21 18:26:57 - Completed prompt #16[0m
[0;34m2025-09-21 18:27:02 - Generating prompt #17 (Section 1, Prompt 17/17)[0m
[1;33m2025-09-21 18:27:02 - Running prompt generation...[0m
5-hour limit reached ∙ resets 7pm
[0;32m2025-09-21 18:27:10 - Completed prompt #17[0m
[0;34m2025-09-21 18:27:15 - Generating prompt #18 (Section 2, Prompt 1/17)[0m
[1;33m2025-09-21 18:27:15 - Running prompt generation...[0m
5-hour limit reached ∙ resets 7pm
[0;32m2025-09-21 18:27:23 - Completed prompt #18[0m
[0;34m2025-09-21 18:27:28 - Generating prompt #19 (Section 2, Prompt 2/17)[0m
[1;33m2025-09-21 18:27:28 - Running prompt generation...[0m
5-hour limit reached ∙ resets 7pm
[0;32m2025-09-21 18:27:35 - Completed prompt #19[0m
[0;34m2025-09-21 18:27:40 - Generating prompt #20 (Section 2, Prompt 3/17)[0m
[1;33m2025-09-21 18:27:40 - Running prompt generation...[0m
5-hour limit reached ∙ resets 7pm
[0;32m2025-09-21 18:27:48 - Completed prompt #20[0m
[0;34m2025-09-21 18:27:53 - Generating prompt #21 (Section 2, Prompt 4/17)[0m
[1;33m2025-09-21 18:27:53 - Running prompt generation...[0m
5-hour limit reached ∙ resets 7pm
[0;32m2025-09-21 18:28:00 - Completed prompt #21[0m
[0;34m2025-09-21 18:28:05 - Generating prompt #22 (Section 2, Prompt 5/17)[0m
[1;33m2025-09-21 18:28:05 - Running prompt generation...[0m
5-hour limit reached ∙ resets 7pm
[0;32m2025-09-21 18:28:12 - Completed prompt #22[0m
[0;34m2025-09-21 18:28:17 - Generating prompt #23 (Section 2, Prompt 6/17)[0m
[1;33m2025-09-21 18:28:17 - Running prompt generation...[0m
5-hour limit reached ∙ resets 7pm
[0;32m2025-09-21 18:28:23 - Completed prompt #23[0m
[0;34m2025-09-21 18:28:28 - Generating prompt #24 (Section 2, Prompt 7/17)[0m
[1;33m2025-09-21 18:28:28 - Running prompt generation...[0m
5-hour limit reached ∙ resets 7pm
[0;32m2025-09-21 18:28:35 - Completed prompt #24[0m
[0;34m2025-09-21 18:28:40 - Generating prompt #25 (Section 2, Prompt 8/17)[0m
[1;33m2025-09-21 18:28:40 - Running prompt generation...[0m
5-hour limit reached ∙ resets 7pm
[0;32m2025-09-21 18:28:46 - Completed prompt #25[0m
[0;34m2025-09-21 18:28:51 - Generating prompt #26 (Section 2, Prompt 9/17)[0m
[1;33m2025-09-21 18:28:51 - Running prompt generation...[0m
5-hour limit reached ∙ resets 7pm
[0;32m2025-09-21 18:28:57 - Completed prompt #26[0m
[0;34m2025-09-21 18:29:02 - Generating prompt #27 (Section 2, Prompt 10/17)[0m
[1;33m2025-09-21 18:29:02 - Running prompt generation...[0m
5-hour limit reached ∙ resets 7pm
[0;32m2025-09-21 18:29:08 - Completed prompt #27[0m
[0;34m2025-09-21 18:29:13 - Generating prompt #28 (Section 2, Prompt 11/17)[0m
[1;33m2025-09-21 18:29:13 - Running prompt generation...[0m
5-hour limit reached ∙ resets 7pm
[0;32m2025-09-21 18:29:19 - Completed prompt #28[0m
[0;34m2025-09-21 18:29:24 - Generating prompt #29 (Section 2, Prompt 12/17)[0m
[1;33m2025-09-21 18:29:24 - Running prompt generation...[0m
5-hour limit reached ∙ resets 7pm
[0;32m2025-09-21 18:29:31 - Completed prompt #29[0m
[0;34m2025-09-21 18:29:36 - Generating prompt #30 (Section 2, Prompt 13/17)[0m
[1;33m2025-09-21 18:29:36 - Running prompt generation...[0m
5-hour limit reached ∙ resets 7pm
[0;32m2025-09-21 18:29:44 - Completed prompt #30[0m
[0;34m2025-09-21 18:29:49 - Generating prompt #31 (Section 2, Prompt 14/17)[0m
[1;33m2025-09-21 18:29:49 - Running prompt generation...[0m
5-hour limit reached ∙ resets 7pm
[0;32m2025-09-21 18:29:58 - Completed prompt #31[0m
[0;34m2025-09-21 18:30:03 - Generating prompt #32 (Section 2, Prompt 15/17)[0m
[1;33m2025-09-21 18:30:03 - Running prompt generation...[0m
5-hour limit reached ∙ resets 7pm
[0;32m2025-09-21 18:30:12 - Completed prompt #32[0m
[0;34m2025-09-21 18:30:17 - Generating prompt #33 (Section 2, Prompt 16/17)[0m
[1;33m2025-09-21 18:30:17 - Running prompt generation...[0m
5-hour limit reached ∙ resets 7pm
[0;32m2025-09-21 18:30:25 - Completed prompt #33[0m
[0;34m2025-09-21 18:30:30 - Generating prompt #34 (Section 2, Prompt 17/17)[0m
[1;33m2025-09-21 18:30:30 - Running prompt generation...[0m
5-hour limit reached ∙ resets 7pm
[0;32m2025-09-21 18:30:39 - Completed prompt #34[0m
[0;34m2025-09-21 18:30:44 - Generating prompt #35 (Section 3, Prompt 1/17)[0m
[1;33m2025-09-21 18:30:44 - Running prompt generation...[0m
5-hour limit reached ∙ resets 7pm
[0;32m2025-09-21 18:30:53 - Completed prompt #35[0m
[0;34m2025-09-21 18:30:58 - Generating prompt #36 (Section 3, Prompt 2/17)[0m
[1;33m2025-09-21 18:30:58 - Running prompt generation...[0m
5-hour limit reached ∙ resets 7pm
[0;32m2025-09-21 18:31:07 - Completed prompt #36[0m
[0;34m2025-09-21 18:31:12 - Generating prompt #37 (Section 3, Prompt 3/17)[0m
[1;33m2025-09-21 18:31:12 - Running prompt generation...[0m
5-hour limit reached ∙ resets 7pm
[0;32m2025-09-21 18:31:22 - Completed prompt #37[0m
[0;34m2025-09-21 18:31:27 - Generating prompt #38 (Section 3, Prompt 4/17)[0m
[1;33m2025-09-21 18:31:27 - Running prompt generation...[0m
5-hour limit reached ∙ resets 7pm
[0;32m2025-09-21 18:31:37 - Completed prompt #38[0m
[0;34m2025-09-21 18:31:42 - Generating prompt #39 (Section 3, Prompt 5/17)[0m
[1;33m2025-09-21 18:31:42 - Running prompt generation...[0m
5-hour limit reached ∙ resets 7pm
[0;32m2025-09-21 18:31:52 - Completed prompt #39[0m
[0;34m2025-09-21 18:31:57 - Generating prompt #40 (Section 3, Prompt 6/17)[0m
[1;33m2025-09-21 18:31:57 - Running prompt generation...[0m
5-hour limit reached ∙ resets 7pm
[0;32m2025-09-21 18:32:07 - Completed prompt #40[0m
[0;34m2025-09-21 18:32:12 - Generating prompt #41 (Section 3, Prompt 7/17)[0m
[1;33m2025-09-21 18:32:12 - Running prompt generation...[0m
5-hour limit reached ∙ resets 7pm
[0;32m2025-09-21 18:32:22 - Completed prompt #41[0m
[0;34m2025-09-21 18:32:27 - Generating prompt #42 (Section 3, Prompt 8/17)[0m
[1;33m2025-09-21 18:32:27 - Running prompt generation...[0m
5-hour limit reached ∙ resets 7pm
[0;32m2025-09-21 18:32:37 - Completed prompt #42[0m
[0;34m2025-09-21 18:32:42 - Generating prompt #43 (Section 3, Prompt 9/17)[0m
[1;33m2025-09-21 18:32:42 - Running prompt generation...[0m
5-hour limit reached ∙ resets 7pm
[0;32m2025-09-21 18:32:51 - Completed prompt #43[0m
[0;34m2025-09-21 18:32:56 - Generating prompt #44 (Section 3, Prompt 10/17)[0m
[1;33m2025-09-21 18:32:56 - Running prompt generation...[0m
5-hour limit reached ∙ resets 7pm
[0;32m2025-09-21 18:33:06 - Completed prompt #44[0m
[0;34m2025-09-21 18:33:11 - Generating prompt #45 (Section 3, Prompt 11/17)[0m
[1;33m2025-09-21 18:33:11 - Running prompt generation...[0m
5-hour limit reached ∙ resets 7pm
[0;32m2025-09-21 18:33:21 - Completed prompt #45[0m
[0;34m2025-09-21 18:33:26 - Generating prompt #46 (Section 3, Prompt 12/17)[0m
[1;33m2025-09-21 18:33:26 - Running prompt generation...[0m
5-hour limit reached ∙ resets 7pm
[0;32m2025-09-21 18:33:36 - Completed prompt #46[0m
[0;34m2025-09-21 18:33:41 - Generating prompt #47 (Section 3, Prompt 13/17)[0m
[1;33m2025-09-21 18:33:41 - Running prompt generation...[0m
5-hour limit reached ∙ resets 7pm
[0;32m2025-09-21 18:33:49 - Completed prompt #47[0m
[0;34m2025-09-21 18:33:54 - Generating prompt #48 (Section 3, Prompt 14/17)[0m
[1;33m2025-09-21 18:33:54 - Running prompt generation...[0m
5-hour limit reached ∙ resets 7pm
[0;32m2025-09-21 18:34:03 - Completed prompt #48[0m
[0;34m2025-09-21 18:34:08 - Generating prompt #49 (Section 3, Prompt 15/17)[0m
[1;33m2025-09-21 18:34:08 - Running prompt generation...[0m
5-hour limit reached ∙ resets 7pm
[0;32m2025-09-21 18:34:15 - Completed prompt #49[0m
[0;34m2025-09-21 18:34:20 - Generating prompt #50 (Section 3, Prompt 16/17)[0m
[1;33m2025-09-21 18:34:20 - Running prompt generation...[0m
5-hour limit reached ∙ resets 7pm
[0;32m2025-09-21 18:34:26 - Completed prompt #50[0m
[0;34m2025-09-21 18:34:31 - Generating prompt #51 (Section 3, Prompt 17/17)[0m
[1;33m2025-09-21 18:34:32 - Running prompt generation...[0m
5-hour limit reached ∙ resets 7pm
[0;32m2025-09-21 18:34:38 - Completed prompt #51[0m
[0;34m2025-09-21 18:34:43 - Generating prompt #52 (Section 4, Prompt 1/17)[0m
[1;33m2025-09-21 18:34:43 - Running prompt generation...[0m
5-hour limit reached ∙ resets 7pm
[0;32m2025-09-21 18:34:49 - Completed prompt #52[0m
[0;34m2025-09-21 18:34:54 - Generating prompt #53 (Section 4, Prompt 2/17)[0m
[1;33m2025-09-21 18:34:54 - Running prompt generation...[0m
5-hour limit reached ∙ resets 7pm
[0;32m2025-09-21 18:35:00 - Completed prompt #53[0m
[0;34m2025-09-21 18:35:05 - Generating prompt #54 (Section 4, Prompt 3/17)[0m
[1;33m2025-09-21 18:35:05 - Running prompt generation...[0m
5-hour limit reached ∙ resets 7pm
[0;32m2025-09-21 18:35:13 - Completed prompt #54[0m
[0;34m2025-09-21 18:35:18 - Generating prompt #55 (Section 4, Prompt 4/17)[0m
[1;33m2025-09-21 18:35:18 - Running prompt generation...[0m
5-hour limit reached ∙ resets 7pm
[0;32m2025-09-21 18:35:26 - Completed prompt #55[0m
[0;34m2025-09-21 18:35:31 - Generating prompt #56 (Section 4, Prompt 5/17)[0m
[1;33m2025-09-21 18:35:31 - Running prompt generation...[0m
5-hour limit reached ∙ resets 7pm
[0;32m2025-09-21 18:35:41 - Completed prompt #56[0m
[0;34m2025-09-21 18:35:46 - Generating prompt #57 (Section 4, Prompt 6/17)[0m
[1;33m2025-09-21 18:35:46 - Running prompt generation...[0m
5-hour limit reached ∙ resets 7pm
[0;32m2025-09-21 18:35:55 - Completed prompt #57[0m
[0;34m2025-09-21 18:36:00 - Generating prompt #58 (Section 4, Prompt 7/17)[0m
[1;33m2025-09-21 18:36:00 - Running prompt generation...[0m
5-hour limit reached ∙ resets 7pm
[0;32m2025-09-21 18:36:09 - Completed prompt #58[0m
[0;34m2025-09-21 18:36:14 - Generating prompt #59 (Section 4, Prompt 8/17)[0m
[1;33m2025-09-21 18:36:14 - Running prompt generation...[0m
5-hour limit reached ∙ resets 7pm
[0;32m2025-09-21 18:36:22 - Completed prompt #59[0m
[0;34m2025-09-21 18:36:27 - Generating prompt #60 (Section 4, Prompt 9/17)[0m
[1;33m2025-09-21 18:36:27 - Running prompt generation...[0m
5-hour limit reached ∙ resets 7pm
[0;32m2025-09-21 18:36:37 - Completed prompt #60[0m
[0;34m2025-09-21 18:36:42 - Generating prompt #61 (Section 4, Prompt 10/17)[0m
[1;33m2025-09-21 18:36:42 - Running prompt generation...[0m
5-hour limit reached ∙ resets 7pm
[0;32m2025-09-21 18:36:51 - Completed prompt #61[0m
[0;34m2025-09-21 18:36:56 - Generating prompt #62 (Section 4, Prompt 11/17)[0m
[1;33m2025-09-21 18:36:56 - Running prompt generation...[0m
5-hour limit reached ∙ resets 7pm
[0;32m2025-09-21 18:37:06 - Completed prompt #62[0m
[0;34m2025-09-21 18:37:11 - Generating prompt #63 (Section 4, Prompt 12/17)[0m
[1;33m2025-09-21 18:37:11 - Running prompt generation...[0m
5-hour limit reached ∙ resets 7pm
[0;32m2025-09-21 18:37:21 - Completed prompt #63[0m
[0;34m2025-09-21 18:37:26 - Generating prompt #64 (Section 4, Prompt 13/17)[0m
[1;33m2025-09-21 18:37:26 - Running prompt generation...[0m
5-hour limit reached ∙ resets 7pm
[0;32m2025-09-21 18:37:34 - Completed prompt #64[0m
[0;34m2025-09-21 18:37:39 - Generating prompt #65 (Section 4, Prompt 14/17)[0m
[1;33m2025-09-21 18:37:39 - Running prompt generation...[0m
5-hour limit reached ∙ resets 7pm
[0;32m2025-09-21 18:37:49 - Completed prompt #65[0m
[0;34m2025-09-21 18:37:54 - Generating prompt #66 (Section 4, Prompt 15/17)[0m
[1;33m2025-09-21 18:37:54 - Running prompt generation...[0m
5-hour limit reached ∙ resets 7pm
[0;32m2025-09-21 18:38:03 - Completed prompt #66[0m
[0;34m2025-09-21 18:38:08 - Generating prompt #67 (Section 4, Prompt 16/17)[0m
[1;33m2025-09-21 18:38:08 - Running prompt generation...[0m
5-hour limit reached ∙ resets 7pm
[0;32m2025-09-21 18:38:16 - Completed prompt #67[0m
[0;34m2025-09-21 18:38:21 - Generating prompt #68 (Section 4, Prompt 17/17)[0m
[1;33m2025-09-21 18:38:21 - Running prompt generation...[0m
5-hour limit reached ∙ resets 7pm
[0;32m2025-09-21 18:38:30 - Completed prompt #68[0m
[0;34m2025-09-21 18:38:35 - Generating prompt #69 (Section 5, Prompt 1/17)[0m
[1;33m2025-09-21 18:38:35 - Running prompt generation...[0m
5-hour limit reached ∙ resets 7pm
[0;32m2025-09-21 18:38:45 - Completed prompt #69[0m
[0;34m2025-09-21 18:38:50 - Generating prompt #70 (Section 5, Prompt 2/17)[0m
[1;33m2025-09-21 18:38:50 - Running prompt generation...[0m
5-hour limit reached ∙ resets 7pm
[0;32m2025-09-21 18:39:00 - Completed prompt #70[0m
[0;34m2025-09-21 18:39:05 - Generating prompt #71 (Section 5, Prompt 3/17)[0m
[1;33m2025-09-21 18:39:05 - Running prompt generation...[0m
5-hour limit reached ∙ resets 7pm
[0;32m2025-09-21 18:39:14 - Completed prompt #71[0m
[0;34m2025-09-21 18:39:19 - Generating prompt #72 (Section 5, Prompt 4/17)[0m
[1;33m2025-09-21 18:39:19 - Running prompt generation...[0m
5-hour limit reached ∙ resets 7pm
[0;32m2025-09-21 18:39:29 - Completed prompt #72[0m
[0;34m2025-09-21 18:39:34 - Generating prompt #73 (Section 5, Prompt 5/17)[0m
[1;33m2025-09-21 18:39:34 - Running prompt generation...[0m
5-hour limit reached ∙ resets 7pm
[0;32m2025-09-21 18:39:44 - Completed prompt #73[0m
[0;34m2025-09-21 18:39:49 - Generating prompt #74 (Section 5, Prompt 6/17)[0m
[1;33m2025-09-21 18:39:49 - Running prompt generation...[0m
5-hour limit reached ∙ resets 7pm
[0;32m2025-09-21 18:39:58 - Completed prompt #74[0m
[0;34m2025-09-21 18:40:03 - Generating prompt #75 (Section 5, Prompt 7/17)[0m
[1;33m2025-09-21 18:40:03 - Running prompt generation...[0m
5-hour limit reached ∙ resets 7pm
[0;32m2025-09-21 18:40:14 - Completed prompt #75[0m
[0;34m2025-09-21 18:40:19 - Generating prompt #76 (Section 5, Prompt 8/17)[0m
[1;33m2025-09-21 18:40:19 - Running prompt generation...[0m
5-hour limit reached ∙ resets 7pm
[0;32m2025-09-21 18:40:28 - Completed prompt #76[0m
[0;34m2025-09-21 18:40:33 - Generating prompt #77 (Section 5, Prompt 9/17)[0m
[1;33m2025-09-21 18:40:33 - Running prompt generation...[0m
5-hour limit reached ∙ resets 7pm
[0;32m2025-09-21 18:40:42 - Completed prompt #77[0m
[0;34m2025-09-21 18:40:47 - Generating prompt #78 (Section 5, Prompt 10/17)[0m
[1;33m2025-09-21 18:40:47 - Running prompt generation...[0m
5-hour limit reached ∙ resets 7pm
[0;32m2025-09-21 18:40:57 - Completed prompt #78[0m
[0;34m2025-09-21 18:41:02 - Generating prompt #79 (Section 5, Prompt 11/17)[0m
[1;33m2025-09-21 18:41:02 - Running prompt generation...[0m
5-hour limit reached ∙ resets 7pm
[0;32m2025-09-21 18:41:11 - Completed prompt #79[0m
[0;34m2025-09-21 18:41:17 - Generating prompt #80 (Section 5, Prompt 12/17)[0m
[1;33m2025-09-21 18:41:17 - Running prompt generation...[0m
5-hour limit reached ∙ resets 7pm
[0;32m2025-09-21 18:41:26 - Completed prompt #80[0m
[0;34m2025-09-21 18:41:31 - Generating prompt #81 (Section 5, Prompt 13/17)[0m
[1;33m2025-09-21 18:41:31 - Running prompt generation...[0m
5-hour limit reached ∙ resets 7pm
[0;32m2025-09-21 18:41:41 - Completed prompt #81[0m
[0;34m2025-09-21 18:41:46 - Generating prompt #82 (Section 5, Prompt 14/17)[0m
[1;33m2025-09-21 18:41:46 - Running prompt generation...[0m
5-hour limit reached ∙ resets 7pm
[0;32m2025-09-21 18:41:55 - Completed prompt #82[0m
[0;34m2025-09-21 18:42:00 - Generating prompt #83 (Section 5, Prompt 15/17)[0m
[1;33m2025-09-21 18:42:00 - Running prompt generation...[0m
5-hour limit reached ∙ resets 7pm
[0;32m2025-09-21 18:42:10 - Completed prompt #83[0m
[0;34m2025-09-21 18:42:15 - Generating prompt #84 (Section 5, Prompt 16/17)[0m
[1;33m2025-09-21 18:42:15 - Running prompt generation...[0m
5-hour limit reached ∙ resets 7pm
[0;32m2025-09-21 18:42:24 - Completed prompt #84[0m
[0;34m2025-09-21 18:42:30 - Generating prompt #85 (Section 5, Prompt 17/17)[0m
[1;33m2025-09-21 18:42:30 - Running prompt generation...[0m
5-hour limit reached ∙ resets 7pm
[0;32m2025-09-21 18:42:39 - Completed prompt #85[0m
[0;34m2025-09-21 18:42:44 - Generating prompt #86 (Section 6, Prompt 1/17)[0m
[1;33m2025-09-21 18:42:44 - Running prompt generation...[0m
5-hour limit reached ∙ resets 7pm
[0;32m2025-09-21 18:42:54 - Completed prompt #86[0m
[0;34m2025-09-21 18:42:59 - Generating prompt #87 (Section 6, Prompt 2/17)[0m
[1;33m2025-09-21 18:42:59 - Running prompt generation...[0m
5-hour limit reached ∙ resets 7pm
[0;32m2025-09-21 18:43:08 - Completed prompt #87[0m
[0;34m2025-09-21 18:43:13 - Generating prompt #88 (Section 6, Prompt 3/17)[0m
[1;33m2025-09-21 18:43:13 - Running prompt generation...[0m
5-hour limit reached ∙ resets 7pm
[0;32m2025-09-21 18:43:22 - Completed prompt #88[0m
[0;34m2025-09-21 18:43:27 - Generating prompt #89 (Section 6, Prompt 4/17)[0m
[1;33m2025-09-21 18:43:27 - Running prompt generation...[0m
5-hour limit reached ∙ resets 7pm
[0;32m2025-09-21 18:43:36 - Completed prompt #89[0m
[0;34m2025-09-21 18:43:41 - Generating prompt #90 (Section 6, Prompt 5/17)[0m
[1;33m2025-09-21 18:43:41 - Running prompt generation...[0m
5-hour limit reached ∙ resets 7pm
[0;32m2025-09-21 18:43:50 - Completed prompt #90[0m
[0;34m2025-09-21 18:43:55 - Generating prompt #91 (Section 6, Prompt 6/17)[0m
[1;33m2025-09-21 18:43:55 - Running prompt generation...[0m
5-hour limit reached ∙ resets 7pm
[0;32m2025-09-21 18:44:04 - Completed prompt #91[0m
[0;34m2025-09-21 18:44:09 - Generating prompt #92 (Section 6, Prompt 7/17)[0m
[1;33m2025-09-21 18:44:09 - Running prompt generation...[0m
5-hour limit reached ∙ resets 7pm
[0;32m2025-09-21 18:44:19 - Completed prompt #92[0m
[0;34m2025-09-21 18:44:24 - Generating prompt #93 (Section 6, Prompt 8/17)[0m
[1;33m2025-09-21 18:44:24 - Running prompt generation...[0m
5-hour limit reached ∙ resets 7pm
[0;32m2025-09-21 18:44:34 - Completed prompt #93[0m
[0;34m2025-09-21 18:44:39 - Generating prompt #94 (Section 6, Prompt 9/17)[0m
[1;33m2025-09-21 18:44:39 - Running prompt generation...[0m
5-hour limit reached ∙ resets 7pm
[0;32m2025-09-21 18:44:48 - Completed prompt #94[0m
[0;34m2025-09-21 18:44:53 - Generating prompt #95 (Section 6, Prompt 10/17)[0m
[1;33m2025-09-21 18:44:53 - Running prompt generation...[0m
5-hour limit reached ∙ resets 7pm
[0;32m2025-09-21 18:45:02 - Completed prompt #95[0m
[0;34m2025-09-21 18:45:08 - Generating prompt #96 (Section 6, Prompt 11/17)[0m
[1;33m2025-09-21 18:45:08 - Running prompt generation...[0m
5-hour limit reached ∙ resets 7pm
[0;32m2025-09-21 18:45:16 - Completed prompt #96[0m
[0;34m2025-09-21 18:45:21 - Generating prompt #97 (Section 6, Prompt 12/17)[0m
[1;33m2025-09-21 18:45:21 - Running prompt generation...[0m
5-hour limit reached ∙ resets 7pm
[0;32m2025-09-21 18:45:28 - Completed prompt #97[0m
[0;34m2025-09-21 18:45:33 - Generating prompt #98 (Section 6, Prompt 13/17)[0m
[1;33m2025-09-21 18:45:33 - Running prompt generation...[0m
5-hour limit reached ∙ resets 7pm
[0;32m2025-09-21 18:45:41 - Completed prompt #98[0m
[0;34m2025-09-21 18:45:46 - Generating prompt #99 (Section 6, Prompt 14/17)[0m
[1;33m2025-09-21 18:45:46 - Running prompt generation...[0m
5-hour limit reached ∙ resets 7pm
[0;32m2025-09-21 18:45:54 - Completed prompt #99[0m
[0;34m2025-09-21 18:45:59 - Generating prompt #100 (Section 6, Prompt 15/17)[0m
[1;33m2025-09-21 18:45:59 - Running prompt generation...[0m
5-hour limit reached ∙ resets 7pm
[0;32m2025-09-21 18:46:08 - Completed prompt #100[0m
[0;34m2025-09-21 18:46:13 - Generating prompt #101 (Section 6, Prompt 16/17)[0m
[1;33m2025-09-21 18:46:13 - Running prompt generation...[0m
5-hour limit reached ∙ resets 7pm
[0;32m2025-09-21 18:46:21 - Completed prompt #101[0m
[0;34m2025-09-21 18:46:26 - Generating prompt #102 (Section 6, Prompt 17/17)[0m
[1;33m2025-09-21 18:46:26 - Running prompt generation...[0m
5-hour limit reached ∙ resets 7pm
[0;32m2025-09-21 18:46:33 - Completed prompt #102[0m
[0;34m2025-09-21 19:19:10 - Starting Prompt Generation Cycle for template: stock-trading[0m
[0;32m2025-09-21 19:19:10 - Using existing worktree: ../templata-stock-trading[0m
[0;34m2025-09-21 19:19:10 - Generating prompt #2 (Section 1, Prompt 2/17)[0m
[1;33m2025-09-21 19:19:11 - Running prompt generation...[0m
PROMPT GENERATION COMPLETE - Prompt #2
[0;32m2025-09-21 19:19:35 - Completed prompt #2[0m
[0;34m2025-09-21 19:19:40 - Generating prompt #3 (Section 1, Prompt 3/17)[0m
[1;33m2025-09-21 19:19:40 - Running prompt generation...[0m
PROMPT GENERATION COMPLETE - Prompt #3
[0;32m2025-09-21 19:20:06 - Completed prompt #3[0m
[0;34m2025-09-21 19:20:11 - Generating prompt #4 (Section 1, Prompt 4/17)[0m
[1;33m2025-09-21 19:20:11 - Running prompt generation...[0m
PROMPT GENERATION COMPLETE - Prompt #4
[0;32m2025-09-21 19:20:31 - Completed prompt #4[0m
[0;34m2025-09-21 19:20:36 - Generating prompt #5 (Section 1, Prompt 5/17)[0m
[1;33m2025-09-21 19:20:36 - Running prompt generation...[0m
PROMPT GENERATION COMPLETE - Prompt #5
[0;32m2025-09-21 19:20:55 - Completed prompt #5[0m
[0;34m2025-09-21 19:21:00 - Generating prompt #6 (Section 1, Prompt 6/17)[0m
[1;33m2025-09-21 19:21:00 - Running prompt generation...[0m
PROMPT GENERATION COMPLETE - Prompt #6
[0;32m2025-09-21 19:21:21 - Completed prompt #6[0m
[0;34m2025-09-21 19:21:26 - Generating prompt #7 (Section 1, Prompt 7/17)[0m
[1;33m2025-09-21 19:21:26 - Running prompt generation...[0m
PROMPT GENERATION COMPLETE - Prompt #7
[0;32m2025-09-21 19:21:45 - Completed prompt #7[0m
[0;34m2025-09-21 19:21:50 - Generating prompt #8 (Section 1, Prompt 8/17)[0m
[1;33m2025-09-21 19:21:50 - Running prompt generation...[0m
PROMPT GENERATION COMPLETE - Prompt #8
[0;32m2025-09-21 19:22:12 - Completed prompt #8[0m
[0;34m2025-09-21 19:22:17 - Generating prompt #9 (Section 1, Prompt 9/17)[0m
[1;33m2025-09-21 19:22:17 - Running prompt generation...[0m
PROMPT GENERATION COMPLETE - Prompt #9
[0;32m2025-09-21 19:22:38 - Completed prompt #9[0m
[0;34m2025-09-21 19:22:43 - Generating prompt #10 (Section 1, Prompt 10/17)[0m
[1;33m2025-09-21 19:22:43 - Running prompt generation...[0m
PROMPT GENERATION COMPLETE - Prompt #10
[0;32m2025-09-21 19:23:05 - Completed prompt #10[0m
[0;34m2025-09-21 19:23:10 - Generating prompt #11 (Section 1, Prompt 11/17)[0m
[1;33m2025-09-21 19:23:10 - Running prompt generation...[0m
PROMPT GENERATION COMPLETE - Prompt #11
[0;32m2025-09-21 19:23:30 - Completed prompt #11[0m
[0;34m2025-09-21 19:23:35 - Generating prompt #12 (Section 1, Prompt 12/17)[0m
[1;33m2025-09-21 19:23:35 - Running prompt generation...[0m
PROMPT GENERATION COMPLETE - Prompt #12
[0;32m2025-09-21 19:24:03 - Completed prompt #12[0m
[0;34m2025-09-21 19:24:08 - Generating prompt #13 (Section 1, Prompt 13/17)[0m
[1;33m2025-09-21 19:24:08 - Running prompt generation...[0m
PROMPT GENERATION COMPLETE - Prompt #13
[0;32m2025-09-21 19:24:29 - Completed prompt #13[0m
[0;34m2025-09-21 19:24:34 - Generating prompt #14 (Section 1, Prompt 14/17)[0m
[1;33m2025-09-21 19:24:34 - Running prompt generation...[0m
PROMPT GENERATION COMPLETE - Prompt #14
[0;32m2025-09-21 19:24:55 - Completed prompt #14[0m
[0;34m2025-09-21 19:25:00 - Generating prompt #15 (Section 1, Prompt 15/17)[0m
[1;33m2025-09-21 19:25:00 - Running prompt generation...[0m
PROMPT GENERATION COMPLETE - Prompt #15
[0;32m2025-09-21 19:25:21 - Completed prompt #15[0m
[0;34m2025-09-21 19:25:26 - Generating prompt #16 (Section 1, Prompt 16/17)[0m
[1;33m2025-09-21 19:25:26 - Running prompt generation...[0m
PROMPT GENERATION COMPLETE - Prompt #16
[0;32m2025-09-21 19:25:49 - Completed prompt #16[0m
[0;34m2025-09-21 19:25:54 - Generating prompt #17 (Section 1, Prompt 17/17)[0m
[1;33m2025-09-21 19:25:55 - Running prompt generation...[0m
PROMPT GENERATION COMPLETE - Prompt #17
[0;32m2025-09-21 19:26:17 - Completed prompt #17[0m
[0;34m2025-09-21 19:26:22 - Generating prompt #18 (Section 2, Prompt 1/17)[0m
[1;33m2025-09-21 19:26:22 - Running prompt generation...[0m
PROMPT GENERATION COMPLETE - Prompt #18
[0;32m2025-09-21 19:26:43 - Completed prompt #18[0m
[0;34m2025-09-21 19:26:48 - Generating prompt #19 (Section 2, Prompt 2/17)[0m
[1;33m2025-09-21 19:26:48 - Running prompt generation...[0m
PROMPT GENERATION COMPLETE - Prompt #19
[0;32m2025-09-21 19:27:09 - Completed prompt #19[0m
[0;34m2025-09-21 19:27:14 - Generating prompt #20 (Section 2, Prompt 3/17)[0m
[1;33m2025-09-21 19:27:14 - Running prompt generation...[0m
PROMPT GENERATION COMPLETE - Prompt #20
[0;32m2025-09-21 19:27:35 - Completed prompt #20[0m
[0;34m2025-09-21 19:27:40 - Generating prompt #21 (Section 2, Prompt 4/17)[0m
[1;33m2025-09-21 19:27:40 - Running prompt generation...[0m
PROMPT GENERATION COMPLETE - Prompt #21
[0;32m2025-09-21 19:28:01 - Completed prompt #21[0m
[0;34m2025-09-21 19:28:06 - Generating prompt #22 (Section 2, Prompt 5/17)[0m
[1;33m2025-09-21 19:28:06 - Running prompt generation...[0m
PROMPT GENERATION COMPLETE - Prompt #22
[0;32m2025-09-21 19:28:27 - Completed prompt #22[0m
[0;34m2025-09-21 19:28:32 - Generating prompt #23 (Section 2, Prompt 6/17)[0m
[1;33m2025-09-21 19:28:32 - Running prompt generation...[0m
PROMPT GENERATION COMPLETE - Prompt #23
[0;32m2025-09-21 19:28:55 - Completed prompt #23[0m
[0;34m2025-09-21 19:29:00 - Generating prompt #24 (Section 2, Prompt 7/17)[0m
[1;33m2025-09-21 19:29:00 - Running prompt generation...[0m
PROMPT GENERATION COMPLETE - Prompt #24
[0;32m2025-09-21 19:29:21 - Completed prompt #24[0m
[0;34m2025-09-21 19:29:26 - Generating prompt #25 (Section 2, Prompt 8/17)[0m
[1;33m2025-09-21 19:29:26 - Running prompt generation...[0m
PROMPT GENERATION COMPLETE - Prompt #25
[0;32m2025-09-21 19:29:47 - Completed prompt #25[0m
[0;34m2025-09-21 19:29:52 - Generating prompt #26 (Section 2, Prompt 9/17)[0m
[1;33m2025-09-21 19:29:52 - Running prompt generation...[0m
PROMPT GENERATION COMPLETE - Prompt #26
[0;32m2025-09-21 19:30:13 - Completed prompt #26[0m
[0;34m2025-09-21 19:30:18 - Generating prompt #27 (Section 2, Prompt 10/17)[0m
[1;33m2025-09-21 19:30:18 - Running prompt generation...[0m
PROMPT GENERATION COMPLETE - Prompt #27
[0;32m2025-09-21 19:30:39 - Completed prompt #27[0m
[0;34m2025-09-21 19:30:44 - Generating prompt #28 (Section 2, Prompt 11/17)[0m
[1;33m2025-09-21 19:30:44 - Running prompt generation...[0m
PROMPT GENERATION COMPLETE - Prompt #28
[0;32m2025-09-21 19:31:08 - Completed prompt #28[0m
[0;34m2025-09-21 19:31:13 - Generating prompt #29 (Section 2, Prompt 12/17)[0m
[1;33m2025-09-21 19:31:13 - Running prompt generation...[0m
<invoke name="Edit">
<parameter name="file_path">/Users/ikim1/Documents/GitHub/templata-stock-trading/src/data/prompts-stock-trading.ts</parameter>
<parameter name="old_string">    helpText: 'Active price monitoring is essential for timely decision-making in stock trading, but manually checking prices constantly can be overwhelming and impractical. Configure specific price alerts for significant movements (typically 5-10% changes) on your holdings and watchlist stocks using your brokerage app, Yahoo Finance, or Google Finance notifications. This automated monitoring system ensures you stay informed of important price movements without obsessive checking, allowing you to respond quickly to opportunities or threats while maintaining a healthy balance with your daily activities.'
  }
];</parameter>
<parameter name="new_string">    helpText: 'Active price monitoring is essential for timely decision-making in stock trading, but manually checking prices constantly can be overwhelming and impractical. Configure specific price alerts for significant movements (typically 5-10% changes) on your holdings and watchlist stocks using your brokerage app, Yahoo Finance, or Google Finance notifications. This automated monitoring system ensures you stay informed of important price movements without obsessive checking, allowing you to respond quickly to opportunities or threats while maintaining a healthy balance with your daily activities.'
  },
  {
    id: 'prompt-29',
    prompt: 'Research and compare expense ratios, management fees, and performance history of 5 different index funds or ETFs',
    category: 'research',
    helpText: 'Index funds and ETFs offer instant diversification and professional management, making them excellent options for beginning investors who want market exposure without picking individual stocks. Compare popular options like S&P 500 index funds (VOO, SPY, IVV), total market funds (VTI, ITOT), or sector-specific ETFs by examining their expense ratios (aim for under 0.5%), historical performance, and holdings. Understanding these investment vehicles provides you with lower-risk alternatives to individual stock picking and helps you build a solid foundation portfolio before adding more speculative individual positions.'
  }
];</parameter>
</invoke>
[0;32m2025-09-21 19:31:31 - Completed prompt #29[0m
[0;34m2025-09-21 19:31:36 - Generating prompt #30 (Section 2, Prompt 13/17)[0m
[1;33m2025-09-21 19:31:36 - Running prompt generation...[0m
PROMPT GENERATION COMPLETE - Prompt #30
[0;32m2025-09-21 19:32:07 - Completed prompt #30[0m
[0;34m2025-09-21 19:32:12 - Generating prompt #31 (Section 2, Prompt 14/17)[0m
[1;33m2025-09-21 19:32:12 - Running prompt generation...[0m
PROMPT GENERATION COMPLETE - Prompt #31
[0;32m2025-09-21 19:32:35 - Completed prompt #31[0m
[0;34m2025-09-21 19:32:40 - Generating prompt #32 (Section 2, Prompt 15/17)[0m
[1;33m2025-09-21 19:32:40 - Running prompt generation...[0m
PROMPT GENERATION COMPLETE - Prompt #32
[0;32m2025-09-21 19:33:01 - Completed prompt #32[0m
[0;34m2025-09-21 19:33:06 - Generating prompt #33 (Section 2, Prompt 16/17)[0m
[1;33m2025-09-21 19:33:06 - Running prompt generation...[0m
PROMPT GENERATION COMPLETE - Prompt #33
[0;32m2025-09-21 19:33:27 - Completed prompt #33[0m
[0;34m2025-09-21 19:33:32 - Generating prompt #34 (Section 2, Prompt 17/17)[0m
[1;33m2025-09-21 19:33:32 - Running prompt generation...[0m
PROMPT GENERATION COMPLETE - Prompt #34
[0;32m2025-09-21 19:33:54 - Completed prompt #34[0m
[0;34m2025-09-21 19:33:59 - Generating prompt #35 (Section 3, Prompt 1/17)[0m
[1;33m2025-09-21 19:33:59 - Running prompt generation...[0m
PROMPT GENERATION COMPLETE - Prompt #35
[0;32m2025-09-21 19:34:21 - Completed prompt #35[0m
[0;34m2025-09-21 19:34:26 - Generating prompt #36 (Section 3, Prompt 2/17)[0m
[1;33m2025-09-21 19:34:26 - Running prompt generation...[0m
PROMPT GENERATION COMPLETE - Prompt #36
[0;32m2025-09-21 19:34:48 - Completed prompt #36[0m
[0;34m2025-09-21 19:34:53 - Generating prompt #37 (Section 3, Prompt 3/17)[0m
[1;33m2025-09-21 19:34:53 - Running prompt generation...[0m
PROMPT GENERATION COMPLETE - Prompt #37
[0;32m2025-09-21 19:35:15 - Completed prompt #37[0m
[0;34m2025-09-21 19:35:20 - Generating prompt #38 (Section 3, Prompt 4/17)[0m
[1;33m2025-09-21 19:35:20 - Running prompt generation...[0m
PROMPT GENERATION COMPLETE - Prompt #38
[0;32m2025-09-21 19:35:41 - Completed prompt #38[0m
[0;34m2025-09-21 19:35:46 - Generating prompt #39 (Section 3, Prompt 5/17)[0m
[1;33m2025-09-21 19:35:46 - Running prompt generation...[0m
PROMPT GENERATION COMPLETE - Prompt #39
[0;32m2025-09-21 19:36:07 - Completed prompt #39[0m
[0;34m2025-09-21 19:36:12 - Generating prompt #40 (Section 3, Prompt 6/17)[0m
[1;33m2025-09-21 19:36:12 - Running prompt generation...[0m
PROMPT GENERATION COMPLETE - Prompt #40
[0;32m2025-09-21 19:36:35 - Completed prompt #40[0m
[0;34m2025-09-21 19:36:40 - Generating prompt #41 (Section 3, Prompt 7/17)[0m
[1;33m2025-09-21 19:36:40 - Running prompt generation...[0m
PROMPT GENERATION COMPLETE - Prompt #41
[0;32m2025-09-21 19:37:03 - Completed prompt #41[0m
[0;34m2025-09-21 19:37:08 - Generating prompt #42 (Section 3, Prompt 8/17)[0m
[1;33m2025-09-21 19:37:08 - Running prompt generation...[0m
PROMPT GENERATION COMPLETE - Prompt #42
[0;32m2025-09-21 19:37:32 - Completed prompt #42[0m
[0;34m2025-09-21 19:37:37 - Generating prompt #43 (Section 3, Prompt 9/17)[0m
[1;33m2025-09-21 19:37:37 - Running prompt generation...[0m
PROMPT GENERATION COMPLETE - Prompt #43
[0;32m2025-09-21 19:37:59 - Completed prompt #43[0m
[0;34m2025-09-21 19:38:04 - Generating prompt #44 (Section 3, Prompt 10/17)[0m
[1;33m2025-09-21 19:38:04 - Running prompt generation...[0m
PROMPT GENERATION COMPLETE - Prompt #44
[0;32m2025-09-21 19:38:25 - Completed prompt #44[0m
[0;34m2025-09-21 19:38:30 - Generating prompt #45 (Section 3, Prompt 11/17)[0m
[1;33m2025-09-21 19:38:30 - Running prompt generation...[0m
PROMPT GENERATION COMPLETE - Prompt #45
[0;32m2025-09-21 19:38:53 - Completed prompt #45[0m
[0;34m2025-09-21 19:38:58 - Generating prompt #46 (Section 3, Prompt 12/17)[0m
[1;33m2025-09-21 19:38:58 - Running prompt generation...[0m
PROMPT GENERATION COMPLETE - Prompt #46
[0;32m2025-09-21 19:39:21 - Completed prompt #46[0m
[0;34m2025-09-21 19:39:26 - Generating prompt #47 (Section 3, Prompt 13/17)[0m
[1;33m2025-09-21 19:39:26 - Running prompt generation...[0m
PROMPT GENERATION COMPLETE - Prompt #47
[0;32m2025-09-21 19:39:51 - Completed prompt #47[0m
[0;34m2025-09-21 19:39:56 - Generating prompt #48 (Section 3, Prompt 14/17)[0m
[1;33m2025-09-21 19:39:56 - Running prompt generation...[0m
PROMPT GENERATION COMPLETE - Prompt #48
[0;32m2025-09-21 19:40:19 - Completed prompt #48[0m
[0;34m2025-09-21 19:40:24 - Generating prompt #49 (Section 3, Prompt 15/17)[0m
[1;33m2025-09-21 19:40:24 - Running prompt generation...[0m
PROMPT GENERATION COMPLETE - Prompt #49
[0;32m2025-09-21 19:40:46 - Completed prompt #49[0m
[0;34m2025-09-21 19:40:51 - Generating prompt #50 (Section 3, Prompt 16/17)[0m
[1;33m2025-09-21 19:40:51 - Running prompt generation...[0m
PROMPT GENERATION COMPLETE - Prompt #50
[0;32m2025-09-21 19:41:14 - Completed prompt #50[0m
[0;34m2025-09-21 19:41:19 - Generating prompt #51 (Section 3, Prompt 17/17)[0m
[1;33m2025-09-21 19:41:19 - Running prompt generation...[0m
PROMPT GENERATION COMPLETE - Prompt #51
[0;32m2025-09-21 19:41:41 - Completed prompt #51[0m
[0;34m2025-09-21 19:41:46 - Generating prompt #52 (Section 4, Prompt 1/17)[0m
[1;33m2025-09-21 19:41:46 - Running prompt generation...[0m
PROMPT GENERATION COMPLETE - Prompt #52
[0;32m2025-09-21 19:42:07 - Completed prompt #52[0m
[0;34m2025-09-21 19:42:12 - Generating prompt #53 (Section 4, Prompt 2/17)[0m
[1;33m2025-09-21 19:42:12 - Running prompt generation...[0m
PROMPT GENERATION COMPLETE - Prompt #53
[0;32m2025-09-21 19:42:34 - Completed prompt #53[0m
[0;34m2025-09-21 19:42:39 - Generating prompt #54 (Section 4, Prompt 3/17)[0m
[1;33m2025-09-21 19:42:39 - Running prompt generation...[0m
PROMPT GENERATION COMPLETE - Prompt #54
[0;32m2025-09-21 19:43:01 - Completed prompt #54[0m
[0;34m2025-09-21 19:43:06 - Generating prompt #55 (Section 4, Prompt 4/17)[0m
[1;33m2025-09-21 19:43:06 - Running prompt generation...[0m
PROMPT GENERATION COMPLETE - Prompt #55
[0;32m2025-09-21 19:43:26 - Completed prompt #55[0m
[0;34m2025-09-21 19:43:31 - Generating prompt #56 (Section 4, Prompt 5/17)[0m
[1;33m2025-09-21 19:43:31 - Running prompt generation...[0m
PROMPT GENERATION COMPLETE - Prompt #56
[0;32m2025-09-21 19:43:53 - Completed prompt #56[0m
[0;34m2025-09-21 19:43:58 - Generating prompt #57 (Section 4, Prompt 6/17)[0m
[1;33m2025-09-21 19:43:58 - Running prompt generation...[0m
PROMPT GENERATION COMPLETE - Prompt #57
[0;32m2025-09-21 19:44:19 - Completed prompt #57[0m
[0;34m2025-09-21 19:44:24 - Generating prompt #58 (Section 4, Prompt 7/17)[0m
[1;33m2025-09-21 19:44:24 - Running prompt generation...[0m
PROMPT GENERATION COMPLETE - Prompt #58
[0;32m2025-09-21 19:44:44 - Completed prompt #58[0m
[0;34m2025-09-21 19:44:49 - Generating prompt #59 (Section 4, Prompt 8/17)[0m
[1;33m2025-09-21 19:44:49 - Running prompt generation...[0m
PROMPT GENERATION COMPLETE - Prompt #59
[0;32m2025-09-21 19:45:13 - Completed prompt #59[0m
[0;34m2025-09-21 19:45:18 - Generating prompt #60 (Section 4, Prompt 9/17)[0m
[1;33m2025-09-21 19:45:18 - Running prompt generation...[0m
PROMPT GENERATION COMPLETE - Prompt #60
[0;32m2025-09-21 19:45:42 - Completed prompt #60[0m
[0;34m2025-09-21 19:45:47 - Generating prompt #61 (Section 4, Prompt 10/17)[0m
[1;33m2025-09-21 19:45:47 - Running prompt generation...[0m
PROMPT GENERATION COMPLETE - Prompt #61
[0;32m2025-09-21 19:46:09 - Completed prompt #61[0m
[0;34m2025-09-21 19:46:14 - Generating prompt #62 (Section 4, Prompt 11/17)[0m
[1;33m2025-09-21 19:46:14 - Running prompt generation...[0m
PROMPT GENERATION COMPLETE - Prompt #62
[0;32m2025-09-21 19:46:36 - Completed prompt #62[0m
[0;34m2025-09-21 19:46:41 - Generating prompt #63 (Section 4, Prompt 12/17)[0m
[1;33m2025-09-21 19:46:41 - Running prompt generation...[0m
PROMPT GENERATION COMPLETE - Prompt #63
[0;32m2025-09-21 19:47:05 - Completed prompt #63[0m
[0;34m2025-09-21 19:47:10 - Generating prompt #64 (Section 4, Prompt 13/17)[0m
[1;33m2025-09-21 19:47:10 - Running prompt generation...[0m
PROMPT GENERATION COMPLETE - Prompt #64
[0;32m2025-09-21 19:47:31 - Completed prompt #64[0m
[0;34m2025-09-21 19:47:36 - Generating prompt #65 (Section 4, Prompt 14/17)[0m
[1;33m2025-09-21 19:47:36 - Running prompt generation...[0m
PROMPT GENERATION COMPLETE - Prompt #65
[0;32m2025-09-21 19:47:58 - Completed prompt #65[0m
[0;34m2025-09-21 19:48:03 - Generating prompt #66 (Section 4, Prompt 15/17)[0m
[1;33m2025-09-21 19:48:03 - Running prompt generation...[0m
PROMPT GENERATION COMPLETE - Prompt #66
[0;32m2025-09-21 19:48:22 - Completed prompt #66[0m
[0;34m2025-09-21 19:48:27 - Generating prompt #67 (Section 4, Prompt 16/17)[0m
[1;33m2025-09-21 19:48:27 - Running prompt generation...[0m
PROMPT GENERATION COMPLETE - Prompt #67
[0;32m2025-09-21 19:48:49 - Completed prompt #67[0m
[0;34m2025-09-21 19:48:55 - Generating prompt #68 (Section 4, Prompt 17/17)[0m
[1;33m2025-09-21 19:48:55 - Running prompt generation...[0m
PROMPT GENERATION COMPLETE - Prompt #68
[0;32m2025-09-21 19:49:16 - Completed prompt #68[0m
[0;34m2025-09-21 19:49:21 - Generating prompt #69 (Section 5, Prompt 1/17)[0m
[1;33m2025-09-21 19:49:21 - Running prompt generation...[0m
PROMPT GENERATION COMPLETE - Prompt #69
[0;32m2025-09-21 19:49:44 - Completed prompt #69[0m
[0;34m2025-09-21 19:49:49 - Generating prompt #70 (Section 5, Prompt 2/17)[0m
[1;33m2025-09-21 19:49:49 - Running prompt generation...[0m
PROMPT GENERATION COMPLETE - Prompt #70
[0;32m2025-09-21 19:50:10 - Completed prompt #70[0m
[0;34m2025-09-21 19:50:15 - Generating prompt #71 (Section 5, Prompt 3/17)[0m
[1;33m2025-09-21 19:50:15 - Running prompt generation...[0m
PROMPT GENERATION COMPLETE - Prompt #71
[0;32m2025-09-21 19:50:39 - Completed prompt #71[0m
[0;34m2025-09-21 19:50:44 - Generating prompt #72 (Section 5, Prompt 4/17)[0m
[1;33m2025-09-21 19:50:44 - Running prompt generation...[0m
PROMPT GENERATION COMPLETE - Prompt #72
[0;32m2025-09-21 19:51:06 - Completed prompt #72[0m
[0;34m2025-09-21 19:51:11 - Generating prompt #73 (Section 5, Prompt 5/17)[0m
[1;33m2025-09-21 19:51:11 - Running prompt generation...[0m
PROMPT GENERATION COMPLETE - Prompt #73
[0;32m2025-09-21 19:51:33 - Completed prompt #73[0m
[0;34m2025-09-21 19:51:38 - Generating prompt #74 (Section 5, Prompt 6/17)[0m
[1;33m2025-09-21 19:51:38 - Running prompt generation...[0m
PROMPT GENERATION COMPLETE - Prompt #74
[0;32m2025-09-21 19:52:00 - Completed prompt #74[0m
[0;34m2025-09-21 19:52:05 - Generating prompt #75 (Section 5, Prompt 7/17)[0m
[1;33m2025-09-21 19:52:05 - Running prompt generation...[0m
PROMPT GENERATION COMPLETE - Prompt #75
[0;32m2025-09-21 19:52:30 - Completed prompt #75[0m
[0;34m2025-09-21 19:52:35 - Generating prompt #76 (Section 5, Prompt 8/17)[0m
[1;33m2025-09-21 19:52:35 - Running prompt generation...[0m
PROMPT GENERATION COMPLETE - Prompt #76
[0;32m2025-09-21 19:52:57 - Completed prompt #76[0m
[0;34m2025-09-21 19:53:02 - Generating prompt #77 (Section 5, Prompt 9/17)[0m
[1;33m2025-09-21 19:53:02 - Running prompt generation...[0m
PROMPT GENERATION COMPLETE - Prompt #77
[0;32m2025-09-21 19:53:24 - Completed prompt #77[0m
[0;34m2025-09-21 19:53:29 - Generating prompt #78 (Section 5, Prompt 10/17)[0m
[1;33m2025-09-21 19:53:29 - Running prompt generation...[0m
PROMPT GENERATION COMPLETE - Prompt #78
[0;32m2025-09-21 19:53:52 - Completed prompt #78[0m
[0;34m2025-09-21 19:53:57 - Generating prompt #79 (Section 5, Prompt 11/17)[0m
[1;33m2025-09-21 19:53:57 - Running prompt generation...[0m
PROMPT GENERATION COMPLETE - Prompt #79
[0;32m2025-09-21 19:54:20 - Completed prompt #79[0m
[0;34m2025-09-21 19:54:25 - Generating prompt #80 (Section 5, Prompt 12/17)[0m
[1;33m2025-09-21 19:54:25 - Running prompt generation...[0m
PROMPT GENERATION COMPLETE - Prompt #80
[0;32m2025-09-21 19:54:48 - Completed prompt #80[0m
[0;34m2025-09-21 19:54:53 - Generating prompt #81 (Section 5, Prompt 13/17)[0m
[1;33m2025-09-21 19:54:53 - Running prompt generation...[0m
PROMPT GENERATION COMPLETE - Prompt #81
[0;32m2025-09-21 19:55:14 - Completed prompt #81[0m
[0;34m2025-09-21 19:55:19 - Generating prompt #82 (Section 5, Prompt 14/17)[0m
[1;33m2025-09-21 19:55:19 - Running prompt generation...[0m
PROMPT GENERATION COMPLETE - Prompt #82
[0;32m2025-09-21 19:55:40 - Completed prompt #82[0m
[0;34m2025-09-21 19:55:45 - Generating prompt #83 (Section 5, Prompt 15/17)[0m
[1;33m2025-09-21 19:55:45 - Running prompt generation...[0m
PROMPT GENERATION COMPLETE - Prompt #83
[0;32m2025-09-21 19:56:04 - Completed prompt #83[0m
[0;34m2025-09-21 19:56:09 - Generating prompt #84 (Section 5, Prompt 16/17)[0m
[1;33m2025-09-21 19:56:09 - Running prompt generation...[0m
PROMPT GENERATION COMPLETE - Prompt #84
[0;32m2025-09-21 19:56:31 - Completed prompt #84[0m
[0;34m2025-09-21 19:56:36 - Generating prompt #85 (Section 5, Prompt 17/17)[0m
[1;33m2025-09-21 19:56:36 - Running prompt generation...[0m
PROMPT GENERATION COMPLETE - Prompt #85
[0;32m2025-09-21 19:56:58 - Completed prompt #85[0m
[0;34m2025-09-21 19:57:03 - Generating prompt #86 (Section 6, Prompt 1/17)[0m
[1;33m2025-09-21 19:57:03 - Running prompt generation...[0m
PROMPT GENERATION COMPLETE - Prompt #86
[0;32m2025-09-21 19:57:23 - Completed prompt #86[0m
[0;34m2025-09-21 19:57:28 - Generating prompt #87 (Section 6, Prompt 2/17)[0m
[1;33m2025-09-21 19:57:28 - Running prompt generation...[0m
PROMPT GENERATION COMPLETE - Prompt #87
[0;32m2025-09-21 19:57:50 - Completed prompt #87[0m
[0;34m2025-09-21 19:57:55 - Generating prompt #88 (Section 6, Prompt 3/17)[0m
[1;33m2025-09-21 19:57:55 - Running prompt generation...[0m
PROMPT GENERATION COMPLETE - Prompt #88
[0;32m2025-09-21 19:58:18 - Completed prompt #88[0m
[0;34m2025-09-21 19:58:23 - Generating prompt #89 (Section 6, Prompt 4/17)[0m
[1;33m2025-09-21 19:58:23 - Running prompt generation...[0m
PROMPT GENERATION COMPLETE - Prompt #89
[0;32m2025-09-21 19:58:45 - Completed prompt #89[0m
[0;34m2025-09-21 19:58:50 - Generating prompt #90 (Section 6, Prompt 5/17)[0m
[1;33m2025-09-21 19:58:50 - Running prompt generation...[0m
PROMPT GENERATION COMPLETE - Prompt #90
[0;32m2025-09-21 19:59:14 - Completed prompt #90[0m
[0;34m2025-09-21 19:59:19 - Generating prompt #91 (Section 6, Prompt 6/17)[0m
[1;33m2025-09-21 19:59:19 - Running prompt generation...[0m
PROMPT GENERATION COMPLETE - Prompt #91
[0;32m2025-09-21 19:59:43 - Completed prompt #91[0m
[0;34m2025-09-21 19:59:48 - Generating prompt #92 (Section 6, Prompt 7/17)[0m
[1;33m2025-09-21 19:59:48 - Running prompt generation...[0m
PROMPT GENERATION COMPLETE - Prompt #92
[0;32m2025-09-21 20:00:12 - Completed prompt #92[0m
[0;34m2025-09-21 20:00:17 - Generating prompt #93 (Section 6, Prompt 8/17)[0m
[1;33m2025-09-21 20:00:17 - Running prompt generation...[0m
PROMPT GENERATION COMPLETE - Prompt #93
[0;32m2025-09-21 20:00:44 - Completed prompt #93[0m
[0;34m2025-09-21 20:00:49 - Generating prompt #94 (Section 6, Prompt 9/17)[0m
[1;33m2025-09-21 20:00:49 - Running prompt generation...[0m
PROMPT GENERATION COMPLETE - Prompt #94
[0;32m2025-09-21 20:01:16 - Completed prompt #94[0m
[0;34m2025-09-21 20:01:21 - Generating prompt #95 (Section 6, Prompt 10/17)[0m
[1;33m2025-09-21 20:01:21 - Running prompt generation...[0m
PROMPT GENERATION COMPLETE - Prompt #95
[0;32m2025-09-21 20:01:43 - Completed prompt #95[0m
[0;34m2025-09-21 20:01:48 - Generating prompt #96 (Section 6, Prompt 11/17)[0m
[1;33m2025-09-21 20:01:48 - Running prompt generation...[0m
PROMPT GENERATION COMPLETE - Prompt #96
[0;32m2025-09-21 20:02:10 - Completed prompt #96[0m
[0;34m2025-09-21 20:02:15 - Generating prompt #97 (Section 6, Prompt 12/17)[0m
[1;33m2025-09-21 20:02:15 - Running prompt generation...[0m
PROMPT GENERATION COMPLETE - Prompt #97
[0;32m2025-09-21 20:02:38 - Completed prompt #97[0m
[0;34m2025-09-21 20:02:43 - Generating prompt #98 (Section 6, Prompt 13/17)[0m
[1;33m2025-09-21 20:02:43 - Running prompt generation...[0m
PROMPT GENERATION COMPLETE - Prompt #98
[0;32m2025-09-21 20:03:05 - Completed prompt #98[0m
[0;34m2025-09-21 20:03:10 - Generating prompt #99 (Section 6, Prompt 14/17)[0m
[1;33m2025-09-21 20:03:10 - Running prompt generation...[0m
PROMPT GENERATION COMPLETE - Prompt #99
[0;32m2025-09-21 20:03:34 - Completed prompt #99[0m
[0;34m2025-09-21 20:03:39 - Generating prompt #100 (Section 6, Prompt 15/17)[0m
[1;33m2025-09-21 20:03:39 - Running prompt generation...[0m
PROMPT GENERATION COMPLETE - Prompt #100
[0;32m2025-09-21 20:04:00 - Completed prompt #100[0m
[0;34m2025-09-21 20:04:05 - Generating prompt #101 (Section 6, Prompt 16/17)[0m
[1;33m2025-09-21 20:04:05 - Running prompt generation...[0m
PROMPT GENERATION COMPLETE - Prompt #101
[0;32m2025-09-21 20:04:29 - Completed prompt #101[0m
[0;34m2025-09-21 20:04:34 - Generating prompt #102 (Section 6, Prompt 17/17)[0m
[1;33m2025-09-21 20:04:34 - Running prompt generation...[0m
PROMPT GENERATION COMPLETE - Prompt #102
[0;32m2025-09-21 20:04:53 - Completed prompt #102[0m
