[0;34m2025-09-21 09:57:04 - Starting Prompt Generation Cycle for template: mindfulness-meditation[0m
[1;33m2025-09-21 09:57:04 - Override flag detected - resetting progress and recreating files[0m
[0;32m2025-09-21 09:57:04 - Progress reset to 0 for template: mindfulness-meditation[0m
[0;32m2025-09-21 09:57:04 - Using existing worktree: ../templata-mindfulness-meditation[0m
[1;33m2025-09-21 09:57:04 - Creating template prompt file: prompts-mindfulness-meditation.ts[0m
[0;32m2025-09-21 09:57:04 - Created template prompt file: ../templata-mindfulness-meditation/src/data/prompts-mindfulness-meditation.ts[0m
[0;34m2025-09-21 09:57:04 - Generating prompt #1 (Section 1, Prompt 1/17)[0m
[1;33m2025-09-21 09:57:04 - Running prompt generation...[0m
PROMPT GENERATION COMPLETE - Prompt #1
[0;32m2025-09-21 09:57:34 - Completed prompt #1[0m
[0;34m2025-09-21 09:57:39 - Generating prompt #2 (Section 1, Prompt 2/17)[0m
[1;33m2025-09-21 09:57:39 - Running prompt generation...[0m
PROMPT GENERATION COMPLETE - Prompt #2
[0;32m2025-09-21 09:58:03 - Completed prompt #2[0m
[0;34m2025-09-21 09:58:08 - Generating prompt #3 (Section 1, Prompt 3/17)[0m
[1;33m2025-09-21 09:58:08 - Running prompt generation...[0m
PROMPT GENERATION COMPLETE - Prompt #3
[0;32m2025-09-21 09:58:33 - Completed prompt #3[0m
[0;34m2025-09-21 09:58:38 - Generating prompt #4 (Section 1, Prompt 4/17)[0m
[1;33m2025-09-21 09:58:38 - Running prompt generation...[0m
PROMPT GENERATION COMPLETE - Prompt #4
[0;32m2025-09-21 09:59:03 - Completed prompt #4[0m
[0;34m2025-09-21 09:59:08 - Generating prompt #5 (Section 1, Prompt 5/17)[0m
[1;33m2025-09-21 09:59:08 - Running prompt generation...[0m
<invoke name="Edit">
<parameter name="file_path">/Users/ikim1/Documents/GitHub/templata-mindfulness-meditation/src/data/prompts-mindfulness-meditation.ts</parameter>
<parameter name="old_string">  {
    id: 'prompt-4',
    prompt: 'Take a beginner-friendly meditation class or workshop to learn proper posture and breathing techniques',
    category: 'action',
    helpText: 'Learning correct foundational techniques from an experienced instructor prevents the development of bad habits and provides immediate feedback on your practice. Look for local community centers, yoga studios, or meditation centers offering introductory classes, or attend a virtual workshop to establish proper form and understand common beginner challenges.'
  }</parameter>
<parameter name="new_string">  {
    id: 'prompt-4',
    prompt: 'Take a beginner-friendly meditation class or workshop to learn proper posture and breathing techniques',
    category: 'action',
    helpText: 'Learning correct foundational techniques from an experienced instructor prevents the development of bad habits and provides immediate feedback on your practice. Look for local community centers, yoga studios, or meditation centers offering introductory classes, or attend a virtual workshop to establish proper form and understand common beginner challenges.'
  },
  {
    id: 'prompt-5',
    prompt: 'Read one foundational book or complete an online course about mindfulness meditation principles',
    category: 'research',
    helpText: 'Building theoretical understanding alongside practical experience deepens your commitment and helps you navigate challenges in your practice. Choose reputable sources like "Wherever You Go, There You Are" by Jon Kabat-Zinn or structured online programs that explain the science and philosophy behind mindfulness to create a solid foundation for long-term success.'
  }</parameter>
</invoke>
[0;32m2025-09-21 09:59:27 - Completed prompt #5[0m
[0;34m2025-09-21 09:59:32 - Generating prompt #6 (Section 1, Prompt 6/17)[0m
[1;33m2025-09-21 09:59:32 - Running prompt generation...[0m
PROMPT GENERATION COMPLETE - Prompt #6
[0;32m2025-09-21 09:59:52 - Completed prompt #6[0m
[0;34m2025-09-21 09:59:57 - Generating prompt #7 (Section 1, Prompt 7/17)[0m
[1;33m2025-09-21 09:59:57 - Running prompt generation...[0m
PROMPT GENERATION COMPLETE - Prompt #7
[0;32m2025-09-21 10:00:16 - Completed prompt #7[0m
[0;34m2025-09-21 10:00:21 - Generating prompt #8 (Section 1, Prompt 8/17)[0m
[1;33m2025-09-21 10:00:21 - Running prompt generation...[0m
PROMPT GENERATION COMPLETE - Prompt #8
[0;32m2025-09-21 10:00:41 - Completed prompt #8[0m
[0;34m2025-09-21 10:00:46 - Generating prompt #9 (Section 1, Prompt 9/17)[0m
[1;33m2025-09-21 10:00:46 - Running prompt generation...[0m
PROMPT GENERATION COMPLETE - Prompt #9
[0;32m2025-09-21 10:01:06 - Completed prompt #9[0m
[0;34m2025-09-21 10:01:11 - Generating prompt #10 (Section 1, Prompt 10/17)[0m
[1;33m2025-09-21 10:01:11 - Running prompt generation...[0m
PROMPT GENERATION COMPLETE - Prompt #10
[0;32m2025-09-21 10:01:31 - Completed prompt #10[0m
[0;34m2025-09-21 10:01:36 - Generating prompt #11 (Section 1, Prompt 11/17)[0m
[1;33m2025-09-21 10:01:37 - Running prompt generation...[0m
PROMPT GENERATION COMPLETE - Prompt #11
[0;32m2025-09-21 10:01:57 - Completed prompt #11[0m
[0;34m2025-09-21 10:02:02 - Generating prompt #12 (Section 1, Prompt 12/17)[0m
[1;33m2025-09-21 10:02:02 - Running prompt generation...[0m
PROMPT GENERATION COMPLETE - Prompt #12
[0;32m2025-09-21 10:02:22 - Completed prompt #12[0m
[0;34m2025-09-21 10:02:27 - Generating prompt #13 (Section 1, Prompt 13/17)[0m
[1;33m2025-09-21 10:02:27 - Running prompt generation...[0m
PROMPT GENERATION COMPLETE - Prompt #13
[0;32m2025-09-21 10:02:48 - Completed prompt #13[0m
[0;34m2025-09-21 10:02:53 - Generating prompt #14 (Section 1, Prompt 14/17)[0m
[1;33m2025-09-21 10:02:53 - Running prompt generation...[0m
PROMPT GENERATION COMPLETE - Prompt #14
[0;32m2025-09-21 10:03:14 - Completed prompt #14[0m
[0;34m2025-09-21 10:03:19 - Generating prompt #15 (Section 1, Prompt 15/17)[0m
[1;33m2025-09-21 10:03:19 - Running prompt generation...[0m
PROMPT GENERATION COMPLETE - Prompt #15
[0;32m2025-09-21 10:03:39 - Completed prompt #15[0m
[0;34m2025-09-21 10:03:44 - Generating prompt #16 (Section 1, Prompt 16/17)[0m
[1;33m2025-09-21 10:03:44 - Running prompt generation...[0m
PROMPT GENERATION COMPLETE - Prompt #16
[0;32m2025-09-21 10:04:04 - Completed prompt #16[0m
[0;34m2025-09-21 10:04:09 - Generating prompt #17 (Section 1, Prompt 17/17)[0m
[1;33m2025-09-21 10:04:09 - Running prompt generation...[0m
PROMPT GENERATION COMPLETE - Prompt #17
[0;32m2025-09-21 10:04:29 - Completed prompt #17[0m
[0;34m2025-09-21 10:04:34 - Generating prompt #18 (Section 2, Prompt 1/17)[0m
[1;33m2025-09-21 10:04:34 - Running prompt generation...[0m
PROMPT GENERATION COMPLETE - Prompt #18
[0;32m2025-09-21 10:04:54 - Completed prompt #18[0m
[0;34m2025-09-21 10:04:59 - Generating prompt #19 (Section 2, Prompt 2/17)[0m
[1;33m2025-09-21 10:04:59 - Running prompt generation...[0m
PROMPT GENERATION COMPLETE - Prompt #19
[0;32m2025-09-21 10:05:20 - Completed prompt #19[0m
[0;34m2025-09-21 10:05:25 - Generating prompt #20 (Section 2, Prompt 3/17)[0m
[1;33m2025-09-21 10:05:25 - Running prompt generation...[0m
PROMPT GENERATION COMPLETE - Prompt #20
[0;32m2025-09-21 10:05:46 - Completed prompt #20[0m
[0;34m2025-09-21 10:05:51 - Generating prompt #21 (Section 2, Prompt 4/17)[0m
[1;33m2025-09-21 10:05:51 - Running prompt generation...[0m
PROMPT GENERATION COMPLETE - Prompt #21
[0;32m2025-09-21 10:06:12 - Completed prompt #21[0m
[0;34m2025-09-21 10:06:17 - Generating prompt #22 (Section 2, Prompt 5/17)[0m
[1;33m2025-09-21 10:06:17 - Running prompt generation...[0m
PROMPT GENERATION COMPLETE - Prompt #22
[0;32m2025-09-21 10:06:37 - Completed prompt #22[0m
[0;34m2025-09-21 10:06:42 - Generating prompt #23 (Section 2, Prompt 6/17)[0m
[1;33m2025-09-21 10:06:42 - Running prompt generation...[0m
<invoke name="Edit">
<parameter name="file_path">/Users/ikim1/Documents/GitHub/templata-mindfulness-meditation/src/data/prompts-mindfulness-meditation.ts</parameter>
<parameter name="old_string">  {
    id: 'prompt-22',
    prompt: 'Identify and eliminate 3 specific daily distractions that interrupt your mental focus and peace',
    category: 'planning',
    helpText: 'Creating mental space for meditation requires actively removing obstacles that fragment your attention throughout the day. Spend one day observing when and what interrupts your concentration, then choose three specific distractions to address (such as phone notifications, cluttered workspace, or multitasking habits). Eliminating these attention-thieves creates a calmer mental environment that supports both formal meditation practice and mindful awareness in daily life.'
  }</parameter>
<parameter name="new_string">  {
    id: 'prompt-22',
    prompt: 'Identify and eliminate 3 specific daily distractions that interrupt your mental focus and peace',
    category: 'planning',
    helpText: 'Creating mental space for meditation requires actively removing obstacles that fragment your attention throughout the day. Spend one day observing when and what interrupts your concentration, then choose three specific distractions to address (such as phone notifications, cluttered workspace, or multitasking habits). Eliminating these attention-thieves creates a calmer mental environment that supports both formal meditation practice and mindful awareness in daily life.'
  },
  {
    id: 'prompt-23',
    prompt: 'Research and download 3 guided meditation tracks of different lengths (5, 15, and 30 minutes) for your practice library',
    category: 'research',
    helpText: 'Building a personal library of guided meditations provides structured support during the early stages of your practice and offers variety to prevent boredom. Look for tracks with clear, calming instructions from reputable teachers or apps that cover basic techniques like breath awareness or body scanning. Having multiple durations available allows you to adapt your practice to your schedule and energy levels while ensuring you always have expert guidance available when self-directing feels challenging.'
  }</parameter>
</invoke>
[0;32m2025-09-21 10:07:01 - Completed prompt #23[0m
[0;34m2025-09-21 10:07:06 - Generating prompt #24 (Section 2, Prompt 7/17)[0m
[1;33m2025-09-21 10:07:06 - Running prompt generation...[0m
PROMPT GENERATION COMPLETE - Prompt #24
[0;32m2025-09-21 10:07:28 - Completed prompt #24[0m
[0;34m2025-09-21 10:07:33 - Generating prompt #25 (Section 2, Prompt 8/17)[0m
[1;33m2025-09-21 10:07:33 - Running prompt generation...[0m
PROMPT GENERATION COMPLETE - Prompt #25
[0;32m2025-09-21 10:07:55 - Completed prompt #25[0m
[0;34m2025-09-21 10:08:00 - Generating prompt #26 (Section 2, Prompt 9/17)[0m
[1;33m2025-09-21 10:08:00 - Running prompt generation...[0m
PROMPT GENERATION COMPLETE - Prompt #26
[0;32m2025-09-21 10:08:22 - Completed prompt #26[0m
[0;34m2025-09-21 10:08:27 - Generating prompt #27 (Section 2, Prompt 10/17)[0m
[1;33m2025-09-21 10:08:27 - Running prompt generation...[0m
PROMPT GENERATION COMPLETE - Prompt #27
[0;32m2025-09-21 10:08:49 - Completed prompt #27[0m
[0;34m2025-09-21 10:08:54 - Generating prompt #28 (Section 2, Prompt 11/17)[0m
[1;33m2025-09-21 10:08:54 - Running prompt generation...[0m
PROMPT GENERATION COMPLETE - Prompt #28
[0;32m2025-09-21 10:09:14 - Completed prompt #28[0m
[0;34m2025-09-21 10:09:19 - Generating prompt #29 (Section 2, Prompt 12/17)[0m
[1;33m2025-09-21 10:09:19 - Running prompt generation...[0m
<invoke name="Edit">
<parameter name="file_path">/Users/ikim1/Documents/GitHub/templata-mindfulness-meditation/src/data/prompts-mindfulness-meditation.ts</parameter>
<parameter name="old_string">  {
    id: 'prompt-28',
    prompt: 'Plan and schedule your first month of meditation practice with specific goals and milestone check-ins',
    category: 'planning',
    helpText: 'Creating a structured 30-day plan with clear objectives and regular progress reviews establishes realistic expectations and builds momentum for long-term practice. Set specific weekly goals like practicing 5 minutes daily in week 1, increasing to 10 minutes by week 3, and schedule check-ins every 7 days to assess your experience and adjust your approach. This systematic planning approach transforms meditation from an overwhelming lifestyle change into manageable steps with built-in accountability.'
  }
];</parameter>
<parameter name="new_string">  {
    id: 'prompt-28',
    prompt: 'Plan and schedule your first month of meditation practice with specific goals and milestone check-ins',
    category: 'planning',
    helpText: 'Creating a structured 30-day plan with clear objectives and regular progress reviews establishes realistic expectations and builds momentum for long-term practice. Set specific weekly goals like practicing 5 minutes daily in week 1, increasing to 10 minutes by week 3, and schedule check-ins every 7 days to assess your experience and adjust your approach. This systematic planning approach transforms meditation from an overwhelming lifestyle change into manageable steps with built-in accountability.'
  },
  {
    id: 'prompt-29',
    prompt: 'Create a dedicated morning meditation preparation checklist with 5-7 specific steps to complete before each session',
    category: 'planning',
    helpText: 'Establishing a consistent pre-meditation routine reduces decision fatigue and creates a reliable pathway into practice that works even on busy or distracted days. Include practical steps like checking your posture, setting intention, dimming lights, silencing devices, and arranging your cushion or chair. Having a concrete checklist eliminates the mental effort of remembering what to do each time and ensures you consistently create optimal conditions for focused, peaceful meditation sessions.'
  }
];</parameter>
</invoke>
[0;32m2025-09-21 10:09:37 - Completed prompt #29[0m
[0;34m2025-09-21 10:09:42 - Generating prompt #30 (Section 2, Prompt 13/17)[0m
[1;33m2025-09-21 10:09:42 - Running prompt generation...[0m
PROMPT GENERATION COMPLETE - Prompt #30
[0;32m2025-09-21 10:10:03 - Completed prompt #30[0m
[0;34m2025-09-21 10:10:08 - Generating prompt #31 (Section 2, Prompt 14/17)[0m
[1;33m2025-09-21 10:10:08 - Running prompt generation...[0m
<invoke name="Edit">
<parameter name="file_path">/Users/ikim1/Documents/GitHub/templata-mindfulness-meditation/src/data/prompts-mindfulness-meditation.ts</parameter>
<parameter name="old_string">  {
    id: 'prompt-30',
    prompt: 'Create a mindful morning routine by planning 3 specific mindfulness activities to incorporate before 9 AM',
    category: 'planning',
    helpText: 'Designing a structured morning mindfulness routine establishes a peaceful foundation for your entire day and creates multiple touchpoints for present-moment awareness. Choose three simple activities like mindful teeth brushing, conscious breathing while coffee brews, or a 2-minute gratitude practice and schedule specific times for each. This planning approach transforms scattered good intentions into concrete habits that anchor mindfulness throughout your morning routine.'
  }</parameter>
<parameter name="new_string">  {
    id: 'prompt-30',
    prompt: 'Create a mindful morning routine by planning 3 specific mindfulness activities to incorporate before 9 AM',
    category: 'planning',
    helpText: 'Designing a structured morning mindfulness routine establishes a peaceful foundation for your entire day and creates multiple touchpoints for present-moment awareness. Choose three simple activities like mindful teeth brushing, conscious breathing while coffee brews, or a 2-minute gratitude practice and schedule specific times for each. This planning approach transforms scattered good intentions into concrete habits that anchor mindfulness throughout your morning routine.'
  },
  {
    id: 'prompt-31',
    prompt: 'Research and download 3 guided meditation apps, then test each with a 10-minute session to determine your preferred format',
    category: 'research',
    helpText: 'Comparing different guided meditation platforms helps you find the teaching style, voice, and structure that best supports your individual learning process. Try popular apps like Headspace, Calm, and Insight Timer, paying attention to the instructor\'s guidance style, background music preferences, and session structure that feels most natural to you. This comparative research ensures you invest your practice time with resources that truly resonate with your personality and meditation goals.'
  }</parameter>
</invoke>
[0;32m2025-09-21 10:10:28 - Completed prompt #31[0m
[0;34m2025-09-21 10:10:33 - Generating prompt #32 (Section 2, Prompt 15/17)[0m
[1;33m2025-09-21 10:10:33 - Running prompt generation...[0m
PROMPT GENERATION COMPLETE - Prompt #32
[0;32m2025-09-21 10:10:54 - Completed prompt #32[0m
[0;34m2025-09-21 10:10:59 - Generating prompt #33 (Section 2, Prompt 16/17)[0m
[1;33m2025-09-21 10:10:59 - Running prompt generation...[0m
<invoke name="Edit">
<parameter name="file_path">/Users/ikim1/Documents/GitHub/templata-mindfulness-meditation/src/data/prompts-mindfulness-meditation.ts</parameter>
<parameter name="old_string">  {
    id: 'prompt-32',
    prompt: 'Research and select meditation apps or guided programs that offer structured beginner curricula with progressive skill building',
    category: 'research',
    helpText: 'Having access to high-quality guided instruction is crucial for developing proper meditation technique and maintaining motivation through early challenges. Compare 3-5 popular meditation apps like Headspace, Calm, Insight Timer, or Ten Percent Happier, focusing on their beginner programs, progression structure, and teaching quality. Choose apps that offer systematic curricula rather than random meditations, as structured learning builds skills progressively and helps you understand how different techniques work together in your developing practice.'
  }</parameter>
<parameter name="new_string">  {
    id: 'prompt-32',
    prompt: 'Research and select meditation apps or guided programs that offer structured beginner curricula with progressive skill building',
    category: 'research',
    helpText: 'Having access to high-quality guided instruction is crucial for developing proper meditation technique and maintaining motivation through early challenges. Compare 3-5 popular meditation apps like Headspace, Calm, Insight Timer, or Ten Percent Happier, focusing on their beginner programs, progression structure, and teaching quality. Choose apps that offer systematic curricula rather than random meditations, as structured learning builds skills progressively and helps you understand how different techniques work together in your developing practice.'
  },
  {
    id: 'prompt-33',
    prompt: 'Set up a dedicated meditation library by gathering and organizing 5-10 foundational books, articles, or resources for ongoing study',
    category: 'planning',
    helpText: 'Building a personal reference library creates a reliable knowledge base for deepening your understanding and troubleshooting challenges in your meditation practice. Collect a mix of foundational texts, practical guides, and scientific research from authors like Jon Kabat-Zinn, Thich Nhat Hanh, or Jack Kornfield, organizing them in a specific location for easy access. Having curated resources readily available supports your long-term learning journey and provides guidance when you encounter plateaus or difficulties in your practice.'
  }</parameter>
</invoke>
[0;32m2025-09-21 10:11:18 - Completed prompt #33[0m
[0;34m2025-09-21 10:11:23 - Generating prompt #34 (Section 2, Prompt 17/17)[0m
[1;33m2025-09-21 10:11:23 - Running prompt generation...[0m
PROMPT GENERATION COMPLETE - Prompt #34
[0;32m2025-09-21 10:11:45 - Completed prompt #34[0m
[0;34m2025-09-21 10:11:50 - Generating prompt #35 (Section 3, Prompt 1/17)[0m
[1;33m2025-09-21 10:11:50 - Running prompt generation...[0m
<invoke name="Edit">
<parameter name="file_path">/Users/ikim1/Documents/GitHub/templata-mindfulness-meditation/src/data/prompts-mindfulness-meditation.ts</parameter>
<parameter name="old_string">  {
    id: 'prompt-34',
    prompt: 'Create a detailed meditation supply checklist and gather all necessary items before beginning your practice',
    category: 'planning',
    helpText: 'Proper preparation eliminates barriers to consistent practice by ensuring you have everything needed for comfortable, uninterrupted meditation sessions. Create a comprehensive list including items like a meditation cushion or chair, soft blanket, timer, journal, and water bottle, then systematically acquire each item. Having all supplies ready and organized removes the friction of searching for materials each time you want to practice, making it much easier to maintain daily consistency.'
  }
];</parameter>
<parameter name="new_string">  {
    id: 'prompt-34',
    prompt: 'Create a detailed meditation supply checklist and gather all necessary items before beginning your practice',
    category: 'planning',
    helpText: 'Proper preparation eliminates barriers to consistent practice by ensuring you have everything needed for comfortable, uninterrupted meditation sessions. Create a comprehensive list including items like a meditation cushion or chair, soft blanket, timer, journal, and water bottle, then systematically acquire each item. Having all supplies ready and organized removes the friction of searching for materials each time you want to practice, making it much easier to maintain daily consistency.'
  },
  {
    id: 'prompt-35',
    prompt: 'Practice mindful walking for 10 minutes daily by focusing on each step and breath while walking slowly outdoors',
    category: 'action',
    helpText: 'Walking meditation bridges the gap between formal sitting practice and bringing mindfulness into daily movement, making it essential for developing continuous awareness. Choose a quiet outdoor path 10-20 steps long and walk very slowly, coordinating each step with your breath while maintaining awareness of physical sensations. This active form of meditation helps you understand how to maintain present-moment focus during movement and provides a valuable alternative when sitting meditation feels difficult or restless.'
  }
];</parameter>
</invoke>
[0;32m2025-09-21 10:12:14 - Completed prompt #35[0m
[0;34m2025-09-21 10:12:19 - Generating prompt #36 (Section 3, Prompt 2/17)[0m
[1;33m2025-09-21 10:12:19 - Running prompt generation...[0m
<invoke name="Edit">
<parameter name="file_path">/Users/ikim1/Documents/GitHub/templata-mindfulness-meditation/src/data/prompts-mindfulness-meditation.ts</parameter>
<parameter name="old_string">  {
    id: 'prompt-34',
    prompt: 'Create a detailed meditation supply checklist and gather all necessary items before beginning your practice',
    category: 'planning',
    helpText: 'Proper preparation eliminates barriers to consistent practice by ensuring you have everything needed for comfortable, uninterrupted meditation sessions. Create a comprehensive list including items like a meditation cushion or chair, soft blanket, timer, journal, and water bottle, then systematically acquire each item. Having all supplies ready and organized removes the friction of searching for materials each time you want to practice, making it much easier to maintain daily consistency.'
  }
];</parameter>
<parameter name="new_string">  {
    id: 'prompt-34',
    prompt: 'Create a detailed meditation supply checklist and gather all necessary items before beginning your practice',
    category: 'planning',
    helpText: 'Proper preparation eliminates barriers to consistent practice by ensuring you have everything needed for comfortable, uninterrupted meditation sessions. Create a comprehensive list including items like a meditation cushion or chair, soft blanket, timer, journal, and water bottle, then systematically acquire each item. Having all supplies ready and organized removes the friction of searching for materials each time you want to practice, making it much easier to maintain daily consistency.'
  },
  {
    id: 'prompt-36',
    prompt: 'Practice mindful walking meditation for 10 minutes by focusing entirely on the physical sensations of each step',
    category: 'action',
    helpText: 'Walking meditation bridges the gap between formal sitting practice and mindful daily living by teaching you to maintain present-moment awareness while moving. Find a quiet 10-20 foot path and walk slowly, paying attention to the lifting, moving, and placing of each foot, the shifting of weight, and the feeling of ground contact. This active form of meditation is especially helpful for people who struggle with sitting still and provides a practical way to integrate mindfulness into everyday activities like commuting or walking between meetings.'
  }
];</parameter>
</invoke>
[0;32m2025-09-21 10:12:36 - Completed prompt #36[0m
[0;34m2025-09-21 10:12:41 - Generating prompt #37 (Section 3, Prompt 3/17)[0m
[1;33m2025-09-21 10:12:41 - Running prompt generation...[0m
<invoke name="Edit">
<parameter name="file_path">/Users/ikim1/Documents/GitHub/templata-mindfulness-meditation/src/data/prompts-mindfulness-meditation.ts</parameter>
<parameter name="old_string">  {
    id: 'prompt-34',
    prompt: 'Create a detailed meditation supply checklist and gather all necessary items before beginning your practice',
    category: 'planning',
    helpText: 'Proper preparation eliminates barriers to consistent practice by ensuring you have everything needed for comfortable, uninterrupted meditation sessions. Create a comprehensive list including items like a meditation cushion or chair, soft blanket, timer, journal, and water bottle, then systematically acquire each item. Having all supplies ready and organized removes the friction of searching for materials each time you want to practice, making it much easier to maintain daily consistency.'
  }
];</parameter>
<parameter name="new_string">  {
    id: 'prompt-34',
    prompt: 'Create a detailed meditation supply checklist and gather all necessary items before beginning your practice',
    category: 'planning',
    helpText: 'Proper preparation eliminates barriers to consistent practice by ensuring you have everything needed for comfortable, uninterrupted meditation sessions. Create a comprehensive list including items like a meditation cushion or chair, soft blanket, timer, journal, and water bottle, then systematically acquire each item. Having all supplies ready and organized removes the friction of searching for materials each time you want to practice, making it much easier to maintain daily consistency.'
  },
  {
    id: 'prompt-37',
    prompt: 'Schedule and complete your first guided walking meditation session in a natural outdoor setting',
    category: 'action',
    helpText: 'Walking meditation bridges the gap between formal sitting practice and mindful daily living by teaching you to maintain awareness while moving through space. Choose a quiet outdoor location like a park, garden, or nature trail and spend 15-20 minutes walking slowly and deliberately while focusing on the physical sensations of each step. This practice develops your ability to sustain mindfulness during activity and creates a portable meditation technique you can use anywhere to restore calm and presence.'
  }
];</parameter>
</invoke>
[0;32m2025-09-21 10:12:59 - Completed prompt #37[0m
[0;34m2025-09-21 10:13:04 - Generating prompt #38 (Section 3, Prompt 4/17)[0m
[1;33m2025-09-21 10:13:05 - Running prompt generation...[0m
PROMPT GENERATION COMPLETE - Prompt #38
[0;32m2025-09-21 10:13:25 - Completed prompt #38[0m
[0;34m2025-09-21 10:13:30 - Generating prompt #39 (Section 3, Prompt 5/17)[0m
[1;33m2025-09-21 10:13:30 - Running prompt generation...[0m
<invoke name="Edit">
<parameter name="file_path">/Users/ikim1/Documents/GitHub/templata-mindfulness-meditation/src/data/prompts-mindfulness-meditation.ts</parameter>
<parameter name="old_string">  {
    id: 'prompt-38',
    prompt: 'Set up a daily walking meditation practice by identifying a quiet 10-15 minute route and practicing mindful movement',
    category: 'action',
    helpText: 'Walking meditation bridges the gap between formal sitting practice and mindful awareness in daily life by training your attention during gentle movement. Choose a safe, familiar path where you can walk slowly and deliberately, focusing on the sensations of each step, the rhythm of your breathing, and environmental sounds. This active form of meditation is particularly helpful for people who struggle with sitting still and provides a practical way to cultivate mindfulness that you can apply to any daily walk.'
  }
];</parameter>
<parameter name="new_string">  {
    id: 'prompt-38',
    prompt: 'Set up a daily walking meditation practice by identifying a quiet 10-15 minute route and practicing mindful movement',
    category: 'action',
    helpText: 'Walking meditation bridges the gap between formal sitting practice and mindful awareness in daily life by training your attention during gentle movement. Choose a safe, familiar path where you can walk slowly and deliberately, focusing on the sensations of each step, the rhythm of your breathing, and environmental sounds. This active form of meditation is particularly helpful for people who struggle with sitting still and provides a practical way to cultivate mindfulness that you can apply to any daily walk.'
  },
  {
    id: 'prompt-39',
    prompt: 'Download and practice with 3 different guided meditations focusing on specific themes (stress relief, sleep, or focus)',
    category: 'action',
    helpText: 'Experimenting with various guided meditation styles helps you discover which approaches and teacher voices resonate most effectively with your learning style and meditation goals. Choose three different guided sessions from apps like Insight Timer or Calm, each addressing different needs like stress reduction, better sleep, or improved concentration. This hands-on exploration builds your toolkit of practical techniques while helping you identify the types of guidance and meditation themes that support your specific wellness objectives.'
  }
];</parameter>
</invoke>
[0;32m2025-09-21 10:13:50 - Completed prompt #39[0m
[0;34m2025-09-21 10:13:55 - Generating prompt #40 (Section 3, Prompt 6/17)[0m
[1;33m2025-09-21 10:13:55 - Running prompt generation...[0m
PROMPT GENERATION COMPLETE - Prompt #40
[0;32m2025-09-21 10:14:17 - Completed prompt #40[0m
[0;34m2025-09-21 10:14:22 - Generating prompt #41 (Section 3, Prompt 7/17)[0m
[1;33m2025-09-21 10:14:22 - Running prompt generation...[0m
PROMPT GENERATION COMPLETE - Prompt #41
[0;32m2025-09-21 10:14:43 - Completed prompt #41[0m
[0;34m2025-09-21 10:14:48 - Generating prompt #42 (Section 3, Prompt 8/17)[0m
[1;33m2025-09-21 10:14:48 - Running prompt generation...[0m
<invoke name="Edit">
<parameter name="file_path">/Users/ikim1/Documents/GitHub/templata-mindfulness-meditation/src/data/prompts-mindfulness-meditation.ts</parameter>
<parameter name="old_string">  {
    id: 'prompt-41',
    prompt: 'Practice mindful eating for one complete meal by eliminating distractions and focusing entirely on taste, texture, and chewing',
    category: 'action',
    helpText: 'Mindful eating develops present-moment awareness while transforming a daily necessity into meditation practice, helping you understand how mindfulness applies beyond formal sitting sessions. Choose one meal per day to eat without phone, TV, or reading, focusing completely on the sensory experience of each bite, chewing slowly, and noticing flavors, textures, and your body\'s hunger and satiety signals. This practice builds concentration skills while creating a practical bridge between meditation cushion and everyday mindfulness.'
  }</parameter>
<parameter name="new_string">  {
    id: 'prompt-41',
    prompt: 'Practice mindful eating for one complete meal by eliminating distractions and focusing entirely on taste, texture, and chewing',
    category: 'action',
    helpText: 'Mindful eating develops present-moment awareness while transforming a daily necessity into meditation practice, helping you understand how mindfulness applies beyond formal sitting sessions. Choose one meal per day to eat without phone, TV, or reading, focusing completely on the sensory experience of each bite, chewing slowly, and noticing flavors, textures, and your body\'s hunger and satiety signals. This practice builds concentration skills while creating a practical bridge between meditation cushion and everyday mindfulness.'
  },
  {
    id: 'prompt-42',
    prompt: 'Complete a weekly digital detox schedule by designating specific device-free hours each day for deeper mindfulness practice',
    category: 'planning',
    helpText: 'Creating regular technology breaks reduces mental overstimulation and creates space for deeper awareness that\'s essential for developing meditation skills. Plan specific times each day when you\'ll turn off phones, computers, and other devices, starting with just 1-2 hours and gradually extending these periods. This intentional disconnection from digital distractions allows your nervous system to settle naturally and helps you discover how technology affects your mental state and attention span.'
  }</parameter>
</invoke>
[0;32m2025-09-21 10:15:07 - Completed prompt #42[0m
[0;34m2025-09-21 10:15:12 - Generating prompt #43 (Section 3, Prompt 9/17)[0m
[1;33m2025-09-21 10:15:12 - Running prompt generation...[0m
PROMPT GENERATION COMPLETE - Prompt #43
[0;32m2025-09-21 10:15:32 - Completed prompt #43[0m
[0;34m2025-09-21 10:15:38 - Generating prompt #44 (Section 3, Prompt 10/17)[0m
[1;33m2025-09-21 10:15:38 - Running prompt generation...[0m
<invoke name="Edit">
<parameter name="file_path">/Users/ikim1/Documents/GitHub/templata-mindfulness-meditation/src/data/prompts-mindfulness-meditation.ts</parameter>
<parameter name="old_string">  {
    id: 'prompt-43',
    prompt: 'Schedule and attend a 90-minute silent meditation session at a local meditation center or temple',
    category: 'action',
    helpText: 'Extended silent practice builds mental endurance and deepens your meditation skills beyond what short daily sessions can achieve. Longer sits allow you to move through the initial restlessness and experience deeper states of concentration and mindfulness that emerge only after 30-45 minutes of sustained practice. Contact local meditation centers to find regularly scheduled group sits or special extended practice sessions designed for developing practitioners.'
  }</parameter>
<parameter name="new_string">  {
    id: 'prompt-43',
    prompt: 'Schedule and attend a 90-minute silent meditation session at a local meditation center or temple',
    category: 'action',
    helpText: 'Extended silent practice builds mental endurance and deepens your meditation skills beyond what short daily sessions can achieve. Longer sits allow you to move through the initial restlessness and experience deeper states of concentration and mindfulness that emerge only after 30-45 minutes of sustained practice. Contact local meditation centers to find regularly scheduled group sits or special extended practice sessions designed for developing practitioners.'
  },
  {
    id: 'prompt-44',
    prompt: 'Practice mindful technology use by implementing phone-free time blocks and observing your digital habits for one week',
    category: 'action',
    helpText: 'Developing awareness of your relationship with technology is essential for maintaining present-moment awareness in our connected world. Designate specific periods each day (such as the first hour after waking or 30 minutes before bed) as phone-free zones and practice noticing urges to check devices without automatically responding. This practice builds the same mindful awareness you develop in formal meditation while addressing one of the biggest obstacles to sustained attention in modern life.'
  }</parameter>
</invoke>
[0;32m2025-09-21 10:15:55 - Completed prompt #44[0m
[0;34m2025-09-21 10:16:01 - Generating prompt #45 (Section 3, Prompt 11/17)[0m
[1;33m2025-09-21 10:16:01 - Running prompt generation...[0m
<invoke name="Edit">
<parameter name="file_path">/Users/ikim1/Documents/GitHub/templata-mindfulness-meditation/src/data/prompts-mindfulness-meditation.ts</parameter>
<parameter name="old_string">  {
    id: 'prompt-43',
    prompt: 'Schedule and attend a 90-minute silent meditation session at a local meditation center or temple',
    category: 'action',
    helpText: 'Extended silent practice builds mental endurance and deepens your meditation skills beyond what short daily sessions can achieve. Longer sits allow you to move through the initial restlessness and experience deeper states of concentration and mindfulness that emerge only after 30-45 minutes of sustained practice. Contact local meditation centers to find regularly scheduled group sits or special extended practice sessions designed for developing practitioners.'
  }</parameter>
<parameter name="new_string">  {
    id: 'prompt-43',
    prompt: 'Schedule and attend a 90-minute silent meditation session at a local meditation center or temple',
    category: 'action',
    helpText: 'Extended silent practice builds mental endurance and deepens your meditation skills beyond what short daily sessions can achieve. Longer sits allow you to move through the initial restlessness and experience deeper states of concentration and mindfulness that emerge only after 30-45 minutes of sustained practice. Contact local meditation centers to find regularly scheduled group sits or special extended practice sessions designed for developing practitioners.'
  },
  {
    id: 'prompt-45',
    prompt: 'Create a personalized meditation accountability system by scheduling weekly check-ins with a practice partner or mentor',
    category: 'action',
    helpText: 'Building accountability through regular check-ins with another person dramatically increases your likelihood of maintaining consistent practice during challenging periods. Find a meditation partner, experienced practitioner, or teacher who can meet with you weekly (in person or virtually) to discuss your practice challenges, insights, and progress. Having someone to report to creates external motivation that complements your internal commitment and provides ongoing support and guidance as your meditation journey evolves.'
  }</parameter>
</invoke>
[0;32m2025-09-21 10:16:18 - Completed prompt #45[0m
[0;34m2025-09-21 10:16:23 - Generating prompt #46 (Section 3, Prompt 12/17)[0m
[1;33m2025-09-21 10:16:23 - Running prompt generation...[0m
<invoke name="Edit">
<parameter name="file_path">/Users/ikim1/Documents/GitHub/templata-mindfulness-meditation/src/data/prompts-mindfulness-meditation.ts</parameter>
<parameter name="old_string">  {
    id: 'prompt-43',
    prompt: 'Schedule and attend a 90-minute silent meditation session at a local meditation center or temple',
    category: 'action',
    helpText: 'Extended silent practice builds mental endurance and deepens your meditation skills beyond what short daily sessions can achieve. Longer sits allow you to move through the initial restlessness and experience deeper states of concentration and mindfulness that emerge only after 30-45 minutes of sustained practice. Contact local meditation centers to find regularly scheduled group sits or special extended practice sessions designed for developing practitioners.'
  }
];</parameter>
<parameter name="new_string">  {
    id: 'prompt-43',
    prompt: 'Schedule and attend a 90-minute silent meditation session at a local meditation center or temple',
    category: 'action',
    helpText: 'Extended silent practice builds mental endurance and deepens your meditation skills beyond what short daily sessions can achieve. Longer sits allow you to move through the initial restlessness and experience deeper states of concentration and mindfulness that emerge only after 30-45 minutes of sustained practice. Contact local meditation centers to find regularly scheduled group sits or special extended practice sessions designed for developing practitioners.'
  },
  {
    id: 'prompt-46',
    prompt: 'Create a dedicated meditation practice tracker by logging daily sessions with time, technique, and mood ratings for 2 weeks',
    category: 'action',
    helpText: 'Systematic tracking of your meditation practice helps you identify patterns, measure progress, and maintain accountability during the formation of your new habit. Record each session\'s duration, the technique used (breath focus, body scan, etc.), your pre- and post-meditation mood on a 1-10 scale, and any notable observations or challenges. This data collection reveals which practices work best for you and provides concrete evidence of your developing consistency and emotional benefits.'
  }
];</parameter>
</invoke>
[0;32m2025-09-21 10:16:41 - Completed prompt #46[0m
[0;34m2025-09-21 10:16:46 - Generating prompt #47 (Section 3, Prompt 13/17)[0m
[1;33m2025-09-21 10:16:46 - Running prompt generation...[0m
<invoke name="Edit">
<parameter name="file_path">/Users/ikim1/Documents/GitHub/templata-mindfulness-meditation/src/data/prompts-mindfulness-meditation.ts</parameter>
<parameter name="old_string">  {
    id: 'prompt-43',
    prompt: 'Schedule and attend a 90-minute silent meditation session at a local meditation center or temple',
    category: 'action',
    helpText: 'Extended silent practice builds mental endurance and deepens your meditation skills beyond what short daily sessions can achieve. Longer sits allow you to move through the initial restlessness and experience deeper states of concentration and mindfulness that emerge only after 30-45 minutes of sustained practice. Contact local meditation centers to find regularly scheduled group sits or special extended practice sessions designed for developing practitioners.'
  }</parameter>
<parameter name="new_string">  {
    id: 'prompt-43',
    prompt: 'Schedule and attend a 90-minute silent meditation session at a local meditation center or temple',
    category: 'action',
    helpText: 'Extended silent practice builds mental endurance and deepens your meditation skills beyond what short daily sessions can achieve. Longer sits allow you to move through the initial restlessness and experience deeper states of concentration and mindfulness that emerge only after 30-45 minutes of sustained practice. Contact local meditation centers to find regularly scheduled group sits or special extended practice sessions designed for developing practitioners.'
  },
  {
    id: 'prompt-47',
    prompt: 'Schedule and complete three consecutive days of 20-minute meditation sessions to establish deeper practice stability',
    category: 'action',
    helpText: 'Committing to longer consecutive sessions helps you move beyond surface-level relaxation into genuine mindfulness training where real insights and mental clarity develop. Twenty-minute sessions allow time to settle initial restlessness, work through resistance, and experience the focused awareness that emerges with sustained practice. This extended commitment builds confidence in your ability to sit with challenging thoughts and emotions while developing the mental stamina necessary for ongoing meditation development.'
  }</parameter>
</invoke>
[0;32m2025-09-21 10:17:04 - Completed prompt #47[0m
[0;34m2025-09-21 10:17:09 - Generating prompt #48 (Section 3, Prompt 14/17)[0m
[1;33m2025-09-21 10:17:09 - Running prompt generation...[0m
PROMPT GENERATION COMPLETE - Prompt #48
[0;32m2025-09-21 10:17:30 - Completed prompt #48[0m
[0;34m2025-09-21 10:17:35 - Generating prompt #49 (Section 3, Prompt 15/17)[0m
[1;33m2025-09-21 10:17:35 - Running prompt generation...[0m
PROMPT GENERATION COMPLETE - Prompt #49
[0;32m2025-09-21 10:17:56 - Completed prompt #49[0m
[0;34m2025-09-21 10:18:01 - Generating prompt #50 (Section 3, Prompt 16/17)[0m
[1;33m2025-09-21 10:18:01 - Running prompt generation...[0m
PROMPT GENERATION COMPLETE - Prompt #50
[0;32m2025-09-21 10:18:22 - Completed prompt #50[0m
[0;34m2025-09-21 10:18:27 - Generating prompt #51 (Section 3, Prompt 17/17)[0m
[1;33m2025-09-21 10:18:27 - Running prompt generation...[0m
PROMPT GENERATION COMPLETE - Prompt #51
[0;32m2025-09-21 10:18:47 - Completed prompt #51[0m
[0;34m2025-09-21 10:18:52 - Generating prompt #52 (Section 4, Prompt 1/17)[0m
[1;33m2025-09-21 10:18:52 - Running prompt generation...[0m
PROMPT GENERATION COMPLETE - Prompt #52
[0;32m2025-09-21 10:19:13 - Completed prompt #52[0m
[0;34m2025-09-21 10:19:18 - Generating prompt #53 (Section 4, Prompt 2/17)[0m
[1;33m2025-09-21 10:19:18 - Running prompt generation...[0m
PROMPT GENERATION COMPLETE - Prompt #53
[0;32m2025-09-21 10:19:38 - Completed prompt #53[0m
[0;34m2025-09-21 10:19:43 - Generating prompt #54 (Section 4, Prompt 3/17)[0m
[1;33m2025-09-21 10:19:43 - Running prompt generation...[0m
PROMPT GENERATION COMPLETE - Prompt #54
[0;32m2025-09-21 10:20:03 - Completed prompt #54[0m
[0;34m2025-09-21 10:20:08 - Generating prompt #55 (Section 4, Prompt 4/17)[0m
[1;33m2025-09-21 10:20:08 - Running prompt generation...[0m
PROMPT GENERATION COMPLETE - Prompt #55
[0;32m2025-09-21 10:20:32 - Completed prompt #55[0m
[0;34m2025-09-21 10:20:37 - Generating prompt #56 (Section 4, Prompt 5/17)[0m
[1;33m2025-09-21 10:20:37 - Running prompt generation...[0m
PROMPT GENERATION COMPLETE - Prompt #56
[0;32m2025-09-21 10:20:57 - Completed prompt #56[0m
[0;34m2025-09-21 10:21:02 - Generating prompt #57 (Section 4, Prompt 6/17)[0m
[1;33m2025-09-21 10:21:02 - Running prompt generation...[0m
PROMPT GENERATION COMPLETE - Prompt #57
[0;32m2025-09-21 10:21:22 - Completed prompt #57[0m
[0;34m2025-09-21 10:21:27 - Generating prompt #58 (Section 4, Prompt 7/17)[0m
[1;33m2025-09-21 10:21:27 - Running prompt generation...[0m
PROMPT GENERATION COMPLETE - Prompt #58
[0;32m2025-09-21 10:21:48 - Completed prompt #58[0m
[0;34m2025-09-21 10:21:53 - Generating prompt #59 (Section 4, Prompt 8/17)[0m
[1;33m2025-09-21 10:21:53 - Running prompt generation...[0m
PROMPT GENERATION COMPLETE - Prompt #59
[0;32m2025-09-21 10:22:16 - Completed prompt #59[0m
[0;34m2025-09-21 10:22:21 - Generating prompt #60 (Section 4, Prompt 9/17)[0m
[1;33m2025-09-21 10:22:21 - Running prompt generation...[0m
PROMPT GENERATION COMPLETE - Prompt #60
[0;32m2025-09-21 10:22:41 - Completed prompt #60[0m
[0;34m2025-09-21 10:22:46 - Generating prompt #61 (Section 4, Prompt 10/17)[0m
[1;33m2025-09-21 10:22:46 - Running prompt generation...[0m
PROMPT GENERATION COMPLETE - Prompt #61
[0;32m2025-09-21 10:23:08 - Completed prompt #61[0m
[0;34m2025-09-21 10:23:13 - Generating prompt #62 (Section 4, Prompt 11/17)[0m
[1;33m2025-09-21 10:23:13 - Running prompt generation...[0m
PROMPT GENERATION COMPLETE - Prompt #62
[0;32m2025-09-21 10:23:35 - Completed prompt #62[0m
[0;34m2025-09-21 10:23:40 - Generating prompt #63 (Section 4, Prompt 12/17)[0m
[1;33m2025-09-21 10:23:40 - Running prompt generation...[0m
PROMPT GENERATION COMPLETE - Prompt #63
[0;32m2025-09-21 10:24:00 - Completed prompt #63[0m
[0;34m2025-09-21 10:24:05 - Generating prompt #64 (Section 4, Prompt 13/17)[0m
[1;33m2025-09-21 10:24:05 - Running prompt generation...[0m
PROMPT GENERATION COMPLETE - Prompt #64
[0;32m2025-09-21 10:24:25 - Completed prompt #64[0m
[0;34m2025-09-21 10:24:30 - Generating prompt #65 (Section 4, Prompt 14/17)[0m
[1;33m2025-09-21 10:24:30 - Running prompt generation...[0m
PROMPT GENERATION COMPLETE - Prompt #65
[0;32m2025-09-21 10:24:51 - Completed prompt #65[0m
[0;34m2025-09-21 10:24:56 - Generating prompt #66 (Section 4, Prompt 15/17)[0m
[1;33m2025-09-21 10:24:56 - Running prompt generation...[0m
PROMPT GENERATION COMPLETE - Prompt #66
[0;32m2025-09-21 10:25:17 - Completed prompt #66[0m
[0;34m2025-09-21 10:25:22 - Generating prompt #67 (Section 4, Prompt 16/17)[0m
[1;33m2025-09-21 10:25:22 - Running prompt generation...[0m
PROMPT GENERATION COMPLETE - Prompt #67
[0;32m2025-09-21 10:25:44 - Completed prompt #67[0m
[0;34m2025-09-21 10:25:49 - Generating prompt #68 (Section 4, Prompt 17/17)[0m
[1;33m2025-09-21 10:25:49 - Running prompt generation...[0m
PROMPT GENERATION COMPLETE - Prompt #68
[0;32m2025-09-21 10:26:13 - Completed prompt #68[0m
[0;34m2025-09-21 10:26:18 - Generating prompt #69 (Section 5, Prompt 1/17)[0m
[1;33m2025-09-21 10:26:18 - Running prompt generation...[0m
PROMPT GENERATION COMPLETE - Prompt #69
[0;32m2025-09-21 10:26:40 - Completed prompt #69[0m
[0;34m2025-09-21 10:26:45 - Generating prompt #70 (Section 5, Prompt 2/17)[0m
[1;33m2025-09-21 10:26:45 - Running prompt generation...[0m
PROMPT GENERATION COMPLETE - Prompt #70
[0;32m2025-09-21 10:27:08 - Completed prompt #70[0m
[0;34m2025-09-21 10:27:13 - Generating prompt #71 (Section 5, Prompt 3/17)[0m
[1;33m2025-09-21 10:27:13 - Running prompt generation...[0m
PROMPT GENERATION COMPLETE - Prompt #71
[0;32m2025-09-21 10:27:33 - Completed prompt #71[0m
[0;34m2025-09-21 10:27:38 - Generating prompt #72 (Section 5, Prompt 4/17)[0m
[1;33m2025-09-21 10:27:38 - Running prompt generation...[0m
PROMPT GENERATION COMPLETE - Prompt #72
[0;32m2025-09-21 10:28:02 - Completed prompt #72[0m
[0;34m2025-09-21 10:28:07 - Generating prompt #73 (Section 5, Prompt 5/17)[0m
[1;33m2025-09-21 10:28:07 - Running prompt generation...[0m
PROMPT GENERATION COMPLETE - Prompt #73
[0;32m2025-09-21 10:28:29 - Completed prompt #73[0m
[0;34m2025-09-21 10:28:34 - Generating prompt #74 (Section 5, Prompt 6/17)[0m
[1;33m2025-09-21 10:28:34 - Running prompt generation...[0m
PROMPT GENERATION COMPLETE - Prompt #74
[0;32m2025-09-21 10:29:02 - Completed prompt #74[0m
[0;34m2025-09-21 10:29:07 - Generating prompt #75 (Section 5, Prompt 7/17)[0m
[1;33m2025-09-21 10:29:07 - Running prompt generation...[0m
PROMPT GENERATION COMPLETE - Prompt #75
[0;32m2025-09-21 10:29:30 - Completed prompt #75[0m
[0;34m2025-09-21 10:29:35 - Generating prompt #76 (Section 5, Prompt 8/17)[0m
[1;33m2025-09-21 10:29:35 - Running prompt generation...[0m
PROMPT GENERATION COMPLETE - Prompt #76
[0;32m2025-09-21 10:29:59 - Completed prompt #76[0m
[0;34m2025-09-21 10:30:04 - Generating prompt #77 (Section 5, Prompt 9/17)[0m
[1;33m2025-09-21 10:30:04 - Running prompt generation...[0m
PROMPT GENERATION COMPLETE - Prompt #77
[0;32m2025-09-21 10:30:27 - Completed prompt #77[0m
[0;34m2025-09-21 10:30:32 - Generating prompt #78 (Section 5, Prompt 10/17)[0m
[1;33m2025-09-21 10:30:32 - Running prompt generation...[0m
PROMPT GENERATION COMPLETE - Prompt #78
[0;32m2025-09-21 10:30:55 - Completed prompt #78[0m
[0;34m2025-09-21 10:31:00 - Generating prompt #79 (Section 5, Prompt 11/17)[0m
[1;33m2025-09-21 10:31:00 - Running prompt generation...[0m
PROMPT GENERATION COMPLETE - Prompt #79
[0;32m2025-09-21 10:31:22 - Completed prompt #79[0m
[0;34m2025-09-21 10:31:27 - Generating prompt #80 (Section 5, Prompt 12/17)[0m
[1;33m2025-09-21 10:31:28 - Running prompt generation...[0m
PROMPT GENERATION COMPLETE - Prompt #80
[0;32m2025-09-21 10:31:53 - Completed prompt #80[0m
[0;34m2025-09-21 10:31:58 - Generating prompt #81 (Section 5, Prompt 13/17)[0m
[1;33m2025-09-21 10:31:58 - Running prompt generation...[0m
PROMPT GENERATION COMPLETE - Prompt #81
[0;32m2025-09-21 10:32:23 - Completed prompt #81[0m
[0;34m2025-09-21 10:32:28 - Generating prompt #82 (Section 5, Prompt 14/17)[0m
[1;33m2025-09-21 10:32:28 - Running prompt generation...[0m
PROMPT GENERATION COMPLETE - Prompt #82
[0;32m2025-09-21 10:32:53 - Completed prompt #82[0m
[0;34m2025-09-21 10:32:58 - Generating prompt #83 (Section 5, Prompt 15/17)[0m
[1;33m2025-09-21 10:32:58 - Running prompt generation...[0m
PROMPT GENERATION COMPLETE - Prompt #83
[0;32m2025-09-21 10:33:22 - Completed prompt #83[0m
[0;34m2025-09-21 10:33:27 - Generating prompt #84 (Section 5, Prompt 16/17)[0m
[1;33m2025-09-21 10:33:27 - Running prompt generation...[0m
PROMPT GENERATION COMPLETE - Prompt #84
[0;32m2025-09-21 10:33:50 - Completed prompt #84[0m
[0;34m2025-09-21 10:33:55 - Generating prompt #85 (Section 5, Prompt 17/17)[0m
[1;33m2025-09-21 10:33:55 - Running prompt generation...[0m
PROMPT GENERATION COMPLETE - Prompt #85
[0;32m2025-09-21 10:34:16 - Completed prompt #85[0m
[0;34m2025-09-21 10:34:21 - Generating prompt #86 (Section 6, Prompt 1/17)[0m
[1;33m2025-09-21 10:34:21 - Running prompt generation...[0m
PROMPT GENERATION COMPLETE - Prompt #86
[0;32m2025-09-21 10:34:42 - Completed prompt #86[0m
[0;34m2025-09-21 10:34:47 - Generating prompt #87 (Section 6, Prompt 2/17)[0m
[1;33m2025-09-21 10:34:47 - Running prompt generation...[0m
PROMPT GENERATION COMPLETE - Prompt #87
[0;32m2025-09-21 10:35:06 - Completed prompt #87[0m
[0;34m2025-09-21 10:35:11 - Generating prompt #88 (Section 6, Prompt 3/17)[0m
[1;33m2025-09-21 10:35:11 - Running prompt generation...[0m
PROMPT GENERATION COMPLETE - Prompt #88
[0;32m2025-09-21 10:35:34 - Completed prompt #88[0m
[0;34m2025-09-21 10:35:39 - Generating prompt #89 (Section 6, Prompt 4/17)[0m
[1;33m2025-09-21 10:35:39 - Running prompt generation...[0m
PROMPT GENERATION COMPLETE - Prompt #89
[0;32m2025-09-21 10:36:04 - Completed prompt #89[0m
[0;34m2025-09-21 10:36:09 - Generating prompt #90 (Section 6, Prompt 5/17)[0m
[1;33m2025-09-21 10:36:09 - Running prompt generation...[0m
PROMPT GENERATION COMPLETE - Prompt #90
[0;32m2025-09-21 10:36:32 - Completed prompt #90[0m
[0;34m2025-09-21 10:36:37 - Generating prompt #91 (Section 6, Prompt 6/17)[0m
[1;33m2025-09-21 10:36:37 - Running prompt generation...[0m
PROMPT GENERATION COMPLETE - Prompt #91
[0;32m2025-09-21 10:36:57 - Completed prompt #91[0m
[0;34m2025-09-21 10:37:02 - Generating prompt #92 (Section 6, Prompt 7/17)[0m
[1;33m2025-09-21 10:37:02 - Running prompt generation...[0m
PROMPT GENERATION COMPLETE - Prompt #92
[0;32m2025-09-21 10:37:21 - Completed prompt #92[0m
[0;34m2025-09-21 10:37:26 - Generating prompt #93 (Section 6, Prompt 8/17)[0m
[1;33m2025-09-21 10:37:26 - Running prompt generation...[0m
PROMPT GENERATION COMPLETE - Prompt #93
[0;32m2025-09-21 10:37:50 - Completed prompt #93[0m
[0;34m2025-09-21 10:37:55 - Generating prompt #94 (Section 6, Prompt 9/17)[0m
[1;33m2025-09-21 10:37:55 - Running prompt generation...[0m
PROMPT GENERATION COMPLETE - Prompt #94
[0;32m2025-09-21 10:38:17 - Completed prompt #94[0m
[0;34m2025-09-21 10:38:22 - Generating prompt #95 (Section 6, Prompt 10/17)[0m
[1;33m2025-09-21 10:38:22 - Running prompt generation...[0m
PROMPT GENERATION COMPLETE - Prompt #95
[0;32m2025-09-21 10:38:48 - Completed prompt #95[0m
[0;34m2025-09-21 10:38:53 - Generating prompt #96 (Section 6, Prompt 11/17)[0m
[1;33m2025-09-21 10:38:53 - Running prompt generation...[0m
PROMPT GENERATION COMPLETE - Prompt #96
[0;32m2025-09-21 10:39:13 - Completed prompt #96[0m
[0;34m2025-09-21 10:39:18 - Generating prompt #97 (Section 6, Prompt 12/17)[0m
[1;33m2025-09-21 10:39:18 - Running prompt generation...[0m
PROMPT GENERATION COMPLETE - Prompt #97
[0;32m2025-09-21 10:39:37 - Completed prompt #97[0m
[0;34m2025-09-21 10:39:43 - Generating prompt #98 (Section 6, Prompt 13/17)[0m
[1;33m2025-09-21 10:39:43 - Running prompt generation...[0m
PROMPT GENERATION COMPLETE - Prompt #98
[0;32m2025-09-21 10:40:07 - Completed prompt #98[0m
[0;34m2025-09-21 10:40:12 - Generating prompt #99 (Section 6, Prompt 14/17)[0m
[1;33m2025-09-21 10:40:12 - Running prompt generation...[0m
PROMPT GENERATION COMPLETE - Prompt #99
[0;32m2025-09-21 10:40:36 - Completed prompt #99[0m
[0;34m2025-09-21 10:40:41 - Generating prompt #100 (Section 6, Prompt 15/17)[0m
[1;33m2025-09-21 10:40:41 - Running prompt generation...[0m
PROMPT GENERATION COMPLETE - Prompt #100
[0;32m2025-09-21 10:41:04 - Completed prompt #100[0m
[0;34m2025-09-21 10:41:09 - Generating prompt #101 (Section 6, Prompt 16/17)[0m
[1;33m2025-09-21 10:41:09 - Running prompt generation...[0m
PROMPT GENERATION COMPLETE - Prompt #101
[0;32m2025-09-21 10:41:34 - Completed prompt #101[0m
[0;34m2025-09-21 10:41:39 - Generating prompt #102 (Section 6, Prompt 17/17)[0m
[1;33m2025-09-21 10:41:39 - Running prompt generation...[0m
5-hour limit reached ∙ resets 2pm
[0;32m2025-09-21 10:41:47 - Completed prompt #102[0m
[0;34m2025-09-21 14:05:42 - Starting Prompt Generation Cycle for template: mindfulness-meditation[0m
[0;32m2025-09-21 14:05:42 - Using existing worktree: ../templata-mindfulness-meditation[0m
[0;34m2025-09-21 14:05:42 - Generating prompt #88 (Section 6, Prompt 3/17)[0m
[1;33m2025-09-21 14:05:42 - Running prompt generation...[0m
PROMPT GENERATION COMPLETE - Prompt #88
[0;32m2025-09-21 14:06:17 - Completed prompt #88[0m
[0;34m2025-09-21 14:06:22 - Generating prompt #89 (Section 6, Prompt 4/17)[0m
[1;33m2025-09-21 14:06:22 - Running prompt generation...[0m
PROMPT GENERATION COMPLETE - Prompt #89
[0;32m2025-09-21 14:06:50 - Completed prompt #89[0m
[0;34m2025-09-21 14:06:55 - Generating prompt #90 (Section 6, Prompt 5/17)[0m
[1;33m2025-09-21 14:06:55 - Running prompt generation...[0m
PROMPT GENERATION COMPLETE - Prompt #90
[0;32m2025-09-21 14:07:22 - Completed prompt #90[0m
[0;34m2025-09-21 14:07:27 - Generating prompt #91 (Section 6, Prompt 6/17)[0m
[1;33m2025-09-21 14:07:27 - Running prompt generation...[0m
PROMPT GENERATION COMPLETE - Prompt #91
[0;32m2025-09-21 14:07:54 - Completed prompt #91[0m
[0;34m2025-09-21 14:07:59 - Generating prompt #92 (Section 6, Prompt 7/17)[0m
[1;33m2025-09-21 14:07:59 - Running prompt generation...[0m
PROMPT GENERATION COMPLETE - Prompt #92
[0;32m2025-09-21 14:08:23 - Completed prompt #92[0m
[0;34m2025-09-21 14:08:28 - Generating prompt #93 (Section 6, Prompt 8/17)[0m
[1;33m2025-09-21 14:08:28 - Running prompt generation...[0m
PROMPT GENERATION COMPLETE - Prompt #93
[0;32m2025-09-21 14:08:52 - Completed prompt #93[0m
[0;34m2025-09-21 14:08:57 - Generating prompt #94 (Section 6, Prompt 9/17)[0m
[1;33m2025-09-21 14:08:57 - Running prompt generation...[0m
PROMPT GENERATION COMPLETE - Prompt #94
[0;32m2025-09-21 14:09:19 - Completed prompt #94[0m
[0;34m2025-09-21 14:09:24 - Generating prompt #95 (Section 6, Prompt 10/17)[0m
[1;33m2025-09-21 14:09:24 - Running prompt generation...[0m
PROMPT GENERATION COMPLETE - Prompt #95
[0;32m2025-09-21 14:09:47 - Completed prompt #95[0m
[0;34m2025-09-21 14:09:52 - Generating prompt #96 (Section 6, Prompt 11/17)[0m
[1;33m2025-09-21 14:09:52 - Running prompt generation...[0m
PROMPT GENERATION COMPLETE - Prompt #96
[0;32m2025-09-21 14:10:14 - Completed prompt #96[0m
[0;34m2025-09-21 14:10:19 - Generating prompt #97 (Section 6, Prompt 12/17)[0m
[1;33m2025-09-21 14:10:19 - Running prompt generation...[0m
PROMPT GENERATION COMPLETE - Prompt #97
[0;32m2025-09-21 14:10:43 - Completed prompt #97[0m
[0;34m2025-09-21 14:10:48 - Generating prompt #98 (Section 6, Prompt 13/17)[0m
[1;33m2025-09-21 14:10:48 - Running prompt generation...[0m
PROMPT GENERATION COMPLETE - Prompt #98
[0;32m2025-09-21 14:11:10 - Completed prompt #98[0m
[0;34m2025-09-21 14:11:15 - Generating prompt #99 (Section 6, Prompt 14/17)[0m
[1;33m2025-09-21 14:11:15 - Running prompt generation...[0m
PROMPT GENERATION COMPLETE - Prompt #99
[0;32m2025-09-21 14:11:36 - Completed prompt #99[0m
[0;34m2025-09-21 14:11:41 - Generating prompt #100 (Section 6, Prompt 15/17)[0m
[1;33m2025-09-21 14:11:41 - Running prompt generation...[0m
PROMPT GENERATION COMPLETE - Prompt #100
[0;32m2025-09-21 14:12:07 - Completed prompt #100[0m
[0;34m2025-09-21 14:12:12 - Generating prompt #101 (Section 6, Prompt 16/17)[0m
[1;33m2025-09-21 14:12:12 - Running prompt generation...[0m
PROMPT GENERATION COMPLETE - Prompt #101
[0;32m2025-09-21 14:12:35 - Completed prompt #101[0m
[0;34m2025-09-21 14:12:40 - Generating prompt #102 (Section 6, Prompt 17/17)[0m
[1;33m2025-09-21 14:12:40 - Running prompt generation...[0m
PROMPT GENERATION COMPLETE - Prompt #102
[0;32m2025-09-21 14:13:10 - Completed prompt #102[0m
