[0;34m2025-09-21 14:07:04 - Starting Prompt Generation Cycle for template: stress-management[0m
[1;33m2025-09-21 14:07:04 - Override flag detected - resetting progress and recreating files[0m
[0;32m2025-09-21 14:07:04 - Progress reset to 0 for template: stress-management[0m
[0;32m2025-09-21 14:07:04 - Using existing worktree: ../templata-stress-management[0m
[1;33m2025-09-21 14:07:04 - Creating template prompt file: prompts-stress-management.ts[0m
[0;32m2025-09-21 14:07:04 - Created template prompt file: ../templata-stress-management/src/data/prompts-stress-management.ts[0m
[0;34m2025-09-21 14:07:04 - Generating prompt #1 (Section 1, Prompt 1/17)[0m
[1;33m2025-09-21 14:07:04 - Running prompt generation...[0m
PROMPT GENERATION COMPLETE - Prompt #1
[0;32m2025-09-21 14:07:36 - Completed prompt #1[0m
[0;34m2025-09-21 14:07:41 - Generating prompt #2 (Section 1, Prompt 2/17)[0m
[1;33m2025-09-21 14:07:41 - Running prompt generation...[0m
PROMPT GENERATION COMPLETE - Prompt #2
[0;32m2025-09-21 14:08:05 - Completed prompt #2[0m
[0;34m2025-09-21 14:08:10 - Generating prompt #3 (Section 1, Prompt 3/17)[0m
[1;33m2025-09-21 14:08:10 - Running prompt generation...[0m
PROMPT GENERATION COMPLETE - Prompt #3
[0;32m2025-09-21 14:08:32 - Completed prompt #3[0m
[0;34m2025-09-21 14:08:37 - Generating prompt #4 (Section 1, Prompt 4/17)[0m
[1;33m2025-09-21 14:08:37 - Running prompt generation...[0m
PROMPT GENERATION COMPLETE - Prompt #4
[0;32m2025-09-21 14:08:57 - Completed prompt #4[0m
[0;34m2025-09-21 14:09:02 - Generating prompt #5 (Section 1, Prompt 5/17)[0m
[1;33m2025-09-21 14:09:02 - Running prompt generation...[0m
PROMPT GENERATION COMPLETE - Prompt #5
[0;32m2025-09-21 14:09:21 - Completed prompt #5[0m
[0;34m2025-09-21 14:09:26 - Generating prompt #6 (Section 1, Prompt 6/17)[0m
[1;33m2025-09-21 14:09:26 - Running prompt generation...[0m
PROMPT GENERATION COMPLETE - Prompt #6
[0;32m2025-09-21 14:09:47 - Completed prompt #6[0m
[0;34m2025-09-21 14:09:52 - Generating prompt #7 (Section 1, Prompt 7/17)[0m
[1;33m2025-09-21 14:09:52 - Running prompt generation...[0m
PROMPT GENERATION COMPLETE - Prompt #7
[0;32m2025-09-21 14:10:14 - Completed prompt #7[0m
[0;34m2025-09-21 14:10:19 - Generating prompt #8 (Section 1, Prompt 8/17)[0m
[1;33m2025-09-21 14:10:20 - Running prompt generation...[0m
PROMPT GENERATION COMPLETE - Prompt #8
[0;32m2025-09-21 14:10:39 - Completed prompt #8[0m
[0;34m2025-09-21 14:10:44 - Generating prompt #9 (Section 1, Prompt 9/17)[0m
[1;33m2025-09-21 14:10:44 - Running prompt generation...[0m
PROMPT GENERATION COMPLETE - Prompt #9
[0;32m2025-09-21 14:11:06 - Completed prompt #9[0m
[0;34m2025-09-21 14:11:11 - Generating prompt #10 (Section 1, Prompt 10/17)[0m
[1;33m2025-09-21 14:11:11 - Running prompt generation...[0m
PROMPT GENERATION COMPLETE - Prompt #10
[0;32m2025-09-21 14:11:32 - Completed prompt #10[0m
[0;34m2025-09-21 14:11:37 - Generating prompt #11 (Section 1, Prompt 11/17)[0m
[1;33m2025-09-21 14:11:37 - Running prompt generation...[0m
PROMPT GENERATION COMPLETE - Prompt #11
[0;32m2025-09-21 14:11:57 - Completed prompt #11[0m
[0;34m2025-09-21 14:12:02 - Generating prompt #12 (Section 1, Prompt 12/17)[0m
[1;33m2025-09-21 14:12:02 - Running prompt generation...[0m
PROMPT GENERATION COMPLETE - Prompt #12
[0;32m2025-09-21 14:12:25 - Completed prompt #12[0m
[0;34m2025-09-21 14:12:30 - Generating prompt #13 (Section 1, Prompt 13/17)[0m
[1;33m2025-09-21 14:12:30 - Running prompt generation...[0m
PROMPT GENERATION COMPLETE - Prompt #13
[0;32m2025-09-21 14:12:52 - Completed prompt #13[0m
[0;34m2025-09-21 14:12:57 - Generating prompt #14 (Section 1, Prompt 14/17)[0m
[1;33m2025-09-21 14:12:57 - Running prompt generation...[0m
PROMPT GENERATION COMPLETE - Prompt #14
[0;32m2025-09-21 14:13:17 - Completed prompt #14[0m
[0;34m2025-09-21 14:13:22 - Generating prompt #15 (Section 1, Prompt 15/17)[0m
[1;33m2025-09-21 14:13:22 - Running prompt generation...[0m
PROMPT GENERATION COMPLETE - Prompt #15
[0;32m2025-09-21 14:13:43 - Completed prompt #15[0m
[0;34m2025-09-21 14:13:48 - Generating prompt #16 (Section 1, Prompt 16/17)[0m
[1;33m2025-09-21 14:13:48 - Running prompt generation...[0m
PROMPT GENERATION COMPLETE - Prompt #16
[0;32m2025-09-21 14:14:10 - Completed prompt #16[0m
[0;34m2025-09-21 14:14:15 - Generating prompt #17 (Section 1, Prompt 17/17)[0m
[1;33m2025-09-21 14:14:15 - Running prompt generation...[0m
PROMPT GENERATION COMPLETE - Prompt #17
[0;32m2025-09-21 14:14:35 - Completed prompt #17[0m
[0;34m2025-09-21 14:14:40 - Generating prompt #18 (Section 2, Prompt 1/17)[0m
[1;33m2025-09-21 14:14:40 - Running prompt generation...[0m
PROMPT GENERATION COMPLETE - Prompt #18
[0;32m2025-09-21 14:15:01 - Completed prompt #18[0m
[0;34m2025-09-21 14:15:06 - Generating prompt #19 (Section 2, Prompt 2/17)[0m
[1;33m2025-09-21 14:15:06 - Running prompt generation...[0m
PROMPT GENERATION COMPLETE - Prompt #19
[0;32m2025-09-21 14:15:27 - Completed prompt #19[0m
[0;34m2025-09-21 14:15:32 - Generating prompt #20 (Section 2, Prompt 3/17)[0m
[1;33m2025-09-21 14:15:32 - Running prompt generation...[0m
PROMPT GENERATION COMPLETE - Prompt #20
[0;32m2025-09-21 14:15:52 - Completed prompt #20[0m
[0;34m2025-09-21 14:15:57 - Generating prompt #21 (Section 2, Prompt 4/17)[0m
[1;33m2025-09-21 14:15:58 - Running prompt generation...[0m
PROMPT GENERATION COMPLETE - Prompt #21
[0;32m2025-09-21 14:16:19 - Completed prompt #21[0m
[0;34m2025-09-21 14:16:24 - Generating prompt #22 (Section 2, Prompt 5/17)[0m
[1;33m2025-09-21 14:16:24 - Running prompt generation...[0m
PROMPT GENERATION COMPLETE - Prompt #22
[0;32m2025-09-21 14:16:47 - Completed prompt #22[0m
[0;34m2025-09-21 14:16:52 - Generating prompt #23 (Section 2, Prompt 6/17)[0m
[1;33m2025-09-21 14:16:52 - Running prompt generation...[0m
PROMPT GENERATION COMPLETE - Prompt #23
[0;32m2025-09-21 14:17:14 - Completed prompt #23[0m
[0;34m2025-09-21 14:17:19 - Generating prompt #24 (Section 2, Prompt 7/17)[0m
[1;33m2025-09-21 14:17:19 - Running prompt generation...[0m
PROMPT GENERATION COMPLETE - Prompt #24
[0;32m2025-09-21 14:17:41 - Completed prompt #24[0m
[0;34m2025-09-21 14:17:46 - Generating prompt #25 (Section 2, Prompt 8/17)[0m
[1;33m2025-09-21 14:17:46 - Running prompt generation...[0m
PROMPT GENERATION COMPLETE - Prompt #25
[0;32m2025-09-21 14:18:08 - Completed prompt #25[0m
[0;34m2025-09-21 14:18:13 - Generating prompt #26 (Section 2, Prompt 9/17)[0m
[1;33m2025-09-21 14:18:13 - Running prompt generation...[0m
PROMPT GENERATION COMPLETE - Prompt #26
[0;32m2025-09-21 14:18:34 - Completed prompt #26[0m
[0;34m2025-09-21 14:18:39 - Generating prompt #27 (Section 2, Prompt 10/17)[0m
[1;33m2025-09-21 14:18:39 - Running prompt generation...[0m
PROMPT GENERATION COMPLETE - Prompt #27
[0;32m2025-09-21 14:19:01 - Completed prompt #27[0m
[0;34m2025-09-21 14:19:06 - Generating prompt #28 (Section 2, Prompt 11/17)[0m
[1;33m2025-09-21 14:19:06 - Running prompt generation...[0m
PROMPT GENERATION COMPLETE - Prompt #28
[0;32m2025-09-21 14:19:30 - Completed prompt #28[0m
[0;34m2025-09-21 14:19:35 - Generating prompt #29 (Section 2, Prompt 12/17)[0m
[1;33m2025-09-21 14:19:35 - Running prompt generation...[0m
PROMPT GENERATION COMPLETE - Prompt #29
[0;32m2025-09-21 14:19:57 - Completed prompt #29[0m
[0;34m2025-09-21 14:20:02 - Generating prompt #30 (Section 2, Prompt 13/17)[0m
[1;33m2025-09-21 14:20:02 - Running prompt generation...[0m
PROMPT GENERATION COMPLETE - Prompt #30
[0;32m2025-09-21 14:20:24 - Completed prompt #30[0m
[0;34m2025-09-21 14:20:29 - Generating prompt #31 (Section 2, Prompt 14/17)[0m
[1;33m2025-09-21 14:20:29 - Running prompt generation...[0m
PROMPT GENERATION COMPLETE - Prompt #31
[0;32m2025-09-21 14:20:51 - Completed prompt #31[0m
[0;34m2025-09-21 14:20:56 - Generating prompt #32 (Section 2, Prompt 15/17)[0m
[1;33m2025-09-21 14:20:56 - Running prompt generation...[0m
PROMPT GENERATION COMPLETE - Prompt #32
[0;32m2025-09-21 14:21:17 - Completed prompt #32[0m
[0;34m2025-09-21 14:21:22 - Generating prompt #33 (Section 2, Prompt 16/17)[0m
[1;33m2025-09-21 14:21:22 - Running prompt generation...[0m
PROMPT GENERATION COMPLETE - Prompt #33
[0;32m2025-09-21 14:21:44 - Completed prompt #33[0m
[0;34m2025-09-21 14:21:49 - Generating prompt #34 (Section 2, Prompt 17/17)[0m
[1;33m2025-09-21 14:21:49 - Running prompt generation...[0m
PROMPT GENERATION COMPLETE - Prompt #34
[0;32m2025-09-21 14:22:14 - Completed prompt #34[0m
[0;34m2025-09-21 14:22:19 - Generating prompt #35 (Section 3, Prompt 1/17)[0m
[1;33m2025-09-21 14:22:19 - Running prompt generation...[0m
<invoke name="Edit">
<parameter name="file_path">/Users/ikim1/Documents/GitHub/templata-stress-management/src/data/prompts-stress-management.ts</parameter>
<parameter name="old_string">  {
    id: 'prompt-34',
    prompt: 'Create a comprehensive weekly stress management schedule by planning and blocking out specific times for 5 different stress-reducing activities in your calendar',
    category: 'planning',
    helpText: 'Proactive scheduling ensures stress management becomes a consistent priority rather than something you only remember during crisis moments. Choose 5 specific activities like exercise, meditation, meal prep, social time, and hobby engagement, then assign each a dedicated time slot in your weekly calendar as you would any important appointment. Block out realistic time periods (15-60 minutes) at times when you are most likely to follow through, treating these commitments as non-negotiable to build sustainable stress prevention habits.'
  }
];</parameter>
<parameter name="new_string">  {
    id: 'prompt-34',
    prompt: 'Create a comprehensive weekly stress management schedule by planning and blocking out specific times for 5 different stress-reducing activities in your calendar',
    category: 'planning',
    helpText: 'Proactive scheduling ensures stress management becomes a consistent priority rather than something you only remember during crisis moments. Choose 5 specific activities like exercise, meditation, meal prep, social time, and hobby engagement, then assign each a dedicated time slot in your weekly calendar as you would any important appointment. Block out realistic time periods (15-60 minutes) at times when you are most likely to follow through, treating these commitments as non-negotiable to build sustainable stress prevention habits.'
  },
  {
    id: 'prompt-35',
    prompt: 'Create a personalized stress relief kit by gathering 5 specific items that provide instant comfort during stressful moments and organizing them in one portable container',
    category: 'action',
    helpText: 'Having a physical stress relief kit provides immediate comfort and grounding during overwhelming moments when mental techniques might feel inaccessible. Choose items that engage your senses like essential oils, stress balls, calming music playlist, comfort snacks, photos of loved ones, or small meaningful objects that bring peace. Organize these items in a small bag or box that you can access quickly at home, work, or while traveling, creating a tangible reminder that you have tools available to support yourself during difficult times.'
  }
];</parameter>
</invoke>
[0;32m2025-09-21 14:22:38 - Completed prompt #35[0m
[0;34m2025-09-21 14:22:43 - Generating prompt #36 (Section 3, Prompt 2/17)[0m
[1;33m2025-09-21 14:22:43 - Running prompt generation...[0m
PROMPT GENERATION COMPLETE - Prompt #36
[0;32m2025-09-21 14:23:05 - Completed prompt #36[0m
[0;34m2025-09-21 14:23:10 - Generating prompt #37 (Section 3, Prompt 3/17)[0m
[1;33m2025-09-21 14:23:10 - Running prompt generation...[0m
PROMPT GENERATION COMPLETE - Prompt #37
[0;32m2025-09-21 14:23:35 - Completed prompt #37[0m
[0;34m2025-09-21 14:23:40 - Generating prompt #38 (Section 3, Prompt 4/17)[0m
[1;33m2025-09-21 14:23:40 - Running prompt generation...[0m
PROMPT GENERATION COMPLETE - Prompt #38
[0;32m2025-09-21 14:24:03 - Completed prompt #38[0m
[0;34m2025-09-21 14:24:08 - Generating prompt #39 (Section 3, Prompt 5/17)[0m
[1;33m2025-09-21 14:24:08 - Running prompt generation...[0m
PROMPT GENERATION COMPLETE - Prompt #39
[0;32m2025-09-21 14:24:30 - Completed prompt #39[0m
[0;34m2025-09-21 14:24:35 - Generating prompt #40 (Section 3, Prompt 6/17)[0m
[1;33m2025-09-21 14:24:35 - Running prompt generation...[0m
PROMPT GENERATION COMPLETE - Prompt #40
[0;32m2025-09-21 14:24:57 - Completed prompt #40[0m
[0;34m2025-09-21 14:25:02 - Generating prompt #41 (Section 3, Prompt 7/17)[0m
[1;33m2025-09-21 14:25:02 - Running prompt generation...[0m
PROMPT GENERATION COMPLETE - Prompt #41
[0;32m2025-09-21 14:25:23 - Completed prompt #41[0m
[0;34m2025-09-21 14:25:28 - Generating prompt #42 (Section 3, Prompt 8/17)[0m
[1;33m2025-09-21 14:25:28 - Running prompt generation...[0m
<invoke name="Edit">
<parameter name="file_path">/Users/ikim1/Documents/GitHub/templata-stress-management/src/data/prompts-stress-management.ts</parameter>
<parameter name="old_string">  {
    id: 'prompt-41',
    prompt: 'Implement a daily 10-minute movement practice by creating and following a simple routine combining stretching, walking, or gentle exercise to release physical tension',
    category: 'action',
    helpText: 'Physical movement is essential for releasing accumulated stress and tension stored in your body throughout the day. Design a simple 10-minute routine you can do anywhere - such as neck and shoulder stretches, a walk around the block, or basic yoga poses - and commit to doing it at the same time daily. This consistent movement practice helps prevent muscle tension from building up, improves circulation, and provides a natural mood boost that makes you more resilient to daily stressors.'
  }
];</parameter>
<parameter name="new_string">  {
    id: 'prompt-41',
    prompt: 'Implement a daily 10-minute movement practice by creating and following a simple routine combining stretching, walking, or gentle exercise to release physical tension',
    category: 'action',
    helpText: 'Physical movement is essential for releasing accumulated stress and tension stored in your body throughout the day. Design a simple 10-minute routine you can do anywhere - such as neck and shoulder stretches, a walk around the block, or basic yoga poses - and commit to doing it at the same time daily. This consistent movement practice helps prevent muscle tension from building up, improves circulation, and provides a natural mood boost that makes you more resilient to daily stressors.'
  },
  {
    id: 'prompt-42',
    prompt: 'Create a written boundary-setting action plan by identifying 3 specific situations where you need to say no to reduce stress and practicing clear, respectful language for each scenario',
    category: 'action',
    helpText: 'Setting and maintaining healthy boundaries is crucial for preventing overwhelm and protecting your mental energy from unnecessary stress. Write down three specific situations where you typically over-commit or accept responsibilities that add stress, such as extra work projects, social obligations, or family requests. For each scenario, practice writing and saying clear, respectful responses like "I need to check my schedule first" or "That doesn\'t work for me, but I could help with X instead." Practicing boundary language when calm builds confidence to use these skills during real situations when pressure is high.'
  }
];</parameter>
</invoke>
[0;32m2025-09-21 14:25:48 - Completed prompt #42[0m
[0;34m2025-09-21 14:25:54 - Generating prompt #43 (Section 3, Prompt 9/17)[0m
[1;33m2025-09-21 14:25:54 - Running prompt generation...[0m
PROMPT GENERATION COMPLETE - Prompt #43
[0;32m2025-09-21 14:26:15 - Completed prompt #43[0m
[0;34m2025-09-21 14:26:20 - Generating prompt #44 (Section 3, Prompt 10/17)[0m
[1;33m2025-09-21 14:26:20 - Running prompt generation...[0m
PROMPT GENERATION COMPLETE - Prompt #44
[0;32m2025-09-21 14:26:41 - Completed prompt #44[0m
[0;34m2025-09-21 14:26:46 - Generating prompt #45 (Section 3, Prompt 11/17)[0m
[1;33m2025-09-21 14:26:46 - Running prompt generation...[0m
PROMPT GENERATION COMPLETE - Prompt #45
[0;32m2025-09-21 14:27:07 - Completed prompt #45[0m
[0;34m2025-09-21 14:27:12 - Generating prompt #46 (Section 3, Prompt 12/17)[0m
[1;33m2025-09-21 14:27:12 - Running prompt generation...[0m
PROMPT GENERATION COMPLETE - Prompt #46
[0;32m2025-09-21 14:27:34 - Completed prompt #46[0m
[0;34m2025-09-21 14:27:39 - Generating prompt #47 (Section 3, Prompt 13/17)[0m
[1;33m2025-09-21 14:27:39 - Running prompt generation...[0m
PROMPT GENERATION COMPLETE - Prompt #47
[0;32m2025-09-21 14:28:04 - Completed prompt #47[0m
[0;34m2025-09-21 14:28:09 - Generating prompt #48 (Section 3, Prompt 14/17)[0m
[1;33m2025-09-21 14:28:09 - Running prompt generation...[0m
PROMPT GENERATION COMPLETE - Prompt #48
[0;32m2025-09-21 14:28:30 - Completed prompt #48[0m
[0;34m2025-09-21 14:28:35 - Generating prompt #49 (Section 3, Prompt 15/17)[0m
[1;33m2025-09-21 14:28:35 - Running prompt generation...[0m
PROMPT GENERATION COMPLETE - Prompt #49
[0;32m2025-09-21 14:28:56 - Completed prompt #49[0m
[0;34m2025-09-21 14:29:01 - Generating prompt #50 (Section 3, Prompt 16/17)[0m
[1;33m2025-09-21 14:29:01 - Running prompt generation...[0m
PROMPT GENERATION COMPLETE - Prompt #50
[0;32m2025-09-21 14:29:26 - Completed prompt #50[0m
[0;34m2025-09-21 14:29:31 - Generating prompt #51 (Section 3, Prompt 17/17)[0m
[1;33m2025-09-21 14:29:31 - Running prompt generation...[0m
PROMPT GENERATION COMPLETE - Prompt #51
[0;32m2025-09-21 14:29:53 - Completed prompt #51[0m
[0;34m2025-09-21 14:29:58 - Generating prompt #52 (Section 4, Prompt 1/17)[0m
[1;33m2025-09-21 14:29:58 - Running prompt generation...[0m
PROMPT GENERATION COMPLETE - Prompt #52
[0;32m2025-09-21 14:30:22 - Completed prompt #52[0m
[0;34m2025-09-21 14:30:27 - Generating prompt #53 (Section 4, Prompt 2/17)[0m
[1;33m2025-09-21 14:30:27 - Running prompt generation...[0m
PROMPT GENERATION COMPLETE - Prompt #53
[0;32m2025-09-21 14:30:47 - Completed prompt #53[0m
[0;34m2025-09-21 14:30:52 - Generating prompt #54 (Section 4, Prompt 3/17)[0m
[1;33m2025-09-21 14:30:52 - Running prompt generation...[0m
PROMPT GENERATION COMPLETE - Prompt #54
[0;32m2025-09-21 14:31:13 - Completed prompt #54[0m
[0;34m2025-09-21 14:31:18 - Generating prompt #55 (Section 4, Prompt 4/17)[0m
[1;33m2025-09-21 14:31:18 - Running prompt generation...[0m
PROMPT GENERATION COMPLETE - Prompt #55
[0;32m2025-09-21 14:31:43 - Completed prompt #55[0m
[0;34m2025-09-21 14:31:48 - Generating prompt #56 (Section 4, Prompt 5/17)[0m
[1;33m2025-09-21 14:31:48 - Running prompt generation...[0m
PROMPT GENERATION COMPLETE - Prompt #56
[0;32m2025-09-21 14:32:10 - Completed prompt #56[0m
[0;34m2025-09-21 14:32:15 - Generating prompt #57 (Section 4, Prompt 6/17)[0m
[1;33m2025-09-21 14:32:15 - Running prompt generation...[0m
PROMPT GENERATION COMPLETE - Prompt #57
[0;32m2025-09-21 14:32:37 - Completed prompt #57[0m
[0;34m2025-09-21 14:32:42 - Generating prompt #58 (Section 4, Prompt 7/17)[0m
[1;33m2025-09-21 14:32:42 - Running prompt generation...[0m
PROMPT GENERATION COMPLETE - Prompt #58
[0;32m2025-09-21 14:33:03 - Completed prompt #58[0m
[0;34m2025-09-21 14:33:08 - Generating prompt #59 (Section 4, Prompt 8/17)[0m
[1;33m2025-09-21 14:33:08 - Running prompt generation...[0m
PROMPT GENERATION COMPLETE - Prompt #59
[0;32m2025-09-21 14:33:30 - Completed prompt #59[0m
[0;34m2025-09-21 14:33:35 - Generating prompt #60 (Section 4, Prompt 9/17)[0m
[1;33m2025-09-21 14:33:35 - Running prompt generation...[0m
PROMPT GENERATION COMPLETE - Prompt #60
[0;32m2025-09-21 14:33:57 - Completed prompt #60[0m
[0;34m2025-09-21 14:34:02 - Generating prompt #61 (Section 4, Prompt 10/17)[0m
[1;33m2025-09-21 14:34:02 - Running prompt generation...[0m
PROMPT GENERATION COMPLETE - Prompt #61
[0;32m2025-09-21 14:34:21 - Completed prompt #61[0m
[0;34m2025-09-21 14:34:26 - Generating prompt #62 (Section 4, Prompt 11/17)[0m
[1;33m2025-09-21 14:34:26 - Running prompt generation...[0m
PROMPT GENERATION COMPLETE - Prompt #62
[0;32m2025-09-21 14:34:46 - Completed prompt #62[0m
[0;34m2025-09-21 14:34:51 - Generating prompt #63 (Section 4, Prompt 12/17)[0m
[1;33m2025-09-21 14:34:51 - Running prompt generation...[0m
PROMPT GENERATION COMPLETE - Prompt #63
[0;32m2025-09-21 14:35:13 - Completed prompt #63[0m
[0;34m2025-09-21 14:35:18 - Generating prompt #64 (Section 4, Prompt 13/17)[0m
[1;33m2025-09-21 14:35:18 - Running prompt generation...[0m
PROMPT GENERATION COMPLETE - Prompt #64
[0;32m2025-09-21 14:35:40 - Completed prompt #64[0m
[0;34m2025-09-21 14:35:45 - Generating prompt #65 (Section 4, Prompt 14/17)[0m
[1;33m2025-09-21 14:35:46 - Running prompt generation...[0m
PROMPT GENERATION COMPLETE - Prompt #65
[0;32m2025-09-21 14:36:10 - Completed prompt #65[0m
[0;34m2025-09-21 14:36:15 - Generating prompt #66 (Section 4, Prompt 15/17)[0m
[1;33m2025-09-21 14:36:15 - Running prompt generation...[0m
PROMPT GENERATION COMPLETE - Prompt #66
[0;32m2025-09-21 14:36:35 - Completed prompt #66[0m
[0;34m2025-09-21 14:36:40 - Generating prompt #67 (Section 4, Prompt 16/17)[0m
[1;33m2025-09-21 14:36:40 - Running prompt generation...[0m
PROMPT GENERATION COMPLETE - Prompt #67
[0;32m2025-09-21 14:37:02 - Completed prompt #67[0m
[0;34m2025-09-21 14:37:07 - Generating prompt #68 (Section 4, Prompt 17/17)[0m
[1;33m2025-09-21 14:37:07 - Running prompt generation...[0m
PROMPT GENERATION COMPLETE - Prompt #68
[0;32m2025-09-21 14:37:32 - Completed prompt #68[0m
[0;34m2025-09-21 14:37:37 - Generating prompt #69 (Section 5, Prompt 1/17)[0m
[1;33m2025-09-21 14:37:37 - Running prompt generation...[0m
PROMPT GENERATION COMPLETE - Prompt #69
[0;32m2025-09-21 14:38:01 - Completed prompt #69[0m
[0;34m2025-09-21 14:38:06 - Generating prompt #70 (Section 5, Prompt 2/17)[0m
[1;33m2025-09-21 14:38:06 - Running prompt generation...[0m
PROMPT GENERATION COMPLETE - Prompt #70
[0;32m2025-09-21 14:38:29 - Completed prompt #70[0m
[0;34m2025-09-21 14:38:34 - Generating prompt #71 (Section 5, Prompt 3/17)[0m
[1;33m2025-09-21 14:38:34 - Running prompt generation...[0m
PROMPT GENERATION COMPLETE - Prompt #71
[0;32m2025-09-21 14:38:58 - Completed prompt #71[0m
[0;34m2025-09-21 14:39:03 - Generating prompt #72 (Section 5, Prompt 4/17)[0m
[1;33m2025-09-21 14:39:03 - Running prompt generation...[0m
PROMPT GENERATION COMPLETE - Prompt #72
[0;32m2025-09-21 14:39:25 - Completed prompt #72[0m
[0;34m2025-09-21 14:39:30 - Generating prompt #73 (Section 5, Prompt 5/17)[0m
[1;33m2025-09-21 14:39:30 - Running prompt generation...[0m
PROMPT GENERATION COMPLETE - Prompt #73
[0;32m2025-09-21 14:39:52 - Completed prompt #73[0m
[0;34m2025-09-21 14:39:57 - Generating prompt #74 (Section 5, Prompt 6/17)[0m
[1;33m2025-09-21 14:39:57 - Running prompt generation...[0m
PROMPT GENERATION COMPLETE - Prompt #74
[0;32m2025-09-21 14:40:20 - Completed prompt #74[0m
[0;34m2025-09-21 14:40:25 - Generating prompt #75 (Section 5, Prompt 7/17)[0m
[1;33m2025-09-21 14:40:25 - Running prompt generation...[0m
PROMPT GENERATION COMPLETE - Prompt #75
[0;32m2025-09-21 14:40:48 - Completed prompt #75[0m
[0;34m2025-09-21 14:40:53 - Generating prompt #76 (Section 5, Prompt 8/17)[0m
[1;33m2025-09-21 14:40:53 - Running prompt generation...[0m
PROMPT GENERATION COMPLETE - Prompt #76
[0;32m2025-09-21 14:41:14 - Completed prompt #76[0m
[0;34m2025-09-21 14:41:19 - Generating prompt #77 (Section 5, Prompt 9/17)[0m
[1;33m2025-09-21 14:41:19 - Running prompt generation...[0m
PROMPT GENERATION COMPLETE - Prompt #77
[0;32m2025-09-21 14:41:40 - Completed prompt #77[0m
[0;34m2025-09-21 14:41:45 - Generating prompt #78 (Section 5, Prompt 10/17)[0m
[1;33m2025-09-21 14:41:45 - Running prompt generation...[0m
PROMPT GENERATION COMPLETE - Prompt #78
[0;32m2025-09-21 14:42:07 - Completed prompt #78[0m
[0;34m2025-09-21 14:42:12 - Generating prompt #79 (Section 5, Prompt 11/17)[0m
[1;33m2025-09-21 14:42:12 - Running prompt generation...[0m
PROMPT GENERATION COMPLETE - Prompt #79
[0;32m2025-09-21 14:42:33 - Completed prompt #79[0m
[0;34m2025-09-21 14:42:38 - Generating prompt #80 (Section 5, Prompt 12/17)[0m
[1;33m2025-09-21 14:42:38 - Running prompt generation...[0m
PROMPT GENERATION COMPLETE - Prompt #80
[0;32m2025-09-21 14:43:03 - Completed prompt #80[0m
[0;34m2025-09-21 14:43:08 - Generating prompt #81 (Section 5, Prompt 13/17)[0m
[1;33m2025-09-21 14:43:08 - Running prompt generation...[0m
PROMPT GENERATION COMPLETE - Prompt #81
[0;32m2025-09-21 14:43:32 - Completed prompt #81[0m
[0;34m2025-09-21 14:43:37 - Generating prompt #82 (Section 5, Prompt 14/17)[0m
[1;33m2025-09-21 14:43:37 - Running prompt generation...[0m
PROMPT GENERATION COMPLETE - Prompt #82
[0;32m2025-09-21 14:43:57 - Completed prompt #82[0m
[0;34m2025-09-21 14:44:02 - Generating prompt #83 (Section 5, Prompt 15/17)[0m
[1;33m2025-09-21 14:44:02 - Running prompt generation...[0m
PROMPT GENERATION COMPLETE - Prompt #83
[0;32m2025-09-21 14:44:24 - Completed prompt #83[0m
[0;34m2025-09-21 14:44:29 - Generating prompt #84 (Section 5, Prompt 16/17)[0m
[1;33m2025-09-21 14:44:29 - Running prompt generation...[0m
PROMPT GENERATION COMPLETE - Prompt #84
[0;32m2025-09-21 14:44:55 - Completed prompt #84[0m
[0;34m2025-09-21 14:45:00 - Generating prompt #85 (Section 5, Prompt 17/17)[0m
[1;33m2025-09-21 14:45:00 - Running prompt generation...[0m
PROMPT GENERATION COMPLETE - Prompt #85
[0;32m2025-09-21 14:45:21 - Completed prompt #85[0m
[0;34m2025-09-21 14:45:26 - Generating prompt #86 (Section 6, Prompt 1/17)[0m
[1;33m2025-09-21 14:45:26 - Running prompt generation...[0m
PROMPT GENERATION COMPLETE - Prompt #86
[0;32m2025-09-21 14:45:51 - Completed prompt #86[0m
[0;34m2025-09-21 14:45:56 - Generating prompt #87 (Section 6, Prompt 2/17)[0m
[1;33m2025-09-21 14:45:56 - Running prompt generation...[0m
PROMPT GENERATION COMPLETE - Prompt #87
[0;32m2025-09-21 14:46:19 - Completed prompt #87[0m
[0;34m2025-09-21 14:46:24 - Generating prompt #88 (Section 6, Prompt 3/17)[0m
[1;33m2025-09-21 14:46:24 - Running prompt generation...[0m
PROMPT GENERATION COMPLETE - Prompt #88
[0;32m2025-09-21 14:46:47 - Completed prompt #88[0m
[0;34m2025-09-21 14:46:52 - Generating prompt #89 (Section 6, Prompt 4/17)[0m
[1;33m2025-09-21 14:46:52 - Running prompt generation...[0m
PROMPT GENERATION COMPLETE - Prompt #89
[0;32m2025-09-21 14:47:12 - Completed prompt #89[0m
[0;34m2025-09-21 14:47:17 - Generating prompt #90 (Section 6, Prompt 5/17)[0m
[1;33m2025-09-21 14:47:17 - Running prompt generation...[0m
PROMPT GENERATION COMPLETE - Prompt #90
[0;32m2025-09-21 14:47:43 - Completed prompt #90[0m
[0;34m2025-09-21 14:47:48 - Generating prompt #91 (Section 6, Prompt 6/17)[0m
[1;33m2025-09-21 14:47:48 - Running prompt generation...[0m
PROMPT GENERATION COMPLETE - Prompt #91
[0;32m2025-09-21 14:48:09 - Completed prompt #91[0m
[0;34m2025-09-21 14:48:14 - Generating prompt #92 (Section 6, Prompt 7/17)[0m
[1;33m2025-09-21 14:48:14 - Running prompt generation...[0m
PROMPT GENERATION COMPLETE - Prompt #92
[0;32m2025-09-21 14:48:37 - Completed prompt #92[0m
[0;34m2025-09-21 14:48:42 - Generating prompt #93 (Section 6, Prompt 8/17)[0m
[1;33m2025-09-21 14:48:42 - Running prompt generation...[0m
PROMPT GENERATION COMPLETE - Prompt #93
[0;32m2025-09-21 14:49:06 - Completed prompt #93[0m
[0;34m2025-09-21 14:49:11 - Generating prompt #94 (Section 6, Prompt 9/17)[0m
[1;33m2025-09-21 14:49:11 - Running prompt generation...[0m
PROMPT GENERATION COMPLETE - Prompt #94
[0;32m2025-09-21 14:49:37 - Completed prompt #94[0m
[0;34m2025-09-21 14:49:42 - Generating prompt #95 (Section 6, Prompt 10/17)[0m
[1;33m2025-09-21 14:49:42 - Running prompt generation...[0m
PROMPT GENERATION COMPLETE - Prompt #95
[0;32m2025-09-21 14:50:06 - Completed prompt #95[0m
[0;34m2025-09-21 14:50:11 - Generating prompt #96 (Section 6, Prompt 11/17)[0m
[1;33m2025-09-21 14:50:11 - Running prompt generation...[0m
PROMPT GENERATION COMPLETE - Prompt #96
[0;32m2025-09-21 14:50:33 - Completed prompt #96[0m
[0;34m2025-09-21 14:50:38 - Generating prompt #97 (Section 6, Prompt 12/17)[0m
[1;33m2025-09-21 14:50:38 - Running prompt generation...[0m
PROMPT GENERATION COMPLETE - Prompt #97
[0;32m2025-09-21 14:51:01 - Completed prompt #97[0m
[0;34m2025-09-21 14:51:06 - Generating prompt #98 (Section 6, Prompt 13/17)[0m
[1;33m2025-09-21 14:51:06 - Running prompt generation...[0m
PROMPT GENERATION COMPLETE - Prompt #98
[0;32m2025-09-21 14:51:28 - Completed prompt #98[0m
[0;34m2025-09-21 14:51:33 - Generating prompt #99 (Section 6, Prompt 14/17)[0m
[1;33m2025-09-21 14:51:33 - Running prompt generation...[0m
PROMPT GENERATION COMPLETE - Prompt #99
[0;32m2025-09-21 14:51:56 - Completed prompt #99[0m
[0;34m2025-09-21 14:52:01 - Generating prompt #100 (Section 6, Prompt 15/17)[0m
[1;33m2025-09-21 14:52:01 - Running prompt generation...[0m
PROMPT GENERATION COMPLETE - Prompt #100
[0;32m2025-09-21 14:52:22 - Completed prompt #100[0m
[0;34m2025-09-21 14:52:27 - Generating prompt #101 (Section 6, Prompt 16/17)[0m
[1;33m2025-09-21 14:52:27 - Running prompt generation...[0m
PROMPT GENERATION COMPLETE - Prompt #101
[0;32m2025-09-21 14:52:47 - Completed prompt #101[0m
[0;34m2025-09-21 14:52:52 - Generating prompt #102 (Section 6, Prompt 17/17)[0m
[1;33m2025-09-21 14:52:52 - Running prompt generation...[0m
PROMPT GENERATION COMPLETE - Prompt #102
[0;32m2025-09-21 14:53:14 - Completed prompt #102[0m
