[0;34m2025-09-21 19:23:25 - Starting Prompt Generation Cycle for template: bankruptcy-recovery[0m
[1;33m2025-09-21 19:23:25 - Override flag detected - resetting progress and recreating files[0m
[0;32m2025-09-21 19:23:25 - Progress reset to 0 for template: bankruptcy-recovery[0m
[0;32m2025-09-21 19:23:25 - Using existing worktree: ../templata-bankruptcy-recovery[0m
[1;33m2025-09-21 19:23:25 - Creating template prompt file: prompts-bankruptcy-recovery.ts[0m
[0;32m2025-09-21 19:23:25 - Created template prompt file: ../templata-bankruptcy-recovery/src/data/prompts-bankruptcy-recovery.ts[0m
[0;34m2025-09-21 19:23:25 - Generating prompt #1 (Section 1, Prompt 1/17)[0m
[1;33m2025-09-21 19:23:25 - Running prompt generation...[0m
PROMPT GENERATION COMPLETE - Prompt #1
[0;32m2025-09-21 19:23:45 - Completed prompt #1[0m
[0;34m2025-09-21 19:23:50 - Generating prompt #2 (Section 1, Prompt 2/17)[0m
[1;33m2025-09-21 19:23:50 - Running prompt generation...[0m
PROMPT GENERATION COMPLETE - Prompt #2
[0;32m2025-09-21 19:24:11 - Completed prompt #2[0m
[0;34m2025-09-21 19:24:16 - Generating prompt #3 (Section 1, Prompt 3/17)[0m
[1;33m2025-09-21 19:24:16 - Running prompt generation...[0m
PROMPT GENERATION COMPLETE - Prompt #3
[0;32m2025-09-21 19:24:36 - Completed prompt #3[0m
[0;34m2025-09-21 19:24:41 - Generating prompt #4 (Section 1, Prompt 4/17)[0m
[1;33m2025-09-21 19:24:41 - Running prompt generation...[0m
PROMPT GENERATION COMPLETE - Prompt #4
[0;32m2025-09-21 19:25:00 - Completed prompt #4[0m
[0;34m2025-09-21 19:25:05 - Generating prompt #5 (Section 1, Prompt 5/17)[0m
[1;33m2025-09-21 19:25:05 - Running prompt generation...[0m
PROMPT GENERATION COMPLETE - Prompt #5
[0;32m2025-09-21 19:25:25 - Completed prompt #5[0m
[0;34m2025-09-21 19:25:30 - Generating prompt #6 (Section 1, Prompt 6/17)[0m
[1;33m2025-09-21 19:25:30 - Running prompt generation...[0m
PROMPT GENERATION COMPLETE - Prompt #6
[0;32m2025-09-21 19:25:51 - Completed prompt #6[0m
[0;34m2025-09-21 19:25:56 - Generating prompt #7 (Section 1, Prompt 7/17)[0m
[1;33m2025-09-21 19:25:56 - Running prompt generation...[0m
PROMPT GENERATION COMPLETE - Prompt #7
[0;32m2025-09-21 19:26:17 - Completed prompt #7[0m
[0;34m2025-09-21 19:26:22 - Generating prompt #8 (Section 1, Prompt 8/17)[0m
[1;33m2025-09-21 19:26:22 - Running prompt generation...[0m
PROMPT GENERATION COMPLETE - Prompt #8
[0;32m2025-09-21 19:26:45 - Completed prompt #8[0m
[0;34m2025-09-21 19:26:50 - Generating prompt #9 (Section 1, Prompt 9/17)[0m
[1;33m2025-09-21 19:26:50 - Running prompt generation...[0m
PROMPT GENERATION COMPLETE - Prompt #9
[0;32m2025-09-21 19:27:12 - Completed prompt #9[0m
[0;34m2025-09-21 19:27:17 - Generating prompt #10 (Section 1, Prompt 10/17)[0m
[1;33m2025-09-21 19:27:17 - Running prompt generation...[0m
PROMPT GENERATION COMPLETE - Prompt #10
[0;32m2025-09-21 19:27:37 - Completed prompt #10[0m
[0;34m2025-09-21 19:27:42 - Generating prompt #11 (Section 1, Prompt 11/17)[0m
[1;33m2025-09-21 19:27:42 - Running prompt generation...[0m
PROMPT GENERATION COMPLETE - Prompt #11
[0;32m2025-09-21 19:28:04 - Completed prompt #11[0m
[0;34m2025-09-21 19:28:09 - Generating prompt #12 (Section 1, Prompt 12/17)[0m
[1;33m2025-09-21 19:28:09 - Running prompt generation...[0m
PROMPT GENERATION COMPLETE - Prompt #12
[0;32m2025-09-21 19:28:30 - Completed prompt #12[0m
[0;34m2025-09-21 19:28:35 - Generating prompt #13 (Section 1, Prompt 13/17)[0m
[1;33m2025-09-21 19:28:35 - Running prompt generation...[0m
PROMPT GENERATION COMPLETE - Prompt #13
[0;32m2025-09-21 19:28:57 - Completed prompt #13[0m
[0;34m2025-09-21 19:29:02 - Generating prompt #14 (Section 1, Prompt 14/17)[0m
[1;33m2025-09-21 19:29:03 - Running prompt generation...[0m
PROMPT GENERATION COMPLETE - Prompt #14
[0;32m2025-09-21 19:29:24 - Completed prompt #14[0m
[0;34m2025-09-21 19:29:29 - Generating prompt #15 (Section 1, Prompt 15/17)[0m
[1;33m2025-09-21 19:29:29 - Running prompt generation...[0m
PROMPT GENERATION COMPLETE - Prompt #15
[0;32m2025-09-21 19:29:50 - Completed prompt #15[0m
[0;34m2025-09-21 19:29:55 - Generating prompt #16 (Section 1, Prompt 16/17)[0m
[1;33m2025-09-21 19:29:55 - Running prompt generation...[0m
PROMPT GENERATION COMPLETE - Prompt #16
[0;32m2025-09-21 19:30:17 - Completed prompt #16[0m
[0;34m2025-09-21 19:30:22 - Generating prompt #17 (Section 1, Prompt 17/17)[0m
[1;33m2025-09-21 19:30:22 - Running prompt generation...[0m
PROMPT GENERATION COMPLETE - Prompt #17
[0;32m2025-09-21 19:30:43 - Completed prompt #17[0m
[0;34m2025-09-21 19:30:48 - Generating prompt #18 (Section 2, Prompt 1/17)[0m
[1;33m2025-09-21 19:30:48 - Running prompt generation...[0m
PROMPT GENERATION COMPLETE - Prompt #18
[0;32m2025-09-21 19:31:10 - Completed prompt #18[0m
[0;34m2025-09-21 19:31:15 - Generating prompt #19 (Section 2, Prompt 2/17)[0m
[1;33m2025-09-21 19:31:15 - Running prompt generation...[0m
PROMPT GENERATION COMPLETE - Prompt #19
[0;32m2025-09-21 19:31:35 - Completed prompt #19[0m
[0;34m2025-09-21 19:31:41 - Generating prompt #20 (Section 2, Prompt 3/17)[0m
[1;33m2025-09-21 19:31:41 - Running prompt generation...[0m
<invoke name="Edit">
<parameter name="file_path">/Users/ikim1/Documents/GitHub/templata-bankruptcy-recovery/src/data/prompts-bankruptcy-recovery.ts</parameter>
<parameter name="old_string">  {
    id: 'prompt-19',
    prompt: 'Identify and organize all financial accounts and passwords using a secure password manager to establish complete account oversight',
    category: 'planning',
    helpText: 'After bankruptcy, having complete visibility and control over all your financial accounts is essential for monitoring your recovery progress and preventing unauthorized activity. Create a comprehensive list of all bank accounts, credit monitoring services, loan accounts, and financial service logins, then secure them with strong, unique passwords using a reputable password manager. This organization ensures you can regularly monitor all accounts for accuracy, track your progress systematically, and quickly identify any suspicious activity that could threaten your financial recovery.'
  }
];</parameter>
<parameter name="new_string">  {
    id: 'prompt-19',
    prompt: 'Identify and organize all financial accounts and passwords using a secure password manager to establish complete account oversight',
    category: 'planning',
    helpText: 'After bankruptcy, having complete visibility and control over all your financial accounts is essential for monitoring your recovery progress and preventing unauthorized activity. Create a comprehensive list of all bank accounts, credit monitoring services, loan accounts, and financial service logins, then secure them with strong, unique passwords using a reputable password manager. This organization ensures you can regularly monitor all accounts for accuracy, track your progress systematically, and quickly identify any suspicious activity that could threaten your financial recovery.'
  },
  {
    id: 'prompt-20',
    prompt: 'Research and schedule a meeting with your employer\'s HR department to understand how bankruptcy affects your employment benefits and insurance options',
    category: 'research',
    helpText: 'Understanding how bankruptcy impacts your workplace benefits is crucial for maintaining essential coverage and making informed decisions about your employment future. Contact HR to clarify whether bankruptcy affects your health insurance, 401(k) contributions, life insurance policies, or other benefits, as some employers have policies that could impact your coverage or eligibility. This conversation also helps you understand your rights as an employee and ensures you\'re maximizing available benefits during your financial recovery period.'
  }
];</parameter>
</invoke>
[0;32m2025-09-21 19:31:58 - Completed prompt #20[0m
[0;34m2025-09-21 19:32:03 - Generating prompt #21 (Section 2, Prompt 4/17)[0m
[1;33m2025-09-21 19:32:04 - Running prompt generation...[0m
PROMPT GENERATION COMPLETE - Prompt #21
[0;32m2025-09-21 19:32:28 - Completed prompt #21[0m
[0;34m2025-09-21 19:32:34 - Generating prompt #22 (Section 2, Prompt 5/17)[0m
[1;33m2025-09-21 19:32:34 - Running prompt generation...[0m
PROMPT GENERATION COMPLETE - Prompt #22
[0;32m2025-09-21 19:32:54 - Completed prompt #22[0m
[0;34m2025-09-21 19:32:59 - Generating prompt #23 (Section 2, Prompt 6/17)[0m
[1;33m2025-09-21 19:32:59 - Running prompt generation...[0m
PROMPT GENERATION COMPLETE - Prompt #23
[0;32m2025-09-21 19:33:20 - Completed prompt #23[0m
[0;34m2025-09-21 19:33:25 - Generating prompt #24 (Section 2, Prompt 7/17)[0m
[1;33m2025-09-21 19:33:25 - Running prompt generation...[0m
PROMPT GENERATION COMPLETE - Prompt #24
[0;32m2025-09-21 19:33:47 - Completed prompt #24[0m
[0;34m2025-09-21 19:33:52 - Generating prompt #25 (Section 2, Prompt 8/17)[0m
[1;33m2025-09-21 19:33:52 - Running prompt generation...[0m
PROMPT GENERATION COMPLETE - Prompt #25
[0;32m2025-09-21 19:34:23 - Completed prompt #25[0m
[0;34m2025-09-21 19:34:28 - Generating prompt #26 (Section 2, Prompt 9/17)[0m
[1;33m2025-09-21 19:34:28 - Running prompt generation...[0m
PROMPT GENERATION COMPLETE - Prompt #26
[0;32m2025-09-21 19:34:49 - Completed prompt #26[0m
[0;34m2025-09-21 19:34:54 - Generating prompt #27 (Section 2, Prompt 10/17)[0m
[1;33m2025-09-21 19:34:54 - Running prompt generation...[0m
PROMPT GENERATION COMPLETE - Prompt #27
[0;32m2025-09-21 19:35:14 - Completed prompt #27[0m
[0;34m2025-09-21 19:35:19 - Generating prompt #28 (Section 2, Prompt 11/17)[0m
[1;33m2025-09-21 19:35:19 - Running prompt generation...[0m
PROMPT GENERATION COMPLETE - Prompt #28
[0;32m2025-09-21 19:35:40 - Completed prompt #28[0m
[0;34m2025-09-21 19:35:45 - Generating prompt #29 (Section 2, Prompt 12/17)[0m
[1;33m2025-09-21 19:35:45 - Running prompt generation...[0m
PROMPT GENERATION COMPLETE - Prompt #29
[0;32m2025-09-21 19:36:06 - Completed prompt #29[0m
[0;34m2025-09-21 19:36:11 - Generating prompt #30 (Section 2, Prompt 13/17)[0m
[1;33m2025-09-21 19:36:11 - Running prompt generation...[0m
PROMPT GENERATION COMPLETE - Prompt #30
[0;32m2025-09-21 19:36:35 - Completed prompt #30[0m
[0;34m2025-09-21 19:36:40 - Generating prompt #31 (Section 2, Prompt 14/17)[0m
[1;33m2025-09-21 19:36:40 - Running prompt generation...[0m
PROMPT GENERATION COMPLETE - Prompt #31
[0;32m2025-09-21 19:37:01 - Completed prompt #31[0m
[0;34m2025-09-21 19:37:06 - Generating prompt #32 (Section 2, Prompt 15/17)[0m
[1;33m2025-09-21 19:37:06 - Running prompt generation...[0m
PROMPT GENERATION COMPLETE - Prompt #32
[0;32m2025-09-21 19:37:27 - Completed prompt #32[0m
[0;34m2025-09-21 19:37:32 - Generating prompt #33 (Section 2, Prompt 16/17)[0m
[1;33m2025-09-21 19:37:32 - Running prompt generation...[0m
PROMPT GENERATION COMPLETE - Prompt #33
[0;32m2025-09-21 19:37:52 - Completed prompt #33[0m
[0;34m2025-09-21 19:37:57 - Generating prompt #34 (Section 2, Prompt 17/17)[0m
[1;33m2025-09-21 19:37:57 - Running prompt generation...[0m
PROMPT GENERATION COMPLETE - Prompt #34
[0;32m2025-09-21 19:38:18 - Completed prompt #34[0m
[0;34m2025-09-21 19:38:23 - Generating prompt #35 (Section 3, Prompt 1/17)[0m
[1;33m2025-09-21 19:38:23 - Running prompt generation...[0m
PROMPT GENERATION COMPLETE - Prompt #35
[0;32m2025-09-21 19:38:46 - Completed prompt #35[0m
[0;34m2025-09-21 19:38:51 - Generating prompt #36 (Section 3, Prompt 2/17)[0m
[1;33m2025-09-21 19:38:51 - Running prompt generation...[0m
PROMPT GENERATION COMPLETE - Prompt #36
[0;32m2025-09-21 19:39:12 - Completed prompt #36[0m
[0;34m2025-09-21 19:39:17 - Generating prompt #37 (Section 3, Prompt 3/17)[0m
[1;33m2025-09-21 19:39:17 - Running prompt generation...[0m
PROMPT GENERATION COMPLETE - Prompt #37
[0;32m2025-09-21 19:39:38 - Completed prompt #37[0m
[0;34m2025-09-21 19:39:43 - Generating prompt #38 (Section 3, Prompt 4/17)[0m
[1;33m2025-09-21 19:39:43 - Running prompt generation...[0m
PROMPT GENERATION COMPLETE - Prompt #38
[0;32m2025-09-21 19:40:04 - Completed prompt #38[0m
[0;34m2025-09-21 19:40:09 - Generating prompt #39 (Section 3, Prompt 5/17)[0m
[1;33m2025-09-21 19:40:09 - Running prompt generation...[0m
PROMPT GENERATION COMPLETE - Prompt #39
[0;32m2025-09-21 19:40:33 - Completed prompt #39[0m
[0;34m2025-09-21 19:40:38 - Generating prompt #40 (Section 3, Prompt 6/17)[0m
[1;33m2025-09-21 19:40:38 - Running prompt generation...[0m
PROMPT GENERATION COMPLETE - Prompt #40
[0;32m2025-09-21 19:41:01 - Completed prompt #40[0m
[0;34m2025-09-21 19:41:06 - Generating prompt #41 (Section 3, Prompt 7/17)[0m
[1;33m2025-09-21 19:41:06 - Running prompt generation...[0m
PROMPT GENERATION COMPLETE - Prompt #41
[0;32m2025-09-21 19:41:28 - Completed prompt #41[0m
[0;34m2025-09-21 19:41:33 - Generating prompt #42 (Section 3, Prompt 8/17)[0m
[1;33m2025-09-21 19:41:33 - Running prompt generation...[0m
PROMPT GENERATION COMPLETE - Prompt #42
[0;32m2025-09-21 19:41:55 - Completed prompt #42[0m
[0;34m2025-09-21 19:42:00 - Generating prompt #43 (Section 3, Prompt 9/17)[0m
[1;33m2025-09-21 19:42:00 - Running prompt generation...[0m
PROMPT GENERATION COMPLETE - Prompt #43
[0;32m2025-09-21 19:42:23 - Completed prompt #43[0m
[0;34m2025-09-21 19:42:28 - Generating prompt #44 (Section 3, Prompt 10/17)[0m
[1;33m2025-09-21 19:42:29 - Running prompt generation...[0m
PROMPT GENERATION COMPLETE - Prompt #44
[0;32m2025-09-21 19:42:51 - Completed prompt #44[0m
[0;34m2025-09-21 19:42:56 - Generating prompt #45 (Section 3, Prompt 11/17)[0m
[1;33m2025-09-21 19:42:56 - Running prompt generation...[0m
<invoke name="Edit">
<parameter name="file_path">/Users/ikim1/Documents/GitHub/templata-bankruptcy-recovery/src/data/prompts-bankruptcy-recovery.ts</parameter>
<parameter name="old_string">  {
    id: 'prompt-44',
    prompt: 'Schedule and complete a comprehensive review of your income tax situation with a qualified tax professional to address any outstanding tax obligations and understand post-bankruptcy filing requirements',
    category: 'action',
    helpText: 'Tax obligations often survive bankruptcy and require immediate attention to prevent accumulating penalties and interest that could derail your recovery progress. A tax professional can help you understand which tax debts were discharged, set up payment plans for remaining obligations, and ensure you\'re properly positioned for future tax seasons. This consultation also provides guidance on claiming appropriate deductions and credits to maximize your refunds, which can accelerate your emergency fund building and debt repayment goals.'
  }</parameter>
<parameter name="new_string">  {
    id: 'prompt-44',
    prompt: 'Schedule and complete a comprehensive review of your income tax situation with a qualified tax professional to address any outstanding tax obligations and understand post-bankruptcy filing requirements',
    category: 'action',
    helpText: 'Tax obligations often survive bankruptcy and require immediate attention to prevent accumulating penalties and interest that could derail your recovery progress. A tax professional can help you understand which tax debts were discharged, set up payment plans for remaining obligations, and ensure you\'re properly positioned for future tax seasons. This consultation also provides guidance on claiming appropriate deductions and credits to maximize your refunds, which can accelerate your emergency fund building and debt repayment goals.'
  },
  {
    id: 'prompt-45',
    prompt: 'Contact and interview 3 potential landlords to understand their rental criteria and obtain pre-approval letters for apartments within your budget',
    category: 'action',
    helpText: 'Securing stable housing is fundamental to successful bankruptcy recovery, and pre-approval demonstrates your financial responsibility to property managers despite your bankruptcy history. Contact landlords directly to discuss your situation honestly, provide proof of income and references, and request written pre-approval for specific properties that fit your budget. This proactive approach helps you secure quality housing while building positive rental references that support future housing applications and demonstrates your commitment to financial stability.'
  }</parameter>
</invoke>
[0;32m2025-09-21 19:43:15 - Completed prompt #45[0m
[0;34m2025-09-21 19:43:20 - Generating prompt #46 (Section 3, Prompt 12/17)[0m
[1;33m2025-09-21 19:43:20 - Running prompt generation...[0m
PROMPT GENERATION COMPLETE - Prompt #46
[0;32m2025-09-21 19:43:39 - Completed prompt #46[0m
[0;34m2025-09-21 19:43:44 - Generating prompt #47 (Section 3, Prompt 13/17)[0m
[1;33m2025-09-21 19:43:44 - Running prompt generation...[0m
PROMPT GENERATION COMPLETE - Prompt #47
[0;32m2025-09-21 19:44:10 - Completed prompt #47[0m
[0;34m2025-09-21 19:44:15 - Generating prompt #48 (Section 3, Prompt 14/17)[0m
[1;33m2025-09-21 19:44:15 - Running prompt generation...[0m
PROMPT GENERATION COMPLETE - Prompt #48
[0;32m2025-09-21 19:44:36 - Completed prompt #48[0m
[0;34m2025-09-21 19:44:41 - Generating prompt #49 (Section 3, Prompt 15/17)[0m
[1;33m2025-09-21 19:44:41 - Running prompt generation...[0m
PROMPT GENERATION COMPLETE - Prompt #49
[0;32m2025-09-21 19:45:06 - Completed prompt #49[0m
[0;34m2025-09-21 19:45:11 - Generating prompt #50 (Section 3, Prompt 16/17)[0m
[1;33m2025-09-21 19:45:11 - Running prompt generation...[0m
PROMPT GENERATION COMPLETE - Prompt #50
[0;32m2025-09-21 19:45:32 - Completed prompt #50[0m
[0;34m2025-09-21 19:45:37 - Generating prompt #51 (Section 3, Prompt 17/17)[0m
[1;33m2025-09-21 19:45:38 - Running prompt generation...[0m
PROMPT GENERATION COMPLETE - Prompt #51
[0;32m2025-09-21 19:46:04 - Completed prompt #51[0m
[0;34m2025-09-21 19:46:09 - Generating prompt #52 (Section 4, Prompt 1/17)[0m
[1;33m2025-09-21 19:46:09 - Running prompt generation...[0m
PROMPT GENERATION COMPLETE - Prompt #52
[0;32m2025-09-21 19:46:31 - Completed prompt #52[0m
[0;34m2025-09-21 19:46:36 - Generating prompt #53 (Section 4, Prompt 2/17)[0m
[1;33m2025-09-21 19:46:36 - Running prompt generation...[0m
PROMPT GENERATION COMPLETE - Prompt #53
[0;32m2025-09-21 19:46:57 - Completed prompt #53[0m
[0;34m2025-09-21 19:47:02 - Generating prompt #54 (Section 4, Prompt 3/17)[0m
[1;33m2025-09-21 19:47:02 - Running prompt generation...[0m
PROMPT GENERATION COMPLETE - Prompt #54
[0;32m2025-09-21 19:47:23 - Completed prompt #54[0m
[0;34m2025-09-21 19:47:28 - Generating prompt #55 (Section 4, Prompt 4/17)[0m
[1;33m2025-09-21 19:47:28 - Running prompt generation...[0m
PROMPT GENERATION COMPLETE - Prompt #55
[0;32m2025-09-21 19:47:56 - Completed prompt #55[0m
[0;34m2025-09-21 19:48:01 - Generating prompt #56 (Section 4, Prompt 5/17)[0m
[1;33m2025-09-21 19:48:01 - Running prompt generation...[0m
PROMPT GENERATION COMPLETE - Prompt #56
[0;32m2025-09-21 19:48:22 - Completed prompt #56[0m
[0;34m2025-09-21 19:48:27 - Generating prompt #57 (Section 4, Prompt 6/17)[0m
[1;33m2025-09-21 19:48:27 - Running prompt generation...[0m
PROMPT GENERATION COMPLETE - Prompt #57
[0;32m2025-09-21 19:48:46 - Completed prompt #57[0m
[0;34m2025-09-21 19:48:51 - Generating prompt #58 (Section 4, Prompt 7/17)[0m
[1;33m2025-09-21 19:48:51 - Running prompt generation...[0m
PROMPT GENERATION COMPLETE - Prompt #58
[0;32m2025-09-21 19:49:12 - Completed prompt #58[0m
[0;34m2025-09-21 19:49:17 - Generating prompt #59 (Section 4, Prompt 8/17)[0m
[1;33m2025-09-21 19:49:17 - Running prompt generation...[0m
PROMPT GENERATION COMPLETE - Prompt #59
[0;32m2025-09-21 19:49:38 - Completed prompt #59[0m
[0;34m2025-09-21 19:49:43 - Generating prompt #60 (Section 4, Prompt 9/17)[0m
[1;33m2025-09-21 19:49:43 - Running prompt generation...[0m
PROMPT GENERATION COMPLETE - Prompt #60
[0;32m2025-09-21 19:50:04 - Completed prompt #60[0m
[0;34m2025-09-21 19:50:09 - Generating prompt #61 (Section 4, Prompt 10/17)[0m
[1;33m2025-09-21 19:50:09 - Running prompt generation...[0m
PROMPT GENERATION COMPLETE - Prompt #61
[0;32m2025-09-21 19:50:31 - Completed prompt #61[0m
[0;34m2025-09-21 19:50:36 - Generating prompt #62 (Section 4, Prompt 11/17)[0m
[1;33m2025-09-21 19:50:36 - Running prompt generation...[0m
PROMPT GENERATION COMPLETE - Prompt #62
[0;32m2025-09-21 19:50:59 - Completed prompt #62[0m
[0;34m2025-09-21 19:51:04 - Generating prompt #63 (Section 4, Prompt 12/17)[0m
[1;33m2025-09-21 19:51:04 - Running prompt generation...[0m
PROMPT GENERATION COMPLETE - Prompt #63
[0;32m2025-09-21 19:51:25 - Completed prompt #63[0m
[0;34m2025-09-21 19:51:30 - Generating prompt #64 (Section 4, Prompt 13/17)[0m
[1;33m2025-09-21 19:51:30 - Running prompt generation...[0m
PROMPT GENERATION COMPLETE - Prompt #64
[0;32m2025-09-21 19:51:51 - Completed prompt #64[0m
[0;34m2025-09-21 19:51:56 - Generating prompt #65 (Section 4, Prompt 14/17)[0m
[1;33m2025-09-21 19:51:56 - Running prompt generation...[0m
PROMPT GENERATION COMPLETE - Prompt #65
[0;32m2025-09-21 19:52:19 - Completed prompt #65[0m
[0;34m2025-09-21 19:52:24 - Generating prompt #66 (Section 4, Prompt 15/17)[0m
[1;33m2025-09-21 19:52:24 - Running prompt generation...[0m
PROMPT GENERATION COMPLETE - Prompt #66
[0;32m2025-09-21 19:52:43 - Completed prompt #66[0m
[0;34m2025-09-21 19:52:49 - Generating prompt #67 (Section 4, Prompt 16/17)[0m
[1;33m2025-09-21 19:52:49 - Running prompt generation...[0m
PROMPT GENERATION COMPLETE - Prompt #67
[0;32m2025-09-21 19:53:11 - Completed prompt #67[0m
[0;34m2025-09-21 19:53:16 - Generating prompt #68 (Section 4, Prompt 17/17)[0m
[1;33m2025-09-21 19:53:16 - Running prompt generation...[0m
PROMPT GENERATION COMPLETE - Prompt #68
[0;32m2025-09-21 19:53:40 - Completed prompt #68[0m
[0;34m2025-09-21 19:53:45 - Generating prompt #69 (Section 5, Prompt 1/17)[0m
[1;33m2025-09-21 19:53:45 - Running prompt generation...[0m
PROMPT GENERATION COMPLETE - Prompt #69
[0;32m2025-09-21 19:54:08 - Completed prompt #69[0m
[0;34m2025-09-21 19:54:13 - Generating prompt #70 (Section 5, Prompt 2/17)[0m
[1;33m2025-09-21 19:54:13 - Running prompt generation...[0m
PROMPT GENERATION COMPLETE - Prompt #70
[0;32m2025-09-21 19:54:36 - Completed prompt #70[0m
[0;34m2025-09-21 19:54:41 - Generating prompt #71 (Section 5, Prompt 3/17)[0m
[1;33m2025-09-21 19:54:41 - Running prompt generation...[0m
PROMPT GENERATION COMPLETE - Prompt #71
[0;32m2025-09-21 19:55:04 - Completed prompt #71[0m
[0;34m2025-09-21 19:55:09 - Generating prompt #72 (Section 5, Prompt 4/17)[0m
[1;33m2025-09-21 19:55:09 - Running prompt generation...[0m
PROMPT GENERATION COMPLETE - Prompt #72
[0;32m2025-09-21 19:55:30 - Completed prompt #72[0m
[0;34m2025-09-21 19:55:35 - Generating prompt #73 (Section 5, Prompt 5/17)[0m
[1;33m2025-09-21 19:55:35 - Running prompt generation...[0m
PROMPT GENERATION COMPLETE - Prompt #73
[0;32m2025-09-21 19:55:58 - Completed prompt #73[0m
[0;34m2025-09-21 19:56:03 - Generating prompt #74 (Section 5, Prompt 6/17)[0m
[1;33m2025-09-21 19:56:03 - Running prompt generation...[0m
PROMPT GENERATION COMPLETE - Prompt #74
[0;32m2025-09-21 19:56:25 - Completed prompt #74[0m
[0;34m2025-09-21 19:56:30 - Generating prompt #75 (Section 5, Prompt 7/17)[0m
[1;33m2025-09-21 19:56:30 - Running prompt generation...[0m
PROMPT GENERATION COMPLETE - Prompt #75
[0;32m2025-09-21 19:56:49 - Completed prompt #75[0m
[0;34m2025-09-21 19:56:54 - Generating prompt #76 (Section 5, Prompt 8/17)[0m
[1;33m2025-09-21 19:56:54 - Running prompt generation...[0m
PROMPT GENERATION COMPLETE - Prompt #76
[0;32m2025-09-21 19:57:16 - Completed prompt #76[0m
[0;34m2025-09-21 19:57:21 - Generating prompt #77 (Section 5, Prompt 9/17)[0m
[1;33m2025-09-21 19:57:22 - Running prompt generation...[0m
PROMPT GENERATION COMPLETE - Prompt #77
[0;32m2025-09-21 19:57:46 - Completed prompt #77[0m
[0;34m2025-09-21 19:57:51 - Generating prompt #78 (Section 5, Prompt 10/17)[0m
[1;33m2025-09-21 19:57:51 - Running prompt generation...[0m
PROMPT GENERATION COMPLETE - Prompt #78
[0;32m2025-09-21 19:58:14 - Completed prompt #78[0m
[0;34m2025-09-21 19:58:19 - Generating prompt #79 (Section 5, Prompt 11/17)[0m
[1;33m2025-09-21 19:58:19 - Running prompt generation...[0m
PROMPT GENERATION COMPLETE - Prompt #79
[0;32m2025-09-21 19:58:40 - Completed prompt #79[0m
[0;34m2025-09-21 19:58:45 - Generating prompt #80 (Section 5, Prompt 12/17)[0m
[1;33m2025-09-21 19:58:45 - Running prompt generation...[0m
PROMPT GENERATION COMPLETE - Prompt #80
[0;32m2025-09-21 19:59:10 - Completed prompt #80[0m
[0;34m2025-09-21 19:59:15 - Generating prompt #81 (Section 5, Prompt 13/17)[0m
[1;33m2025-09-21 19:59:15 - Running prompt generation...[0m
PROMPT GENERATION COMPLETE - Prompt #81
[0;32m2025-09-21 19:59:37 - Completed prompt #81[0m
[0;34m2025-09-21 19:59:42 - Generating prompt #82 (Section 5, Prompt 14/17)[0m
[1;33m2025-09-21 19:59:42 - Running prompt generation...[0m
PROMPT GENERATION COMPLETE - Prompt #82
[0;32m2025-09-21 20:00:03 - Completed prompt #82[0m
[0;34m2025-09-21 20:00:08 - Generating prompt #83 (Section 5, Prompt 15/17)[0m
[1;33m2025-09-21 20:00:08 - Running prompt generation...[0m
PROMPT GENERATION COMPLETE - Prompt #83
[0;32m2025-09-21 20:00:34 - Completed prompt #83[0m
[0;34m2025-09-21 20:00:39 - Generating prompt #84 (Section 5, Prompt 16/17)[0m
[1;33m2025-09-21 20:00:39 - Running prompt generation...[0m
PROMPT GENERATION COMPLETE - Prompt #84
[0;32m2025-09-21 20:01:01 - Completed prompt #84[0m
[0;34m2025-09-21 20:01:06 - Generating prompt #85 (Section 5, Prompt 17/17)[0m
[1;33m2025-09-21 20:01:06 - Running prompt generation...[0m
PROMPT GENERATION COMPLETE - Prompt #85
[0;32m2025-09-21 20:01:30 - Completed prompt #85[0m
[0;34m2025-09-21 20:01:35 - Generating prompt #86 (Section 6, Prompt 1/17)[0m
[1;33m2025-09-21 20:01:35 - Running prompt generation...[0m
PROMPT GENERATION COMPLETE - Prompt #86
[0;32m2025-09-21 20:01:57 - Completed prompt #86[0m
[0;34m2025-09-21 20:02:02 - Generating prompt #87 (Section 6, Prompt 2/17)[0m
[1;33m2025-09-21 20:02:02 - Running prompt generation...[0m
PROMPT GENERATION COMPLETE - Prompt #87
[0;32m2025-09-21 20:02:25 - Completed prompt #87[0m
[0;34m2025-09-21 20:02:30 - Generating prompt #88 (Section 6, Prompt 3/17)[0m
[1;33m2025-09-21 20:02:30 - Running prompt generation...[0m
PROMPT GENERATION COMPLETE - Prompt #88
[0;32m2025-09-21 20:02:53 - Completed prompt #88[0m
[0;34m2025-09-21 20:02:58 - Generating prompt #89 (Section 6, Prompt 4/17)[0m
[1;33m2025-09-21 20:02:58 - Running prompt generation...[0m
PROMPT GENERATION COMPLETE - Prompt #89
[0;32m2025-09-21 20:03:18 - Completed prompt #89[0m
[0;34m2025-09-21 20:03:23 - Generating prompt #90 (Section 6, Prompt 5/17)[0m
[1;33m2025-09-21 20:03:24 - Running prompt generation...[0m
PROMPT GENERATION COMPLETE - Prompt #90
[0;32m2025-09-21 20:03:44 - Completed prompt #90[0m
[0;34m2025-09-21 20:03:49 - Generating prompt #91 (Section 6, Prompt 6/17)[0m
[1;33m2025-09-21 20:03:49 - Running prompt generation...[0m
PROMPT GENERATION COMPLETE - Prompt #91
[0;32m2025-09-21 20:04:10 - Completed prompt #91[0m
[0;34m2025-09-21 20:04:15 - Generating prompt #92 (Section 6, Prompt 7/17)[0m
[1;33m2025-09-21 20:04:15 - Running prompt generation...[0m
PROMPT GENERATION COMPLETE - Prompt #92
[0;32m2025-09-21 20:04:34 - Completed prompt #92[0m
[0;34m2025-09-21 20:04:39 - Generating prompt #93 (Section 6, Prompt 8/17)[0m
[1;33m2025-09-21 20:04:39 - Running prompt generation...[0m
PROMPT GENERATION COMPLETE - Prompt #93
[0;32m2025-09-21 20:05:02 - Completed prompt #93[0m
[0;34m2025-09-21 20:05:07 - Generating prompt #94 (Section 6, Prompt 9/17)[0m
[1;33m2025-09-21 20:05:07 - Running prompt generation...[0m
PROMPT GENERATION COMPLETE - Prompt #94
[0;32m2025-09-21 20:05:31 - Completed prompt #94[0m
[0;34m2025-09-21 20:05:36 - Generating prompt #95 (Section 6, Prompt 10/17)[0m
[1;33m2025-09-21 20:05:36 - Running prompt generation...[0m
PROMPT GENERATION COMPLETE - Prompt #95
[0;32m2025-09-21 20:05:58 - Completed prompt #95[0m
[0;34m2025-09-21 20:06:03 - Generating prompt #96 (Section 6, Prompt 11/17)[0m
[1;33m2025-09-21 20:06:03 - Running prompt generation...[0m
PROMPT GENERATION COMPLETE - Prompt #96
[0;32m2025-09-21 20:06:24 - Completed prompt #96[0m
[0;34m2025-09-21 20:06:29 - Generating prompt #97 (Section 6, Prompt 12/17)[0m
[1;33m2025-09-21 20:06:29 - Running prompt generation...[0m
PROMPT GENERATION COMPLETE - Prompt #97
[0;32m2025-09-21 20:06:52 - Completed prompt #97[0m
[0;34m2025-09-21 20:06:57 - Generating prompt #98 (Section 6, Prompt 13/17)[0m
[1;33m2025-09-21 20:06:58 - Running prompt generation...[0m
PROMPT GENERATION COMPLETE - Prompt #98
[0;32m2025-09-21 20:07:28 - Completed prompt #98[0m
[0;34m2025-09-21 20:07:33 - Generating prompt #99 (Section 6, Prompt 14/17)[0m
[1;33m2025-09-21 20:07:33 - Running prompt generation...[0m
PROMPT GENERATION COMPLETE - Prompt #99
[0;32m2025-09-21 20:07:55 - Completed prompt #99[0m
[0;34m2025-09-21 20:08:00 - Generating prompt #100 (Section 6, Prompt 15/17)[0m
[1;33m2025-09-21 20:08:00 - Running prompt generation...[0m
PROMPT GENERATION COMPLETE - Prompt #100
[0;32m2025-09-21 20:08:19 - Completed prompt #100[0m
[0;34m2025-09-21 20:08:24 - Generating prompt #101 (Section 6, Prompt 16/17)[0m
[1;33m2025-09-21 20:08:24 - Running prompt generation...[0m
PROMPT GENERATION COMPLETE - Prompt #101
[0;32m2025-09-21 20:08:46 - Completed prompt #101[0m
[0;34m2025-09-21 20:08:51 - Generating prompt #102 (Section 6, Prompt 17/17)[0m
[1;33m2025-09-21 20:08:51 - Running prompt generation...[0m
PROMPT GENERATION COMPLETE - Prompt #102
[0;32m2025-09-21 20:09:12 - Completed prompt #102[0m
