[0;34m2025-09-21 14:07:04 - Starting Prompt Generation Cycle for template: debt-payoff[0m
[1;33m2025-09-21 14:07:04 - Override flag detected - resetting progress and recreating files[0m
[0;32m2025-09-21 14:07:04 - Progress reset to 0 for template: debt-payoff[0m
[0;32m2025-09-21 14:07:04 - Using existing worktree: ../templata-debt-payoff[0m
[1;33m2025-09-21 14:07:04 - Creating template prompt file: prompts-debt-payoff.ts[0m
[0;32m2025-09-21 14:07:04 - Created template prompt file: ../templata-debt-payoff/src/data/prompts-debt-payoff.ts[0m
[0;34m2025-09-21 14:07:04 - Generating prompt #1 (Section 1, Prompt 1/17)[0m
[1;33m2025-09-21 14:07:05 - Running prompt generation...[0m
<invoke name="Edit">
<parameter name="file_path">/Users/ikim1/Documents/GitHub/templata-debt-payoff/src/data/prompts-debt-payoff.ts</parameter>
<parameter name="old_string">// Action prompts for template-specific practical tasks
export const actionPrompts: ActionPrompt[] = [
  // Prompts will be added here by the generation script
];</parameter>
<parameter name="new_string">// Action prompts for template-specific practical tasks
export const actionPrompts: ActionPrompt[] = [
  {
    id: 'prompt-1',
    prompt: 'Gather and list all your current debts including balances, interest rates, and minimum payments',
    category: 'research',
    helpText: 'Creating a complete debt inventory is the foundation of any successful payoff strategy. Include credit cards, student loans, personal loans, medical debt, and any other outstanding balances. Having accurate numbers helps you prioritize which debts to tackle first and calculate realistic payoff timelines.'
  }
];</parameter>
</invoke>
[0;32m2025-09-21 14:07:34 - Completed prompt #1[0m
[0;34m2025-09-21 14:07:39 - Generating prompt #2 (Section 1, Prompt 2/17)[0m
[1;33m2025-09-21 14:07:39 - Running prompt generation...[0m
PROMPT GENERATION COMPLETE - Prompt #2
[0;32m2025-09-21 14:08:01 - Completed prompt #2[0m
[0;34m2025-09-21 14:08:06 - Generating prompt #3 (Section 1, Prompt 3/17)[0m
[1;33m2025-09-21 14:08:06 - Running prompt generation...[0m
PROMPT GENERATION COMPLETE - Prompt #3
[0;32m2025-09-21 14:08:25 - Completed prompt #3[0m
[0;34m2025-09-21 14:08:30 - Generating prompt #4 (Section 1, Prompt 4/17)[0m
[1;33m2025-09-21 14:08:30 - Running prompt generation...[0m
PROMPT GENERATION COMPLETE - Prompt #4
[0;32m2025-09-21 14:08:51 - Completed prompt #4[0m
[0;34m2025-09-21 14:08:56 - Generating prompt #5 (Section 1, Prompt 5/17)[0m
[1;33m2025-09-21 14:08:56 - Running prompt generation...[0m
PROMPT GENERATION COMPLETE - Prompt #5
[0;32m2025-09-21 14:09:16 - Completed prompt #5[0m
[0;34m2025-09-21 14:09:21 - Generating prompt #6 (Section 1, Prompt 6/17)[0m
[1;33m2025-09-21 14:09:21 - Running prompt generation...[0m
PROMPT GENERATION COMPLETE - Prompt #6
[0;32m2025-09-21 14:09:44 - Completed prompt #6[0m
[0;34m2025-09-21 14:09:49 - Generating prompt #7 (Section 1, Prompt 7/17)[0m
[1;33m2025-09-21 14:09:49 - Running prompt generation...[0m
PROMPT GENERATION COMPLETE - Prompt #7
[0;32m2025-09-21 14:10:09 - Completed prompt #7[0m
[0;34m2025-09-21 14:10:14 - Generating prompt #8 (Section 1, Prompt 8/17)[0m
[1;33m2025-09-21 14:10:15 - Running prompt generation...[0m
PROMPT GENERATION COMPLETE - Prompt #8
[0;32m2025-09-21 14:10:34 - Completed prompt #8[0m
[0;34m2025-09-21 14:10:39 - Generating prompt #9 (Section 1, Prompt 9/17)[0m
[1;33m2025-09-21 14:10:39 - Running prompt generation...[0m
PROMPT GENERATION COMPLETE - Prompt #9
[0;32m2025-09-21 14:10:59 - Completed prompt #9[0m
[0;34m2025-09-21 14:11:04 - Generating prompt #10 (Section 1, Prompt 10/17)[0m
[1;33m2025-09-21 14:11:04 - Running prompt generation...[0m
PROMPT GENERATION COMPLETE - Prompt #10
[0;32m2025-09-21 14:11:25 - Completed prompt #10[0m
[0;34m2025-09-21 14:11:30 - Generating prompt #11 (Section 1, Prompt 11/17)[0m
[1;33m2025-09-21 14:11:30 - Running prompt generation...[0m
PROMPT GENERATION COMPLETE - Prompt #11
[0;32m2025-09-21 14:11:50 - Completed prompt #11[0m
[0;34m2025-09-21 14:11:55 - Generating prompt #12 (Section 1, Prompt 12/17)[0m
[1;33m2025-09-21 14:11:55 - Running prompt generation...[0m
PROMPT GENERATION COMPLETE - Prompt #12
[0;32m2025-09-21 14:12:15 - Completed prompt #12[0m
[0;34m2025-09-21 14:12:20 - Generating prompt #13 (Section 1, Prompt 13/17)[0m
[1;33m2025-09-21 14:12:20 - Running prompt generation...[0m
PROMPT GENERATION COMPLETE - Prompt #13
[0;32m2025-09-21 14:12:41 - Completed prompt #13[0m
[0;34m2025-09-21 14:12:46 - Generating prompt #14 (Section 1, Prompt 14/17)[0m
[1;33m2025-09-21 14:12:46 - Running prompt generation...[0m
PROMPT GENERATION COMPLETE - Prompt #14
[0;32m2025-09-21 14:13:07 - Completed prompt #14[0m
[0;34m2025-09-21 14:13:12 - Generating prompt #15 (Section 1, Prompt 15/17)[0m
[1;33m2025-09-21 14:13:12 - Running prompt generation...[0m
PROMPT GENERATION COMPLETE - Prompt #15
[0;32m2025-09-21 14:13:33 - Completed prompt #15[0m
[0;34m2025-09-21 14:13:38 - Generating prompt #16 (Section 1, Prompt 16/17)[0m
[1;33m2025-09-21 14:13:38 - Running prompt generation...[0m
PROMPT GENERATION COMPLETE - Prompt #16
[0;32m2025-09-21 14:13:59 - Completed prompt #16[0m
[0;34m2025-09-21 14:14:04 - Generating prompt #17 (Section 1, Prompt 17/17)[0m
[1;33m2025-09-21 14:14:04 - Running prompt generation...[0m
PROMPT GENERATION COMPLETE - Prompt #17
[0;32m2025-09-21 14:14:24 - Completed prompt #17[0m
[0;34m2025-09-21 14:14:29 - Generating prompt #18 (Section 2, Prompt 1/17)[0m
[1;33m2025-09-21 14:14:29 - Running prompt generation...[0m
PROMPT GENERATION COMPLETE - Prompt #18
[0;32m2025-09-21 14:14:49 - Completed prompt #18[0m
[0;34m2025-09-21 14:14:54 - Generating prompt #19 (Section 2, Prompt 2/17)[0m
[1;33m2025-09-21 14:14:54 - Running prompt generation...[0m
PROMPT GENERATION COMPLETE - Prompt #19
[0;32m2025-09-21 14:15:17 - Completed prompt #19[0m
[0;34m2025-09-21 14:15:22 - Generating prompt #20 (Section 2, Prompt 3/17)[0m
[1;33m2025-09-21 14:15:22 - Running prompt generation...[0m
PROMPT GENERATION COMPLETE - Prompt #20
[0;32m2025-09-21 14:15:45 - Completed prompt #20[0m
[0;34m2025-09-21 14:15:50 - Generating prompt #21 (Section 2, Prompt 4/17)[0m
[1;33m2025-09-21 14:15:50 - Running prompt generation...[0m
PROMPT GENERATION COMPLETE - Prompt #21
[0;32m2025-09-21 14:16:11 - Completed prompt #21[0m
[0;34m2025-09-21 14:16:16 - Generating prompt #22 (Section 2, Prompt 5/17)[0m
[1;33m2025-09-21 14:16:16 - Running prompt generation...[0m
PROMPT GENERATION COMPLETE - Prompt #22
[0;32m2025-09-21 14:16:42 - Completed prompt #22[0m
[0;34m2025-09-21 14:16:47 - Generating prompt #23 (Section 2, Prompt 6/17)[0m
[1;33m2025-09-21 14:16:47 - Running prompt generation...[0m
PROMPT GENERATION COMPLETE - Prompt #23
[0;32m2025-09-21 14:17:07 - Completed prompt #23[0m
[0;34m2025-09-21 14:17:12 - Generating prompt #24 (Section 2, Prompt 7/17)[0m
[1;33m2025-09-21 14:17:12 - Running prompt generation...[0m
<invoke name="Edit">
<parameter name="file_path">/Users/ikim1/Documents/GitHub/templata-debt-payoff/src/data/prompts-debt-payoff.ts</parameter>
<parameter name="old_string">  {
    id: 'prompt-23',
    prompt: 'Create a detailed timeline with monthly milestones for your debt payoff journey',
    category: 'planning',
    helpText: 'A visual timeline with specific monthly targets helps maintain motivation and provides clear checkpoints to measure your progress throughout the debt elimination process. Break down your total debt payoff plan into monthly milestones, noting which debts will be paid off when and how your overall debt balance will decrease each month. This timeline serves as both a motivational tool and an accountability system, allowing you to adjust your strategy if you fall behind or accelerate ahead of schedule.'
  }
];</parameter>
<parameter name="new_string">  {
    id: 'prompt-23',
    prompt: 'Create a detailed timeline with monthly milestones for your debt payoff journey',
    category: 'planning',
    helpText: 'A visual timeline with specific monthly targets helps maintain motivation and provides clear checkpoints to measure your progress throughout the debt elimination process. Break down your total debt payoff plan into monthly milestones, noting which debts will be paid off when and how your overall debt balance will decrease each month. This timeline serves as both a motivational tool and an accountability system, allowing you to adjust your strategy if you fall behind or accelerate ahead of schedule.'
  },
  {
    id: 'prompt-24',
    prompt: 'Establish financial accountability by choosing a trusted person to review your debt payoff progress monthly',
    category: 'planning',
    helpText: 'Having someone hold you accountable dramatically increases your chances of sticking to your debt elimination plan when motivation wanes or unexpected challenges arise. Choose a financially responsible friend, family member, or mentor who can review your monthly progress and provide encouragement when needed. This accountability partner should be someone who will ask tough questions about your spending decisions and celebrate your milestones, creating external motivation that complements your internal commitment to debt freedom.'
  }
];</parameter>
</invoke>
[0;32m2025-09-21 14:17:28 - Completed prompt #24[0m
[0;34m2025-09-21 14:17:33 - Generating prompt #25 (Section 2, Prompt 8/17)[0m
[1;33m2025-09-21 14:17:33 - Running prompt generation...[0m
<invoke name="Edit">
<parameter name="file_path">/Users/ikim1/Documents/GitHub/templata-debt-payoff/src/data/prompts-debt-payoff.ts</parameter>
<parameter name="old_string">  {
    id: 'prompt-23',
    prompt: 'Create a detailed timeline with monthly milestones for your debt payoff journey',
    category: 'planning',
    helpText: 'A visual timeline with specific monthly targets helps maintain motivation and provides clear checkpoints to measure your progress throughout the debt elimination process. Break down your total debt payoff plan into monthly milestones, noting which debts will be paid off when and how your overall debt balance will decrease each month. This timeline serves as both a motivational tool and an accountability system, allowing you to adjust your strategy if you fall behind or accelerate ahead of schedule.'
  }
];</parameter>
<parameter name="new_string">  {
    id: 'prompt-23',
    prompt: 'Create a detailed timeline with monthly milestones for your debt payoff journey',
    category: 'planning',
    helpText: 'A visual timeline with specific monthly targets helps maintain motivation and provides clear checkpoints to measure your progress throughout the debt elimination process. Break down your total debt payoff plan into monthly milestones, noting which debts will be paid off when and how your overall debt balance will decrease each month. This timeline serves as both a motivational tool and an accountability system, allowing you to adjust your strategy if you fall behind or accelerate ahead of schedule.'
  },
  {
    id: 'prompt-25',
    prompt: 'Research and compare balance transfer credit card offers to potentially consolidate high-interest debt',
    category: 'research',
    helpText: 'Balance transfer cards with promotional 0% APR periods can provide significant savings if you can pay off the transferred balance before the promotional rate expires. Research offers from multiple issuers, comparing promotional periods (typically 12-21 months), transfer fees (usually 3-5%), regular APRs after promotion ends, and credit requirements for approval. Calculate whether the transfer fee plus any remaining balance at the regular rate would still save money compared to keeping debt on current high-interest cards.'
  }
];</parameter>
</invoke>
[0;32m2025-09-21 14:17:52 - Completed prompt #25[0m
[0;34m2025-09-21 14:17:57 - Generating prompt #26 (Section 2, Prompt 9/17)[0m
[1;33m2025-09-21 14:17:57 - Running prompt generation...[0m
PROMPT GENERATION COMPLETE - Prompt #26
[0;32m2025-09-21 14:18:17 - Completed prompt #26[0m
[0;34m2025-09-21 14:18:22 - Generating prompt #27 (Section 2, Prompt 10/17)[0m
[1;33m2025-09-21 14:18:22 - Running prompt generation...[0m
PROMPT GENERATION COMPLETE - Prompt #27
[0;32m2025-09-21 14:18:43 - Completed prompt #27[0m
[0;34m2025-09-21 14:18:48 - Generating prompt #28 (Section 2, Prompt 11/17)[0m
[1;33m2025-09-21 14:18:48 - Running prompt generation...[0m
PROMPT GENERATION COMPLETE - Prompt #28
[0;32m2025-09-21 14:19:11 - Completed prompt #28[0m
[0;34m2025-09-21 14:19:16 - Generating prompt #29 (Section 2, Prompt 12/17)[0m
[1;33m2025-09-21 14:19:16 - Running prompt generation...[0m
<invoke name="Edit">
<parameter name="file_path">/Users/ikim1/Documents/GitHub/templata-debt-payoff/src/data/prompts-debt-payoff.ts</parameter>
<parameter name="old_string">  {
    id: 'prompt-28',
    prompt: 'Research and document all available employee financial wellness benefits, including 401k matching, financial counseling, and debt assistance programs',
    category: 'research',
    helpText: 'Many employers offer valuable financial benefits that can accelerate your debt payoff journey, but these programs are often underutilized because employees are unaware they exist. Contact your HR department or review your employee handbook to identify available resources such as financial counseling services, debt assistance programs, emergency hardship funds, or increased 401k matching that you could temporarily redirect toward debt payments. Taking advantage of these employer-provided resources can provide both financial assistance and professional guidance at no additional cost.'
  }
];</parameter>
<parameter name="new_string">  {
    id: 'prompt-28',
    prompt: 'Research and document all available employee financial wellness benefits, including 401k matching, financial counseling, and debt assistance programs',
    category: 'research',
    helpText: 'Many employers offer valuable financial benefits that can accelerate your debt payoff journey, but these programs are often underutilized because employees are unaware they exist. Contact your HR department or review your employee handbook to identify available resources such as financial counseling services, debt assistance programs, emergency hardship funds, or increased 401k matching that you could temporarily redirect toward debt payments. Taking advantage of these employer-provided resources can provide both financial assistance and professional guidance at no additional cost.'
  },
  {
    id: 'prompt-29',
    prompt: 'Calculate the exact payoff dates and total interest savings for both debt snowball and debt avalanche methods using your specific debt numbers',
    category: 'planning',
    helpText: 'Running the actual calculations with your real debt balances, interest rates, and available payment amounts reveals the concrete differences between these two popular strategies. Use a debt payoff calculator or spreadsheet to input each debt and compare how much total interest you would pay and how long each method would take to eliminate all debt. This mathematical comparison helps you choose the strategy that best balances your need for quick psychological wins versus maximum money savings.'
  }
];</parameter>
</invoke>
[0;32m2025-09-21 14:19:36 - Completed prompt #29[0m
[0;34m2025-09-21 14:19:41 - Generating prompt #30 (Section 2, Prompt 13/17)[0m
[1;33m2025-09-21 14:19:41 - Running prompt generation...[0m
<invoke name="Edit">
<parameter name="file_path">/Users/ikim1/Documents/GitHub/templata-debt-payoff/src/data/prompts-debt-payoff.ts</parameter>
<parameter name="old_string">  {
    id: 'prompt-28',
    prompt: 'Research and document all available employee financial wellness benefits, including 401k matching, financial counseling, and debt assistance programs',
    category: 'research',
    helpText: 'Many employers offer valuable financial benefits that can accelerate your debt payoff journey, but these programs are often underutilized because employees are unaware they exist. Contact your HR department or review your employee handbook to identify available resources such as financial counseling services, debt assistance programs, emergency hardship funds, or increased 401k matching that you could temporarily redirect toward debt payments. Taking advantage of these employer-provided resources can provide both financial assistance and professional guidance at no additional cost.'
  }
];</parameter>
<parameter name="new_string">  {
    id: 'prompt-28',
    prompt: 'Research and document all available employee financial wellness benefits, including 401k matching, financial counseling, and debt assistance programs',
    category: 'research',
    helpText: 'Many employers offer valuable financial benefits that can accelerate your debt payoff journey, but these programs are often underutilized because employees are unaware they exist. Contact your HR department or review your employee handbook to identify available resources such as financial counseling services, debt assistance programs, emergency hardship funds, or increased 401k matching that you could temporarily redirect toward debt payments. Taking advantage of these employer-provided resources can provide both financial assistance and professional guidance at no additional cost.'
  },
  {
    id: 'prompt-30',
    prompt: 'Research and identify three specific side income opportunities that fit your schedule and skills to accelerate debt payments',
    category: 'research',
    helpText: 'Additional income is often the fastest way to dramatically reduce your debt payoff timeline, and small amounts can make a significant impact when consistently applied to debt payments. Research realistic side income options such as freelance work in your field, delivery driving, online tutoring, or selling unused items, focusing on opportunities that match your available time and existing skills. Even an extra $200-300 per month directed entirely toward debt payments can cut years off your payoff timeline and save thousands in interest charges.'
  }
];</parameter>
</invoke>
[0;32m2025-09-21 14:19:59 - Completed prompt #30[0m
[0;34m2025-09-21 14:20:04 - Generating prompt #31 (Section 2, Prompt 14/17)[0m
[1;33m2025-09-21 14:20:04 - Running prompt generation...[0m
PROMPT GENERATION COMPLETE - Prompt #31
[0;32m2025-09-21 14:20:26 - Completed prompt #31[0m
[0;34m2025-09-21 14:20:31 - Generating prompt #32 (Section 2, Prompt 15/17)[0m
[1;33m2025-09-21 14:20:31 - Running prompt generation...[0m
PROMPT GENERATION COMPLETE - Prompt #32
[0;32m2025-09-21 14:20:52 - Completed prompt #32[0m
[0;34m2025-09-21 14:20:57 - Generating prompt #33 (Section 2, Prompt 16/17)[0m
[1;33m2025-09-21 14:20:57 - Running prompt generation...[0m
PROMPT GENERATION COMPLETE - Prompt #33
[0;32m2025-09-21 14:21:18 - Completed prompt #33[0m
[0;34m2025-09-21 14:21:23 - Generating prompt #34 (Section 2, Prompt 17/17)[0m
[1;33m2025-09-21 14:21:23 - Running prompt generation...[0m
PROMPT GENERATION COMPLETE - Prompt #34
[0;32m2025-09-21 14:21:44 - Completed prompt #34[0m
[0;34m2025-09-21 14:21:49 - Generating prompt #35 (Section 3, Prompt 1/17)[0m
[1;33m2025-09-21 14:21:49 - Running prompt generation...[0m
PROMPT GENERATION COMPLETE - Prompt #35
[0;32m2025-09-21 14:22:12 - Completed prompt #35[0m
[0;34m2025-09-21 14:22:17 - Generating prompt #36 (Section 3, Prompt 2/17)[0m
[1;33m2025-09-21 14:22:18 - Running prompt generation...[0m
<invoke name="Edit">
<parameter name="file_path">/Users/ikim1/Documents/GitHub/templata-debt-payoff/src/data/prompts-debt-payoff.ts</parameter>
<parameter name="old_string">  {
    id: 'prompt-35',
    prompt: 'Contact three debt consolidation companies to compare rates, fees, and terms for combining your existing debts',
    category: 'research',
    helpText: 'Shopping around for debt consolidation options can potentially save you thousands in interest and simplify your payment process into one manageable monthly payment. Research reputable debt consolidation companies, credit unions, and online lenders to compare interest rates, origination fees, repayment terms, and eligibility requirements. Getting multiple quotes allows you to negotiate better terms and find the most cost-effective solution for your specific debt situation.'
  }</parameter>
<parameter name="new_string">  {
    id: 'prompt-35',
    prompt: 'Contact three debt consolidation companies to compare rates, fees, and terms for combining your existing debts',
    category: 'research',
    helpText: 'Shopping around for debt consolidation options can potentially save you thousands in interest and simplify your payment process into one manageable monthly payment. Research reputable debt consolidation companies, credit unions, and online lenders to compare interest rates, origination fees, repayment terms, and eligibility requirements. Getting multiple quotes allows you to negotiate better terms and find the most cost-effective solution for your specific debt situation.'
  },
  {
    id: 'prompt-36',
    prompt: 'Schedule monthly check-ins with an accountability partner to review your debt payoff progress and challenges',
    category: 'action',
    helpText: 'Having someone to regularly check in with about your debt elimination progress significantly increases your chances of staying on track and reaching your goals. Choose a trusted friend, family member, or financial advisor and schedule monthly meetings to review your progress, discuss challenges, and celebrate milestones. This external accountability helps you stay committed to your plan even when motivation wanes and provides objective feedback when you need to adjust your strategy.'
  }</parameter>
</invoke>
[0;32m2025-09-21 14:22:36 - Completed prompt #36[0m
[0;34m2025-09-21 14:22:41 - Generating prompt #37 (Section 3, Prompt 3/17)[0m
[1;33m2025-09-21 14:22:41 - Running prompt generation...[0m
PROMPT GENERATION COMPLETE - Prompt #37
[0;32m2025-09-21 14:23:02 - Completed prompt #37[0m
[0;34m2025-09-21 14:23:07 - Generating prompt #38 (Section 3, Prompt 4/17)[0m
[1;33m2025-09-21 14:23:07 - Running prompt generation...[0m
<invoke name="Edit">
<parameter name="file_path">/Users/ikim1/Documents/GitHub/templata-debt-payoff/src/data/prompts-debt-payoff.ts</parameter>
<parameter name="old_string">  {
    id: 'prompt-37',
    prompt: 'Call each credit card company to request a lower interest rate and document the results',
    category: 'action',
    helpText: 'A simple phone call requesting a rate reduction can potentially save hundreds or thousands of dollars over your debt payoff journey, and many creditors will grant this request for customers with good payment history. Prepare by noting your current rates, payment history, and any competing offers you\'ve received, then call during business hours and politely ask to speak with a retention specialist about lowering your APR. Even a 2-3% reduction can significantly accelerate your payoff timeline and reduce total interest costs.'
  }
];</parameter>
<parameter name="new_string">  {
    id: 'prompt-37',
    prompt: 'Call each credit card company to request a lower interest rate and document the results',
    category: 'action',
    helpText: 'A simple phone call requesting a rate reduction can potentially save hundreds or thousands of dollars over your debt payoff journey, and many creditors will grant this request for customers with good payment history. Prepare by noting your current rates, payment history, and any competing offers you\'ve received, then call during business hours and politely ask to speak with a retention specialist about lowering your APR. Even a 2-3% reduction can significantly accelerate your payoff timeline and reduce total interest costs.'
  },
  {
    id: 'prompt-38',
    prompt: 'Set up bi-weekly payments instead of monthly payments for your highest-interest debt',
    category: 'action',
    helpText: 'Switching to bi-weekly payments can significantly reduce the total interest you pay and shorten your payoff timeline without requiring a larger monthly budget commitment. By making half your monthly payment every two weeks, you effectively make 26 payments per year instead of 12, which equals one extra full payment annually. Contact your creditor to set up this payment schedule, ensuring payments are applied immediately rather than held until the monthly due date to maximize interest savings.'
  }
];</parameter>
</invoke>
[0;32m2025-09-21 14:23:26 - Completed prompt #38[0m
[0;34m2025-09-21 14:23:31 - Generating prompt #39 (Section 3, Prompt 5/17)[0m
[1;33m2025-09-21 14:23:31 - Running prompt generation...[0m
<invoke name="Edit">
<parameter name="file_path">/Users/ikim1/Documents/GitHub/templata-debt-payoff/src/data/prompts-debt-payoff.ts</parameter>
<parameter name="old_string">  {
    id: 'prompt-37',
    prompt: 'Call each credit card company to request a lower interest rate and document the results',
    category: 'action',
    helpText: 'A simple phone call requesting a rate reduction can potentially save hundreds or thousands of dollars over your debt payoff journey, and many creditors will grant this request for customers with good payment history. Prepare by noting your current rates, payment history, and any competing offers you\'ve received, then call during business hours and politely ask to speak with a retention specialist about lowering your APR. Even a 2-3% reduction can significantly accelerate your payoff timeline and reduce total interest costs.'
  }
];</parameter>
<parameter name="new_string">  {
    id: 'prompt-37',
    prompt: 'Call each credit card company to request a lower interest rate and document the results',
    category: 'action',
    helpText: 'A simple phone call requesting a rate reduction can potentially save hundreds or thousands of dollars over your debt payoff journey, and many creditors will grant this request for customers with good payment history. Prepare by noting your current rates, payment history, and any competing offers you\'ve received, then call during business hours and politely ask to speak with a retention specialist about lowering your APR. Even a 2-3% reduction can significantly accelerate your payoff timeline and reduce total interest costs.'
  },
  {
    id: 'prompt-39',
    prompt: 'Create a "debt emergency response plan" for when unexpected expenses threaten to derail your payoff progress',
    category: 'planning',
    helpText: 'Having a predetermined strategy for handling financial emergencies prevents you from abandoning your debt payoff plan when unexpected costs arise. Document specific steps you will take when faced with emergencies, such as which emergency fund to tap first, which debts to pause payments on temporarily, and how to get back on track quickly. This written emergency protocol helps you make rational decisions under stress rather than emotional ones that could significantly delay your debt freedom timeline.'
  }
];</parameter>
</invoke>
[0;32m2025-09-21 14:23:49 - Completed prompt #39[0m
[0;34m2025-09-21 14:23:54 - Generating prompt #40 (Section 3, Prompt 6/17)[0m
[1;33m2025-09-21 14:23:54 - Running prompt generation...[0m
PROMPT GENERATION COMPLETE - Prompt #40
[0;32m2025-09-21 14:24:15 - Completed prompt #40[0m
[0;34m2025-09-21 14:24:21 - Generating prompt #41 (Section 3, Prompt 7/17)[0m
[1;33m2025-09-21 14:24:21 - Running prompt generation...[0m
<invoke name="Edit">
<parameter name="file_path">/Users/ikim1/Documents/GitHub/templata-debt-payoff/src/data/prompts-debt-payoff.ts</parameter>
<parameter name="old_string">  {
    id: 'prompt-40',
    prompt: 'Set up bi-weekly instead of monthly payments on your highest-interest debt to reduce interest accrual',
    category: 'action',
    helpText: 'Making payments every two weeks instead of monthly can significantly reduce the amount of interest that accrues on your debt balance and accelerate your payoff timeline. Contact your highest-interest creditor to set up bi-weekly automatic payments of half your monthly payment amount, which results in 26 payments per year instead of 12 (equivalent to 13 monthly payments). This strategy works because interest compounds daily, so reducing the principal balance more frequently means less interest accumulation over time.'
  }</parameter>
<parameter name="new_string">  {
    id: 'prompt-40',
    prompt: 'Set up bi-weekly instead of monthly payments on your highest-interest debt to reduce interest accrual',
    category: 'action',
    helpText: 'Making payments every two weeks instead of monthly can significantly reduce the amount of interest that accrues on your debt balance and accelerate your payoff timeline. Contact your highest-interest creditor to set up bi-weekly automatic payments of half your monthly payment amount, which results in 26 payments per year instead of 12 (equivalent to 13 monthly payments). This strategy works because interest compounds daily, so reducing the principal balance more frequently means less interest accumulation over time.'
  },
  {
    id: 'prompt-41',
    prompt: 'Use the debt avalanche calculator to determine how much time and interest you will save by paying an extra $50, $100, and $200 monthly toward your highest-rate debt',
    category: 'planning',
    helpText: 'Seeing concrete numbers for how extra payments impact your debt freedom timeline provides powerful motivation and helps you prioritize where to allocate additional funds. Use online debt avalanche calculators to model different scenarios with extra payments toward your highest-interest debt, comparing the time and interest savings for various payment amounts. This analysis helps you determine the optimal amount to pay above minimums and demonstrates the real financial benefit of making sacrifices to free up additional debt payment money.'
  }</parameter>
</invoke>
[0;32m2025-09-21 14:24:40 - Completed prompt #41[0m
[0;34m2025-09-21 14:24:45 - Generating prompt #42 (Section 3, Prompt 8/17)[0m
[1;33m2025-09-21 14:24:45 - Running prompt generation...[0m
<invoke name="Edit">
<parameter name="file_path">/Users/ikim1/Documents/GitHub/templata-debt-payoff/src/data/prompts-debt-payoff.ts</parameter>
<parameter name="old_string">  {
    id: 'prompt-40',
    prompt: 'Set up bi-weekly instead of monthly payments on your highest-interest debt to reduce interest accrual',
    category: 'action',
    helpText: 'Making payments every two weeks instead of monthly can significantly reduce the amount of interest that accrues on your debt balance and accelerate your payoff timeline. Contact your highest-interest creditor to set up bi-weekly automatic payments of half your monthly payment amount, which results in 26 payments per year instead of 12 (equivalent to 13 monthly payments). This strategy works because interest compounds daily, so reducing the principal balance more frequently means less interest accumulation over time.'
  }</parameter>
<parameter name="new_string">  {
    id: 'prompt-40',
    prompt: 'Set up bi-weekly instead of monthly payments on your highest-interest debt to reduce interest accrual',
    category: 'action',
    helpText: 'Making payments every two weeks instead of monthly can significantly reduce the amount of interest that accrues on your debt balance and accelerate your payoff timeline. Contact your highest-interest creditor to set up bi-weekly automatic payments of half your monthly payment amount, which results in 26 payments per year instead of 12 (equivalent to 13 monthly payments). This strategy works because interest compounds daily, so reducing the principal balance more frequently means less interest accumulation over time.'
  },
  {
    id: 'prompt-42',
    prompt: 'Calculate and implement the exact payment amounts needed to eliminate your targeted debt within your desired timeframe',
    category: 'planning',
    helpText: 'Moving from planning to execution requires precise payment calculations that transform your debt elimination strategy into concrete monthly actions. Use debt payoff calculators or spreadsheets to determine the exact payment amount needed to eliminate your chosen debt within your target timeline, then immediately implement this payment amount through automatic transfers or manual payments. This bridges the gap between theoretical planning and actual debt reduction, ensuring your strategy produces measurable results each month.'
  }</parameter>
</invoke>
[0;32m2025-09-21 14:25:03 - Completed prompt #42[0m
[0;34m2025-09-21 14:25:08 - Generating prompt #43 (Section 3, Prompt 9/17)[0m
[1;33m2025-09-21 14:25:08 - Running prompt generation...[0m
PROMPT GENERATION COMPLETE - Prompt #43
[0;32m2025-09-21 14:25:32 - Completed prompt #43[0m
[0;34m2025-09-21 14:25:37 - Generating prompt #44 (Section 3, Prompt 10/17)[0m
[1;33m2025-09-21 14:25:37 - Running prompt generation...[0m
<invoke name="Edit">
<parameter name="file_path">/Users/ikim1/Documents/GitHub/templata-debt-payoff/src/data/prompts-debt-payoff.ts</parameter>
<parameter name="old_string">  {
    id: 'prompt-43',
    prompt: 'Calculate and transfer your first accelerated debt payment to your chosen priority debt this week',
    category: 'action',
    helpText: 'Taking action with your first accelerated payment transforms your debt payoff plan from theory into reality and creates momentum for continued success. Use your written debt strategy to determine which debt gets priority, calculate the exact extra payment amount based on your available funds, and transfer that money immediately to make your first above-minimum payment. This initial action step proves your plan works and establishes the payment rhythm that will carry you through your entire debt elimination journey.'
  }</parameter>
<parameter name="new_string">  {
    id: 'prompt-43',
    prompt: 'Calculate and transfer your first accelerated debt payment to your chosen priority debt this week',
    category: 'action',
    helpText: 'Taking action with your first accelerated payment transforms your debt payoff plan from theory into reality and creates momentum for continued success. Use your written debt strategy to determine which debt gets priority, calculate the exact extra payment amount based on your available funds, and transfer that money immediately to make your first above-minimum payment. This initial action step proves your plan works and establishes the payment rhythm that will carry you through your entire debt elimination journey.'
  },
  {
    id: 'prompt-44',
    prompt: 'Create a visual debt payoff tracker to monitor your progress and maintain motivation throughout your journey',
    category: 'action',
    helpText: 'A visual representation of your debt elimination progress provides powerful psychological motivation and helps you celebrate milestones along the way. Create a simple chart, thermometer graphic, or debt balance tracking spreadsheet that you update monthly with current balances and payments made. This visual tool transforms abstract numbers into tangible progress you can see, helping maintain momentum during challenging months and providing satisfying evidence of your financial improvements over time.'
  }</parameter>
</invoke>
[0;32m2025-09-21 14:25:56 - Completed prompt #44[0m
[0;34m2025-09-21 14:26:01 - Generating prompt #45 (Section 3, Prompt 11/17)[0m
[1;33m2025-09-21 14:26:01 - Running prompt generation...[0m
<invoke name="Edit">
<parameter name="file_path">/Users/ikim1/Documents/GitHub/templata-debt-payoff/src/data/prompts-debt-payoff.ts</parameter>
<parameter name="old_string">  {
    id: 'prompt-43',
    prompt: 'Calculate and transfer your first accelerated debt payment to your chosen priority debt this week',
    category: 'action',
    helpText: 'Taking action with your first accelerated payment transforms your debt payoff plan from theory into reality and creates momentum for continued success. Use your written debt strategy to determine which debt gets priority, calculate the exact extra payment amount based on your available funds, and transfer that money immediately to make your first above-minimum payment. This initial action step proves your plan works and establishes the payment rhythm that will carry you through your entire debt elimination journey.'
  }</parameter>
<parameter name="new_string">  {
    id: 'prompt-43',
    prompt: 'Calculate and transfer your first accelerated debt payment to your chosen priority debt this week',
    category: 'action',
    helpText: 'Taking action with your first accelerated payment transforms your debt payoff plan from theory into reality and creates momentum for continued success. Use your written debt strategy to determine which debt gets priority, calculate the exact extra payment amount based on your available funds, and transfer that money immediately to make your first above-minimum payment. This initial action step proves your plan works and establishes the payment rhythm that will carry you through your entire debt elimination journey.'
  },
  {
    id: 'prompt-45',
    prompt: 'Review and cancel all unused credit cards while keeping your oldest accounts open to maintain credit history',
    category: 'action',
    helpText: 'Eliminating unused credit cards reduces temptation to accumulate new debt while protecting your credit score by maintaining your oldest accounts. Call to cancel cards you no longer use, especially those with annual fees, but keep your oldest cards open with small recurring purchases to maintain account activity. This strategic approach removes debt accumulation tools while preserving the credit history length that positively impacts your credit score throughout your debt payoff journey.'
  }</parameter>
</invoke>
[0;32m2025-09-21 14:26:18 - Completed prompt #45[0m
[0;34m2025-09-21 14:26:23 - Generating prompt #46 (Section 3, Prompt 12/17)[0m
[1;33m2025-09-21 14:26:23 - Running prompt generation...[0m
<invoke name="Edit">
<parameter name="file_path">/Users/ikim1/Documents/GitHub/templata-debt-payoff/src/data/prompts-debt-payoff.ts</parameter>
<parameter name="old_string">  {
    id: 'prompt-43',
    prompt: 'Calculate and transfer your first accelerated debt payment to your chosen priority debt this week',
    category: 'action',
    helpText: 'Taking action with your first accelerated payment transforms your debt payoff plan from theory into reality and creates momentum for continued success. Use your written debt strategy to determine which debt gets priority, calculate the exact extra payment amount based on your available funds, and transfer that money immediately to make your first above-minimum payment. This initial action step proves your plan works and establishes the payment rhythm that will carry you through your entire debt elimination journey.'
  }</parameter>
<parameter name="new_string">  {
    id: 'prompt-43',
    prompt: 'Calculate and transfer your first accelerated debt payment to your chosen priority debt this week',
    category: 'action',
    helpText: 'Taking action with your first accelerated payment transforms your debt payoff plan from theory into reality and creates momentum for continued success. Use your written debt strategy to determine which debt gets priority, calculate the exact extra payment amount based on your available funds, and transfer that money immediately to make your first above-minimum payment. This initial action step proves your plan works and establishes the payment rhythm that will carry you through your entire debt elimination journey.'
  },
  {
    id: 'prompt-46',
    prompt: 'Set up automatic monthly transfers from your checking account to your highest-priority debt payment',
    category: 'action',
    helpText: 'Automating your accelerated debt payments removes the temptation to spend that money elsewhere and ensures consistent progress toward debt freedom even when motivation fluctuates. Contact your bank or use online banking to schedule automatic monthly transfers for your planned extra payment amount on the same day each month, preferably right after payday. This systematic approach treats debt elimination like any other essential bill, making it easier to maintain momentum and see steady progress toward your financial goals.'
  }</parameter>
</invoke>
[0;32m2025-09-21 14:26:41 - Completed prompt #46[0m
[0;34m2025-09-21 14:26:46 - Generating prompt #47 (Section 3, Prompt 13/17)[0m
[1;33m2025-09-21 14:26:46 - Running prompt generation...[0m
<invoke name="Edit">
<parameter name="file_path">/Users/ikim1/Documents/GitHub/templata-debt-payoff/src/data/prompts-debt-payoff.ts</parameter>
<parameter name="old_string">  {
    id: 'prompt-43',
    prompt: 'Calculate and transfer your first accelerated debt payment to your chosen priority debt this week',
    category: 'action',
    helpText: 'Taking action with your first accelerated payment transforms your debt payoff plan from theory into reality and creates momentum for continued success. Use your written debt strategy to determine which debt gets priority, calculate the exact extra payment amount based on your available funds, and transfer that money immediately to make your first above-minimum payment. This initial action step proves your plan works and establishes the payment rhythm that will carry you through your entire debt elimination journey.'
  }</parameter>
<parameter name="new_string">  {
    id: 'prompt-43',
    prompt: 'Calculate and transfer your first accelerated debt payment to your chosen priority debt this week',
    category: 'action',
    helpText: 'Taking action with your first accelerated payment transforms your debt payoff plan from theory into reality and creates momentum for continued success. Use your written debt strategy to determine which debt gets priority, calculate the exact extra payment amount based on your available funds, and transfer that money immediately to make your first above-minimum payment. This initial action step proves your plan works and establishes the payment rhythm that will carry you through your entire debt elimination journey.'
  },
  {
    id: 'prompt-47',
    prompt: 'Schedule and complete balance transfers for high-interest credit card debt to lower-rate accounts or promotional offers',
    category: 'action',
    helpText: 'Balance transfers can immediately reduce the interest you pay on existing credit card debt, potentially saving hundreds or thousands of dollars over your payoff timeline. Research current balance transfer offers with 0% or low promotional rates, calculate transfer fees against potential savings, and complete the transfers for your highest-rate debt. This strategic move can significantly accelerate your debt freedom by redirecting interest payments toward principal reduction instead.'
  }</parameter>
</invoke>
[0;32m2025-09-21 14:27:03 - Completed prompt #47[0m
[0;34m2025-09-21 14:27:09 - Generating prompt #48 (Section 3, Prompt 14/17)[0m
[1;33m2025-09-21 14:27:09 - Running prompt generation...[0m
<invoke name="Edit">
<parameter name="file_path">/Users/ikim1/Documents/GitHub/templata-debt-payoff/src/data/prompts-debt-payoff.ts</parameter>
<parameter name="old_string">  {
    id: 'prompt-43',
    prompt: 'Calculate and transfer your first accelerated debt payment to your chosen priority debt this week',
    category: 'action',
    helpText: 'Taking action with your first accelerated payment transforms your debt payoff plan from theory into reality and creates momentum for continued success. Use your written debt strategy to determine which debt gets priority, calculate the exact extra payment amount based on your available funds, and transfer that money immediately to make your first above-minimum payment. This initial action step proves your plan works and establishes the payment rhythm that will carry you through your entire debt elimination journey.'
  }</parameter>
<parameter name="new_string">  {
    id: 'prompt-43',
    prompt: 'Calculate and transfer your first accelerated debt payment to your chosen priority debt this week',
    category: 'action',
    helpText: 'Taking action with your first accelerated payment transforms your debt payoff plan from theory into reality and creates momentum for continued success. Use your written debt strategy to determine which debt gets priority, calculate the exact extra payment amount based on your available funds, and transfer that money immediately to make your first above-minimum payment. This initial action step proves your plan works and establishes the payment rhythm that will carry you through your entire debt elimination journey.'
  },
  {
    id: 'prompt-48',
    prompt: 'Track and document all debt-related expenses and fees for the next month to identify hidden costs',
    category: 'action',
    helpText: 'Many debt holders are unaware of the full scope of fees they pay monthly, including late fees, over-limit charges, annual fees, and interest rate penalties that can add hundreds to their debt burden. Create a simple tracking system to document every fee, charge, and penalty related to your debts for 30 days, noting the amount, reason, and which debt it affects. This awareness helps you avoid future fees through better payment timing and reveals exactly how much these hidden costs are adding to your total debt elimination timeline.'
  }</parameter>
</invoke>
[0;32m2025-09-21 14:27:27 - Completed prompt #48[0m
[0;34m2025-09-21 14:27:32 - Generating prompt #49 (Section 3, Prompt 15/17)[0m
[1;33m2025-09-21 14:27:32 - Running prompt generation...[0m
PROMPT GENERATION COMPLETE - Prompt #49
[0;32m2025-09-21 14:27:55 - Completed prompt #49[0m
[0;34m2025-09-21 14:28:01 - Generating prompt #50 (Section 3, Prompt 16/17)[0m
[1;33m2025-09-21 14:28:01 - Running prompt generation...[0m
PROMPT GENERATION COMPLETE - Prompt #50
[0;32m2025-09-21 14:28:29 - Completed prompt #50[0m
[0;34m2025-09-21 14:28:34 - Generating prompt #51 (Section 3, Prompt 17/17)[0m
[1;33m2025-09-21 14:28:34 - Running prompt generation...[0m
PROMPT GENERATION COMPLETE - Prompt #51
[0;32m2025-09-21 14:28:54 - Completed prompt #51[0m
[0;34m2025-09-21 14:28:59 - Generating prompt #52 (Section 4, Prompt 1/17)[0m
[1;33m2025-09-21 14:28:59 - Running prompt generation...[0m
PROMPT GENERATION COMPLETE - Prompt #52
[0;32m2025-09-21 14:29:20 - Completed prompt #52[0m
[0;34m2025-09-21 14:29:25 - Generating prompt #53 (Section 4, Prompt 2/17)[0m
[1;33m2025-09-21 14:29:25 - Running prompt generation...[0m
PROMPT GENERATION COMPLETE - Prompt #53
[0;32m2025-09-21 14:29:46 - Completed prompt #53[0m
[0;34m2025-09-21 14:29:51 - Generating prompt #54 (Section 4, Prompt 3/17)[0m
[1;33m2025-09-21 14:29:51 - Running prompt generation...[0m
PROMPT GENERATION COMPLETE - Prompt #54
[0;32m2025-09-21 14:30:11 - Completed prompt #54[0m
[0;34m2025-09-21 14:30:16 - Generating prompt #55 (Section 4, Prompt 4/17)[0m
[1;33m2025-09-21 14:30:16 - Running prompt generation...[0m
PROMPT GENERATION COMPLETE - Prompt #55
[0;32m2025-09-21 14:30:37 - Completed prompt #55[0m
[0;34m2025-09-21 14:30:42 - Generating prompt #56 (Section 4, Prompt 5/17)[0m
[1;33m2025-09-21 14:30:42 - Running prompt generation...[0m
PROMPT GENERATION COMPLETE - Prompt #56
[0;32m2025-09-21 14:31:03 - Completed prompt #56[0m
[0;34m2025-09-21 14:31:08 - Generating prompt #57 (Section 4, Prompt 6/17)[0m
[1;33m2025-09-21 14:31:08 - Running prompt generation...[0m
PROMPT GENERATION COMPLETE - Prompt #57
[0;32m2025-09-21 14:31:33 - Completed prompt #57[0m
[0;34m2025-09-21 14:31:38 - Generating prompt #58 (Section 4, Prompt 7/17)[0m
[1;33m2025-09-21 14:31:38 - Running prompt generation...[0m
PROMPT GENERATION COMPLETE - Prompt #58
[0;32m2025-09-21 14:31:59 - Completed prompt #58[0m
[0;34m2025-09-21 14:32:04 - Generating prompt #59 (Section 4, Prompt 8/17)[0m
[1;33m2025-09-21 14:32:04 - Running prompt generation...[0m
PROMPT GENERATION COMPLETE - Prompt #59
[0;32m2025-09-21 14:32:28 - Completed prompt #59[0m
[0;34m2025-09-21 14:32:33 - Generating prompt #60 (Section 4, Prompt 9/17)[0m
[1;33m2025-09-21 14:32:33 - Running prompt generation...[0m
PROMPT GENERATION COMPLETE - Prompt #60
[0;32m2025-09-21 14:32:55 - Completed prompt #60[0m
[0;34m2025-09-21 14:33:01 - Generating prompt #61 (Section 4, Prompt 10/17)[0m
[1;33m2025-09-21 14:33:01 - Running prompt generation...[0m
PROMPT GENERATION COMPLETE - Prompt #61
[0;32m2025-09-21 14:33:22 - Completed prompt #61[0m
[0;34m2025-09-21 14:33:27 - Generating prompt #62 (Section 4, Prompt 11/17)[0m
[1;33m2025-09-21 14:33:27 - Running prompt generation...[0m
PROMPT GENERATION COMPLETE - Prompt #62
[0;32m2025-09-21 14:33:48 - Completed prompt #62[0m
[0;34m2025-09-21 14:33:53 - Generating prompt #63 (Section 4, Prompt 12/17)[0m
[1;33m2025-09-21 14:33:53 - Running prompt generation...[0m
PROMPT GENERATION COMPLETE - Prompt #63
[0;32m2025-09-21 14:34:18 - Completed prompt #63[0m
[0;34m2025-09-21 14:34:23 - Generating prompt #64 (Section 4, Prompt 13/17)[0m
[1;33m2025-09-21 14:34:23 - Running prompt generation...[0m
PROMPT GENERATION COMPLETE - Prompt #64
[0;32m2025-09-21 14:34:44 - Completed prompt #64[0m
[0;34m2025-09-21 14:34:49 - Generating prompt #65 (Section 4, Prompt 14/17)[0m
[1;33m2025-09-21 14:34:49 - Running prompt generation...[0m
<invoke name="Edit">
<parameter name="file_path">/Users/ikim1/Documents/GitHub/templata-debt-payoff/src/data/prompts-debt-payoff.ts</parameter>
<parameter name="old_string">  {
    id: 'prompt-64',
    prompt: 'Schedule a family meeting to align everyone on new spending rules and explain how debt payoff affects household budget decisions',
    category: 'action',
    helpText: 'Family-wide understanding and cooperation is essential for debt payoff success, as conflicting spending by household members can undermine your progress. Set up a formal family meeting to clearly explain your debt situation, the new household budget constraints, and how purchase decisions will be made during the debt payoff period. Create age-appropriate explanations for children and establish specific spending approval processes that everyone understands and agrees to follow.'
  }</parameter>
<parameter name="new_string">  {
    id: 'prompt-64',
    prompt: 'Schedule a family meeting to align everyone on new spending rules and explain how debt payoff affects household budget decisions',
    category: 'action',
    helpText: 'Family-wide understanding and cooperation is essential for debt payoff success, as conflicting spending by household members can undermine your progress. Set up a formal family meeting to clearly explain your debt situation, the new household budget constraints, and how purchase decisions will be made during the debt payoff period. Create age-appropriate explanations for children and establish specific spending approval processes that everyone understands and agrees to follow.'
  },
  {
    id: 'prompt-65',
    prompt: 'Schedule and have a conversation with extended family about your debt payoff goals to prevent guilt or pressure around gift-giving and expensive family traditions',
    category: 'action',
    helpText: 'Extended family relationships can become strained during debt payoff when you need to decline expensive traditions, reduce gift-giving, or skip costly family events. Schedule individual or group conversations to honestly explain your financial goals and timeline, emphasizing that this temporary sacrifice will benefit your long-term family stability. Most family members will respect your priorities and may offer creative alternatives for staying connected that fit your reduced budget.'
  }</parameter>
</invoke>
[0;32m2025-09-21 14:35:08 - Completed prompt #65[0m
[0;34m2025-09-21 14:35:14 - Generating prompt #66 (Section 4, Prompt 15/17)[0m
[1;33m2025-09-21 14:35:14 - Running prompt generation...[0m
PROMPT GENERATION COMPLETE - Prompt #66
[0;32m2025-09-21 14:35:34 - Completed prompt #66[0m
[0;34m2025-09-21 14:35:39 - Generating prompt #67 (Section 4, Prompt 16/17)[0m
[1;33m2025-09-21 14:35:39 - Running prompt generation...[0m
PROMPT GENERATION COMPLETE - Prompt #67
[0;32m2025-09-21 14:36:01 - Completed prompt #67[0m
[0;34m2025-09-21 14:36:06 - Generating prompt #68 (Section 4, Prompt 17/17)[0m
[1;33m2025-09-21 14:36:06 - Running prompt generation...[0m
PROMPT GENERATION COMPLETE - Prompt #68
[0;32m2025-09-21 14:36:26 - Completed prompt #68[0m
[0;34m2025-09-21 14:36:31 - Generating prompt #69 (Section 5, Prompt 1/17)[0m
[1;33m2025-09-21 14:36:31 - Running prompt generation...[0m
PROMPT GENERATION COMPLETE - Prompt #69
[0;32m2025-09-21 14:36:53 - Completed prompt #69[0m
[0;34m2025-09-21 14:36:58 - Generating prompt #70 (Section 5, Prompt 2/17)[0m
[1;33m2025-09-21 14:36:58 - Running prompt generation...[0m
PROMPT GENERATION COMPLETE - Prompt #70
[0;32m2025-09-21 14:37:19 - Completed prompt #70[0m
[0;34m2025-09-21 14:37:24 - Generating prompt #71 (Section 5, Prompt 3/17)[0m
[1;33m2025-09-21 14:37:24 - Running prompt generation...[0m
PROMPT GENERATION COMPLETE - Prompt #71
[0;32m2025-09-21 14:37:45 - Completed prompt #71[0m
[0;34m2025-09-21 14:37:50 - Generating prompt #72 (Section 5, Prompt 4/17)[0m
[1;33m2025-09-21 14:37:50 - Running prompt generation...[0m
PROMPT GENERATION COMPLETE - Prompt #72
[0;32m2025-09-21 14:38:12 - Completed prompt #72[0m
[0;34m2025-09-21 14:38:17 - Generating prompt #73 (Section 5, Prompt 5/17)[0m
[1;33m2025-09-21 14:38:17 - Running prompt generation...[0m
PROMPT GENERATION COMPLETE - Prompt #73
[0;32m2025-09-21 14:38:39 - Completed prompt #73[0m
[0;34m2025-09-21 14:38:44 - Generating prompt #74 (Section 5, Prompt 6/17)[0m
[1;33m2025-09-21 14:38:44 - Running prompt generation...[0m
PROMPT GENERATION COMPLETE - Prompt #74
[0;32m2025-09-21 14:39:05 - Completed prompt #74[0m
[0;34m2025-09-21 14:39:10 - Generating prompt #75 (Section 5, Prompt 7/17)[0m
[1;33m2025-09-21 14:39:10 - Running prompt generation...[0m
PROMPT GENERATION COMPLETE - Prompt #75
[0;32m2025-09-21 14:39:31 - Completed prompt #75[0m
[0;34m2025-09-21 14:39:37 - Generating prompt #76 (Section 5, Prompt 8/17)[0m
[1;33m2025-09-21 14:39:37 - Running prompt generation...[0m
PROMPT GENERATION COMPLETE - Prompt #76
[0;32m2025-09-21 14:39:58 - Completed prompt #76[0m
[0;34m2025-09-21 14:40:03 - Generating prompt #77 (Section 5, Prompt 9/17)[0m
[1;33m2025-09-21 14:40:03 - Running prompt generation...[0m
PROMPT GENERATION COMPLETE - Prompt #77
[0;32m2025-09-21 14:40:24 - Completed prompt #77[0m
[0;34m2025-09-21 14:40:29 - Generating prompt #78 (Section 5, Prompt 10/17)[0m
[1;33m2025-09-21 14:40:29 - Running prompt generation...[0m
PROMPT GENERATION COMPLETE - Prompt #78
[0;32m2025-09-21 14:40:52 - Completed prompt #78[0m
[0;34m2025-09-21 14:40:57 - Generating prompt #79 (Section 5, Prompt 11/17)[0m
[1;33m2025-09-21 14:40:57 - Running prompt generation...[0m
PROMPT GENERATION COMPLETE - Prompt #79
[0;32m2025-09-21 14:41:18 - Completed prompt #79[0m
[0;34m2025-09-21 14:41:23 - Generating prompt #80 (Section 5, Prompt 12/17)[0m
[1;33m2025-09-21 14:41:24 - Running prompt generation...[0m
PROMPT GENERATION COMPLETE - Prompt #80
[0;32m2025-09-21 14:41:47 - Completed prompt #80[0m
[0;34m2025-09-21 14:41:52 - Generating prompt #81 (Section 5, Prompt 13/17)[0m
[1;33m2025-09-21 14:41:52 - Running prompt generation...[0m
PROMPT GENERATION COMPLETE - Prompt #81
[0;32m2025-09-21 14:42:15 - Completed prompt #81[0m
[0;34m2025-09-21 14:42:20 - Generating prompt #82 (Section 5, Prompt 14/17)[0m
[1;33m2025-09-21 14:42:20 - Running prompt generation...[0m
PROMPT GENERATION COMPLETE - Prompt #82
[0;32m2025-09-21 14:42:42 - Completed prompt #82[0m
[0;34m2025-09-21 14:42:47 - Generating prompt #83 (Section 5, Prompt 15/17)[0m
[1;33m2025-09-21 14:42:47 - Running prompt generation...[0m
PROMPT GENERATION COMPLETE - Prompt #83
[0;32m2025-09-21 14:43:09 - Completed prompt #83[0m
[0;34m2025-09-21 14:43:14 - Generating prompt #84 (Section 5, Prompt 16/17)[0m
[1;33m2025-09-21 14:43:14 - Running prompt generation...[0m
PROMPT GENERATION COMPLETE - Prompt #84
[0;32m2025-09-21 14:43:34 - Completed prompt #84[0m
[0;34m2025-09-21 14:43:39 - Generating prompt #85 (Section 5, Prompt 17/17)[0m
[1;33m2025-09-21 14:43:39 - Running prompt generation...[0m
PROMPT GENERATION COMPLETE - Prompt #85
[0;32m2025-09-21 14:44:00 - Completed prompt #85[0m
[0;34m2025-09-21 14:44:05 - Generating prompt #86 (Section 6, Prompt 1/17)[0m
[1;33m2025-09-21 14:44:05 - Running prompt generation...[0m
PROMPT GENERATION COMPLETE - Prompt #86
[0;32m2025-09-21 14:44:28 - Completed prompt #86[0m
[0;34m2025-09-21 14:44:33 - Generating prompt #87 (Section 6, Prompt 2/17)[0m
[1;33m2025-09-21 14:44:33 - Running prompt generation...[0m
PROMPT GENERATION COMPLETE - Prompt #87
[0;32m2025-09-21 14:44:55 - Completed prompt #87[0m
[0;34m2025-09-21 14:45:00 - Generating prompt #88 (Section 6, Prompt 3/17)[0m
[1;33m2025-09-21 14:45:00 - Running prompt generation...[0m
PROMPT GENERATION COMPLETE - Prompt #88
[0;32m2025-09-21 14:45:23 - Completed prompt #88[0m
[0;34m2025-09-21 14:45:28 - Generating prompt #89 (Section 6, Prompt 4/17)[0m
[1;33m2025-09-21 14:45:28 - Running prompt generation...[0m
PROMPT GENERATION COMPLETE - Prompt #89
[0;32m2025-09-21 14:45:46 - Completed prompt #89[0m
[0;34m2025-09-21 14:45:51 - Generating prompt #90 (Section 6, Prompt 5/17)[0m
[1;33m2025-09-21 14:45:51 - Running prompt generation...[0m
PROMPT GENERATION COMPLETE - Prompt #90
[0;32m2025-09-21 14:46:16 - Completed prompt #90[0m
[0;34m2025-09-21 14:46:21 - Generating prompt #91 (Section 6, Prompt 6/17)[0m
[1;33m2025-09-21 14:46:22 - Running prompt generation...[0m
PROMPT GENERATION COMPLETE - Prompt #91
[0;32m2025-09-21 14:46:39 - Completed prompt #91[0m
[0;34m2025-09-21 14:46:44 - Generating prompt #92 (Section 6, Prompt 7/17)[0m
[1;33m2025-09-21 14:46:44 - Running prompt generation...[0m
PROMPT GENERATION COMPLETE - Prompt #92
[0;32m2025-09-21 14:47:05 - Completed prompt #92[0m
[0;34m2025-09-21 14:47:10 - Generating prompt #93 (Section 6, Prompt 8/17)[0m
[1;33m2025-09-21 14:47:10 - Running prompt generation...[0m
PROMPT GENERATION COMPLETE - Prompt #93
[0;32m2025-09-21 14:47:31 - Completed prompt #93[0m
[0;34m2025-09-21 14:47:36 - Generating prompt #94 (Section 6, Prompt 9/17)[0m
[1;33m2025-09-21 14:47:36 - Running prompt generation...[0m
PROMPT GENERATION COMPLETE - Prompt #94
[0;32m2025-09-21 14:47:58 - Completed prompt #94[0m
[0;34m2025-09-21 14:48:03 - Generating prompt #95 (Section 6, Prompt 10/17)[0m
[1;33m2025-09-21 14:48:03 - Running prompt generation...[0m
PROMPT GENERATION COMPLETE - Prompt #95
[0;32m2025-09-21 14:48:24 - Completed prompt #95[0m
[0;34m2025-09-21 14:48:29 - Generating prompt #96 (Section 6, Prompt 11/17)[0m
[1;33m2025-09-21 14:48:29 - Running prompt generation...[0m
PROMPT GENERATION COMPLETE - Prompt #96
[0;32m2025-09-21 14:48:50 - Completed prompt #96[0m
[0;34m2025-09-21 14:48:55 - Generating prompt #97 (Section 6, Prompt 12/17)[0m
[1;33m2025-09-21 14:48:55 - Running prompt generation...[0m
PROMPT GENERATION COMPLETE - Prompt #97
[0;32m2025-09-21 14:49:19 - Completed prompt #97[0m
[0;34m2025-09-21 14:49:24 - Generating prompt #98 (Section 6, Prompt 13/17)[0m
[1;33m2025-09-21 14:49:24 - Running prompt generation...[0m
PROMPT GENERATION COMPLETE - Prompt #98
[0;32m2025-09-21 14:49:49 - Completed prompt #98[0m
[0;34m2025-09-21 14:49:54 - Generating prompt #99 (Section 6, Prompt 14/17)[0m
[1;33m2025-09-21 14:49:54 - Running prompt generation...[0m
PROMPT GENERATION COMPLETE - Prompt #99
[0;32m2025-09-21 14:50:17 - Completed prompt #99[0m
[0;34m2025-09-21 14:50:22 - Generating prompt #100 (Section 6, Prompt 15/17)[0m
[1;33m2025-09-21 14:50:22 - Running prompt generation...[0m
PROMPT GENERATION COMPLETE - Prompt #100
[0;32m2025-09-21 14:50:44 - Completed prompt #100[0m
[0;34m2025-09-21 14:50:49 - Generating prompt #101 (Section 6, Prompt 16/17)[0m
[1;33m2025-09-21 14:50:49 - Running prompt generation...[0m
PROMPT GENERATION COMPLETE - Prompt #101
[0;32m2025-09-21 14:51:11 - Completed prompt #101[0m
[0;34m2025-09-21 14:51:16 - Generating prompt #102 (Section 6, Prompt 17/17)[0m
[1;33m2025-09-21 14:51:16 - Running prompt generation...[0m
PROMPT GENERATION COMPLETE - Prompt #102
[0;32m2025-09-21 14:51:38 - Completed prompt #102[0m
