[0;34m2025-09-21 00:17:33 - Starting Prompt Generation Cycle for template: birdwatching[0m
[1;33m2025-09-21 00:17:33 - Override flag detected - resetting progress and recreating files[0m
[0;32m2025-09-21 00:17:33 - Progress reset to 0 for template: birdwatching[0m
[0;32m2025-09-21 00:17:33 - Using existing worktree: ../templata-birdwatching[0m
[1;33m2025-09-21 00:17:33 - Creating template prompt file: prompts-birdwatching.ts[0m
[0;32m2025-09-21 00:17:34 - Created template prompt file: ../templata-birdwatching/src/data/prompts-birdwatching.ts[0m
[0;34m2025-09-21 00:17:35 - Generating prompt #1 (Section 1, Prompt 1/17)[0m
[1;33m2025-09-21 00:17:35 - Running prompt generation...[0m
PROMPT GENERATION COMPLETE - Prompt #1
[0;32m2025-09-21 00:18:09 - Completed prompt #1[0m
[0;34m2025-09-21 00:18:14 - Generating prompt #2 (Section 1, Prompt 2/17)[0m
[1;33m2025-09-21 00:18:14 - Running prompt generation...[0m
PROMPT GENERATION COMPLETE - Prompt #2
[0;32m2025-09-21 00:18:55 - Completed prompt #2[0m
[0;34m2025-09-21 00:19:00 - Generating prompt #3 (Section 1, Prompt 3/17)[0m
[1;33m2025-09-21 00:19:00 - Running prompt generation...[0m
PROMPT GENERATION COMPLETE - Prompt #3
[0;32m2025-09-21 00:19:30 - Completed prompt #3[0m
[0;34m2025-09-21 00:19:35 - Generating prompt #4 (Section 1, Prompt 4/17)[0m
[1;33m2025-09-21 00:19:35 - Running prompt generation...[0m
PROMPT GENERATION COMPLETE - Prompt #4
[0;32m2025-09-21 00:20:00 - Completed prompt #4[0m
[0;34m2025-09-21 00:20:06 - Generating prompt #5 (Section 1, Prompt 5/17)[0m
[1;33m2025-09-21 00:20:06 - Running prompt generation...[0m
PROMPT GENERATION COMPLETE - Prompt #5
[0;32m2025-09-21 00:20:34 - Completed prompt #5[0m
[0;34m2025-09-21 00:20:39 - Generating prompt #6 (Section 1, Prompt 6/17)[0m
[1;33m2025-09-21 00:20:39 - Running prompt generation...[0m
PROMPT GENERATION COMPLETE - Prompt #6
[0;32m2025-09-21 00:21:04 - Completed prompt #6[0m
[0;34m2025-09-21 00:21:09 - Generating prompt #7 (Section 1, Prompt 7/17)[0m
[1;33m2025-09-21 00:21:09 - Running prompt generation...[0m
PROMPT GENERATION COMPLETE - Prompt #7
[0;32m2025-09-21 00:21:40 - Completed prompt #7[0m
[0;34m2025-09-21 00:21:46 - Generating prompt #8 (Section 1, Prompt 8/17)[0m
[1;33m2025-09-21 00:21:46 - Running prompt generation...[0m
PROMPT GENERATION COMPLETE - Prompt #8
[0;32m2025-09-21 00:22:07 - Completed prompt #8[0m
[0;34m2025-09-21 00:22:12 - Generating prompt #9 (Section 1, Prompt 9/17)[0m
[1;33m2025-09-21 00:22:13 - Running prompt generation...[0m
PROMPT GENERATION COMPLETE - Prompt #9
[0;32m2025-09-21 00:22:35 - Completed prompt #9[0m
[0;34m2025-09-21 00:22:41 - Generating prompt #10 (Section 1, Prompt 10/17)[0m
[1;33m2025-09-21 00:22:41 - Running prompt generation...[0m
PROMPT GENERATION COMPLETE - Prompt #10
[0;32m2025-09-21 00:23:02 - Completed prompt #10[0m
[0;34m2025-09-21 00:23:07 - Generating prompt #11 (Section 1, Prompt 11/17)[0m
[1;33m2025-09-21 00:23:07 - Running prompt generation...[0m
PROMPT GENERATION COMPLETE - Prompt #11
[0;32m2025-09-21 00:23:28 - Completed prompt #11[0m
[0;34m2025-09-21 00:23:33 - Generating prompt #12 (Section 1, Prompt 12/17)[0m
[1;33m2025-09-21 00:23:33 - Running prompt generation...[0m
PROMPT GENERATION COMPLETE - Prompt #12
[0;32m2025-09-21 00:23:54 - Completed prompt #12[0m
[0;34m2025-09-21 00:23:59 - Generating prompt #13 (Section 1, Prompt 13/17)[0m
[1;33m2025-09-21 00:23:59 - Running prompt generation...[0m
PROMPT GENERATION COMPLETE - Prompt #13
[0;32m2025-09-21 00:24:20 - Completed prompt #13[0m
[0;34m2025-09-21 00:24:25 - Generating prompt #14 (Section 1, Prompt 14/17)[0m
[1;33m2025-09-21 00:24:25 - Running prompt generation...[0m
PROMPT GENERATION COMPLETE - Prompt #14
[0;32m2025-09-21 00:24:47 - Completed prompt #14[0m
[0;34m2025-09-21 00:24:52 - Generating prompt #15 (Section 1, Prompt 15/17)[0m
[1;33m2025-09-21 00:24:52 - Running prompt generation...[0m
PROMPT GENERATION COMPLETE - Prompt #15
[0;32m2025-09-21 00:25:14 - Completed prompt #15[0m
[0;34m2025-09-21 00:25:19 - Generating prompt #16 (Section 1, Prompt 16/17)[0m
[1;33m2025-09-21 00:25:20 - Running prompt generation...[0m
PROMPT GENERATION COMPLETE - Prompt #16
[0;32m2025-09-21 00:25:41 - Completed prompt #16[0m
[0;34m2025-09-21 00:25:46 - Generating prompt #17 (Section 1, Prompt 17/17)[0m
[1;33m2025-09-21 00:25:46 - Running prompt generation...[0m
PROMPT GENERATION COMPLETE - Prompt #17
[0;32m2025-09-21 00:26:07 - Completed prompt #17[0m
[0;34m2025-09-21 00:26:12 - Generating prompt #18 (Section 2, Prompt 1/17)[0m
[1;33m2025-09-21 00:26:13 - Running prompt generation...[0m
PROMPT GENERATION COMPLETE - Prompt #18
[0;32m2025-09-21 00:26:34 - Completed prompt #18[0m
[0;34m2025-09-21 00:26:39 - Generating prompt #19 (Section 2, Prompt 2/17)[0m
[1;33m2025-09-21 00:26:39 - Running prompt generation...[0m
PROMPT GENERATION COMPLETE - Prompt #19
[0;32m2025-09-21 00:27:01 - Completed prompt #19[0m
[0;34m2025-09-21 00:27:06 - Generating prompt #20 (Section 2, Prompt 3/17)[0m
[1;33m2025-09-21 00:27:06 - Running prompt generation...[0m
PROMPT GENERATION COMPLETE - Prompt #20
[0;32m2025-09-21 00:27:28 - Completed prompt #20[0m
[0;34m2025-09-21 00:27:33 - Generating prompt #21 (Section 2, Prompt 4/17)[0m
[1;33m2025-09-21 00:27:33 - Running prompt generation...[0m
PROMPT GENERATION COMPLETE - Prompt #21
[0;32m2025-09-21 00:27:58 - Completed prompt #21[0m
[0;34m2025-09-21 00:28:03 - Generating prompt #22 (Section 2, Prompt 5/17)[0m
[1;33m2025-09-21 00:28:03 - Running prompt generation...[0m
PROMPT GENERATION COMPLETE - Prompt #22
[0;32m2025-09-21 00:28:26 - Completed prompt #22[0m
[0;34m2025-09-21 00:28:31 - Generating prompt #23 (Section 2, Prompt 6/17)[0m
[1;33m2025-09-21 00:28:31 - Running prompt generation...[0m
PROMPT GENERATION COMPLETE - Prompt #23
[0;32m2025-09-21 00:28:55 - Completed prompt #23[0m
[0;34m2025-09-21 00:29:00 - Generating prompt #24 (Section 2, Prompt 7/17)[0m
[1;33m2025-09-21 00:29:00 - Running prompt generation...[0m
<invoke name="Edit">
<parameter name="file_path">/Users/ikim1/Documents/GitHub/templata-birdwatching/src/data/prompts-birdwatching.ts</parameter>
<parameter name="old_string">  {
    id: 'prompt-23',
    prompt: 'Create a detailed birding trip plan for your first dedicated birding excursion including route, timing, target species, and backup locations',
    category: 'planning',
    helpText: 'Developing a comprehensive trip plan maximizes your chances of success by ensuring you visit the right places at optimal times while having contingencies for weather or access issues. A well-planned first expedition includes researching recent sightings, mapping efficient routes between habitats, and timing your visit for peak bird activity periods. Having backup locations and flexible timing helps you adapt to conditions while maintaining focus on your birding goals rather than scrambling to figure out where to go next.'
  }
];</parameter>
<parameter name="new_string">  {
    id: 'prompt-23',
    prompt: 'Create a detailed birding trip plan for your first dedicated birding excursion including route, timing, target species, and backup locations',
    category: 'planning',
    helpText: 'Developing a comprehensive trip plan maximizes your chances of success by ensuring you visit the right places at optimal times while having contingencies for weather or access issues. A well-planned first expedition includes researching recent sightings, mapping efficient routes between habitats, and timing your visit for peak bird activity periods. Having backup locations and flexible timing helps you adapt to conditions while maintaining focus on your birding goals rather than scrambling to figure out where to go next.'
  },
  {
    id: 'prompt-24',
    prompt: 'Research and compile a reference list of 10 key bird flight patterns and silhouettes to help with distant identification',
    category: 'research',
    helpText: 'Learning to identify birds by their flight patterns and silhouettes is a crucial skill that allows you to recognize species at great distances when field marks aren\'t visible. Different bird families have distinctive flight styles - raptors soar with outstretched wings, woodpeckers have undulating flight patterns, and waterfowl fly in formation with rapid wingbeats. Mastering these flight characteristics provides an additional identification tool that works when birds are too far away for detailed observation.'
  }
];</parameter>
</invoke>
[0;32m2025-09-21 00:29:21 - Completed prompt #24[0m
[0;34m2025-09-21 00:29:26 - Generating prompt #25 (Section 2, Prompt 8/17)[0m
[1;33m2025-09-21 00:29:26 - Running prompt generation...[0m
<invoke name="Edit">
<parameter name="file_path">/Users/ikim1/Documents/GitHub/templata-birdwatching/src/data/prompts-birdwatching.ts</parameter>
<parameter name="old_string">  {
    id: 'prompt-23',
    prompt: 'Create a detailed birding trip plan for your first dedicated birding excursion including route, timing, target species, and backup locations',
    category: 'planning',
    helpText: 'Developing a comprehensive trip plan maximizes your chances of success by ensuring you visit the right places at optimal times while having contingencies for weather or access issues. A well-planned first expedition includes researching recent sightings, mapping efficient routes between habitats, and timing your visit for peak bird activity periods. Having backup locations and flexible timing helps you adapt to conditions while maintaining focus on your birding goals rather than scrambling to figure out where to go next.'
  }
];</parameter>
<parameter name="new_string">  {
    id: 'prompt-23',
    prompt: 'Create a detailed birding trip plan for your first dedicated birding excursion including route, timing, target species, and backup locations',
    category: 'planning',
    helpText: 'Developing a comprehensive trip plan maximizes your chances of success by ensuring you visit the right places at optimal times while having contingencies for weather or access issues. A well-planned first expedition includes researching recent sightings, mapping efficient routes between habitats, and timing your visit for peak bird activity periods. Having backup locations and flexible timing helps you adapt to conditions while maintaining focus on your birding goals rather than scrambling to figure out where to go next.'
  },
  {
    id: 'prompt-24',
    prompt: 'Build your field observation skills by practicing detailed behavioral documentation: spend 30 minutes watching one bird species and record feeding patterns, social interactions, and movement habits',
    category: 'action',
    helpText: 'Developing detailed observation skills through focused behavioral study builds the foundation for advanced birding and helps you understand the subtle differences that distinguish similar species. By concentrating on one species for an extended period, you\'ll learn to notice feeding techniques, territorial behaviors, and flock dynamics that are often overlooked in quick sightings. This intensive practice develops the patience and attention to detail essential for serious birding while creating a deeper appreciation for the complex behaviors that make each species unique.'
  },
  {
    id: 'prompt-25',
    prompt: 'Research and create a comprehensive bird safety kit including emergency contacts, first aid supplies, and protocols for wildlife encounters',
    category: 'planning',
    helpText: 'Proper safety preparation is essential for confident birding in various environments and ensures you can handle unexpected situations without compromising your safety or that of the birds you observe. A well-stocked safety kit should include basic first aid supplies, emergency communication tools, and knowledge of appropriate responses to wildlife encounters or weather emergencies. Planning for safety from the beginning allows you to explore new birding locations with confidence and establishes responsible outdoor practices that protect both you and the natural environments you visit.'
  }
];</parameter>
</invoke>
[0;32m2025-09-21 00:29:47 - Completed prompt #25[0m
[0;34m2025-09-21 00:29:52 - Generating prompt #26 (Section 2, Prompt 9/17)[0m
[1;33m2025-09-21 00:29:52 - Running prompt generation...[0m
<invoke name="Edit">
<parameter name="file_path">/Users/ikim1/Documents/GitHub/templata-birdwatching/src/data/prompts-birdwatching.ts</parameter>
<parameter name="old_string">  {
    id: 'prompt-23',
    prompt: 'Create a detailed birding trip plan for your first dedicated birding excursion including route, timing, target species, and backup locations',
    category: 'planning',
    helpText: 'Developing a comprehensive trip plan maximizes your chances of success by ensuring you visit the right places at optimal times while having contingencies for weather or access issues. A well-planned first expedition includes researching recent sightings, mapping efficient routes between habitats, and timing your visit for peak bird activity periods. Having backup locations and flexible timing helps you adapt to conditions while maintaining focus on your birding goals rather than scrambling to figure out where to go next.'
  }
];</parameter>
<parameter name="new_string">  {
    id: 'prompt-23',
    prompt: 'Create a detailed birding trip plan for your first dedicated birding excursion including route, timing, target species, and backup locations',
    category: 'planning',
    helpText: 'Developing a comprehensive trip plan maximizes your chances of success by ensuring you visit the right places at optimal times while having contingencies for weather or access issues. A well-planned first expedition includes researching recent sightings, mapping efficient routes between habitats, and timing your visit for peak bird activity periods. Having backup locations and flexible timing helps you adapt to conditions while maintaining focus on your birding goals rather than scrambling to figure out where to go next.'
  },
  {
    id: 'prompt-24',
    prompt: 'Establish a morning birding routine by setting aside 45 minutes every weekend to visit your chosen local hotspot at optimal times',
    category: 'planning',
    helpText: 'Creating a consistent birding schedule builds the foundation for developing serious observation skills and helps you understand seasonal patterns at a familiar location. Regular visits to the same spot allow you to track changes in bird populations, notice subtle behavioral patterns, and build familiarity with individual birds and their territories. This routine practice develops the patience and attention to detail essential for advanced birding while ensuring you maintain momentum in building your identification skills.'
  },
  {
    id: 'prompt-25',
    prompt: 'Create a comprehensive pre-trip preparation checklist including weather forecast review, gear inspection, and target species research for each birding outing',
    category: 'planning',
    helpText: 'Systematic preparation before each birding trip maximizes your observation opportunities by ensuring you\'re equipped for conditions and focused on realistic targets for the season and location. Checking weather helps you dress appropriately and anticipate how conditions might affect bird activity, while researching recent sightings and seasonal patterns helps you know what to look for. This preparation routine transforms casual outings into strategic birding sessions that build your skills more effectively.'
  },
  {
    id: 'prompt-26',
    prompt: 'Research and plan your first seasonal birding strategy by identifying which months offer the best opportunities for migration viewing in your region',
    category: 'planning',
    helpText: 'Understanding migration timing is crucial for maximizing your birding success and helps you plan your most exciting and productive outings around peak movement periods. Spring and fall migrations bring the greatest diversity of species through most regions, with specific timing varying by location and bird families. Planning your birding calendar around these natural events ensures you don\'t miss the brief windows when rare or seasonal species are most likely to appear in your area.'
  }
];</parameter>
</invoke>
[0;32m2025-09-21 00:30:16 - Completed prompt #26[0m
[0;34m2025-09-21 00:30:21 - Generating prompt #27 (Section 2, Prompt 10/17)[0m
[1;33m2025-09-21 00:30:21 - Running prompt generation...[0m
PROMPT GENERATION COMPLETE - Prompt #27
[0;32m2025-09-21 00:30:54 - Completed prompt #27[0m
[0;34m2025-09-21 00:30:59 - Generating prompt #28 (Section 2, Prompt 11/17)[0m
[1;33m2025-09-21 00:30:59 - Running prompt generation...[0m
PROMPT GENERATION COMPLETE - Prompt #28
[0;32m2025-09-21 00:31:20 - Completed prompt #28[0m
[0;34m2025-09-21 00:31:25 - Generating prompt #29 (Section 2, Prompt 12/17)[0m
[1;33m2025-09-21 00:31:25 - Running prompt generation...[0m
PROMPT GENERATION COMPLETE - Prompt #29
[0;32m2025-09-21 00:32:10 - Completed prompt #29[0m
[0;34m2025-09-21 00:32:15 - Generating prompt #30 (Section 2, Prompt 13/17)[0m
[1;33m2025-09-21 00:32:15 - Running prompt generation...[0m
PROMPT GENERATION COMPLETE - Prompt #30
[0;32m2025-09-21 00:32:39 - Completed prompt #30[0m
[0;34m2025-09-21 00:32:44 - Generating prompt #31 (Section 2, Prompt 14/17)[0m
[1;33m2025-09-21 00:32:44 - Running prompt generation...[0m
<invoke name="Edit">
<parameter name="file_path">/Users/ikim1/Documents/GitHub/templata-birdwatching/src/data/prompts-birdwatching.ts</parameter>
<parameter name="old_string">  {
    id: 'prompt-30',
    prompt: 'Research and prepare backup birding plans by identifying 5 indoor and covered outdoor locations for continued observation during bad weather',
    category: 'planning',
    helpText: 'Having weather contingency plans ensures you can maintain consistent birding practice regardless of outdoor conditions, preventing long gaps that can interrupt your skill development. Indoor locations like nature centers, wildlife refuges with visitor centers, and covered pavilions at parks allow continued observation and learning when rain, snow, or extreme temperatures make outdoor birding uncomfortable. Planning these alternatives in advance keeps you engaged with birding during challenging weather and often provides unique opportunities to observe birds from different vantage points.'
  }
];</parameter>
<parameter name="new_string">  {
    id: 'prompt-30',
    prompt: 'Research and prepare backup birding plans by identifying 5 indoor and covered outdoor locations for continued observation during bad weather',
    category: 'planning',
    helpText: 'Having weather contingency plans ensures you can maintain consistent birding practice regardless of outdoor conditions, preventing long gaps that can interrupt your skill development. Indoor locations like nature centers, wildlife refuges with visitor centers, and covered pavilions at parks allow continued observation and learning when rain, snow, or extreme temperatures make outdoor birding uncomfortable. Planning these alternatives in advance keeps you engaged with birding during challenging weather and often provides unique opportunities to observe birds from different vantage points.'
  },
  {
    id: 'prompt-31',
    prompt: 'Research and create a detailed map of your local area marking 10 specific birding locations with notes on habitat type, peak hours, and seasonal specialties',
    category: 'planning',
    helpText: 'Creating a comprehensive local birding map provides the foundation for systematic exploration and helps you develop expertise in your immediate area before venturing to distant locations. By documenting habitat types, optimal timing, and seasonal highlights for each spot, you create a personalized reference that maximizes your efficiency and success rate during future outings. This planning tool becomes increasingly valuable as you build location-specific knowledge and can predict where to find target species based on season, weather, and time of day.'
  }
];</parameter>
</invoke>
[0;32m2025-09-21 00:33:03 - Completed prompt #31[0m
[0;34m2025-09-21 00:33:08 - Generating prompt #32 (Section 2, Prompt 15/17)[0m
[1;33m2025-09-21 00:33:08 - Running prompt generation...[0m
<invoke name="Edit">
<parameter name="file_path">/Users/ikim1/Documents/GitHub/templata-birdwatching/src/data/prompts-birdwatching.ts</parameter>
<parameter name="old_string">  {
    id: 'prompt-30',
    prompt: 'Research and prepare backup birding plans by identifying 5 indoor and covered outdoor locations for continued observation during bad weather',
    category: 'planning',
    helpText: 'Having weather contingency plans ensures you can maintain consistent birding practice regardless of outdoor conditions, preventing long gaps that can interrupt your skill development. Indoor locations like nature centers, wildlife refuges with visitor centers, and covered pavilions at parks allow continued observation and learning when rain, snow, or extreme temperatures make outdoor birding uncomfortable. Planning these alternatives in advance keeps you engaged with birding during challenging weather and often provides unique opportunities to observe birds from different vantage points.'
  }
];</parameter>
<parameter name="new_string">  {
    id: 'prompt-30',
    prompt: 'Research and prepare backup birding plans by identifying 5 indoor and covered outdoor locations for continued observation during bad weather',
    category: 'planning',
    helpText: 'Having weather contingency plans ensures you can maintain consistent birding practice regardless of outdoor conditions, preventing long gaps that can interrupt your skill development. Indoor locations like nature centers, wildlife refuges with visitor centers, and covered pavilions at parks allow continued observation and learning when rain, snow, or extreme temperatures make outdoor birding uncomfortable. Planning these alternatives in advance keeps you engaged with birding during challenging weather and often provides unique opportunities to observe birds from different vantage points.'
  },
  {
    id: 'prompt-31',
    prompt: 'Choose and compare 3 different bird identification field guides for your region to determine which format and layout work best for your learning style',
    category: 'decision',
    helpText: 'Selecting the right field guide is crucial for building a strong identification foundation, as different guides organize information in unique ways that suit different learning preferences. Some guides arrange birds by habitat, others by color or size, and comparing these approaches helps you find the format that makes field identification most intuitive for you. Investing time in choosing the right guide upfront prevents frustration and ensures you have a reliable reference that grows with your skills rather than hindering your progress.'
  },
  {
    id: 'prompt-32',
    prompt: 'Create a detailed equipment maintenance and care schedule for your binoculars, camera gear, and field notebook to ensure reliable performance in all weather conditions',
    category: 'planning',
    helpText: 'Proper equipment maintenance is essential for ensuring your birding gear remains reliable and performs optimally during critical observation moments in challenging outdoor conditions. Regular cleaning of binocular lenses, weatherproofing checks, and organized field note storage prevents equipment failures that could cause you to miss rare sightings or damage expensive gear. Establishing maintenance routines from the beginning protects your investment and ensures your equipment supports rather than hinders your birding progression.'
  }
];</parameter>
</invoke>
[0;32m2025-09-21 00:33:30 - Completed prompt #32[0m
[0;34m2025-09-21 00:33:35 - Generating prompt #33 (Section 2, Prompt 16/17)[0m
[1;33m2025-09-21 00:33:35 - Running prompt generation...[0m
PROMPT GENERATION COMPLETE - Prompt #33
[0;32m2025-09-21 00:33:56 - Completed prompt #33[0m
[0;34m2025-09-21 00:34:01 - Generating prompt #34 (Section 2, Prompt 17/17)[0m
[1;33m2025-09-21 00:34:01 - Running prompt generation...[0m
PROMPT GENERATION COMPLETE - Prompt #34
[0;32m2025-09-21 00:34:23 - Completed prompt #34[0m
[0;34m2025-09-21 00:34:28 - Generating prompt #35 (Section 3, Prompt 1/17)[0m
[1;33m2025-09-21 00:34:28 - Running prompt generation...[0m
PROMPT GENERATION COMPLETE - Prompt #35
[0;32m2025-09-21 00:35:00 - Completed prompt #35[0m
[0;34m2025-09-21 00:35:06 - Generating prompt #36 (Section 3, Prompt 2/17)[0m
[1;33m2025-09-21 00:35:06 - Running prompt generation...[0m
PROMPT GENERATION COMPLETE - Prompt #36
[0;32m2025-09-21 00:35:29 - Completed prompt #36[0m
[0;34m2025-09-21 00:35:34 - Generating prompt #37 (Section 3, Prompt 3/17)[0m
[1;33m2025-09-21 00:35:34 - Running prompt generation...[0m
PROMPT GENERATION COMPLETE - Prompt #37
[0;32m2025-09-21 00:35:57 - Completed prompt #37[0m
[0;34m2025-09-21 00:36:02 - Generating prompt #38 (Section 3, Prompt 4/17)[0m
[1;33m2025-09-21 00:36:02 - Running prompt generation...[0m
PROMPT GENERATION COMPLETE - Prompt #38
[0;32m2025-09-21 00:36:24 - Completed prompt #38[0m
[0;34m2025-09-21 00:36:29 - Generating prompt #39 (Section 3, Prompt 5/17)[0m
[1;33m2025-09-21 00:36:29 - Running prompt generation...[0m
PROMPT GENERATION COMPLETE - Prompt #39
[0;32m2025-09-21 00:36:52 - Completed prompt #39[0m
[0;34m2025-09-21 00:36:57 - Generating prompt #40 (Section 3, Prompt 6/17)[0m
[1;33m2025-09-21 00:36:57 - Running prompt generation...[0m
PROMPT GENERATION COMPLETE - Prompt #40
[0;32m2025-09-21 00:37:27 - Completed prompt #40[0m
[0;34m2025-09-21 00:37:32 - Generating prompt #41 (Section 3, Prompt 7/17)[0m
[1;33m2025-09-21 00:37:32 - Running prompt generation...[0m
PROMPT GENERATION COMPLETE - Prompt #41
[0;32m2025-09-21 00:37:54 - Completed prompt #41[0m
[0;34m2025-09-21 00:37:59 - Generating prompt #42 (Section 3, Prompt 8/17)[0m
[1;33m2025-09-21 00:37:59 - Running prompt generation...[0m
PROMPT GENERATION COMPLETE - Prompt #42
[0;32m2025-09-21 00:38:20 - Completed prompt #42[0m
[0;34m2025-09-21 00:38:25 - Generating prompt #43 (Section 3, Prompt 9/17)[0m
[1;33m2025-09-21 00:38:25 - Running prompt generation...[0m
<invoke name="Edit">
<parameter name="file_path">/Users/ikim1/Documents/GitHub/templata-birdwatching/src/data/prompts-birdwatching.ts</parameter>
<parameter name="old_string">  {
    id: 'prompt-42',
    prompt: 'Practice using playback techniques responsibly by downloading and testing bird call recordings for 3 target species, using them sparingly to attract birds for observation',
    category: 'action',
    helpText: 'Learning to use bird call playback effectively can dramatically improve your birding success by attracting secretive species that might otherwise remain hidden in dense vegetation. However, ethical use requires limiting playback sessions to 30 seconds per species and avoiding repeated use in the same area to prevent stressing birds or disrupting their natural behaviors. This technique is particularly valuable during migration periods when proper timing and restraint can reveal species that would be impossible to observe through passive watching alone.'
  }</parameter>
<parameter name="new_string">  {
    id: 'prompt-42',
    prompt: 'Practice using playback techniques responsibly by downloading and testing bird call recordings for 3 target species, using them sparingly to attract birds for observation',
    category: 'action',
    helpText: 'Learning to use bird call playback effectively can dramatically improve your birding success by attracting secretive species that might otherwise remain hidden in dense vegetation. However, ethical use requires limiting playback sessions to 30 seconds per species and avoiding repeated use in the same area to prevent stressing birds or disrupting their natural behaviors. This technique is particularly valuable during migration periods when proper timing and restraint can reveal species that would be impossible to observe through passive watching alone.'
  },
  {
    id: 'prompt-43',
    prompt: 'Set up and maintain a natural bird water source in your yard or balcony using a shallow dish, dripper, or small fountain to attract and observe birds daily',
    category: 'action',
    helpText: 'Providing a reliable water source is one of the most effective ways to attract diverse bird species for close observation, as birds need water for drinking and bathing regardless of the season. A shallow water feature (1-2 inches deep) with a gentle dripper or fountain creates movement and sound that draws birds from surprising distances, often attracting species that don\'t visit feeders. Maintaining fresh, clean water daily establishes your space as a trusted resource for local birds and provides consistent opportunities to study behavior, identify species, and practice your observation skills in a controlled environment.'
  }</parameter>
</invoke>
[0;32m2025-09-21 00:38:44 - Completed prompt #43[0m
[0;34m2025-09-21 00:38:49 - Generating prompt #44 (Section 3, Prompt 10/17)[0m
[1;33m2025-09-21 00:38:50 - Running prompt generation...[0m
<invoke name="Edit">
<parameter name="file_path">/Users/ikim1/Documents/GitHub/templata-birdwatching/src/data/prompts-birdwatching.ts</parameter>
<parameter name="old_string">  {
    id: 'prompt-42',
    prompt: 'Practice using playback techniques responsibly by downloading and testing bird call recordings for 3 target species, using them sparingly to attract birds for observation',
    category: 'action',
    helpText: 'Learning to use bird call playback effectively can dramatically improve your birding success by attracting secretive species that might otherwise remain hidden in dense vegetation. However, ethical use requires limiting playback sessions to 30 seconds per species and avoiding repeated use in the same area to prevent stressing birds or disrupting their natural behaviors. This technique is particularly valuable during migration periods when proper timing and restraint can reveal species that would be impossible to observe through passive watching alone.'
  }</parameter>
<parameter name="new_string">  {
    id: 'prompt-42',
    prompt: 'Practice using playback techniques responsibly by downloading and testing bird call recordings for 3 target species, using them sparingly to attract birds for observation',
    category: 'action',
    helpText: 'Learning to use bird call playback effectively can dramatically improve your birding success by attracting secretive species that might otherwise remain hidden in dense vegetation. However, ethical use requires limiting playback sessions to 30 seconds per species and avoiding repeated use in the same area to prevent stressing birds or disrupting their natural behaviors. This technique is particularly valuable during migration periods when proper timing and restraint can reveal species that would be impossible to observe through passive watching alone.'
  },
  {
    id: 'prompt-44',
    prompt: 'Conduct a detailed habitat assessment by spending 1 hour systematically documenting the bird-attracting features of your chosen primary birding location',
    category: 'action',
    helpText: 'Performing a thorough habitat analysis helps you understand exactly why certain species appear in specific locations and teaches you to evaluate new birding spots more effectively. Document water sources, food availability, nesting sites, and cover types while noting which features attract different bird families throughout your observation period. This systematic assessment builds your ability to predict bird activity patterns and choose optimal observation positions, making you a more strategic and successful birder.'
  }</parameter>
</invoke>
[0;32m2025-09-21 00:39:09 - Completed prompt #44[0m
[0;34m2025-09-21 00:39:14 - Generating prompt #45 (Section 3, Prompt 11/17)[0m
[1;33m2025-09-21 00:39:14 - Running prompt generation...[0m
<invoke name="Edit">
<parameter name="file_path">/Users/ikim1/Documents/GitHub/templata-birdwatching/src/data/prompts-birdwatching.ts</parameter>
<parameter name="old_string">  {
    id: 'prompt-42',
    prompt: 'Practice using playback techniques responsibly by downloading and testing bird call recordings for 3 target species, using them sparingly to attract birds for observation',
    category: 'action',
    helpText: 'Learning to use bird call playback effectively can dramatically improve your birding success by attracting secretive species that might otherwise remain hidden in dense vegetation. However, ethical use requires limiting playback sessions to 30 seconds per species and avoiding repeated use in the same area to prevent stressing birds or disrupting their natural behaviors. This technique is particularly valuable during migration periods when proper timing and restraint can reveal species that would be impossible to observe through passive watching alone.'
  }
];</parameter>
<parameter name="new_string">  {
    id: 'prompt-42',
    prompt: 'Practice using playback techniques responsibly by downloading and testing bird call recordings for 3 target species, using them sparingly to attract birds for observation',
    category: 'action',
    helpText: 'Learning to use bird call playback effectively can dramatically improve your birding success by attracting secretive species that might otherwise remain hidden in dense vegetation. However, ethical use requires limiting playback sessions to 30 seconds per species and avoiding repeated use in the same area to prevent stressing birds or disrupting their natural behaviors. This technique is particularly valuable during migration periods when proper timing and restraint can reveal species that would be impossible to observe through passive watching alone.'
  },
  {
    id: 'prompt-45',
    prompt: 'Schedule and complete your first early morning birding session by setting an alarm for 1 hour before sunrise and spending 90 minutes actively observing birds in a local park or nature area',
    category: 'action',
    helpText: 'Early morning hours represent the peak activity period for most bird species as they begin their daily feeding routines and territorial singing, making this timing essential for maximizing your species diversity and observation opportunities. Dawn birding sessions teach you to identify birds by sound first, then track them visually, which develops crucial field skills while experiencing the most active and rewarding time of day for birding. Committing to this schedule establishes the disciplined timing habits that separate casual bird watchers from serious birders who consistently see more species.'
  }
];</parameter>
</invoke>
[0;32m2025-09-21 00:39:34 - Completed prompt #45[0m
[0;34m2025-09-21 00:39:39 - Generating prompt #46 (Section 3, Prompt 12/17)[0m
[1;33m2025-09-21 00:39:39 - Running prompt generation...[0m
PROMPT GENERATION COMPLETE - Prompt #46
[0;32m2025-09-21 00:40:02 - Completed prompt #46[0m
[0;34m2025-09-21 00:40:07 - Generating prompt #47 (Section 3, Prompt 13/17)[0m
[1;33m2025-09-21 00:40:07 - Running prompt generation...[0m
PROMPT GENERATION COMPLETE - Prompt #47
[0;32m2025-09-21 00:40:29 - Completed prompt #47[0m
[0;34m2025-09-21 00:40:34 - Generating prompt #48 (Section 3, Prompt 14/17)[0m
[1;33m2025-09-21 00:40:35 - Running prompt generation...[0m
PROMPT GENERATION COMPLETE - Prompt #48
[0;32m2025-09-21 00:40:56 - Completed prompt #48[0m
[0;34m2025-09-21 00:41:01 - Generating prompt #49 (Section 3, Prompt 15/17)[0m
[1;33m2025-09-21 00:41:01 - Running prompt generation...[0m
PROMPT GENERATION COMPLETE - Prompt #49
[0;32m2025-09-21 00:41:23 - Completed prompt #49[0m
[0;34m2025-09-21 00:41:28 - Generating prompt #50 (Section 3, Prompt 16/17)[0m
[1;33m2025-09-21 00:41:28 - Running prompt generation...[0m
PROMPT GENERATION COMPLETE - Prompt #50
[0;32m2025-09-21 00:41:48 - Completed prompt #50[0m
[0;34m2025-09-21 00:41:53 - Generating prompt #51 (Section 3, Prompt 17/17)[0m
[1;33m2025-09-21 00:41:53 - Running prompt generation...[0m
PROMPT GENERATION COMPLETE - Prompt #51
[0;32m2025-09-21 00:42:16 - Completed prompt #51[0m
[0;34m2025-09-21 00:42:21 - Generating prompt #52 (Section 4, Prompt 1/17)[0m
[1;33m2025-09-21 00:42:21 - Running prompt generation...[0m
PROMPT GENERATION COMPLETE - Prompt #52
[0;32m2025-09-21 00:42:42 - Completed prompt #52[0m
[0;34m2025-09-21 00:42:47 - Generating prompt #53 (Section 4, Prompt 2/17)[0m
[1;33m2025-09-21 00:42:47 - Running prompt generation...[0m
PROMPT GENERATION COMPLETE - Prompt #53
[0;32m2025-09-21 00:43:10 - Completed prompt #53[0m
[0;34m2025-09-21 00:43:15 - Generating prompt #54 (Section 4, Prompt 3/17)[0m
[1;33m2025-09-21 00:43:15 - Running prompt generation...[0m
PROMPT GENERATION COMPLETE - Prompt #54
[0;32m2025-09-21 00:43:36 - Completed prompt #54[0m
[0;34m2025-09-21 00:43:41 - Generating prompt #55 (Section 4, Prompt 4/17)[0m
[1;33m2025-09-21 00:43:41 - Running prompt generation...[0m
PROMPT GENERATION COMPLETE - Prompt #55
[0;32m2025-09-21 00:44:07 - Completed prompt #55[0m
[0;34m2025-09-21 00:44:12 - Generating prompt #56 (Section 4, Prompt 5/17)[0m
[1;33m2025-09-21 00:44:12 - Running prompt generation...[0m
PROMPT GENERATION COMPLETE - Prompt #56
[0;32m2025-09-21 00:44:35 - Completed prompt #56[0m
[0;34m2025-09-21 00:44:40 - Generating prompt #57 (Section 4, Prompt 6/17)[0m
[1;33m2025-09-21 00:44:40 - Running prompt generation...[0m
PROMPT GENERATION COMPLETE - Prompt #57
[0;32m2025-09-21 00:45:00 - Completed prompt #57[0m
[0;34m2025-09-21 00:45:05 - Generating prompt #58 (Section 4, Prompt 7/17)[0m
[1;33m2025-09-21 00:45:05 - Running prompt generation...[0m
PROMPT GENERATION COMPLETE - Prompt #58
[0;32m2025-09-21 00:45:28 - Completed prompt #58[0m
[0;34m2025-09-21 00:45:33 - Generating prompt #59 (Section 4, Prompt 8/17)[0m
[1;33m2025-09-21 00:45:33 - Running prompt generation...[0m
PROMPT GENERATION COMPLETE - Prompt #59
[0;32m2025-09-21 00:45:58 - Completed prompt #59[0m
[0;34m2025-09-21 00:46:03 - Generating prompt #60 (Section 4, Prompt 9/17)[0m
[1;33m2025-09-21 00:46:03 - Running prompt generation...[0m
PROMPT GENERATION COMPLETE - Prompt #60
[0;32m2025-09-21 00:46:25 - Completed prompt #60[0m
[0;34m2025-09-21 00:46:30 - Generating prompt #61 (Section 4, Prompt 10/17)[0m
[1;33m2025-09-21 00:46:30 - Running prompt generation...[0m
PROMPT GENERATION COMPLETE - Prompt #61
[0;32m2025-09-21 00:46:51 - Completed prompt #61[0m
[0;34m2025-09-21 00:46:56 - Generating prompt #62 (Section 4, Prompt 11/17)[0m
[1;33m2025-09-21 00:46:56 - Running prompt generation...[0m
PROMPT GENERATION COMPLETE - Prompt #62
[0;32m2025-09-21 00:47:17 - Completed prompt #62[0m
[0;34m2025-09-21 00:47:22 - Generating prompt #63 (Section 4, Prompt 12/17)[0m
[1;33m2025-09-21 00:47:22 - Running prompt generation...[0m
PROMPT GENERATION COMPLETE - Prompt #63
[0;32m2025-09-21 00:47:43 - Completed prompt #63[0m
[0;34m2025-09-21 00:47:48 - Generating prompt #64 (Section 4, Prompt 13/17)[0m
[1;33m2025-09-21 00:47:48 - Running prompt generation...[0m
PROMPT GENERATION COMPLETE - Prompt #64
[0;32m2025-09-21 00:48:12 - Completed prompt #64[0m
[0;34m2025-09-21 00:48:17 - Generating prompt #65 (Section 4, Prompt 14/17)[0m
[1;33m2025-09-21 00:48:17 - Running prompt generation...[0m
PROMPT GENERATION COMPLETE - Prompt #65
[0;32m2025-09-21 00:48:39 - Completed prompt #65[0m
[0;34m2025-09-21 00:48:44 - Generating prompt #66 (Section 4, Prompt 15/17)[0m
[1;33m2025-09-21 00:48:44 - Running prompt generation...[0m
PROMPT GENERATION COMPLETE - Prompt #66
[0;32m2025-09-21 00:49:07 - Completed prompt #66[0m
[0;34m2025-09-21 00:49:12 - Generating prompt #67 (Section 4, Prompt 16/17)[0m
[1;33m2025-09-21 00:49:12 - Running prompt generation...[0m
PROMPT GENERATION COMPLETE - Prompt #67
[0;32m2025-09-21 00:49:35 - Completed prompt #67[0m
[0;34m2025-09-21 00:49:40 - Generating prompt #68 (Section 4, Prompt 17/17)[0m
[1;33m2025-09-21 00:49:40 - Running prompt generation...[0m
PROMPT GENERATION COMPLETE - Prompt #68
[0;32m2025-09-21 00:50:00 - Completed prompt #68[0m
[0;34m2025-09-21 00:50:05 - Generating prompt #69 (Section 5, Prompt 1/17)[0m
[1;33m2025-09-21 00:50:05 - Running prompt generation...[0m
PROMPT GENERATION COMPLETE - Prompt #69
[0;32m2025-09-21 00:50:30 - Completed prompt #69[0m
[0;34m2025-09-21 00:50:35 - Generating prompt #70 (Section 5, Prompt 2/17)[0m
[1;33m2025-09-21 00:50:35 - Running prompt generation...[0m
PROMPT GENERATION COMPLETE - Prompt #70
[0;32m2025-09-21 00:50:59 - Completed prompt #70[0m
[0;34m2025-09-21 00:51:04 - Generating prompt #71 (Section 5, Prompt 3/17)[0m
[1;33m2025-09-21 00:51:04 - Running prompt generation...[0m
PROMPT GENERATION COMPLETE - Prompt #71
[0;32m2025-09-21 00:51:29 - Completed prompt #71[0m
[0;34m2025-09-21 00:51:34 - Generating prompt #72 (Section 5, Prompt 4/17)[0m
[1;33m2025-09-21 00:51:34 - Running prompt generation...[0m
5-hour limit reached ∙ resets 5am
[0;32m2025-09-21 00:51:55 - Completed prompt #72[0m
[0;34m2025-09-21 00:52:01 - Generating prompt #73 (Section 5, Prompt 5/17)[0m
[1;33m2025-09-21 00:52:01 - Running prompt generation...[0m
5-hour limit reached ∙ resets 5am
[0;32m2025-09-21 00:52:12 - Completed prompt #73[0m
[0;34m2025-09-21 00:52:17 - Generating prompt #74 (Section 5, Prompt 6/17)[0m
[1;33m2025-09-21 00:52:17 - Running prompt generation...[0m
5-hour limit reached ∙ resets 5am
[0;32m2025-09-21 00:52:28 - Completed prompt #74[0m
[0;34m2025-09-21 00:52:33 - Generating prompt #75 (Section 5, Prompt 7/17)[0m
[1;33m2025-09-21 00:52:33 - Running prompt generation...[0m
5-hour limit reached ∙ resets 5am
[0;32m2025-09-21 00:52:44 - Completed prompt #75[0m
[0;34m2025-09-21 00:52:49 - Generating prompt #76 (Section 5, Prompt 8/17)[0m
[1;33m2025-09-21 00:52:49 - Running prompt generation...[0m
5-hour limit reached ∙ resets 5am
[0;32m2025-09-21 00:53:00 - Completed prompt #76[0m
[0;34m2025-09-21 00:53:05 - Generating prompt #77 (Section 5, Prompt 9/17)[0m
[1;33m2025-09-21 00:53:05 - Running prompt generation...[0m
5-hour limit reached ∙ resets 5am
[0;32m2025-09-21 00:53:15 - Completed prompt #77[0m
[0;34m2025-09-21 00:53:20 - Generating prompt #78 (Section 5, Prompt 10/17)[0m
[1;33m2025-09-21 00:53:20 - Running prompt generation...[0m
5-hour limit reached ∙ resets 5am
[0;32m2025-09-21 00:53:31 - Completed prompt #78[0m
[0;34m2025-09-21 00:53:36 - Generating prompt #79 (Section 5, Prompt 11/17)[0m
[1;33m2025-09-21 00:53:36 - Running prompt generation...[0m
5-hour limit reached ∙ resets 5am
[0;32m2025-09-21 00:53:50 - Completed prompt #79[0m
[0;34m2025-09-21 00:53:55 - Generating prompt #80 (Section 5, Prompt 12/17)[0m
[1;33m2025-09-21 00:53:55 - Running prompt generation...[0m
5-hour limit reached ∙ resets 5am
[0;32m2025-09-21 00:54:06 - Completed prompt #80[0m
[0;34m2025-09-21 00:54:11 - Generating prompt #81 (Section 5, Prompt 13/17)[0m
[1;33m2025-09-21 00:54:11 - Running prompt generation...[0m
5-hour limit reached ∙ resets 5am
[0;32m2025-09-21 00:54:21 - Completed prompt #81[0m
[0;34m2025-09-21 00:54:26 - Generating prompt #82 (Section 5, Prompt 14/17)[0m
[1;33m2025-09-21 00:54:26 - Running prompt generation...[0m
5-hour limit reached ∙ resets 5am
[0;32m2025-09-21 00:54:36 - Completed prompt #82[0m
[0;34m2025-09-21 00:54:41 - Generating prompt #83 (Section 5, Prompt 15/17)[0m
[1;33m2025-09-21 00:54:41 - Running prompt generation...[0m
5-hour limit reached ∙ resets 5am
[0;32m2025-09-21 00:54:52 - Completed prompt #83[0m
[0;34m2025-09-21 00:54:57 - Generating prompt #84 (Section 5, Prompt 16/17)[0m
[1;33m2025-09-21 00:54:57 - Running prompt generation...[0m
5-hour limit reached ∙ resets 5am
[0;32m2025-09-21 00:55:07 - Completed prompt #84[0m
[0;34m2025-09-21 00:55:12 - Generating prompt #85 (Section 5, Prompt 17/17)[0m
[1;33m2025-09-21 00:55:12 - Running prompt generation...[0m
5-hour limit reached ∙ resets 5am
[0;32m2025-09-21 00:55:24 - Completed prompt #85[0m
[0;34m2025-09-21 00:55:29 - Generating prompt #86 (Section 6, Prompt 1/17)[0m
[1;33m2025-09-21 00:55:30 - Running prompt generation...[0m
5-hour limit reached ∙ resets 5am
[0;32m2025-09-21 00:55:41 - Completed prompt #86[0m
[0;34m2025-09-21 00:55:46 - Generating prompt #87 (Section 6, Prompt 2/17)[0m
[1;33m2025-09-21 00:55:46 - Running prompt generation...[0m
5-hour limit reached ∙ resets 5am
[0;32m2025-09-21 00:55:56 - Completed prompt #87[0m
[0;34m2025-09-21 00:56:01 - Generating prompt #88 (Section 6, Prompt 3/17)[0m
[1;33m2025-09-21 00:56:01 - Running prompt generation...[0m
5-hour limit reached ∙ resets 5am
[0;32m2025-09-21 00:56:14 - Completed prompt #88[0m
[0;34m2025-09-21 00:56:19 - Generating prompt #89 (Section 6, Prompt 4/17)[0m
[1;33m2025-09-21 00:56:19 - Running prompt generation...[0m
5-hour limit reached ∙ resets 5am
[0;32m2025-09-21 00:56:31 - Completed prompt #89[0m
[0;34m2025-09-21 00:56:36 - Generating prompt #90 (Section 6, Prompt 5/17)[0m
[1;33m2025-09-21 00:56:36 - Running prompt generation...[0m
5-hour limit reached ∙ resets 5am
[0;32m2025-09-21 00:56:46 - Completed prompt #90[0m
[0;34m2025-09-21 00:56:51 - Generating prompt #91 (Section 6, Prompt 6/17)[0m
[1;33m2025-09-21 00:56:51 - Running prompt generation...[0m
5-hour limit reached ∙ resets 5am
[0;32m2025-09-21 00:57:02 - Completed prompt #91[0m
[0;34m2025-09-21 00:57:07 - Generating prompt #92 (Section 6, Prompt 7/17)[0m
[1;33m2025-09-21 00:57:07 - Running prompt generation...[0m
5-hour limit reached ∙ resets 5am
[0;32m2025-09-21 00:57:21 - Completed prompt #92[0m
[0;34m2025-09-21 00:57:26 - Generating prompt #93 (Section 6, Prompt 8/17)[0m
[1;33m2025-09-21 00:57:26 - Running prompt generation...[0m
5-hour limit reached ∙ resets 5am
[0;32m2025-09-21 00:57:38 - Completed prompt #93[0m
[0;34m2025-09-21 00:57:43 - Generating prompt #94 (Section 6, Prompt 9/17)[0m
[1;33m2025-09-21 00:57:44 - Running prompt generation...[0m
5-hour limit reached ∙ resets 5am
[0;32m2025-09-21 00:57:56 - Completed prompt #94[0m
[0;34m2025-09-21 00:58:01 - Generating prompt #95 (Section 6, Prompt 10/17)[0m
[1;33m2025-09-21 00:58:01 - Running prompt generation...[0m
5-hour limit reached ∙ resets 5am
[0;32m2025-09-21 00:58:10 - Completed prompt #95[0m
[0;34m2025-09-21 00:58:15 - Generating prompt #96 (Section 6, Prompt 11/17)[0m
[1;33m2025-09-21 00:58:15 - Running prompt generation...[0m
5-hour limit reached ∙ resets 5am
[0;32m2025-09-21 00:58:27 - Completed prompt #96[0m
[0;34m2025-09-21 00:58:32 - Generating prompt #97 (Section 6, Prompt 12/17)[0m
[1;33m2025-09-21 00:58:32 - Running prompt generation...[0m
5-hour limit reached ∙ resets 5am
[0;32m2025-09-21 00:58:41 - Completed prompt #97[0m
[0;34m2025-09-21 00:58:46 - Generating prompt #98 (Section 6, Prompt 13/17)[0m
[1;33m2025-09-21 00:58:46 - Running prompt generation...[0m
5-hour limit reached ∙ resets 5am
[0;32m2025-09-21 00:58:54 - Completed prompt #98[0m
[0;34m2025-09-21 00:58:59 - Generating prompt #99 (Section 6, Prompt 14/17)[0m
[1;33m2025-09-21 00:58:59 - Running prompt generation...[0m
5-hour limit reached ∙ resets 5am
[0;32m2025-09-21 00:59:06 - Completed prompt #99[0m
[0;34m2025-09-21 00:59:11 - Generating prompt #100 (Section 6, Prompt 15/17)[0m
[1;33m2025-09-21 00:59:11 - Running prompt generation...[0m
5-hour limit reached ∙ resets 5am
[0;32m2025-09-21 00:59:17 - Completed prompt #100[0m
[0;34m2025-09-21 00:59:22 - Generating prompt #101 (Section 6, Prompt 16/17)[0m
[1;33m2025-09-21 00:59:22 - Running prompt generation...[0m
5-hour limit reached ∙ resets 5am
[0;32m2025-09-21 00:59:28 - Completed prompt #101[0m
[0;34m2025-09-21 00:59:33 - Generating prompt #102 (Section 6, Prompt 17/17)[0m
[1;33m2025-09-21 00:59:33 - Running prompt generation...[0m
5-hour limit reached ∙ resets 5am
[0;32m2025-09-21 00:59:38 - Completed prompt #102[0m
