[0;34m2025-09-21 19:23:25 - Starting Prompt Generation Cycle for template: family-estrangement[0m
[1;33m2025-09-21 19:23:25 - Override flag detected - resetting progress and recreating files[0m
[0;32m2025-09-21 19:23:25 - Progress reset to 0 for template: family-estrangement[0m
[0;32m2025-09-21 19:23:25 - Using existing worktree: ../templata-family-estrangement[0m
[1;33m2025-09-21 19:23:25 - Creating template prompt file: prompts-family-estrangement.ts[0m
[0;32m2025-09-21 19:23:25 - Created template prompt file: ../templata-family-estrangement/src/data/prompts-family-estrangement.ts[0m
[0;34m2025-09-21 19:23:25 - Generating prompt #1 (Section 1, Prompt 1/17)[0m
[1;33m2025-09-21 19:23:25 - Running prompt generation...[0m
PROMPT GENERATION COMPLETE - Prompt #1
[0;32m2025-09-21 19:23:45 - Completed prompt #1[0m
[0;34m2025-09-21 19:23:50 - Generating prompt #2 (Section 1, Prompt 2/17)[0m
[1;33m2025-09-21 19:23:50 - Running prompt generation...[0m
PROMPT GENERATION COMPLETE - Prompt #2
[0;32m2025-09-21 19:24:10 - Completed prompt #2[0m
[0;34m2025-09-21 19:24:15 - Generating prompt #3 (Section 1, Prompt 3/17)[0m
[1;33m2025-09-21 19:24:15 - Running prompt generation...[0m
PROMPT GENERATION COMPLETE - Prompt #3
[0;32m2025-09-21 19:24:35 - Completed prompt #3[0m
[0;34m2025-09-21 19:24:40 - Generating prompt #4 (Section 1, Prompt 4/17)[0m
[1;33m2025-09-21 19:24:40 - Running prompt generation...[0m
PROMPT GENERATION COMPLETE - Prompt #4
[0;32m2025-09-21 19:24:59 - Completed prompt #4[0m
[0;34m2025-09-21 19:25:04 - Generating prompt #5 (Section 1, Prompt 5/17)[0m
[1;33m2025-09-21 19:25:04 - Running prompt generation...[0m
PROMPT GENERATION COMPLETE - Prompt #5
[0;32m2025-09-21 19:25:23 - Completed prompt #5[0m
[0;34m2025-09-21 19:25:28 - Generating prompt #6 (Section 1, Prompt 6/17)[0m
[1;33m2025-09-21 19:25:28 - Running prompt generation...[0m
PROMPT GENERATION COMPLETE - Prompt #6
[0;32m2025-09-21 19:25:47 - Completed prompt #6[0m
[0;34m2025-09-21 19:25:52 - Generating prompt #7 (Section 1, Prompt 7/17)[0m
[1;33m2025-09-21 19:25:52 - Running prompt generation...[0m
PROMPT GENERATION COMPLETE - Prompt #7
[0;32m2025-09-21 19:26:11 - Completed prompt #7[0m
[0;34m2025-09-21 19:26:16 - Generating prompt #8 (Section 1, Prompt 8/17)[0m
[1;33m2025-09-21 19:26:16 - Running prompt generation...[0m
PROMPT GENERATION COMPLETE - Prompt #8
[0;32m2025-09-21 19:26:35 - Completed prompt #8[0m
[0;34m2025-09-21 19:26:40 - Generating prompt #9 (Section 1, Prompt 9/17)[0m
[1;33m2025-09-21 19:26:40 - Running prompt generation...[0m
PROMPT GENERATION COMPLETE - Prompt #9
[0;32m2025-09-21 19:27:00 - Completed prompt #9[0m
[0;34m2025-09-21 19:27:05 - Generating prompt #10 (Section 1, Prompt 10/17)[0m
[1;33m2025-09-21 19:27:05 - Running prompt generation...[0m
PROMPT GENERATION COMPLETE - Prompt #10
[0;32m2025-09-21 19:27:24 - Completed prompt #10[0m
[0;34m2025-09-21 19:27:29 - Generating prompt #11 (Section 1, Prompt 11/17)[0m
[1;33m2025-09-21 19:27:29 - Running prompt generation...[0m
PROMPT GENERATION COMPLETE - Prompt #11
[0;32m2025-09-21 19:27:50 - Completed prompt #11[0m
[0;34m2025-09-21 19:27:55 - Generating prompt #12 (Section 1, Prompt 12/17)[0m
[1;33m2025-09-21 19:27:55 - Running prompt generation...[0m
PROMPT GENERATION COMPLETE - Prompt #12
[0;32m2025-09-21 19:28:13 - Completed prompt #12[0m
[0;34m2025-09-21 19:28:18 - Generating prompt #13 (Section 1, Prompt 13/17)[0m
[1;33m2025-09-21 19:28:18 - Running prompt generation...[0m
PROMPT GENERATION COMPLETE - Prompt #13
[0;32m2025-09-21 19:28:39 - Completed prompt #13[0m
[0;34m2025-09-21 19:28:44 - Generating prompt #14 (Section 1, Prompt 14/17)[0m
[1;33m2025-09-21 19:28:44 - Running prompt generation...[0m
PROMPT GENERATION COMPLETE - Prompt #14
[0;32m2025-09-21 19:29:03 - Completed prompt #14[0m
[0;34m2025-09-21 19:29:08 - Generating prompt #15 (Section 1, Prompt 15/17)[0m
[1;33m2025-09-21 19:29:08 - Running prompt generation...[0m
PROMPT GENERATION COMPLETE - Prompt #15
[0;32m2025-09-21 19:29:27 - Completed prompt #15[0m
[0;34m2025-09-21 19:29:32 - Generating prompt #16 (Section 1, Prompt 16/17)[0m
[1;33m2025-09-21 19:29:32 - Running prompt generation...[0m
PROMPT GENERATION COMPLETE - Prompt #16
[0;32m2025-09-21 19:29:52 - Completed prompt #16[0m
[0;34m2025-09-21 19:29:57 - Generating prompt #17 (Section 1, Prompt 17/17)[0m
[1;33m2025-09-21 19:29:57 - Running prompt generation...[0m
PROMPT GENERATION COMPLETE - Prompt #17
[0;32m2025-09-21 19:30:20 - Completed prompt #17[0m
[0;34m2025-09-21 19:30:25 - Generating prompt #18 (Section 2, Prompt 1/17)[0m
[1;33m2025-09-21 19:30:25 - Running prompt generation...[0m
PROMPT GENERATION COMPLETE - Prompt #18
[0;32m2025-09-21 19:30:45 - Completed prompt #18[0m
[0;34m2025-09-21 19:30:50 - Generating prompt #19 (Section 2, Prompt 2/17)[0m
[1;33m2025-09-21 19:30:50 - Running prompt generation...[0m
PROMPT GENERATION COMPLETE - Prompt #19
[0;32m2025-09-21 19:31:11 - Completed prompt #19[0m
[0;34m2025-09-21 19:31:16 - Generating prompt #20 (Section 2, Prompt 3/17)[0m
[1;33m2025-09-21 19:31:17 - Running prompt generation...[0m
PROMPT GENERATION COMPLETE - Prompt #20
[0;32m2025-09-21 19:31:37 - Completed prompt #20[0m
[0;34m2025-09-21 19:31:42 - Generating prompt #21 (Section 2, Prompt 4/17)[0m
[1;33m2025-09-21 19:31:42 - Running prompt generation...[0m
PROMPT GENERATION COMPLETE - Prompt #21
[0;32m2025-09-21 19:32:02 - Completed prompt #21[0m
[0;34m2025-09-21 19:32:07 - Generating prompt #22 (Section 2, Prompt 5/17)[0m
[1;33m2025-09-21 19:32:07 - Running prompt generation...[0m
PROMPT GENERATION COMPLETE - Prompt #22
[0;32m2025-09-21 19:32:26 - Completed prompt #22[0m
[0;34m2025-09-21 19:32:31 - Generating prompt #23 (Section 2, Prompt 6/17)[0m
[1;33m2025-09-21 19:32:31 - Running prompt generation...[0m
PROMPT GENERATION COMPLETE - Prompt #23
[0;32m2025-09-21 19:32:50 - Completed prompt #23[0m
[0;34m2025-09-21 19:32:55 - Generating prompt #24 (Section 2, Prompt 7/17)[0m
[1;33m2025-09-21 19:32:55 - Running prompt generation...[0m
PROMPT GENERATION COMPLETE - Prompt #24
[0;32m2025-09-21 19:33:15 - Completed prompt #24[0m
[0;34m2025-09-21 19:33:20 - Generating prompt #25 (Section 2, Prompt 8/17)[0m
[1;33m2025-09-21 19:33:20 - Running prompt generation...[0m
PROMPT GENERATION COMPLETE - Prompt #25
[0;32m2025-09-21 19:33:39 - Completed prompt #25[0m
[0;34m2025-09-21 19:33:44 - Generating prompt #26 (Section 2, Prompt 9/17)[0m
[1;33m2025-09-21 19:33:44 - Running prompt generation...[0m
PROMPT GENERATION COMPLETE - Prompt #26
[0;32m2025-09-21 19:34:04 - Completed prompt #26[0m
[0;34m2025-09-21 19:34:09 - Generating prompt #27 (Section 2, Prompt 10/17)[0m
[1;33m2025-09-21 19:34:09 - Running prompt generation...[0m
PROMPT GENERATION COMPLETE - Prompt #27
[0;32m2025-09-21 19:34:28 - Completed prompt #27[0m
[0;34m2025-09-21 19:34:33 - Generating prompt #28 (Section 2, Prompt 11/17)[0m
[1;33m2025-09-21 19:34:33 - Running prompt generation...[0m
PROMPT GENERATION COMPLETE - Prompt #28
[0;32m2025-09-21 19:34:53 - Completed prompt #28[0m
[0;34m2025-09-21 19:34:58 - Generating prompt #29 (Section 2, Prompt 12/17)[0m
[1;33m2025-09-21 19:34:58 - Running prompt generation...[0m
PROMPT GENERATION COMPLETE - Prompt #29
[0;32m2025-09-21 19:35:19 - Completed prompt #29[0m
[0;34m2025-09-21 19:35:24 - Generating prompt #30 (Section 2, Prompt 13/17)[0m
[1;33m2025-09-21 19:35:24 - Running prompt generation...[0m
PROMPT GENERATION COMPLETE - Prompt #30
[0;32m2025-09-21 19:35:43 - Completed prompt #30[0m
[0;34m2025-09-21 19:35:48 - Generating prompt #31 (Section 2, Prompt 14/17)[0m
[1;33m2025-09-21 19:35:48 - Running prompt generation...[0m
PROMPT GENERATION COMPLETE - Prompt #31
[0;32m2025-09-21 19:36:08 - Completed prompt #31[0m
[0;34m2025-09-21 19:36:13 - Generating prompt #32 (Section 2, Prompt 15/17)[0m
[1;33m2025-09-21 19:36:13 - Running prompt generation...[0m
PROMPT GENERATION COMPLETE - Prompt #32
[0;32m2025-09-21 19:36:33 - Completed prompt #32[0m
[0;34m2025-09-21 19:36:38 - Generating prompt #33 (Section 2, Prompt 16/17)[0m
[1;33m2025-09-21 19:36:38 - Running prompt generation...[0m
PROMPT GENERATION COMPLETE - Prompt #33
[0;32m2025-09-21 19:36:59 - Completed prompt #33[0m
[0;34m2025-09-21 19:37:04 - Generating prompt #34 (Section 2, Prompt 17/17)[0m
[1;33m2025-09-21 19:37:04 - Running prompt generation...[0m
PROMPT GENERATION COMPLETE - Prompt #34
[0;32m2025-09-21 19:37:23 - Completed prompt #34[0m
[0;34m2025-09-21 19:37:28 - Generating prompt #35 (Section 3, Prompt 1/17)[0m
[1;33m2025-09-21 19:37:28 - Running prompt generation...[0m
PROMPT GENERATION COMPLETE - Prompt #35
[0;32m2025-09-21 19:37:48 - Completed prompt #35[0m
[0;34m2025-09-21 19:37:53 - Generating prompt #36 (Section 3, Prompt 2/17)[0m
[1;33m2025-09-21 19:37:53 - Running prompt generation...[0m
PROMPT GENERATION COMPLETE - Prompt #36
[0;32m2025-09-21 19:38:13 - Completed prompt #36[0m
[0;34m2025-09-21 19:38:19 - Generating prompt #37 (Section 3, Prompt 3/17)[0m
[1;33m2025-09-21 19:38:19 - Running prompt generation...[0m
PROMPT GENERATION COMPLETE - Prompt #37
[0;32m2025-09-21 19:38:40 - Completed prompt #37[0m
[0;34m2025-09-21 19:38:45 - Generating prompt #38 (Section 3, Prompt 4/17)[0m
[1;33m2025-09-21 19:38:45 - Running prompt generation...[0m
PROMPT GENERATION COMPLETE - Prompt #38
[0;32m2025-09-21 19:39:06 - Completed prompt #38[0m
[0;34m2025-09-21 19:39:11 - Generating prompt #39 (Section 3, Prompt 5/17)[0m
[1;33m2025-09-21 19:39:11 - Running prompt generation...[0m
PROMPT GENERATION COMPLETE - Prompt #39
[0;32m2025-09-21 19:39:34 - Completed prompt #39[0m
[0;34m2025-09-21 19:39:39 - Generating prompt #40 (Section 3, Prompt 6/17)[0m
[1;33m2025-09-21 19:39:39 - Running prompt generation...[0m
PROMPT GENERATION COMPLETE - Prompt #40
[0;32m2025-09-21 19:40:01 - Completed prompt #40[0m
[0;34m2025-09-21 19:40:06 - Generating prompt #41 (Section 3, Prompt 7/17)[0m
[1;33m2025-09-21 19:40:06 - Running prompt generation...[0m
PROMPT GENERATION COMPLETE - Prompt #41
[0;32m2025-09-21 19:40:28 - Completed prompt #41[0m
[0;34m2025-09-21 19:40:33 - Generating prompt #42 (Section 3, Prompt 8/17)[0m
[1;33m2025-09-21 19:40:33 - Running prompt generation...[0m
PROMPT GENERATION COMPLETE - Prompt #42
[0;32m2025-09-21 19:40:54 - Completed prompt #42[0m
[0;34m2025-09-21 19:40:59 - Generating prompt #43 (Section 3, Prompt 9/17)[0m
[1;33m2025-09-21 19:40:59 - Running prompt generation...[0m
PROMPT GENERATION COMPLETE - Prompt #43
[0;32m2025-09-21 19:41:18 - Completed prompt #43[0m
[0;34m2025-09-21 19:41:23 - Generating prompt #44 (Section 3, Prompt 10/17)[0m
[1;33m2025-09-21 19:41:23 - Running prompt generation...[0m
PROMPT GENERATION COMPLETE - Prompt #44
[0;32m2025-09-21 19:41:44 - Completed prompt #44[0m
[0;34m2025-09-21 19:41:49 - Generating prompt #45 (Section 3, Prompt 11/17)[0m
[1;33m2025-09-21 19:41:49 - Running prompt generation...[0m
<invoke name="Edit">
<parameter name="file_path">/Users/ikim1/Documents/GitHub/templata-family-estrangement/src/data/prompts-family-estrangement.ts</parameter>
<parameter name="old_string">  {
    id: 'prompt-44',
    prompt: 'Create a detailed written plan for rebuilding your identity and personal values independent from family expectations and roles',
    category: 'action',
    helpText: 'Establishing your authentic self outside family dynamics is essential for long-term healing and prevents you from seeking validation from unhealthy relationships. Write down your core values, personal goals, and the characteristics you want to embody without family influence, then create specific action steps to live according to these principles and build relationships that support your true self rather than family-assigned roles or expectations.'
  }
];</parameter>
<parameter name="new_string">  {
    id: 'prompt-44',
    prompt: 'Create a detailed written plan for rebuilding your identity and personal values independent from family expectations and roles',
    category: 'action',
    helpText: 'Establishing your authentic self outside family dynamics is essential for long-term healing and prevents you from seeking validation from unhealthy relationships. Write down your core values, personal goals, and the characteristics you want to embody without family influence, then create specific action steps to live according to these principles and build relationships that support your true self rather than family-assigned roles or expectations.'
  },
  {
    id: 'prompt-45',
    prompt: 'Document and submit change of address forms for all your mail services, subscriptions, and government agencies',
    category: 'action',
    helpText: 'Ensuring mail is delivered to your current address prevents family members from accessing your personal information and maintains your privacy during estrangement. Complete change of address forms with the postal service, update your address with banks, employers, subscription services, and government agencies like the IRS and DMV to maintain control over your personal correspondence and prevent family interference with important communications.'
  }
];</parameter>
</invoke>
[0;32m2025-09-21 19:42:07 - Completed prompt #45[0m
[0;34m2025-09-21 19:42:12 - Generating prompt #46 (Section 3, Prompt 12/17)[0m
[1;33m2025-09-21 19:42:12 - Running prompt generation...[0m
PROMPT GENERATION COMPLETE - Prompt #46
[0;32m2025-09-21 19:42:29 - Completed prompt #46[0m
[0;34m2025-09-21 19:42:34 - Generating prompt #47 (Section 3, Prompt 13/17)[0m
[1;33m2025-09-21 19:42:34 - Running prompt generation...[0m
PROMPT GENERATION COMPLETE - Prompt #47
[0;32m2025-09-21 19:42:57 - Completed prompt #47[0m
[0;34m2025-09-21 19:43:02 - Generating prompt #48 (Section 3, Prompt 14/17)[0m
[1;33m2025-09-21 19:43:02 - Running prompt generation...[0m
PROMPT GENERATION COMPLETE - Prompt #48
[0;32m2025-09-21 19:43:22 - Completed prompt #48[0m
[0;34m2025-09-21 19:43:27 - Generating prompt #49 (Section 3, Prompt 15/17)[0m
[1;33m2025-09-21 19:43:27 - Running prompt generation...[0m
PROMPT GENERATION COMPLETE - Prompt #49
[0;32m2025-09-21 19:43:45 - Completed prompt #49[0m
[0;34m2025-09-21 19:43:51 - Generating prompt #50 (Section 3, Prompt 16/17)[0m
[1;33m2025-09-21 19:43:51 - Running prompt generation...[0m
PROMPT GENERATION COMPLETE - Prompt #50
[0;32m2025-09-21 19:44:09 - Completed prompt #50[0m
[0;34m2025-09-21 19:44:14 - Generating prompt #51 (Section 3, Prompt 17/17)[0m
[1;33m2025-09-21 19:44:14 - Running prompt generation...[0m
PROMPT GENERATION COMPLETE - Prompt #51
[0;32m2025-09-21 19:44:34 - Completed prompt #51[0m
[0;34m2025-09-21 19:44:39 - Generating prompt #52 (Section 4, Prompt 1/17)[0m
[1;33m2025-09-21 19:44:39 - Running prompt generation...[0m
PROMPT GENERATION COMPLETE - Prompt #52
[0;32m2025-09-21 19:45:00 - Completed prompt #52[0m
[0;34m2025-09-21 19:45:05 - Generating prompt #53 (Section 4, Prompt 2/17)[0m
[1;33m2025-09-21 19:45:05 - Running prompt generation...[0m
PROMPT GENERATION COMPLETE - Prompt #53
[0;32m2025-09-21 19:45:31 - Completed prompt #53[0m
[0;34m2025-09-21 19:45:36 - Generating prompt #54 (Section 4, Prompt 3/17)[0m
[1;33m2025-09-21 19:45:36 - Running prompt generation...[0m
PROMPT GENERATION COMPLETE - Prompt #54
[0;32m2025-09-21 19:45:57 - Completed prompt #54[0m
[0;34m2025-09-21 19:46:02 - Generating prompt #55 (Section 4, Prompt 4/17)[0m
[1;33m2025-09-21 19:46:02 - Running prompt generation...[0m
PROMPT GENERATION COMPLETE - Prompt #55
[0;32m2025-09-21 19:46:24 - Completed prompt #55[0m
[0;34m2025-09-21 19:46:29 - Generating prompt #56 (Section 4, Prompt 5/17)[0m
[1;33m2025-09-21 19:46:29 - Running prompt generation...[0m
PROMPT GENERATION COMPLETE - Prompt #56
[0;32m2025-09-21 19:46:50 - Completed prompt #56[0m
[0;34m2025-09-21 19:46:55 - Generating prompt #57 (Section 4, Prompt 6/17)[0m
[1;33m2025-09-21 19:46:55 - Running prompt generation...[0m
PROMPT GENERATION COMPLETE - Prompt #57
[0;32m2025-09-21 19:47:15 - Completed prompt #57[0m
[0;34m2025-09-21 19:47:20 - Generating prompt #58 (Section 4, Prompt 7/17)[0m
[1;33m2025-09-21 19:47:20 - Running prompt generation...[0m
PROMPT GENERATION COMPLETE - Prompt #58
[0;32m2025-09-21 19:47:40 - Completed prompt #58[0m
[0;34m2025-09-21 19:47:45 - Generating prompt #59 (Section 4, Prompt 8/17)[0m
[1;33m2025-09-21 19:47:46 - Running prompt generation...[0m
PROMPT GENERATION COMPLETE - Prompt #59
[0;32m2025-09-21 19:48:04 - Completed prompt #59[0m
[0;34m2025-09-21 19:48:09 - Generating prompt #60 (Section 4, Prompt 9/17)[0m
[1;33m2025-09-21 19:48:09 - Running prompt generation...[0m
PROMPT GENERATION COMPLETE - Prompt #60
[0;32m2025-09-21 19:48:30 - Completed prompt #60[0m
[0;34m2025-09-21 19:48:35 - Generating prompt #61 (Section 4, Prompt 10/17)[0m
[1;33m2025-09-21 19:48:35 - Running prompt generation...[0m
PROMPT GENERATION COMPLETE - Prompt #61
[0;32m2025-09-21 19:48:57 - Completed prompt #61[0m
[0;34m2025-09-21 19:49:02 - Generating prompt #62 (Section 4, Prompt 11/17)[0m
[1;33m2025-09-21 19:49:02 - Running prompt generation...[0m
PROMPT GENERATION COMPLETE - Prompt #62
[0;32m2025-09-21 19:49:21 - Completed prompt #62[0m
[0;34m2025-09-21 19:49:26 - Generating prompt #63 (Section 4, Prompt 12/17)[0m
[1;33m2025-09-21 19:49:26 - Running prompt generation...[0m
PROMPT GENERATION COMPLETE - Prompt #63
[0;32m2025-09-21 19:49:46 - Completed prompt #63[0m
[0;34m2025-09-21 19:49:51 - Generating prompt #64 (Section 4, Prompt 13/17)[0m
[1;33m2025-09-21 19:49:51 - Running prompt generation...[0m
PROMPT GENERATION COMPLETE - Prompt #64
[0;32m2025-09-21 19:50:10 - Completed prompt #64[0m
[0;34m2025-09-21 19:50:15 - Generating prompt #65 (Section 4, Prompt 14/17)[0m
[1;33m2025-09-21 19:50:15 - Running prompt generation...[0m
PROMPT GENERATION COMPLETE - Prompt #65
[0;32m2025-09-21 19:50:36 - Completed prompt #65[0m
[0;34m2025-09-21 19:50:41 - Generating prompt #66 (Section 4, Prompt 15/17)[0m
[1;33m2025-09-21 19:50:41 - Running prompt generation...[0m
PROMPT GENERATION COMPLETE - Prompt #66
[0;32m2025-09-21 19:51:01 - Completed prompt #66[0m
[0;34m2025-09-21 19:51:06 - Generating prompt #67 (Section 4, Prompt 16/17)[0m
[1;33m2025-09-21 19:51:06 - Running prompt generation...[0m
PROMPT GENERATION COMPLETE - Prompt #67
[0;32m2025-09-21 19:51:27 - Completed prompt #67[0m
[0;34m2025-09-21 19:51:32 - Generating prompt #68 (Section 4, Prompt 17/17)[0m
[1;33m2025-09-21 19:51:32 - Running prompt generation...[0m
PROMPT GENERATION COMPLETE - Prompt #68
[0;32m2025-09-21 19:51:53 - Completed prompt #68[0m
[0;34m2025-09-21 19:51:58 - Generating prompt #69 (Section 5, Prompt 1/17)[0m
[1;33m2025-09-21 19:51:58 - Running prompt generation...[0m
PROMPT GENERATION COMPLETE - Prompt #69
[0;32m2025-09-21 19:52:19 - Completed prompt #69[0m
[0;34m2025-09-21 19:52:24 - Generating prompt #70 (Section 5, Prompt 2/17)[0m
[1;33m2025-09-21 19:52:24 - Running prompt generation...[0m
PROMPT GENERATION COMPLETE - Prompt #70
[0;32m2025-09-21 19:52:45 - Completed prompt #70[0m
[0;34m2025-09-21 19:52:50 - Generating prompt #71 (Section 5, Prompt 3/17)[0m
[1;33m2025-09-21 19:52:50 - Running prompt generation...[0m
PROMPT GENERATION COMPLETE - Prompt #71
[0;32m2025-09-21 19:53:11 - Completed prompt #71[0m
[0;34m2025-09-21 19:53:16 - Generating prompt #72 (Section 5, Prompt 4/17)[0m
[1;33m2025-09-21 19:53:16 - Running prompt generation...[0m
PROMPT GENERATION COMPLETE - Prompt #72
[0;32m2025-09-21 19:53:39 - Completed prompt #72[0m
[0;34m2025-09-21 19:53:44 - Generating prompt #73 (Section 5, Prompt 5/17)[0m
[1;33m2025-09-21 19:53:44 - Running prompt generation...[0m
PROMPT GENERATION COMPLETE - Prompt #73
[0;32m2025-09-21 19:54:07 - Completed prompt #73[0m
[0;34m2025-09-21 19:54:12 - Generating prompt #74 (Section 5, Prompt 6/17)[0m
[1;33m2025-09-21 19:54:12 - Running prompt generation...[0m
PROMPT GENERATION COMPLETE - Prompt #74
[0;32m2025-09-21 19:54:36 - Completed prompt #74[0m
[0;34m2025-09-21 19:54:41 - Generating prompt #75 (Section 5, Prompt 7/17)[0m
[1;33m2025-09-21 19:54:41 - Running prompt generation...[0m
PROMPT GENERATION COMPLETE - Prompt #75
[0;32m2025-09-21 19:55:03 - Completed prompt #75[0m
[0;34m2025-09-21 19:55:08 - Generating prompt #76 (Section 5, Prompt 8/17)[0m
[1;33m2025-09-21 19:55:08 - Running prompt generation...[0m
PROMPT GENERATION COMPLETE - Prompt #76
[0;32m2025-09-21 19:55:30 - Completed prompt #76[0m
[0;34m2025-09-21 19:55:35 - Generating prompt #77 (Section 5, Prompt 9/17)[0m
[1;33m2025-09-21 19:55:35 - Running prompt generation...[0m
PROMPT GENERATION COMPLETE - Prompt #77
[0;32m2025-09-21 19:55:57 - Completed prompt #77[0m
[0;34m2025-09-21 19:56:02 - Generating prompt #78 (Section 5, Prompt 10/17)[0m
[1;33m2025-09-21 19:56:02 - Running prompt generation...[0m
PROMPT GENERATION COMPLETE - Prompt #78
[0;32m2025-09-21 19:56:25 - Completed prompt #78[0m
[0;34m2025-09-21 19:56:30 - Generating prompt #79 (Section 5, Prompt 11/17)[0m
[1;33m2025-09-21 19:56:30 - Running prompt generation...[0m
PROMPT GENERATION COMPLETE - Prompt #79
[0;32m2025-09-21 19:56:50 - Completed prompt #79[0m
[0;34m2025-09-21 19:56:55 - Generating prompt #80 (Section 5, Prompt 12/17)[0m
[1;33m2025-09-21 19:56:55 - Running prompt generation...[0m
PROMPT GENERATION COMPLETE - Prompt #80
[0;32m2025-09-21 19:57:18 - Completed prompt #80[0m
[0;34m2025-09-21 19:57:23 - Generating prompt #81 (Section 5, Prompt 13/17)[0m
[1;33m2025-09-21 19:57:23 - Running prompt generation...[0m
PROMPT GENERATION COMPLETE - Prompt #81
[0;32m2025-09-21 19:57:44 - Completed prompt #81[0m
[0;34m2025-09-21 19:57:49 - Generating prompt #82 (Section 5, Prompt 14/17)[0m
[1;33m2025-09-21 19:57:49 - Running prompt generation...[0m
PROMPT GENERATION COMPLETE - Prompt #82
[0;32m2025-09-21 19:58:10 - Completed prompt #82[0m
[0;34m2025-09-21 19:58:15 - Generating prompt #83 (Section 5, Prompt 15/17)[0m
[1;33m2025-09-21 19:58:15 - Running prompt generation...[0m
PROMPT GENERATION COMPLETE - Prompt #83
[0;32m2025-09-21 19:58:34 - Completed prompt #83[0m
[0;34m2025-09-21 19:58:39 - Generating prompt #84 (Section 5, Prompt 16/17)[0m
[1;33m2025-09-21 19:58:39 - Running prompt generation...[0m
PROMPT GENERATION COMPLETE - Prompt #84
[0;32m2025-09-21 19:58:58 - Completed prompt #84[0m
[0;34m2025-09-21 19:59:03 - Generating prompt #85 (Section 5, Prompt 17/17)[0m
[1;33m2025-09-21 19:59:03 - Running prompt generation...[0m
PROMPT GENERATION COMPLETE - Prompt #85
[0;32m2025-09-21 19:59:25 - Completed prompt #85[0m
[0;34m2025-09-21 19:59:30 - Generating prompt #86 (Section 6, Prompt 1/17)[0m
[1;33m2025-09-21 19:59:30 - Running prompt generation...[0m
PROMPT GENERATION COMPLETE - Prompt #86
[0;32m2025-09-21 19:59:51 - Completed prompt #86[0m
[0;34m2025-09-21 19:59:56 - Generating prompt #87 (Section 6, Prompt 2/17)[0m
[1;33m2025-09-21 19:59:56 - Running prompt generation...[0m
PROMPT GENERATION COMPLETE - Prompt #87
[0;32m2025-09-21 20:00:17 - Completed prompt #87[0m
[0;34m2025-09-21 20:00:22 - Generating prompt #88 (Section 6, Prompt 3/17)[0m
[1;33m2025-09-21 20:00:22 - Running prompt generation...[0m
PROMPT GENERATION COMPLETE - Prompt #88
[0;32m2025-09-21 20:00:43 - Completed prompt #88[0m
[0;34m2025-09-21 20:00:48 - Generating prompt #89 (Section 6, Prompt 4/17)[0m
[1;33m2025-09-21 20:00:48 - Running prompt generation...[0m
PROMPT GENERATION COMPLETE - Prompt #89
[0;32m2025-09-21 20:01:10 - Completed prompt #89[0m
[0;34m2025-09-21 20:01:15 - Generating prompt #90 (Section 6, Prompt 5/17)[0m
[1;33m2025-09-21 20:01:15 - Running prompt generation...[0m
PROMPT GENERATION COMPLETE - Prompt #90
[0;32m2025-09-21 20:01:33 - Completed prompt #90[0m
[0;34m2025-09-21 20:01:38 - Generating prompt #91 (Section 6, Prompt 6/17)[0m
[1;33m2025-09-21 20:01:38 - Running prompt generation...[0m
PROMPT GENERATION COMPLETE - Prompt #91
[0;32m2025-09-21 20:01:56 - Completed prompt #91[0m
[0;34m2025-09-21 20:02:01 - Generating prompt #92 (Section 6, Prompt 7/17)[0m
[1;33m2025-09-21 20:02:01 - Running prompt generation...[0m
PROMPT GENERATION COMPLETE - Prompt #92
[0;32m2025-09-21 20:02:21 - Completed prompt #92[0m
[0;34m2025-09-21 20:02:26 - Generating prompt #93 (Section 6, Prompt 8/17)[0m
[1;33m2025-09-21 20:02:26 - Running prompt generation...[0m
PROMPT GENERATION COMPLETE - Prompt #93
[0;32m2025-09-21 20:02:48 - Completed prompt #93[0m
[0;34m2025-09-21 20:02:53 - Generating prompt #94 (Section 6, Prompt 9/17)[0m
[1;33m2025-09-21 20:02:53 - Running prompt generation...[0m
PROMPT GENERATION COMPLETE - Prompt #94
[0;32m2025-09-21 20:03:14 - Completed prompt #94[0m
[0;34m2025-09-21 20:03:19 - Generating prompt #95 (Section 6, Prompt 10/17)[0m
[1;33m2025-09-21 20:03:19 - Running prompt generation...[0m
PROMPT GENERATION COMPLETE - Prompt #95
[0;32m2025-09-21 20:03:39 - Completed prompt #95[0m
[0;34m2025-09-21 20:03:44 - Generating prompt #96 (Section 6, Prompt 11/17)[0m
[1;33m2025-09-21 20:03:44 - Running prompt generation...[0m
PROMPT GENERATION COMPLETE - Prompt #96
[0;32m2025-09-21 20:04:03 - Completed prompt #96[0m
[0;34m2025-09-21 20:04:08 - Generating prompt #97 (Section 6, Prompt 12/17)[0m
[1;33m2025-09-21 20:04:08 - Running prompt generation...[0m
PROMPT GENERATION COMPLETE - Prompt #97
[0;32m2025-09-21 20:04:26 - Completed prompt #97[0m
[0;34m2025-09-21 20:04:31 - Generating prompt #98 (Section 6, Prompt 13/17)[0m
[1;33m2025-09-21 20:04:31 - Running prompt generation...[0m
PROMPT GENERATION COMPLETE - Prompt #98
[0;32m2025-09-21 20:04:51 - Completed prompt #98[0m
[0;34m2025-09-21 20:04:56 - Generating prompt #99 (Section 6, Prompt 14/17)[0m
[1;33m2025-09-21 20:04:56 - Running prompt generation...[0m
PROMPT GENERATION COMPLETE - Prompt #99
[0;32m2025-09-21 20:05:19 - Completed prompt #99[0m
[0;34m2025-09-21 20:05:24 - Generating prompt #100 (Section 6, Prompt 15/17)[0m
[1;33m2025-09-21 20:05:24 - Running prompt generation...[0m
PROMPT GENERATION COMPLETE - Prompt #100
[0;32m2025-09-21 20:05:45 - Completed prompt #100[0m
[0;34m2025-09-21 20:05:50 - Generating prompt #101 (Section 6, Prompt 16/17)[0m
[1;33m2025-09-21 20:05:50 - Running prompt generation...[0m
PROMPT GENERATION COMPLETE - Prompt #101
[0;32m2025-09-21 20:06:09 - Completed prompt #101[0m
[0;34m2025-09-21 20:06:14 - Generating prompt #102 (Section 6, Prompt 17/17)[0m
[1;33m2025-09-21 20:06:14 - Running prompt generation...[0m
PROMPT GENERATION COMPLETE - Prompt #102
[0;32m2025-09-21 20:06:36 - Completed prompt #102[0m
