[0;34m2025-09-21 00:17:33 - Starting Prompt Generation Cycle for template: addiction-recovery[0m
[1;33m2025-09-21 00:17:33 - Override flag detected - resetting progress and recreating files[0m
[0;32m2025-09-21 00:17:33 - Progress reset to 0 for template: addiction-recovery[0m
[0;32m2025-09-21 00:17:34 - Using existing worktree: ../templata-addiction-recovery[0m
[1;33m2025-09-21 00:17:34 - Creating template prompt file: prompts-addiction-recovery.ts[0m
[0;32m2025-09-21 00:17:34 - Created template prompt file: ../templata-addiction-recovery/src/data/prompts-addiction-recovery.ts[0m
[0;34m2025-09-21 00:17:34 - Generating prompt #1 (Section 1, Prompt 1/17)[0m
[1;33m2025-09-21 00:17:34 - Running prompt generation...[0m
PROMPT GENERATION COMPLETE - Prompt #1
[0;32m2025-09-21 00:18:10 - Completed prompt #1[0m
[0;34m2025-09-21 00:18:15 - Generating prompt #2 (Section 1, Prompt 2/17)[0m
[1;33m2025-09-21 00:18:15 - Running prompt generation...[0m
PROMPT GENERATION COMPLETE - Prompt #2
[0;32m2025-09-21 00:18:54 - Completed prompt #2[0m
[0;34m2025-09-21 00:18:59 - Generating prompt #3 (Section 1, Prompt 3/17)[0m
[1;33m2025-09-21 00:18:59 - Running prompt generation...[0m
PROMPT GENERATION COMPLETE - Prompt #3
[0;32m2025-09-21 00:19:25 - Completed prompt #3[0m
[0;34m2025-09-21 00:19:30 - Generating prompt #4 (Section 1, Prompt 4/17)[0m
[1;33m2025-09-21 00:19:30 - Running prompt generation...[0m
PROMPT GENERATION COMPLETE - Prompt #4
[0;32m2025-09-21 00:19:56 - Completed prompt #4[0m
[0;34m2025-09-21 00:20:01 - Generating prompt #5 (Section 1, Prompt 5/17)[0m
[1;33m2025-09-21 00:20:01 - Running prompt generation...[0m
PROMPT GENERATION COMPLETE - Prompt #5
[0;32m2025-09-21 00:20:33 - Completed prompt #5[0m
[0;34m2025-09-21 00:20:38 - Generating prompt #6 (Section 1, Prompt 6/17)[0m
[1;33m2025-09-21 00:20:38 - Running prompt generation...[0m
PROMPT GENERATION COMPLETE - Prompt #6
[0;32m2025-09-21 00:21:04 - Completed prompt #6[0m
[0;34m2025-09-21 00:21:09 - Generating prompt #7 (Section 1, Prompt 7/17)[0m
[1;33m2025-09-21 00:21:09 - Running prompt generation...[0m
PROMPT GENERATION COMPLETE - Prompt #7
[0;32m2025-09-21 00:21:35 - Completed prompt #7[0m
[0;34m2025-09-21 00:21:40 - Generating prompt #8 (Section 1, Prompt 8/17)[0m
[1;33m2025-09-21 00:21:40 - Running prompt generation...[0m
PROMPT GENERATION COMPLETE - Prompt #8
[0;32m2025-09-21 00:22:05 - Completed prompt #8[0m
[0;34m2025-09-21 00:22:11 - Generating prompt #9 (Section 1, Prompt 9/17)[0m
[1;33m2025-09-21 00:22:11 - Running prompt generation...[0m
PROMPT GENERATION COMPLETE - Prompt #9
[0;32m2025-09-21 00:22:34 - Completed prompt #9[0m
[0;34m2025-09-21 00:22:39 - Generating prompt #10 (Section 1, Prompt 10/17)[0m
[1;33m2025-09-21 00:22:39 - Running prompt generation...[0m
PROMPT GENERATION COMPLETE - Prompt #10
[0;32m2025-09-21 00:23:00 - Completed prompt #10[0m
[0;34m2025-09-21 00:23:05 - Generating prompt #11 (Section 1, Prompt 11/17)[0m
[1;33m2025-09-21 00:23:05 - Running prompt generation...[0m
PROMPT GENERATION COMPLETE - Prompt #11
[0;32m2025-09-21 00:23:27 - Completed prompt #11[0m
[0;34m2025-09-21 00:23:32 - Generating prompt #12 (Section 1, Prompt 12/17)[0m
[1;33m2025-09-21 00:23:32 - Running prompt generation...[0m
PROMPT GENERATION COMPLETE - Prompt #12
[0;32m2025-09-21 00:23:53 - Completed prompt #12[0m
[0;34m2025-09-21 00:23:58 - Generating prompt #13 (Section 1, Prompt 13/17)[0m
[1;33m2025-09-21 00:23:58 - Running prompt generation...[0m
PROMPT GENERATION COMPLETE - Prompt #13
[0;32m2025-09-21 00:24:18 - Completed prompt #13[0m
[0;34m2025-09-21 00:24:23 - Generating prompt #14 (Section 1, Prompt 14/17)[0m
[1;33m2025-09-21 00:24:23 - Running prompt generation...[0m
PROMPT GENERATION COMPLETE - Prompt #14
[0;32m2025-09-21 00:24:45 - Completed prompt #14[0m
[0;34m2025-09-21 00:24:50 - Generating prompt #15 (Section 1, Prompt 15/17)[0m
[1;33m2025-09-21 00:24:50 - Running prompt generation...[0m
PROMPT GENERATION COMPLETE - Prompt #15
[0;32m2025-09-21 00:25:12 - Completed prompt #15[0m
[0;34m2025-09-21 00:25:17 - Generating prompt #16 (Section 1, Prompt 16/17)[0m
[1;33m2025-09-21 00:25:17 - Running prompt generation...[0m
PROMPT GENERATION COMPLETE - Prompt #16
[0;32m2025-09-21 00:25:37 - Completed prompt #16[0m
[0;34m2025-09-21 00:25:42 - Generating prompt #17 (Section 1, Prompt 17/17)[0m
[1;33m2025-09-21 00:25:42 - Running prompt generation...[0m
PROMPT GENERATION COMPLETE - Prompt #17
[0;32m2025-09-21 00:26:06 - Completed prompt #17[0m
[0;34m2025-09-21 00:26:12 - Generating prompt #18 (Section 2, Prompt 1/17)[0m
[1;33m2025-09-21 00:26:12 - Running prompt generation...[0m
PROMPT GENERATION COMPLETE - Prompt #18
[0;32m2025-09-21 00:26:34 - Completed prompt #18[0m
[0;34m2025-09-21 00:26:39 - Generating prompt #19 (Section 2, Prompt 2/17)[0m
[1;33m2025-09-21 00:26:39 - Running prompt generation...[0m
PROMPT GENERATION COMPLETE - Prompt #19
[0;32m2025-09-21 00:27:03 - Completed prompt #19[0m
[0;34m2025-09-21 00:27:08 - Generating prompt #20 (Section 2, Prompt 3/17)[0m
[1;33m2025-09-21 00:27:08 - Running prompt generation...[0m
PROMPT GENERATION COMPLETE - Prompt #20
[0;32m2025-09-21 00:27:30 - Completed prompt #20[0m
[0;34m2025-09-21 00:27:35 - Generating prompt #21 (Section 2, Prompt 4/17)[0m
[1;33m2025-09-21 00:27:35 - Running prompt generation...[0m
PROMPT GENERATION COMPLETE - Prompt #21
[0;32m2025-09-21 00:27:56 - Completed prompt #21[0m
[0;34m2025-09-21 00:28:02 - Generating prompt #22 (Section 2, Prompt 5/17)[0m
[1;33m2025-09-21 00:28:02 - Running prompt generation...[0m
PROMPT GENERATION COMPLETE - Prompt #22
[0;32m2025-09-21 00:28:25 - Completed prompt #22[0m
[0;34m2025-09-21 00:28:30 - Generating prompt #23 (Section 2, Prompt 6/17)[0m
[1;33m2025-09-21 00:28:30 - Running prompt generation...[0m
PROMPT GENERATION COMPLETE - Prompt #23
[0;32m2025-09-21 00:28:53 - Completed prompt #23[0m
[0;34m2025-09-21 00:28:58 - Generating prompt #24 (Section 2, Prompt 7/17)[0m
[1;33m2025-09-21 00:28:58 - Running prompt generation...[0m
PROMPT GENERATION COMPLETE - Prompt #24
[0;32m2025-09-21 00:29:25 - Completed prompt #24[0m
[0;34m2025-09-21 00:29:30 - Generating prompt #25 (Section 2, Prompt 8/17)[0m
[1;33m2025-09-21 00:29:30 - Running prompt generation...[0m
PROMPT GENERATION COMPLETE - Prompt #25
[0;32m2025-09-21 00:29:53 - Completed prompt #25[0m
[0;34m2025-09-21 00:29:58 - Generating prompt #26 (Section 2, Prompt 9/17)[0m
[1;33m2025-09-21 00:29:58 - Running prompt generation...[0m
PROMPT GENERATION COMPLETE - Prompt #26
[0;32m2025-09-21 00:30:21 - Completed prompt #26[0m
[0;34m2025-09-21 00:30:26 - Generating prompt #27 (Section 2, Prompt 10/17)[0m
[1;33m2025-09-21 00:30:26 - Running prompt generation...[0m
PROMPT GENERATION COMPLETE - Prompt #27
[0;32m2025-09-21 00:30:48 - Completed prompt #27[0m
[0;34m2025-09-21 00:30:53 - Generating prompt #28 (Section 2, Prompt 11/17)[0m
[1;33m2025-09-21 00:30:53 - Running prompt generation...[0m
PROMPT GENERATION COMPLETE - Prompt #28
[0;32m2025-09-21 00:31:14 - Completed prompt #28[0m
[0;34m2025-09-21 00:31:19 - Generating prompt #29 (Section 2, Prompt 12/17)[0m
[1;33m2025-09-21 00:31:19 - Running prompt generation...[0m
PROMPT GENERATION COMPLETE - Prompt #29
[0;32m2025-09-21 00:31:40 - Completed prompt #29[0m
[0;34m2025-09-21 00:31:45 - Generating prompt #30 (Section 2, Prompt 13/17)[0m
[1;33m2025-09-21 00:31:45 - Running prompt generation...[0m
PROMPT GENERATION COMPLETE - Prompt #30
[0;32m2025-09-21 00:32:07 - Completed prompt #30[0m
[0;34m2025-09-21 00:32:12 - Generating prompt #31 (Section 2, Prompt 14/17)[0m
[1;33m2025-09-21 00:32:12 - Running prompt generation...[0m
PROMPT GENERATION COMPLETE - Prompt #31
[0;32m2025-09-21 00:32:33 - Completed prompt #31[0m
[0;34m2025-09-21 00:32:38 - Generating prompt #32 (Section 2, Prompt 15/17)[0m
[1;33m2025-09-21 00:32:38 - Running prompt generation...[0m
PROMPT GENERATION COMPLETE - Prompt #32
[0;32m2025-09-21 00:32:59 - Completed prompt #32[0m
[0;34m2025-09-21 00:33:04 - Generating prompt #33 (Section 2, Prompt 16/17)[0m
[1;33m2025-09-21 00:33:04 - Running prompt generation...[0m
<invoke name="Edit">
<parameter name="file_path">/Users/ikim1/Documents/GitHub/templata-addiction-recovery/src/data/prompts-addiction-recovery.ts</parameter>
<parameter name="old_string">  {
    id: 'prompt-32',
    prompt: 'Research and choose a specific recovery program or treatment approach that aligns with your personal values and addiction history',
    category: 'decision',
    helpText: 'Selecting the right recovery approach is crucial for long-term success, as different methods work better for different people based on their addiction type, personality, and life circumstances. Research evidence-based options like 12-step programs, SMART Recovery, Refuge Recovery, or secular approaches, then attend a meeting or consultation for each method to see which philosophy and community feels most supportive for your specific needs. This informed decision-making ensures you commit to a recovery path that resonates with your values and provides the best foundation for sustained sobriety.'
  }
];</parameter>
<parameter name="new_string">  {
    id: 'prompt-32',
    prompt: 'Research and choose a specific recovery program or treatment approach that aligns with your personal values and addiction history',
    category: 'decision',
    helpText: 'Selecting the right recovery approach is crucial for long-term success, as different methods work better for different people based on their addiction type, personality, and life circumstances. Research evidence-based options like 12-step programs, SMART Recovery, Refuge Recovery, or secular approaches, then attend a meeting or consultation for each method to see which philosophy and community feels most supportive for your specific needs. This informed decision-making ensures you commit to a recovery path that resonates with your values and provides the best foundation for sustained sobriety.'
  },
  {
    id: 'prompt-33',
    prompt: 'Create a comprehensive emergency kit with essential recovery resources, contact information, and coping tools for high-risk situations',
    category: 'planning',
    helpText: 'Having a physical or digital emergency kit ensures you have immediate access to critical recovery resources during moments of crisis, stress, or intense cravings when your decision-making ability may be compromised. Assemble items like your sponsor\'s contact information, recovery affirmations, calming music playlists, healthy snacks, stress-relief items like fidget tools, and copies of your recovery goals in a easily accessible bag or phone folder. This preparation gives you concrete tools to reach for during difficult moments and reinforces your commitment to recovery by having tangible reminders of your support system and coping strategies readily available.'
  }
];</parameter>
</invoke>
[0;32m2025-09-21 00:33:22 - Completed prompt #33[0m
[0;34m2025-09-21 00:33:27 - Generating prompt #34 (Section 2, Prompt 17/17)[0m
[1;33m2025-09-21 00:33:27 - Running prompt generation...[0m
PROMPT GENERATION COMPLETE - Prompt #34
[0;32m2025-09-21 00:33:53 - Completed prompt #34[0m
[0;34m2025-09-21 00:33:58 - Generating prompt #35 (Section 3, Prompt 1/17)[0m
[1;33m2025-09-21 00:33:58 - Running prompt generation...[0m
PROMPT GENERATION COMPLETE - Prompt #35
[0;32m2025-09-21 00:34:19 - Completed prompt #35[0m
[0;34m2025-09-21 00:34:25 - Generating prompt #36 (Section 3, Prompt 2/17)[0m
[1;33m2025-09-21 00:34:25 - Running prompt generation...[0m
PROMPT GENERATION COMPLETE - Prompt #36
[0;32m2025-09-21 00:34:46 - Completed prompt #36[0m
[0;34m2025-09-21 00:34:51 - Generating prompt #37 (Section 3, Prompt 3/17)[0m
[1;33m2025-09-21 00:34:51 - Running prompt generation...[0m
<invoke name="Edit">
<parameter name="file_path">/Users/ikim1/Documents/GitHub/templata-addiction-recovery/src/data/prompts-addiction-recovery.ts</parameter>
<parameter name="old_string">  {
    id: 'prompt-36',
    prompt: 'Create a detailed weekly exercise and physical activity schedule that supports your recovery by improving mood and reducing stress',
    category: 'planning',
    helpText: 'Regular physical activity is crucial for recovery as it naturally releases endorphins, reduces anxiety and depression, improves sleep quality, and provides healthy coping mechanisms for stress and cravings. Plan specific types of exercise for each day of the week such as walking, strength training, yoga, or swimming, starting with realistic goals based on your current fitness level and gradually increasing intensity as your body heals. This structured approach to fitness creates routine, improves physical health damaged by substance use, and provides a powerful tool for managing difficult emotions without turning to substances.'
  }
];</parameter>
<parameter name="new_string">  {
    id: 'prompt-36',
    prompt: 'Create a detailed weekly exercise and physical activity schedule that supports your recovery by improving mood and reducing stress',
    category: 'planning',
    helpText: 'Regular physical activity is crucial for recovery as it naturally releases endorphins, reduces anxiety and depression, improves sleep quality, and provides healthy coping mechanisms for stress and cravings. Plan specific types of exercise for each day of the week such as walking, strength training, yoga, or swimming, starting with realistic goals based on your current fitness level and gradually increasing intensity as your body heals. This structured approach to fitness creates routine, improves physical health damaged by substance use, and provides a powerful tool for managing difficult emotions without turning to substances.'
  },
  {
    id: 'prompt-37',
    prompt: 'Create a structured daily check-in routine with your sponsor, counselor, or trusted recovery partner to maintain accountability and track progress',
    category: 'action',
    helpText: 'Daily accountability check-ins create consistent support and help identify potential problems before they escalate into relapse situations. Schedule a specific time each day to connect with a sponsor, counselor, or trusted recovery partner to discuss your emotional state, any cravings or challenges, and your commitment to sobriety for the next 24 hours. This routine builds strong accountability relationships, provides daily motivation and support, and ensures you have regular opportunities to process difficult emotions or situations with someone who understands your recovery journey.'
  }
];</parameter>
</invoke>
[0;32m2025-09-21 00:35:10 - Completed prompt #37[0m
[0;34m2025-09-21 00:35:15 - Generating prompt #38 (Section 3, Prompt 4/17)[0m
[1;33m2025-09-21 00:35:15 - Running prompt generation...[0m
PROMPT GENERATION COMPLETE - Prompt #38
[0;32m2025-09-21 00:35:35 - Completed prompt #38[0m
[0;34m2025-09-21 00:35:40 - Generating prompt #39 (Section 3, Prompt 5/17)[0m
[1;33m2025-09-21 00:35:40 - Running prompt generation...[0m
PROMPT GENERATION COMPLETE - Prompt #39
[0;32m2025-09-21 00:36:02 - Completed prompt #39[0m
[0;34m2025-09-21 00:36:07 - Generating prompt #40 (Section 3, Prompt 6/17)[0m
[1;33m2025-09-21 00:36:07 - Running prompt generation...[0m
PROMPT GENERATION COMPLETE - Prompt #40
[0;32m2025-09-21 00:36:28 - Completed prompt #40[0m
[0;34m2025-09-21 00:36:33 - Generating prompt #41 (Section 3, Prompt 7/17)[0m
[1;33m2025-09-21 00:36:34 - Running prompt generation...[0m
PROMPT GENERATION COMPLETE - Prompt #41
[0;32m2025-09-21 00:36:56 - Completed prompt #41[0m
[0;34m2025-09-21 00:37:01 - Generating prompt #42 (Section 3, Prompt 8/17)[0m
[1;33m2025-09-21 00:37:01 - Running prompt generation...[0m
PROMPT GENERATION COMPLETE - Prompt #42
[0;32m2025-09-21 00:37:24 - Completed prompt #42[0m
[0;34m2025-09-21 00:37:29 - Generating prompt #43 (Section 3, Prompt 9/17)[0m
[1;33m2025-09-21 00:37:29 - Running prompt generation...[0m
PROMPT GENERATION COMPLETE - Prompt #43
[0;32m2025-09-21 00:37:50 - Completed prompt #43[0m
[0;34m2025-09-21 00:37:55 - Generating prompt #44 (Section 3, Prompt 10/17)[0m
[1;33m2025-09-21 00:37:55 - Running prompt generation...[0m
<invoke name="Edit">
<parameter name="file_path">/Users/ikim1/Documents/GitHub/templata-addiction-recovery/src/data/prompts-addiction-recovery.ts</parameter>
<parameter name="old_string">  {
    id: 'prompt-43',
    prompt: 'Establish a comprehensive sleep hygiene routine and track your sleep patterns for two weeks to support recovery healing',
    category: 'action',
    helpText: 'Quality sleep is essential for brain healing and emotional regulation during recovery, as addiction often severely disrupts natural sleep cycles and poor sleep increases relapse risk. Create a specific bedtime routine including consistent sleep and wake times, removing screens 1 hour before bed, keeping your bedroom cool and dark, and avoiding caffeine after 2 PM, then track your sleep quality and hours each night for 14 days. This structured approach to sleep recovery helps restore your natural circadian rhythms, improves mental clarity and emotional stability, and provides concrete data to identify what sleep strategies work best for your individual recovery needs.'
  }</parameter>
<parameter name="new_string">  {
    id: 'prompt-43',
    prompt: 'Establish a comprehensive sleep hygiene routine and track your sleep patterns for two weeks to support recovery healing',
    category: 'action',
    helpText: 'Quality sleep is essential for brain healing and emotional regulation during recovery, as addiction often severely disrupts natural sleep cycles and poor sleep increases relapse risk. Create a specific bedtime routine including consistent sleep and wake times, removing screens 1 hour before bed, keeping your bedroom cool and dark, and avoiding caffeine after 2 PM, then track your sleep quality and hours each night for 14 days. This structured approach to sleep recovery helps restore your natural circadian rhythms, improves mental clarity and emotional stability, and provides concrete data to identify what sleep strategies work best for your individual recovery needs.'
  },
  {
    id: 'prompt-44',
    prompt: 'Research and visit three sober living facilities in your area to understand their rules, support systems, and application processes',
    category: 'research',
    helpText: 'Sober living homes provide crucial transitional support between intensive treatment and independent living, offering structured accountability and peer support during vulnerable early recovery months. Contact facilities to schedule tours and ask about house rules, required meetings, drug testing policies, cost, length of stay, and application requirements. This research helps you understand what level of structured support might benefit your recovery and provides backup housing options if your current living situation becomes unsupportive or triggers relapse risk.'
  }</parameter>
</invoke>
[0;32m2025-09-21 00:38:14 - Completed prompt #44[0m
[0;34m2025-09-21 00:38:19 - Generating prompt #45 (Section 3, Prompt 11/17)[0m
[1;33m2025-09-21 00:38:19 - Running prompt generation...[0m
<invoke name="Edit">
<parameter name="file_path">/Users/ikim1/Documents/GitHub/templata-addiction-recovery/src/data/prompts-addiction-recovery.ts</parameter>
<parameter name="old_string">  {
    id: 'prompt-43',
    prompt: 'Establish a comprehensive sleep hygiene routine and track your sleep patterns for two weeks to support recovery healing',
    category: 'action',
    helpText: 'Quality sleep is essential for brain healing and emotional regulation during recovery, as addiction often severely disrupts natural sleep cycles and poor sleep increases relapse risk. Create a specific bedtime routine including consistent sleep and wake times, removing screens 1 hour before bed, keeping your bedroom cool and dark, and avoiding caffeine after 2 PM, then track your sleep quality and hours each night for 14 days. This structured approach to sleep recovery helps restore your natural circadian rhythms, improves mental clarity and emotional stability, and provides concrete data to identify what sleep strategies work best for your individual recovery needs.'
  }
];</parameter>
<parameter name="new_string">  {
    id: 'prompt-43',
    prompt: 'Establish a comprehensive sleep hygiene routine and track your sleep patterns for two weeks to support recovery healing',
    category: 'action',
    helpText: 'Quality sleep is essential for brain healing and emotional regulation during recovery, as addiction often severely disrupts natural sleep cycles and poor sleep increases relapse risk. Create a specific bedtime routine including consistent sleep and wake times, removing screens 1 hour before bed, keeping your bedroom cool and dark, and avoiding caffeine after 2 PM, then track your sleep quality and hours each night for 14 days. This structured approach to sleep recovery helps restore your natural circadian rhythms, improves mental clarity and emotional stability, and provides concrete data to identify what sleep strategies work best for your individual recovery needs.'
  },
  {
    id: 'prompt-45',
    prompt: 'Attend one recovery meeting or group session and actively participate by sharing your experience or asking a question',
    category: 'action',
    helpText: 'Active participation in recovery meetings builds connection with others who understand your journey and reinforces your commitment to sobriety through vocal accountability. Choose a support group meeting in your area or online, attend the full session, and challenge yourself to either share something about your recovery experience or ask a question during discussion time. This concrete step moves you from passive observer to active participant in the recovery community, helping you build relationships, gain confidence in recovery settings, and strengthen your commitment through public acknowledgment of your sobriety goals.'
  }
];</parameter>
</invoke>
[0;32m2025-09-21 00:38:41 - Completed prompt #45[0m
[0;34m2025-09-21 00:38:46 - Generating prompt #46 (Section 3, Prompt 12/17)[0m
[1;33m2025-09-21 00:38:46 - Running prompt generation...[0m
PROMPT GENERATION COMPLETE - Prompt #46
[0;32m2025-09-21 00:39:08 - Completed prompt #46[0m
[0;34m2025-09-21 00:39:13 - Generating prompt #47 (Section 3, Prompt 13/17)[0m
[1;33m2025-09-21 00:39:13 - Running prompt generation...[0m
PROMPT GENERATION COMPLETE - Prompt #47
[0;32m2025-09-21 00:39:34 - Completed prompt #47[0m
[0;34m2025-09-21 00:39:39 - Generating prompt #48 (Section 3, Prompt 14/17)[0m
[1;33m2025-09-21 00:39:39 - Running prompt generation...[0m
PROMPT GENERATION COMPLETE - Prompt #48
[0;32m2025-09-21 00:40:02 - Completed prompt #48[0m
[0;34m2025-09-21 00:40:07 - Generating prompt #49 (Section 3, Prompt 15/17)[0m
[1;33m2025-09-21 00:40:07 - Running prompt generation...[0m
PROMPT GENERATION COMPLETE - Prompt #49
[0;32m2025-09-21 00:40:28 - Completed prompt #49[0m
[0;34m2025-09-21 00:40:33 - Generating prompt #50 (Section 3, Prompt 16/17)[0m
[1;33m2025-09-21 00:40:33 - Running prompt generation...[0m
PROMPT GENERATION COMPLETE - Prompt #50
[0;32m2025-09-21 00:40:58 - Completed prompt #50[0m
[0;34m2025-09-21 00:41:03 - Generating prompt #51 (Section 3, Prompt 17/17)[0m
[1;33m2025-09-21 00:41:03 - Running prompt generation...[0m
PROMPT GENERATION COMPLETE - Prompt #51
[0;32m2025-09-21 00:41:26 - Completed prompt #51[0m
[0;34m2025-09-21 00:41:31 - Generating prompt #52 (Section 4, Prompt 1/17)[0m
[1;33m2025-09-21 00:41:31 - Running prompt generation...[0m
PROMPT GENERATION COMPLETE - Prompt #52
[0;32m2025-09-21 00:41:52 - Completed prompt #52[0m
[0;34m2025-09-21 00:41:57 - Generating prompt #53 (Section 4, Prompt 2/17)[0m
[1;33m2025-09-21 00:41:57 - Running prompt generation...[0m
PROMPT GENERATION COMPLETE - Prompt #53
[0;32m2025-09-21 00:42:20 - Completed prompt #53[0m
[0;34m2025-09-21 00:42:25 - Generating prompt #54 (Section 4, Prompt 3/17)[0m
[1;33m2025-09-21 00:42:25 - Running prompt generation...[0m
PROMPT GENERATION COMPLETE - Prompt #54
[0;32m2025-09-21 00:42:47 - Completed prompt #54[0m
[0;34m2025-09-21 00:42:52 - Generating prompt #55 (Section 4, Prompt 4/17)[0m
[1;33m2025-09-21 00:42:52 - Running prompt generation...[0m
PROMPT GENERATION COMPLETE - Prompt #55
[0;32m2025-09-21 00:43:13 - Completed prompt #55[0m
[0;34m2025-09-21 00:43:18 - Generating prompt #56 (Section 4, Prompt 5/17)[0m
[1;33m2025-09-21 00:43:18 - Running prompt generation...[0m
PROMPT GENERATION COMPLETE - Prompt #56
[0;32m2025-09-21 00:43:41 - Completed prompt #56[0m
[0;34m2025-09-21 00:43:46 - Generating prompt #57 (Section 4, Prompt 6/17)[0m
[1;33m2025-09-21 00:43:46 - Running prompt generation...[0m
PROMPT GENERATION COMPLETE - Prompt #57
[0;32m2025-09-21 00:44:09 - Completed prompt #57[0m
[0;34m2025-09-21 00:44:14 - Generating prompt #58 (Section 4, Prompt 7/17)[0m
[1;33m2025-09-21 00:44:14 - Running prompt generation...[0m
PROMPT GENERATION COMPLETE - Prompt #58
[0;32m2025-09-21 00:44:39 - Completed prompt #58[0m
[0;34m2025-09-21 00:44:44 - Generating prompt #59 (Section 4, Prompt 8/17)[0m
[1;33m2025-09-21 00:44:44 - Running prompt generation...[0m
PROMPT GENERATION COMPLETE - Prompt #59
[0;32m2025-09-21 00:45:09 - Completed prompt #59[0m
[0;34m2025-09-21 00:45:14 - Generating prompt #60 (Section 4, Prompt 9/17)[0m
[1;33m2025-09-21 00:45:14 - Running prompt generation...[0m
PROMPT GENERATION COMPLETE - Prompt #60
[0;32m2025-09-21 00:45:37 - Completed prompt #60[0m
[0;34m2025-09-21 00:45:42 - Generating prompt #61 (Section 4, Prompt 10/17)[0m
[1;33m2025-09-21 00:45:42 - Running prompt generation...[0m
PROMPT GENERATION COMPLETE - Prompt #61
[0;32m2025-09-21 00:46:07 - Completed prompt #61[0m
[0;34m2025-09-21 00:46:12 - Generating prompt #62 (Section 4, Prompt 11/17)[0m
[1;33m2025-09-21 00:46:12 - Running prompt generation...[0m
PROMPT GENERATION COMPLETE - Prompt #62
[0;32m2025-09-21 00:46:37 - Completed prompt #62[0m
[0;34m2025-09-21 00:46:42 - Generating prompt #63 (Section 4, Prompt 12/17)[0m
[1;33m2025-09-21 00:46:42 - Running prompt generation...[0m
PROMPT GENERATION COMPLETE - Prompt #63
[0;32m2025-09-21 00:47:06 - Completed prompt #63[0m
[0;34m2025-09-21 00:47:11 - Generating prompt #64 (Section 4, Prompt 13/17)[0m
[1;33m2025-09-21 00:47:11 - Running prompt generation...[0m
PROMPT GENERATION COMPLETE - Prompt #64
[0;32m2025-09-21 00:47:33 - Completed prompt #64[0m
[0;34m2025-09-21 00:47:38 - Generating prompt #65 (Section 4, Prompt 14/17)[0m
[1;33m2025-09-21 00:47:38 - Running prompt generation...[0m
PROMPT GENERATION COMPLETE - Prompt #65
[0;32m2025-09-21 00:47:59 - Completed prompt #65[0m
[0;34m2025-09-21 00:48:04 - Generating prompt #66 (Section 4, Prompt 15/17)[0m
[1;33m2025-09-21 00:48:04 - Running prompt generation...[0m
PROMPT GENERATION COMPLETE - Prompt #66
[0;32m2025-09-21 00:48:26 - Completed prompt #66[0m
[0;34m2025-09-21 00:48:31 - Generating prompt #67 (Section 4, Prompt 16/17)[0m
[1;33m2025-09-21 00:48:31 - Running prompt generation...[0m
PROMPT GENERATION COMPLETE - Prompt #67
[0;32m2025-09-21 00:48:55 - Completed prompt #67[0m
[0;34m2025-09-21 00:49:00 - Generating prompt #68 (Section 4, Prompt 17/17)[0m
[1;33m2025-09-21 00:49:00 - Running prompt generation...[0m
PROMPT GENERATION COMPLETE - Prompt #68
[0;32m2025-09-21 00:49:23 - Completed prompt #68[0m
[0;34m2025-09-21 00:49:28 - Generating prompt #69 (Section 5, Prompt 1/17)[0m
[1;33m2025-09-21 00:49:28 - Running prompt generation...[0m
PROMPT GENERATION COMPLETE - Prompt #69
[0;32m2025-09-21 00:49:49 - Completed prompt #69[0m
[0;34m2025-09-21 00:49:54 - Generating prompt #70 (Section 5, Prompt 2/17)[0m
[1;33m2025-09-21 00:49:54 - Running prompt generation...[0m
PROMPT GENERATION COMPLETE - Prompt #70
[0;32m2025-09-21 00:50:16 - Completed prompt #70[0m
[0;34m2025-09-21 00:50:21 - Generating prompt #71 (Section 5, Prompt 3/17)[0m
[1;33m2025-09-21 00:50:21 - Running prompt generation...[0m
PROMPT GENERATION COMPLETE - Prompt #71
[0;32m2025-09-21 00:50:43 - Completed prompt #71[0m
[0;34m2025-09-21 00:50:48 - Generating prompt #72 (Section 5, Prompt 4/17)[0m
[1;33m2025-09-21 00:50:48 - Running prompt generation...[0m
PROMPT GENERATION COMPLETE - Prompt #72
[0;32m2025-09-21 00:51:11 - Completed prompt #72[0m
[0;34m2025-09-21 00:51:16 - Generating prompt #73 (Section 5, Prompt 5/17)[0m
[1;33m2025-09-21 00:51:16 - Running prompt generation...[0m
PROMPT GENERATION COMPLETE - Prompt #73
[0;32m2025-09-21 00:51:37 - Completed prompt #73[0m
[0;34m2025-09-21 00:51:42 - Generating prompt #74 (Section 5, Prompt 6/17)[0m
[1;33m2025-09-21 00:51:42 - Running prompt generation...[0m
5-hour limit reached ∙ resets 5am
[0;32m2025-09-21 00:51:48 - Completed prompt #74[0m
[0;34m2025-09-21 00:51:53 - Generating prompt #75 (Section 5, Prompt 7/17)[0m
[1;33m2025-09-21 00:51:53 - Running prompt generation...[0m
5-hour limit reached ∙ resets 5am
[0;32m2025-09-21 00:52:03 - Completed prompt #75[0m
[0;34m2025-09-21 00:52:08 - Generating prompt #76 (Section 5, Prompt 8/17)[0m
[1;33m2025-09-21 00:52:08 - Running prompt generation...[0m
5-hour limit reached ∙ resets 5am
[0;32m2025-09-21 00:52:20 - Completed prompt #76[0m
[0;34m2025-09-21 00:52:25 - Generating prompt #77 (Section 5, Prompt 9/17)[0m
[1;33m2025-09-21 00:52:25 - Running prompt generation...[0m
5-hour limit reached ∙ resets 5am
[0;32m2025-09-21 00:52:38 - Completed prompt #77[0m
[0;34m2025-09-21 00:52:43 - Generating prompt #78 (Section 5, Prompt 10/17)[0m
[1;33m2025-09-21 00:52:43 - Running prompt generation...[0m
5-hour limit reached ∙ resets 5am
[0;32m2025-09-21 00:52:51 - Completed prompt #78[0m
[0;34m2025-09-21 00:52:57 - Generating prompt #79 (Section 5, Prompt 11/17)[0m
[1;33m2025-09-21 00:52:57 - Running prompt generation...[0m
5-hour limit reached ∙ resets 5am
[0;32m2025-09-21 00:53:09 - Completed prompt #79[0m
[0;34m2025-09-21 00:53:14 - Generating prompt #80 (Section 5, Prompt 12/17)[0m
[1;33m2025-09-21 00:53:14 - Running prompt generation...[0m
5-hour limit reached ∙ resets 5am
[0;32m2025-09-21 00:53:26 - Completed prompt #80[0m
[0;34m2025-09-21 00:53:31 - Generating prompt #81 (Section 5, Prompt 13/17)[0m
[1;33m2025-09-21 00:53:31 - Running prompt generation...[0m
5-hour limit reached ∙ resets 5am
[0;32m2025-09-21 00:53:45 - Completed prompt #81[0m
[0;34m2025-09-21 00:53:50 - Generating prompt #82 (Section 5, Prompt 14/17)[0m
[1;33m2025-09-21 00:53:50 - Running prompt generation...[0m
5-hour limit reached ∙ resets 5am
[0;32m2025-09-21 00:54:02 - Completed prompt #82[0m
[0;34m2025-09-21 00:54:08 - Generating prompt #83 (Section 5, Prompt 15/17)[0m
[1;33m2025-09-21 00:54:08 - Running prompt generation...[0m
5-hour limit reached ∙ resets 5am
[0;32m2025-09-21 00:54:20 - Completed prompt #83[0m
[0;34m2025-09-21 00:54:25 - Generating prompt #84 (Section 5, Prompt 16/17)[0m
[1;33m2025-09-21 00:54:25 - Running prompt generation...[0m
5-hour limit reached ∙ resets 5am
[0;32m2025-09-21 00:54:36 - Completed prompt #84[0m
[0;34m2025-09-21 00:54:41 - Generating prompt #85 (Section 5, Prompt 17/17)[0m
[1;33m2025-09-21 00:54:41 - Running prompt generation...[0m
5-hour limit reached ∙ resets 5am
[0;32m2025-09-21 00:54:53 - Completed prompt #85[0m
[0;34m2025-09-21 00:54:58 - Generating prompt #86 (Section 6, Prompt 1/17)[0m
[1;33m2025-09-21 00:54:59 - Running prompt generation...[0m
5-hour limit reached ∙ resets 5am
[0;32m2025-09-21 00:55:10 - Completed prompt #86[0m
[0;34m2025-09-21 00:55:15 - Generating prompt #87 (Section 6, Prompt 2/17)[0m
[1;33m2025-09-21 00:55:16 - Running prompt generation...[0m
5-hour limit reached ∙ resets 5am
[0;32m2025-09-21 00:55:28 - Completed prompt #87[0m
[0;34m2025-09-21 00:55:33 - Generating prompt #88 (Section 6, Prompt 3/17)[0m
[1;33m2025-09-21 00:55:33 - Running prompt generation...[0m
5-hour limit reached ∙ resets 5am
[0;32m2025-09-21 00:55:43 - Completed prompt #88[0m
[0;34m2025-09-21 00:55:48 - Generating prompt #89 (Section 6, Prompt 4/17)[0m
[1;33m2025-09-21 00:55:48 - Running prompt generation...[0m
5-hour limit reached ∙ resets 5am
[0;32m2025-09-21 00:55:59 - Completed prompt #89[0m
[0;34m2025-09-21 00:56:04 - Generating prompt #90 (Section 6, Prompt 5/17)[0m
[1;33m2025-09-21 00:56:04 - Running prompt generation...[0m
5-hour limit reached ∙ resets 5am
[0;32m2025-09-21 00:56:14 - Completed prompt #90[0m
[0;34m2025-09-21 00:56:19 - Generating prompt #91 (Section 6, Prompt 6/17)[0m
[1;33m2025-09-21 00:56:19 - Running prompt generation...[0m
5-hour limit reached ∙ resets 5am
[0;32m2025-09-21 00:56:31 - Completed prompt #91[0m
[0;34m2025-09-21 00:56:36 - Generating prompt #92 (Section 6, Prompt 7/17)[0m
[1;33m2025-09-21 00:56:36 - Running prompt generation...[0m
5-hour limit reached ∙ resets 5am
[0;32m2025-09-21 00:56:48 - Completed prompt #92[0m
[0;34m2025-09-21 00:56:53 - Generating prompt #93 (Section 6, Prompt 8/17)[0m
[1;33m2025-09-21 00:56:53 - Running prompt generation...[0m
5-hour limit reached ∙ resets 5am
[0;32m2025-09-21 00:57:02 - Completed prompt #93[0m
[0;34m2025-09-21 00:57:07 - Generating prompt #94 (Section 6, Prompt 9/17)[0m
[1;33m2025-09-21 00:57:07 - Running prompt generation...[0m
5-hour limit reached ∙ resets 5am
[0;32m2025-09-21 00:57:19 - Completed prompt #94[0m
[0;34m2025-09-21 00:57:24 - Generating prompt #95 (Section 6, Prompt 10/17)[0m
[1;33m2025-09-21 00:57:24 - Running prompt generation...[0m
5-hour limit reached ∙ resets 5am
[0;32m2025-09-21 00:57:34 - Completed prompt #95[0m
[0;34m2025-09-21 00:57:40 - Generating prompt #96 (Section 6, Prompt 11/17)[0m
[1;33m2025-09-21 00:57:40 - Running prompt generation...[0m
5-hour limit reached ∙ resets 5am
[0;32m2025-09-21 00:57:49 - Completed prompt #96[0m
[0;34m2025-09-21 00:57:54 - Generating prompt #97 (Section 6, Prompt 12/17)[0m
[1;33m2025-09-21 00:57:55 - Running prompt generation...[0m
5-hour limit reached ∙ resets 5am
[0;32m2025-09-21 00:58:06 - Completed prompt #97[0m
[0;34m2025-09-21 00:58:11 - Generating prompt #98 (Section 6, Prompt 13/17)[0m
[1;33m2025-09-21 00:58:11 - Running prompt generation...[0m
5-hour limit reached ∙ resets 5am
[0;32m2025-09-21 00:58:24 - Completed prompt #98[0m
[0;34m2025-09-21 00:58:29 - Generating prompt #99 (Section 6, Prompt 14/17)[0m
[1;33m2025-09-21 00:58:29 - Running prompt generation...[0m
5-hour limit reached ∙ resets 5am
[0;32m2025-09-21 00:58:37 - Completed prompt #99[0m
[0;34m2025-09-21 00:58:42 - Generating prompt #100 (Section 6, Prompt 15/17)[0m
[1;33m2025-09-21 00:58:43 - Running prompt generation...[0m
5-hour limit reached ∙ resets 5am
[0;32m2025-09-21 00:58:50 - Completed prompt #100[0m
[0;34m2025-09-21 00:58:55 - Generating prompt #101 (Section 6, Prompt 16/17)[0m
[1;33m2025-09-21 00:58:55 - Running prompt generation...[0m
5-hour limit reached ∙ resets 5am
[0;32m2025-09-21 00:59:01 - Completed prompt #101[0m
[0;34m2025-09-21 00:59:06 - Generating prompt #102 (Section 6, Prompt 17/17)[0m
[1;33m2025-09-21 00:59:06 - Running prompt generation...[0m
5-hour limit reached ∙ resets 5am
[0;32m2025-09-21 00:59:12 - Completed prompt #102[0m
