[0;34m2025-09-21 09:57:04 - Starting Prompt Generation Cycle for template: side-hustle-development[0m
[1;33m2025-09-21 09:57:04 - Override flag detected - resetting progress and recreating files[0m
[0;32m2025-09-21 09:57:04 - Progress reset to 0 for template: side-hustle-development[0m
[0;32m2025-09-21 09:57:04 - Using existing worktree: ../templata-side-hustle-development[0m
[1;33m2025-09-21 09:57:04 - Creating template prompt file: prompts-side-hustle-development.ts[0m
[0;32m2025-09-21 09:57:04 - Created template prompt file: ../templata-side-hustle-development/src/data/prompts-side-hustle-development.ts[0m
[0;34m2025-09-21 09:57:04 - Generating prompt #1 (Section 1, Prompt 1/17)[0m
[1;33m2025-09-21 09:57:04 - Running prompt generation...[0m
PROMPT GENERATION COMPLETE - Prompt #1
[0;32m2025-09-21 09:57:33 - Completed prompt #1[0m
[0;34m2025-09-21 09:57:38 - Generating prompt #2 (Section 1, Prompt 2/17)[0m
[1;33m2025-09-21 09:57:38 - Running prompt generation...[0m
PROMPT GENERATION COMPLETE - Prompt #2
[0;32m2025-09-21 09:58:04 - Completed prompt #2[0m
[0;34m2025-09-21 09:58:09 - Generating prompt #3 (Section 1, Prompt 3/17)[0m
[1;33m2025-09-21 09:58:09 - Running prompt generation...[0m
PROMPT GENERATION COMPLETE - Prompt #3
[0;32m2025-09-21 09:58:33 - Completed prompt #3[0m
[0;34m2025-09-21 09:58:38 - Generating prompt #4 (Section 1, Prompt 4/17)[0m
[1;33m2025-09-21 09:58:38 - Running prompt generation...[0m
PROMPT GENERATION COMPLETE - Prompt #4
[0;32m2025-09-21 09:59:03 - Completed prompt #4[0m
[0;34m2025-09-21 09:59:08 - Generating prompt #5 (Section 1, Prompt 5/17)[0m
[1;33m2025-09-21 09:59:08 - Running prompt generation...[0m
PROMPT GENERATION COMPLETE - Prompt #5
[0;32m2025-09-21 09:59:31 - Completed prompt #5[0m
[0;34m2025-09-21 09:59:36 - Generating prompt #6 (Section 1, Prompt 6/17)[0m
[1;33m2025-09-21 09:59:36 - Running prompt generation...[0m
PROMPT GENERATION COMPLETE - Prompt #6
[0;32m2025-09-21 10:00:00 - Completed prompt #6[0m
[0;34m2025-09-21 10:00:05 - Generating prompt #7 (Section 1, Prompt 7/17)[0m
[1;33m2025-09-21 10:00:05 - Running prompt generation...[0m
PROMPT GENERATION COMPLETE - Prompt #7
[0;32m2025-09-21 10:00:27 - Completed prompt #7[0m
[0;34m2025-09-21 10:00:32 - Generating prompt #8 (Section 1, Prompt 8/17)[0m
[1;33m2025-09-21 10:00:32 - Running prompt generation...[0m
PROMPT GENERATION COMPLETE - Prompt #8
[0;32m2025-09-21 10:00:54 - Completed prompt #8[0m
[0;34m2025-09-21 10:00:59 - Generating prompt #9 (Section 1, Prompt 9/17)[0m
[1;33m2025-09-21 10:00:59 - Running prompt generation...[0m
PROMPT GENERATION COMPLETE - Prompt #9
[0;32m2025-09-21 10:01:22 - Completed prompt #9[0m
[0;34m2025-09-21 10:01:27 - Generating prompt #10 (Section 1, Prompt 10/17)[0m
[1;33m2025-09-21 10:01:28 - Running prompt generation...[0m
PROMPT GENERATION COMPLETE - Prompt #10
[0;32m2025-09-21 10:01:49 - Completed prompt #10[0m
[0;34m2025-09-21 10:01:54 - Generating prompt #11 (Section 1, Prompt 11/17)[0m
[1;33m2025-09-21 10:01:54 - Running prompt generation...[0m
PROMPT GENERATION COMPLETE - Prompt #11
[0;32m2025-09-21 10:02:15 - Completed prompt #11[0m
[0;34m2025-09-21 10:02:20 - Generating prompt #12 (Section 1, Prompt 12/17)[0m
[1;33m2025-09-21 10:02:20 - Running prompt generation...[0m
PROMPT GENERATION COMPLETE - Prompt #12
[0;32m2025-09-21 10:02:41 - Completed prompt #12[0m
[0;34m2025-09-21 10:02:46 - Generating prompt #13 (Section 1, Prompt 13/17)[0m
[1;33m2025-09-21 10:02:46 - Running prompt generation...[0m
PROMPT GENERATION COMPLETE - Prompt #13
[0;32m2025-09-21 10:03:07 - Completed prompt #13[0m
[0;34m2025-09-21 10:03:12 - Generating prompt #14 (Section 1, Prompt 14/17)[0m
[1;33m2025-09-21 10:03:12 - Running prompt generation...[0m
PROMPT GENERATION COMPLETE - Prompt #14
[0;32m2025-09-21 10:03:33 - Completed prompt #14[0m
[0;34m2025-09-21 10:03:38 - Generating prompt #15 (Section 1, Prompt 15/17)[0m
[1;33m2025-09-21 10:03:38 - Running prompt generation...[0m
PROMPT GENERATION COMPLETE - Prompt #15
[0;32m2025-09-21 10:04:00 - Completed prompt #15[0m
[0;34m2025-09-21 10:04:05 - Generating prompt #16 (Section 1, Prompt 16/17)[0m
[1;33m2025-09-21 10:04:05 - Running prompt generation...[0m
PROMPT GENERATION COMPLETE - Prompt #16
[0;32m2025-09-21 10:04:26 - Completed prompt #16[0m
[0;34m2025-09-21 10:04:31 - Generating prompt #17 (Section 1, Prompt 17/17)[0m
[1;33m2025-09-21 10:04:31 - Running prompt generation...[0m
PROMPT GENERATION COMPLETE - Prompt #17
[0;32m2025-09-21 10:04:55 - Completed prompt #17[0m
[0;34m2025-09-21 10:05:00 - Generating prompt #18 (Section 2, Prompt 1/17)[0m
[1;33m2025-09-21 10:05:00 - Running prompt generation...[0m
PROMPT GENERATION COMPLETE - Prompt #18
[0;32m2025-09-21 10:05:21 - Completed prompt #18[0m
[0;34m2025-09-21 10:05:26 - Generating prompt #19 (Section 2, Prompt 2/17)[0m
[1;33m2025-09-21 10:05:26 - Running prompt generation...[0m
PROMPT GENERATION COMPLETE - Prompt #19
[0;32m2025-09-21 10:05:47 - Completed prompt #19[0m
[0;34m2025-09-21 10:05:52 - Generating prompt #20 (Section 2, Prompt 3/17)[0m
[1;33m2025-09-21 10:05:52 - Running prompt generation...[0m
PROMPT GENERATION COMPLETE - Prompt #20
[0;32m2025-09-21 10:06:13 - Completed prompt #20[0m
[0;34m2025-09-21 10:06:18 - Generating prompt #21 (Section 2, Prompt 4/17)[0m
[1;33m2025-09-21 10:06:18 - Running prompt generation...[0m
PROMPT GENERATION COMPLETE - Prompt #21
[0;32m2025-09-21 10:06:39 - Completed prompt #21[0m
[0;34m2025-09-21 10:06:44 - Generating prompt #22 (Section 2, Prompt 5/17)[0m
[1;33m2025-09-21 10:06:44 - Running prompt generation...[0m
PROMPT GENERATION COMPLETE - Prompt #22
[0;32m2025-09-21 10:07:04 - Completed prompt #22[0m
[0;34m2025-09-21 10:07:09 - Generating prompt #23 (Section 2, Prompt 6/17)[0m
[1;33m2025-09-21 10:07:09 - Running prompt generation...[0m
PROMPT GENERATION COMPLETE - Prompt #23
[0;32m2025-09-21 10:07:30 - Completed prompt #23[0m
[0;34m2025-09-21 10:07:35 - Generating prompt #24 (Section 2, Prompt 7/17)[0m
[1;33m2025-09-21 10:07:35 - Running prompt generation...[0m
PROMPT GENERATION COMPLETE - Prompt #24
[0;32m2025-09-21 10:07:58 - Completed prompt #24[0m
[0;34m2025-09-21 10:08:03 - Generating prompt #25 (Section 2, Prompt 8/17)[0m
[1;33m2025-09-21 10:08:03 - Running prompt generation...[0m
PROMPT GENERATION COMPLETE - Prompt #25
[0;32m2025-09-21 10:08:25 - Completed prompt #25[0m
[0;34m2025-09-21 10:08:30 - Generating prompt #26 (Section 2, Prompt 9/17)[0m
[1;33m2025-09-21 10:08:30 - Running prompt generation...[0m
PROMPT GENERATION COMPLETE - Prompt #26
[0;32m2025-09-21 10:08:51 - Completed prompt #26[0m
[0;34m2025-09-21 10:08:56 - Generating prompt #27 (Section 2, Prompt 10/17)[0m
[1;33m2025-09-21 10:08:56 - Running prompt generation...[0m
PROMPT GENERATION COMPLETE - Prompt #27
[0;32m2025-09-21 10:09:19 - Completed prompt #27[0m
[0;34m2025-09-21 10:09:24 - Generating prompt #28 (Section 2, Prompt 11/17)[0m
[1;33m2025-09-21 10:09:24 - Running prompt generation...[0m
PROMPT GENERATION COMPLETE - Prompt #28
[0;32m2025-09-21 10:09:45 - Completed prompt #28[0m
[0;34m2025-09-21 10:09:50 - Generating prompt #29 (Section 2, Prompt 12/17)[0m
[1;33m2025-09-21 10:09:50 - Running prompt generation...[0m
PROMPT GENERATION COMPLETE - Prompt #29
[0;32m2025-09-21 10:10:10 - Completed prompt #29[0m
[0;34m2025-09-21 10:10:15 - Generating prompt #30 (Section 2, Prompt 13/17)[0m
[1;33m2025-09-21 10:10:15 - Running prompt generation...[0m
PROMPT GENERATION COMPLETE - Prompt #30
[0;32m2025-09-21 10:10:35 - Completed prompt #30[0m
[0;34m2025-09-21 10:10:40 - Generating prompt #31 (Section 2, Prompt 14/17)[0m
[1;33m2025-09-21 10:10:40 - Running prompt generation...[0m
PROMPT GENERATION COMPLETE - Prompt #31
[0;32m2025-09-21 10:11:00 - Completed prompt #31[0m
[0;34m2025-09-21 10:11:05 - Generating prompt #32 (Section 2, Prompt 15/17)[0m
[1;33m2025-09-21 10:11:06 - Running prompt generation...[0m
PROMPT GENERATION COMPLETE - Prompt #32
[0;32m2025-09-21 10:11:28 - Completed prompt #32[0m
[0;34m2025-09-21 10:11:33 - Generating prompt #33 (Section 2, Prompt 16/17)[0m
[1;33m2025-09-21 10:11:33 - Running prompt generation...[0m
PROMPT GENERATION COMPLETE - Prompt #33
[0;32m2025-09-21 10:11:55 - Completed prompt #33[0m
[0;34m2025-09-21 10:12:00 - Generating prompt #34 (Section 2, Prompt 17/17)[0m
[1;33m2025-09-21 10:12:00 - Running prompt generation...[0m
PROMPT GENERATION COMPLETE - Prompt #34
[0;32m2025-09-21 10:12:27 - Completed prompt #34[0m
[0;34m2025-09-21 10:12:32 - Generating prompt #35 (Section 3, Prompt 1/17)[0m
[1;33m2025-09-21 10:12:32 - Running prompt generation...[0m
PROMPT GENERATION COMPLETE - Prompt #35
[0;32m2025-09-21 10:12:53 - Completed prompt #35[0m
[0;34m2025-09-21 10:12:58 - Generating prompt #36 (Section 3, Prompt 2/17)[0m
[1;33m2025-09-21 10:12:58 - Running prompt generation...[0m
PROMPT GENERATION COMPLETE - Prompt #36
[0;32m2025-09-21 10:13:20 - Completed prompt #36[0m
[0;34m2025-09-21 10:13:25 - Generating prompt #37 (Section 3, Prompt 3/17)[0m
[1;33m2025-09-21 10:13:25 - Running prompt generation...[0m
PROMPT GENERATION COMPLETE - Prompt #37
[0;32m2025-09-21 10:13:45 - Completed prompt #37[0m
[0;34m2025-09-21 10:13:50 - Generating prompt #38 (Section 3, Prompt 4/17)[0m
[1;33m2025-09-21 10:13:50 - Running prompt generation...[0m
PROMPT GENERATION COMPLETE - Prompt #38
[0;32m2025-09-21 10:14:11 - Completed prompt #38[0m
[0;34m2025-09-21 10:14:16 - Generating prompt #39 (Section 3, Prompt 5/17)[0m
[1;33m2025-09-21 10:14:16 - Running prompt generation...[0m
PROMPT GENERATION COMPLETE - Prompt #39
[0;32m2025-09-21 10:14:39 - Completed prompt #39[0m
[0;34m2025-09-21 10:14:44 - Generating prompt #40 (Section 3, Prompt 6/17)[0m
[1;33m2025-09-21 10:14:44 - Running prompt generation...[0m
PROMPT GENERATION COMPLETE - Prompt #40
[0;32m2025-09-21 10:15:05 - Completed prompt #40[0m
[0;34m2025-09-21 10:15:10 - Generating prompt #41 (Section 3, Prompt 7/17)[0m
[1;33m2025-09-21 10:15:10 - Running prompt generation...[0m
PROMPT GENERATION COMPLETE - Prompt #41
[0;32m2025-09-21 10:15:29 - Completed prompt #41[0m
[0;34m2025-09-21 10:15:35 - Generating prompt #42 (Section 3, Prompt 8/17)[0m
[1;33m2025-09-21 10:15:35 - Running prompt generation...[0m
PROMPT GENERATION COMPLETE - Prompt #42
[0;32m2025-09-21 10:15:56 - Completed prompt #42[0m
[0;34m2025-09-21 10:16:01 - Generating prompt #43 (Section 3, Prompt 9/17)[0m
[1;33m2025-09-21 10:16:01 - Running prompt generation...[0m
PROMPT GENERATION COMPLETE - Prompt #43
[0;32m2025-09-21 10:16:23 - Completed prompt #43[0m
[0;34m2025-09-21 10:16:28 - Generating prompt #44 (Section 3, Prompt 10/17)[0m
[1;33m2025-09-21 10:16:29 - Running prompt generation...[0m
PROMPT GENERATION COMPLETE - Prompt #44
[0;32m2025-09-21 10:16:49 - Completed prompt #44[0m
[0;34m2025-09-21 10:16:54 - Generating prompt #45 (Section 3, Prompt 11/17)[0m
[1;33m2025-09-21 10:16:54 - Running prompt generation...[0m
PROMPT GENERATION COMPLETE - Prompt #45
[0;32m2025-09-21 10:17:14 - Completed prompt #45[0m
[0;34m2025-09-21 10:17:19 - Generating prompt #46 (Section 3, Prompt 12/17)[0m
[1;33m2025-09-21 10:17:19 - Running prompt generation...[0m
PROMPT GENERATION COMPLETE - Prompt #46
[0;32m2025-09-21 10:17:41 - Completed prompt #46[0m
[0;34m2025-09-21 10:17:46 - Generating prompt #47 (Section 3, Prompt 13/17)[0m
[1;33m2025-09-21 10:17:46 - Running prompt generation...[0m
PROMPT GENERATION COMPLETE - Prompt #47
[0;32m2025-09-21 10:18:07 - Completed prompt #47[0m
[0;34m2025-09-21 10:18:12 - Generating prompt #48 (Section 3, Prompt 14/17)[0m
[1;33m2025-09-21 10:18:12 - Running prompt generation...[0m
PROMPT GENERATION COMPLETE - Prompt #48
[0;32m2025-09-21 10:18:33 - Completed prompt #48[0m
[0;34m2025-09-21 10:18:38 - Generating prompt #49 (Section 3, Prompt 15/17)[0m
[1;33m2025-09-21 10:18:38 - Running prompt generation...[0m
PROMPT GENERATION COMPLETE - Prompt #49
[0;32m2025-09-21 10:19:02 - Completed prompt #49[0m
[0;34m2025-09-21 10:19:07 - Generating prompt #50 (Section 3, Prompt 16/17)[0m
[1;33m2025-09-21 10:19:07 - Running prompt generation...[0m
PROMPT GENERATION COMPLETE - Prompt #50
[0;32m2025-09-21 10:19:25 - Completed prompt #50[0m
[0;34m2025-09-21 10:19:30 - Generating prompt #51 (Section 3, Prompt 17/17)[0m
[1;33m2025-09-21 10:19:30 - Running prompt generation...[0m
PROMPT GENERATION COMPLETE - Prompt #51
[0;32m2025-09-21 10:19:51 - Completed prompt #51[0m
[0;34m2025-09-21 10:19:56 - Generating prompt #52 (Section 4, Prompt 1/17)[0m
[1;33m2025-09-21 10:19:56 - Running prompt generation...[0m
PROMPT GENERATION COMPLETE - Prompt #52
[0;32m2025-09-21 10:20:17 - Completed prompt #52[0m
[0;34m2025-09-21 10:20:22 - Generating prompt #53 (Section 4, Prompt 2/17)[0m
[1;33m2025-09-21 10:20:22 - Running prompt generation...[0m
PROMPT GENERATION COMPLETE - Prompt #53
[0;32m2025-09-21 10:20:43 - Completed prompt #53[0m
[0;34m2025-09-21 10:20:48 - Generating prompt #54 (Section 4, Prompt 3/17)[0m
[1;33m2025-09-21 10:20:48 - Running prompt generation...[0m
PROMPT GENERATION COMPLETE - Prompt #54
[0;32m2025-09-21 10:21:09 - Completed prompt #54[0m
[0;34m2025-09-21 10:21:14 - Generating prompt #55 (Section 4, Prompt 4/17)[0m
[1;33m2025-09-21 10:21:14 - Running prompt generation...[0m
PROMPT GENERATION COMPLETE - Prompt #55
[0;32m2025-09-21 10:21:35 - Completed prompt #55[0m
[0;34m2025-09-21 10:21:40 - Generating prompt #56 (Section 4, Prompt 5/17)[0m
[1;33m2025-09-21 10:21:40 - Running prompt generation...[0m
PROMPT GENERATION COMPLETE - Prompt #56
[0;32m2025-09-21 10:22:01 - Completed prompt #56[0m
[0;34m2025-09-21 10:22:06 - Generating prompt #57 (Section 4, Prompt 6/17)[0m
[1;33m2025-09-21 10:22:06 - Running prompt generation...[0m
PROMPT GENERATION COMPLETE - Prompt #57
[0;32m2025-09-21 10:22:26 - Completed prompt #57[0m
[0;34m2025-09-21 10:22:31 - Generating prompt #58 (Section 4, Prompt 7/17)[0m
[1;33m2025-09-21 10:22:31 - Running prompt generation...[0m
PROMPT GENERATION COMPLETE - Prompt #58
[0;32m2025-09-21 10:22:50 - Completed prompt #58[0m
[0;34m2025-09-21 10:22:55 - Generating prompt #59 (Section 4, Prompt 8/17)[0m
[1;33m2025-09-21 10:22:55 - Running prompt generation...[0m
PROMPT GENERATION COMPLETE - Prompt #59
[0;32m2025-09-21 10:23:16 - Completed prompt #59[0m
[0;34m2025-09-21 10:23:21 - Generating prompt #60 (Section 4, Prompt 9/17)[0m
[1;33m2025-09-21 10:23:21 - Running prompt generation...[0m
PROMPT GENERATION COMPLETE - Prompt #60
[0;32m2025-09-21 10:23:42 - Completed prompt #60[0m
[0;34m2025-09-21 10:23:47 - Generating prompt #61 (Section 4, Prompt 10/17)[0m
[1;33m2025-09-21 10:23:47 - Running prompt generation...[0m
PROMPT GENERATION COMPLETE - Prompt #61
[0;32m2025-09-21 10:24:08 - Completed prompt #61[0m
[0;34m2025-09-21 10:24:13 - Generating prompt #62 (Section 4, Prompt 11/17)[0m
[1;33m2025-09-21 10:24:13 - Running prompt generation...[0m
PROMPT GENERATION COMPLETE - Prompt #62
[0;32m2025-09-21 10:24:33 - Completed prompt #62[0m
[0;34m2025-09-21 10:24:38 - Generating prompt #63 (Section 4, Prompt 12/17)[0m
[1;33m2025-09-21 10:24:38 - Running prompt generation...[0m
PROMPT GENERATION COMPLETE - Prompt #63
[0;32m2025-09-21 10:24:55 - Completed prompt #63[0m
[0;34m2025-09-21 10:25:00 - Generating prompt #64 (Section 4, Prompt 13/17)[0m
[1;33m2025-09-21 10:25:00 - Running prompt generation...[0m
PROMPT GENERATION COMPLETE - Prompt #64
[0;32m2025-09-21 10:25:19 - Completed prompt #64[0m
[0;34m2025-09-21 10:25:24 - Generating prompt #65 (Section 4, Prompt 14/17)[0m
[1;33m2025-09-21 10:25:24 - Running prompt generation...[0m
PROMPT GENERATION COMPLETE - Prompt #65
[0;32m2025-09-21 10:25:46 - Completed prompt #65[0m
[0;34m2025-09-21 10:25:51 - Generating prompt #66 (Section 4, Prompt 15/17)[0m
[1;33m2025-09-21 10:25:51 - Running prompt generation...[0m
PROMPT GENERATION COMPLETE - Prompt #66
[0;32m2025-09-21 10:26:14 - Completed prompt #66[0m
[0;34m2025-09-21 10:26:19 - Generating prompt #67 (Section 4, Prompt 16/17)[0m
[1;33m2025-09-21 10:26:19 - Running prompt generation...[0m
PROMPT GENERATION COMPLETE - Prompt #67
[0;32m2025-09-21 10:26:40 - Completed prompt #67[0m
[0;34m2025-09-21 10:26:45 - Generating prompt #68 (Section 4, Prompt 17/17)[0m
[1;33m2025-09-21 10:26:45 - Running prompt generation...[0m
PROMPT GENERATION COMPLETE - Prompt #68
[0;32m2025-09-21 10:27:06 - Completed prompt #68[0m
[0;34m2025-09-21 10:27:11 - Generating prompt #69 (Section 5, Prompt 1/17)[0m
[1;33m2025-09-21 10:27:11 - Running prompt generation...[0m
PROMPT GENERATION COMPLETE - Prompt #69
[0;32m2025-09-21 10:27:30 - Completed prompt #69[0m
[0;34m2025-09-21 10:27:35 - Generating prompt #70 (Section 5, Prompt 2/17)[0m
[1;33m2025-09-21 10:27:35 - Running prompt generation...[0m
PROMPT GENERATION COMPLETE - Prompt #70
[0;32m2025-09-21 10:27:56 - Completed prompt #70[0m
[0;34m2025-09-21 10:28:01 - Generating prompt #71 (Section 5, Prompt 3/17)[0m
[1;33m2025-09-21 10:28:01 - Running prompt generation...[0m
PROMPT GENERATION COMPLETE - Prompt #71
[0;32m2025-09-21 10:28:21 - Completed prompt #71[0m
[0;34m2025-09-21 10:28:26 - Generating prompt #72 (Section 5, Prompt 4/17)[0m
[1;33m2025-09-21 10:28:26 - Running prompt generation...[0m
PROMPT GENERATION COMPLETE - Prompt #72
[0;32m2025-09-21 10:28:51 - Completed prompt #72[0m
[0;34m2025-09-21 10:28:56 - Generating prompt #73 (Section 5, Prompt 5/17)[0m
[1;33m2025-09-21 10:28:56 - Running prompt generation...[0m
PROMPT GENERATION COMPLETE - Prompt #73
[0;32m2025-09-21 10:29:19 - Completed prompt #73[0m
[0;34m2025-09-21 10:29:24 - Generating prompt #74 (Section 5, Prompt 6/17)[0m
[1;33m2025-09-21 10:29:24 - Running prompt generation...[0m
PROMPT GENERATION COMPLETE - Prompt #74
[0;32m2025-09-21 10:29:42 - Completed prompt #74[0m
[0;34m2025-09-21 10:29:47 - Generating prompt #75 (Section 5, Prompt 7/17)[0m
[1;33m2025-09-21 10:29:47 - Running prompt generation...[0m
PROMPT GENERATION COMPLETE - Prompt #75
[0;32m2025-09-21 10:30:07 - Completed prompt #75[0m
[0;34m2025-09-21 10:30:12 - Generating prompt #76 (Section 5, Prompt 8/17)[0m
[1;33m2025-09-21 10:30:12 - Running prompt generation...[0m
PROMPT GENERATION COMPLETE - Prompt #76
[0;32m2025-09-21 10:30:32 - Completed prompt #76[0m
[0;34m2025-09-21 10:30:37 - Generating prompt #77 (Section 5, Prompt 9/17)[0m
[1;33m2025-09-21 10:30:37 - Running prompt generation...[0m
PROMPT GENERATION COMPLETE - Prompt #77
[0;32m2025-09-21 10:31:00 - Completed prompt #77[0m
[0;34m2025-09-21 10:31:05 - Generating prompt #78 (Section 5, Prompt 10/17)[0m
[1;33m2025-09-21 10:31:05 - Running prompt generation...[0m
PROMPT GENERATION COMPLETE - Prompt #78
[0;32m2025-09-21 10:31:28 - Completed prompt #78[0m
[0;34m2025-09-21 10:31:33 - Generating prompt #79 (Section 5, Prompt 11/17)[0m
[1;33m2025-09-21 10:31:33 - Running prompt generation...[0m
PROMPT GENERATION COMPLETE - Prompt #79
[0;32m2025-09-21 10:31:54 - Completed prompt #79[0m
[0;34m2025-09-21 10:31:59 - Generating prompt #80 (Section 5, Prompt 12/17)[0m
[1;33m2025-09-21 10:31:59 - Running prompt generation...[0m
PROMPT GENERATION COMPLETE - Prompt #80
[0;32m2025-09-21 10:32:24 - Completed prompt #80[0m
[0;34m2025-09-21 10:32:29 - Generating prompt #81 (Section 5, Prompt 13/17)[0m
[1;33m2025-09-21 10:32:29 - Running prompt generation...[0m
PROMPT GENERATION COMPLETE - Prompt #81
[0;32m2025-09-21 10:32:58 - Completed prompt #81[0m
[0;34m2025-09-21 10:33:03 - Generating prompt #82 (Section 5, Prompt 14/17)[0m
[1;33m2025-09-21 10:33:03 - Running prompt generation...[0m
PROMPT GENERATION COMPLETE - Prompt #82
[0;32m2025-09-21 10:33:26 - Completed prompt #82[0m
[0;34m2025-09-21 10:33:31 - Generating prompt #83 (Section 5, Prompt 15/17)[0m
[1;33m2025-09-21 10:33:31 - Running prompt generation...[0m
PROMPT GENERATION COMPLETE - Prompt #83
[0;32m2025-09-21 10:33:54 - Completed prompt #83[0m
[0;34m2025-09-21 10:33:59 - Generating prompt #84 (Section 5, Prompt 16/17)[0m
[1;33m2025-09-21 10:33:59 - Running prompt generation...[0m
PROMPT GENERATION COMPLETE - Prompt #84
[0;32m2025-09-21 10:34:23 - Completed prompt #84[0m
[0;34m2025-09-21 10:34:28 - Generating prompt #85 (Section 5, Prompt 17/17)[0m
[1;33m2025-09-21 10:34:29 - Running prompt generation...[0m
PROMPT GENERATION COMPLETE - Prompt #85
[0;32m2025-09-21 10:34:51 - Completed prompt #85[0m
[0;34m2025-09-21 10:34:56 - Generating prompt #86 (Section 6, Prompt 1/17)[0m
[1;33m2025-09-21 10:34:56 - Running prompt generation...[0m
PROMPT GENERATION COMPLETE - Prompt #86
[0;32m2025-09-21 10:35:20 - Completed prompt #86[0m
[0;34m2025-09-21 10:35:25 - Generating prompt #87 (Section 6, Prompt 2/17)[0m
[1;33m2025-09-21 10:35:25 - Running prompt generation...[0m
PROMPT GENERATION COMPLETE - Prompt #87
[0;32m2025-09-21 10:35:48 - Completed prompt #87[0m
[0;34m2025-09-21 10:35:53 - Generating prompt #88 (Section 6, Prompt 3/17)[0m
[1;33m2025-09-21 10:35:53 - Running prompt generation...[0m
PROMPT GENERATION COMPLETE - Prompt #88
[0;32m2025-09-21 10:36:20 - Completed prompt #88[0m
[0;34m2025-09-21 10:36:25 - Generating prompt #89 (Section 6, Prompt 4/17)[0m
[1;33m2025-09-21 10:36:25 - Running prompt generation...[0m
PROMPT GENERATION COMPLETE - Prompt #89
[0;32m2025-09-21 10:36:43 - Completed prompt #89[0m
[0;34m2025-09-21 10:36:48 - Generating prompt #90 (Section 6, Prompt 5/17)[0m
[1;33m2025-09-21 10:36:48 - Running prompt generation...[0m
PROMPT GENERATION COMPLETE - Prompt #90
[0;32m2025-09-21 10:37:09 - Completed prompt #90[0m
[0;34m2025-09-21 10:37:14 - Generating prompt #91 (Section 6, Prompt 6/17)[0m
[1;33m2025-09-21 10:37:14 - Running prompt generation...[0m
PROMPT GENERATION COMPLETE - Prompt #91
[0;32m2025-09-21 10:37:33 - Completed prompt #91[0m
[0;34m2025-09-21 10:37:38 - Generating prompt #92 (Section 6, Prompt 7/17)[0m
[1;33m2025-09-21 10:37:38 - Running prompt generation...[0m
PROMPT GENERATION COMPLETE - Prompt #92
[0;32m2025-09-21 10:37:58 - Completed prompt #92[0m
[0;34m2025-09-21 10:38:03 - Generating prompt #93 (Section 6, Prompt 8/17)[0m
[1;33m2025-09-21 10:38:03 - Running prompt generation...[0m
PROMPT GENERATION COMPLETE - Prompt #93
[0;32m2025-09-21 10:38:26 - Completed prompt #93[0m
[0;34m2025-09-21 10:38:31 - Generating prompt #94 (Section 6, Prompt 9/17)[0m
[1;33m2025-09-21 10:38:31 - Running prompt generation...[0m
PROMPT GENERATION COMPLETE - Prompt #94
[0;32m2025-09-21 10:38:54 - Completed prompt #94[0m
[0;34m2025-09-21 10:38:59 - Generating prompt #95 (Section 6, Prompt 10/17)[0m
[1;33m2025-09-21 10:38:59 - Running prompt generation...[0m
PROMPT GENERATION COMPLETE - Prompt #95
[0;32m2025-09-21 10:39:20 - Completed prompt #95[0m
[0;34m2025-09-21 10:39:25 - Generating prompt #96 (Section 6, Prompt 11/17)[0m
[1;33m2025-09-21 10:39:25 - Running prompt generation...[0m
PROMPT GENERATION COMPLETE - Prompt #96
[0;32m2025-09-21 10:39:46 - Completed prompt #96[0m
[0;34m2025-09-21 10:39:51 - Generating prompt #97 (Section 6, Prompt 12/17)[0m
[1;33m2025-09-21 10:39:51 - Running prompt generation...[0m
PROMPT GENERATION COMPLETE - Prompt #97
[0;32m2025-09-21 10:40:14 - Completed prompt #97[0m
[0;34m2025-09-21 10:40:19 - Generating prompt #98 (Section 6, Prompt 13/17)[0m
[1;33m2025-09-21 10:40:19 - Running prompt generation...[0m
PROMPT GENERATION COMPLETE - Prompt #98
[0;32m2025-09-21 10:40:43 - Completed prompt #98[0m
[0;34m2025-09-21 10:40:48 - Generating prompt #99 (Section 6, Prompt 14/17)[0m
[1;33m2025-09-21 10:40:48 - Running prompt generation...[0m
PROMPT GENERATION COMPLETE - Prompt #99
[0;32m2025-09-21 10:41:10 - Completed prompt #99[0m
[0;34m2025-09-21 10:41:15 - Generating prompt #100 (Section 6, Prompt 15/17)[0m
[1;33m2025-09-21 10:41:15 - Running prompt generation...[0m
PROMPT GENERATION COMPLETE - Prompt #100
[0;32m2025-09-21 10:41:41 - Completed prompt #100[0m
[0;34m2025-09-21 10:41:46 - Generating prompt #101 (Section 6, Prompt 16/17)[0m
[1;33m2025-09-21 10:41:46 - Running prompt generation...[0m
5-hour limit reached ∙ resets 2pm
[0;32m2025-09-21 10:41:53 - Completed prompt #101[0m
[0;34m2025-09-21 10:41:58 - Generating prompt #102 (Section 6, Prompt 17/17)[0m
[1;33m2025-09-21 10:41:58 - Running prompt generation...[0m
5-hour limit reached ∙ resets 2pm
[0;32m2025-09-21 10:42:12 - Completed prompt #102[0m
[0;34m2025-09-21 14:05:42 - Starting Prompt Generation Cycle for template: side-hustle-development[0m
[0;32m2025-09-21 14:05:42 - Using existing worktree: ../templata-side-hustle-development[0m
[0;34m2025-09-21 14:05:42 - Generating prompt #101 (Section 6, Prompt 16/17)[0m
[1;33m2025-09-21 14:05:42 - Running prompt generation...[0m
PROMPT GENERATION COMPLETE - Prompt #101
[0;32m2025-09-21 14:06:20 - Completed prompt #101[0m
[0;34m2025-09-21 14:06:25 - Generating prompt #102 (Section 6, Prompt 17/17)[0m
[1;33m2025-09-21 14:06:25 - Running prompt generation...[0m
PROMPT GENERATION COMPLETE - Prompt #102
[0;32m2025-09-21 14:06:54 - Completed prompt #102[0m
