[0;34m2025-09-21 14:07:04 - Starting Prompt Generation Cycle for template: urban-gardening[0m
[1;33m2025-09-21 14:07:04 - Override flag detected - resetting progress and recreating files[0m
[0;32m2025-09-21 14:07:04 - Progress reset to 0 for template: urban-gardening[0m
[0;32m2025-09-21 14:07:04 - Using existing worktree: ../templata-urban-gardening[0m
[1;33m2025-09-21 14:07:04 - Creating template prompt file: prompts-urban-gardening.ts[0m
[0;32m2025-09-21 14:07:04 - Created template prompt file: ../templata-urban-gardening/src/data/prompts-urban-gardening.ts[0m
[0;34m2025-09-21 14:07:04 - Generating prompt #1 (Section 1, Prompt 1/17)[0m
[1;33m2025-09-21 14:07:04 - Running prompt generation...[0m
PROMPT GENERATION COMPLETE - Prompt #1
[0;32m2025-09-21 14:07:35 - Completed prompt #1[0m
[0;34m2025-09-21 14:07:40 - Generating prompt #2 (Section 1, Prompt 2/17)[0m
[1;33m2025-09-21 14:07:40 - Running prompt generation...[0m
PROMPT GENERATION COMPLETE - Prompt #2
[0;32m2025-09-21 14:08:07 - Completed prompt #2[0m
[0;34m2025-09-21 14:08:12 - Generating prompt #3 (Section 1, Prompt 3/17)[0m
[1;33m2025-09-21 14:08:12 - Running prompt generation...[0m
PROMPT GENERATION COMPLETE - Prompt #3
[0;32m2025-09-21 14:08:34 - Completed prompt #3[0m
[0;34m2025-09-21 14:08:39 - Generating prompt #4 (Section 1, Prompt 4/17)[0m
[1;33m2025-09-21 14:08:39 - Running prompt generation...[0m
PROMPT GENERATION COMPLETE - Prompt #4
[0;32m2025-09-21 14:09:01 - Completed prompt #4[0m
[0;34m2025-09-21 14:09:06 - Generating prompt #5 (Section 1, Prompt 5/17)[0m
[1;33m2025-09-21 14:09:06 - Running prompt generation...[0m
PROMPT GENERATION COMPLETE - Prompt #5
[0;32m2025-09-21 14:09:27 - Completed prompt #5[0m
[0;34m2025-09-21 14:09:32 - Generating prompt #6 (Section 1, Prompt 6/17)[0m
[1;33m2025-09-21 14:09:32 - Running prompt generation...[0m
PROMPT GENERATION COMPLETE - Prompt #6
[0;32m2025-09-21 14:09:54 - Completed prompt #6[0m
[0;34m2025-09-21 14:09:59 - Generating prompt #7 (Section 1, Prompt 7/17)[0m
[1;33m2025-09-21 14:09:59 - Running prompt generation...[0m
PROMPT GENERATION COMPLETE - Prompt #7
[0;32m2025-09-21 14:10:20 - Completed prompt #7[0m
[0;34m2025-09-21 14:10:25 - Generating prompt #8 (Section 1, Prompt 8/17)[0m
[1;33m2025-09-21 14:10:25 - Running prompt generation...[0m
PROMPT GENERATION COMPLETE - Prompt #8
[0;32m2025-09-21 14:10:46 - Completed prompt #8[0m
[0;34m2025-09-21 14:10:51 - Generating prompt #9 (Section 1, Prompt 9/17)[0m
[1;33m2025-09-21 14:10:51 - Running prompt generation...[0m
PROMPT GENERATION COMPLETE - Prompt #9
[0;32m2025-09-21 14:11:11 - Completed prompt #9[0m
[0;34m2025-09-21 14:11:16 - Generating prompt #10 (Section 1, Prompt 10/17)[0m
[1;33m2025-09-21 14:11:16 - Running prompt generation...[0m
PROMPT GENERATION COMPLETE - Prompt #10
[0;32m2025-09-21 14:11:40 - Completed prompt #10[0m
[0;34m2025-09-21 14:11:45 - Generating prompt #11 (Section 1, Prompt 11/17)[0m
[1;33m2025-09-21 14:11:45 - Running prompt generation...[0m
PROMPT GENERATION COMPLETE - Prompt #11
[0;32m2025-09-21 14:12:06 - Completed prompt #11[0m
[0;34m2025-09-21 14:12:11 - Generating prompt #12 (Section 1, Prompt 12/17)[0m
[1;33m2025-09-21 14:12:11 - Running prompt generation...[0m
PROMPT GENERATION COMPLETE - Prompt #12
[0;32m2025-09-21 14:12:32 - Completed prompt #12[0m
[0;34m2025-09-21 14:12:37 - Generating prompt #13 (Section 1, Prompt 13/17)[0m
[1;33m2025-09-21 14:12:38 - Running prompt generation...[0m
PROMPT GENERATION COMPLETE - Prompt #13
[0;32m2025-09-21 14:13:00 - Completed prompt #13[0m
[0;34m2025-09-21 14:13:05 - Generating prompt #14 (Section 1, Prompt 14/17)[0m
[1;33m2025-09-21 14:13:05 - Running prompt generation...[0m
PROMPT GENERATION COMPLETE - Prompt #14
[0;32m2025-09-21 14:13:26 - Completed prompt #14[0m
[0;34m2025-09-21 14:13:31 - Generating prompt #15 (Section 1, Prompt 15/17)[0m
[1;33m2025-09-21 14:13:31 - Running prompt generation...[0m
PROMPT GENERATION COMPLETE - Prompt #15
[0;32m2025-09-21 14:13:52 - Completed prompt #15[0m
[0;34m2025-09-21 14:13:57 - Generating prompt #16 (Section 1, Prompt 16/17)[0m
[1;33m2025-09-21 14:13:57 - Running prompt generation...[0m
PROMPT GENERATION COMPLETE - Prompt #16
[0;32m2025-09-21 14:14:17 - Completed prompt #16[0m
[0;34m2025-09-21 14:14:22 - Generating prompt #17 (Section 1, Prompt 17/17)[0m
[1;33m2025-09-21 14:14:22 - Running prompt generation...[0m
PROMPT GENERATION COMPLETE - Prompt #17
[0;32m2025-09-21 14:14:41 - Completed prompt #17[0m
[0;34m2025-09-21 14:14:46 - Generating prompt #18 (Section 2, Prompt 1/17)[0m
[1;33m2025-09-21 14:14:46 - Running prompt generation...[0m
PROMPT GENERATION COMPLETE - Prompt #18
[0;32m2025-09-21 14:15:07 - Completed prompt #18[0m
[0;34m2025-09-21 14:15:12 - Generating prompt #19 (Section 2, Prompt 2/17)[0m
[1;33m2025-09-21 14:15:12 - Running prompt generation...[0m
PROMPT GENERATION COMPLETE - Prompt #19
[0;32m2025-09-21 14:15:32 - Completed prompt #19[0m
[0;34m2025-09-21 14:15:37 - Generating prompt #20 (Section 2, Prompt 3/17)[0m
[1;33m2025-09-21 14:15:37 - Running prompt generation...[0m
<invoke name="Edit">
<parameter name="file_path">/Users/ikim1/Documents/GitHub/templata-urban-gardening/src/data/prompts-urban-gardening.ts</parameter>
<parameter name="old_string">  {
    id: 'prompt-19',
    prompt: 'Determine your watering schedule and method by testing different approaches for 1 week',
    category: 'planning',
    helpText: 'Establishing a consistent watering routine is crucial for plant health and prevents both overwatering and drought stress in container gardens. Test different watering frequencies and times of day while monitoring soil moisture levels to find what works best for your specific plants, containers, and climate conditions. Container plants typically need more frequent watering than ground gardens, and morning watering is generally preferred to reduce disease risk and water loss to evaporation.'
  }
];</parameter>
<parameter name="new_string">  {
    id: 'prompt-19',
    prompt: 'Determine your watering schedule and method by testing different approaches for 1 week',
    category: 'planning',
    helpText: 'Establishing a consistent watering routine is crucial for plant health and prevents both overwatering and drought stress in container gardens. Test different watering frequencies and times of day while monitoring soil moisture levels to find what works best for your specific plants, containers, and climate conditions. Container plants typically need more frequent watering than ground gardens, and morning watering is generally preferred to reduce disease risk and water loss to evaporation.'
  },
  {
    id: 'prompt-20',
    prompt: 'Research and purchase a soil moisture meter to accurately monitor your plants\' water needs',
    category: 'action',
    helpText: 'A soil moisture meter eliminates guesswork and prevents the most common urban gardening mistakes of overwatering or underwatering plants. Purchase a basic digital or analog moisture meter (usually $10-20) and learn to use it by testing soil at different depths in your containers. This tool provides accurate readings of soil moisture levels and helps you develop proper watering instincts while protecting your plants from water-related stress that can stunt growth or kill container plants.'
  }
];</parameter>
</invoke>
[0;32m2025-09-21 14:15:55 - Completed prompt #20[0m
[0;34m2025-09-21 14:16:00 - Generating prompt #21 (Section 2, Prompt 4/17)[0m
[1;33m2025-09-21 14:16:00 - Running prompt generation...[0m
PROMPT GENERATION COMPLETE - Prompt #21
[0;32m2025-09-21 14:16:29 - Completed prompt #21[0m
[0;34m2025-09-21 14:16:34 - Generating prompt #22 (Section 2, Prompt 5/17)[0m
[1;33m2025-09-21 14:16:34 - Running prompt generation...[0m
PROMPT GENERATION COMPLETE - Prompt #22
[0;32m2025-09-21 14:16:55 - Completed prompt #22[0m
[0;34m2025-09-21 14:17:00 - Generating prompt #23 (Section 2, Prompt 6/17)[0m
[1;33m2025-09-21 14:17:00 - Running prompt generation...[0m
PROMPT GENERATION COMPLETE - Prompt #23
[0;32m2025-09-21 14:17:21 - Completed prompt #23[0m
[0;34m2025-09-21 14:17:26 - Generating prompt #24 (Section 2, Prompt 7/17)[0m
[1;33m2025-09-21 14:17:26 - Running prompt generation...[0m
PROMPT GENERATION COMPLETE - Prompt #24
[0;32m2025-09-21 14:17:48 - Completed prompt #24[0m
[0;34m2025-09-21 14:17:53 - Generating prompt #25 (Section 2, Prompt 8/17)[0m
[1;33m2025-09-21 14:17:53 - Running prompt generation...[0m
PROMPT GENERATION COMPLETE - Prompt #25
[0;32m2025-09-21 14:18:13 - Completed prompt #25[0m
[0;34m2025-09-21 14:18:18 - Generating prompt #26 (Section 2, Prompt 9/17)[0m
[1;33m2025-09-21 14:18:18 - Running prompt generation...[0m
PROMPT GENERATION COMPLETE - Prompt #26
[0;32m2025-09-21 14:18:39 - Completed prompt #26[0m
[0;34m2025-09-21 14:18:44 - Generating prompt #27 (Section 2, Prompt 10/17)[0m
[1;33m2025-09-21 14:18:44 - Running prompt generation...[0m
PROMPT GENERATION COMPLETE - Prompt #27
[0;32m2025-09-21 14:19:06 - Completed prompt #27[0m
[0;34m2025-09-21 14:19:11 - Generating prompt #28 (Section 2, Prompt 11/17)[0m
[1;33m2025-09-21 14:19:11 - Running prompt generation...[0m
PROMPT GENERATION COMPLETE - Prompt #28
[0;32m2025-09-21 14:19:31 - Completed prompt #28[0m
[0;34m2025-09-21 14:19:36 - Generating prompt #29 (Section 2, Prompt 12/17)[0m
[1;33m2025-09-21 14:19:36 - Running prompt generation...[0m
PROMPT GENERATION COMPLETE - Prompt #29
[0;32m2025-09-21 14:19:57 - Completed prompt #29[0m
[0;34m2025-09-21 14:20:02 - Generating prompt #30 (Section 2, Prompt 13/17)[0m
[1;33m2025-09-21 14:20:02 - Running prompt generation...[0m
PROMPT GENERATION COMPLETE - Prompt #30
[0;32m2025-09-21 14:20:23 - Completed prompt #30[0m
[0;34m2025-09-21 14:20:28 - Generating prompt #31 (Section 2, Prompt 14/17)[0m
[1;33m2025-09-21 14:20:28 - Running prompt generation...[0m
PROMPT GENERATION COMPLETE - Prompt #31
[0;32m2025-09-21 14:20:49 - Completed prompt #31[0m
[0;34m2025-09-21 14:20:54 - Generating prompt #32 (Section 2, Prompt 15/17)[0m
[1;33m2025-09-21 14:20:54 - Running prompt generation...[0m
PROMPT GENERATION COMPLETE - Prompt #32
[0;32m2025-09-21 14:21:16 - Completed prompt #32[0m
[0;34m2025-09-21 14:21:21 - Generating prompt #33 (Section 2, Prompt 16/17)[0m
[1;33m2025-09-21 14:21:21 - Running prompt generation...[0m
PROMPT GENERATION COMPLETE - Prompt #33
[0;32m2025-09-21 14:21:45 - Completed prompt #33[0m
[0;34m2025-09-21 14:21:50 - Generating prompt #34 (Section 2, Prompt 17/17)[0m
[1;33m2025-09-21 14:21:50 - Running prompt generation...[0m
PROMPT GENERATION COMPLETE - Prompt #34
[0;32m2025-09-21 14:22:12 - Completed prompt #34[0m
[0;34m2025-09-21 14:22:17 - Generating prompt #35 (Section 3, Prompt 1/17)[0m
[1;33m2025-09-21 14:22:17 - Running prompt generation...[0m
PROMPT GENERATION COMPLETE - Prompt #35
[0;32m2025-09-21 14:22:39 - Completed prompt #35[0m
[0;34m2025-09-21 14:22:44 - Generating prompt #36 (Section 3, Prompt 2/17)[0m
[1;33m2025-09-21 14:22:44 - Running prompt generation...[0m
PROMPT GENERATION COMPLETE - Prompt #36
[0;32m2025-09-21 14:23:08 - Completed prompt #36[0m
[0;34m2025-09-21 14:23:13 - Generating prompt #37 (Section 3, Prompt 3/17)[0m
[1;33m2025-09-21 14:23:13 - Running prompt generation...[0m
PROMPT GENERATION COMPLETE - Prompt #37
[0;32m2025-09-21 14:23:35 - Completed prompt #37[0m
[0;34m2025-09-21 14:23:40 - Generating prompt #38 (Section 3, Prompt 4/17)[0m
[1;33m2025-09-21 14:23:40 - Running prompt generation...[0m
PROMPT GENERATION COMPLETE - Prompt #38
[0;32m2025-09-21 14:24:02 - Completed prompt #38[0m
[0;34m2025-09-21 14:24:07 - Generating prompt #39 (Section 3, Prompt 5/17)[0m
[1;33m2025-09-21 14:24:07 - Running prompt generation...[0m
PROMPT GENERATION COMPLETE - Prompt #39
[0;32m2025-09-21 14:24:29 - Completed prompt #39[0m
[0;34m2025-09-21 14:24:34 - Generating prompt #40 (Section 3, Prompt 6/17)[0m
[1;33m2025-09-21 14:24:34 - Running prompt generation...[0m
PROMPT GENERATION COMPLETE - Prompt #40
[0;32m2025-09-21 14:24:59 - Completed prompt #40[0m
[0;34m2025-09-21 14:25:04 - Generating prompt #41 (Section 3, Prompt 7/17)[0m
[1;33m2025-09-21 14:25:04 - Running prompt generation...[0m
PROMPT GENERATION COMPLETE - Prompt #41
[0;32m2025-09-21 14:25:28 - Completed prompt #41[0m
[0;34m2025-09-21 14:25:33 - Generating prompt #42 (Section 3, Prompt 8/17)[0m
[1;33m2025-09-21 14:25:33 - Running prompt generation...[0m
PROMPT GENERATION COMPLETE - Prompt #42
[0;32m2025-09-21 14:25:55 - Completed prompt #42[0m
[0;34m2025-09-21 14:26:00 - Generating prompt #43 (Section 3, Prompt 9/17)[0m
[1;33m2025-09-21 14:26:00 - Running prompt generation...[0m
PROMPT GENERATION COMPLETE - Prompt #43
[0;32m2025-09-21 14:26:21 - Completed prompt #43[0m
[0;34m2025-09-21 14:26:26 - Generating prompt #44 (Section 3, Prompt 10/17)[0m
[1;33m2025-09-21 14:26:26 - Running prompt generation...[0m
PROMPT GENERATION COMPLETE - Prompt #44
[0;32m2025-09-21 14:26:47 - Completed prompt #44[0m
[0;34m2025-09-21 14:26:52 - Generating prompt #45 (Section 3, Prompt 11/17)[0m
[1;33m2025-09-21 14:26:52 - Running prompt generation...[0m
PROMPT GENERATION COMPLETE - Prompt #45
[0;32m2025-09-21 14:27:13 - Completed prompt #45[0m
[0;34m2025-09-21 14:27:18 - Generating prompt #46 (Section 3, Prompt 12/17)[0m
[1;33m2025-09-21 14:27:18 - Running prompt generation...[0m
<invoke name="Edit">
<parameter name="file_path">/Users/ikim1/Documents/GitHub/templata-urban-gardening/src/data/prompts-urban-gardening.ts</parameter>
<parameter name="old_string">  {
    id: 'prompt-45',
    prompt: 'Practice proper harvesting techniques by learning to identify optimal harvest timing for each of your planted crops',
    category: 'action',
    helpText: 'Knowing when and how to harvest is crucial for maximizing flavor, nutrition, and plant productivity in your urban garden. Learn the specific harvest indicators for each crop - herbs should be picked before flowering for best flavor, leafy greens are best harvested when young and tender, and vegetables have optimal size and color markers. Practice proper cutting techniques that encourage regrowth rather than damaging plants, such as harvesting herbs by cutting stems just above leaf nodes and picking outer lettuce leaves while leaving the center to continue growing.'
  }
];</parameter>
<parameter name="new_string">  {
    id: 'prompt-45',
    prompt: 'Practice proper harvesting techniques by learning to identify optimal harvest timing for each of your planted crops',
    category: 'action',
    helpText: 'Knowing when and how to harvest is crucial for maximizing flavor, nutrition, and plant productivity in your urban garden. Learn the specific harvest indicators for each crop - herbs should be picked before flowering for best flavor, leafy greens are best harvested when young and tender, and vegetables have optimal size and color markers. Practice proper cutting techniques that encourage regrowth rather than damaging plants, such as harvesting herbs by cutting stems just above leaf nodes and picking outer lettuce leaves while leaving the center to continue growing.'
  },
  {
    id: 'prompt-46',
    prompt: 'Schedule and implement a weekly fertilizing routine for all your container plants based on their specific nutritional needs',
    category: 'action',
    helpText: 'Container plants need regular feeding since nutrients wash out quickly with frequent watering and limited soil volume cannot provide ongoing nutrition like ground gardens. Research each plant\'s specific requirements and create a weekly liquid fertilizer schedule - leafy greens need nitrogen-rich feeds, flowering plants benefit from phosphorus, and fruiting vegetables require balanced nutrition throughout their growing cycle. This consistent feeding routine prevents nutrient deficiencies that can stunt growth, reduce harvests, and make plants more susceptible to pests and diseases.'
  }
];</parameter>
</invoke>
[0;32m2025-09-21 14:27:38 - Completed prompt #46[0m
[0;34m2025-09-21 14:27:43 - Generating prompt #47 (Section 3, Prompt 13/17)[0m
[1;33m2025-09-21 14:27:43 - Running prompt generation...[0m
PROMPT GENERATION COMPLETE - Prompt #47
[0;32m2025-09-21 14:28:07 - Completed prompt #47[0m
[0;34m2025-09-21 14:28:12 - Generating prompt #48 (Section 3, Prompt 14/17)[0m
[1;33m2025-09-21 14:28:12 - Running prompt generation...[0m
PROMPT GENERATION COMPLETE - Prompt #48
[0;32m2025-09-21 14:28:33 - Completed prompt #48[0m
[0;34m2025-09-21 14:28:38 - Generating prompt #49 (Section 3, Prompt 15/17)[0m
[1;33m2025-09-21 14:28:38 - Running prompt generation...[0m
PROMPT GENERATION COMPLETE - Prompt #49
[0;32m2025-09-21 14:29:00 - Completed prompt #49[0m
[0;34m2025-09-21 14:29:05 - Generating prompt #50 (Section 3, Prompt 16/17)[0m
[1;33m2025-09-21 14:29:05 - Running prompt generation...[0m
PROMPT GENERATION COMPLETE - Prompt #50
[0;32m2025-09-21 14:29:26 - Completed prompt #50[0m
[0;34m2025-09-21 14:29:31 - Generating prompt #51 (Section 3, Prompt 17/17)[0m
[1;33m2025-09-21 14:29:31 - Running prompt generation...[0m
PROMPT GENERATION COMPLETE - Prompt #51
[0;32m2025-09-21 14:29:53 - Completed prompt #51[0m
[0;34m2025-09-21 14:29:58 - Generating prompt #52 (Section 4, Prompt 1/17)[0m
[1;33m2025-09-21 14:29:58 - Running prompt generation...[0m
PROMPT GENERATION COMPLETE - Prompt #52
[0;32m2025-09-21 14:30:18 - Completed prompt #52[0m
[0;34m2025-09-21 14:30:23 - Generating prompt #53 (Section 4, Prompt 2/17)[0m
[1;33m2025-09-21 14:30:23 - Running prompt generation...[0m
PROMPT GENERATION COMPLETE - Prompt #53
[0;32m2025-09-21 14:30:45 - Completed prompt #53[0m
[0;34m2025-09-21 14:30:50 - Generating prompt #54 (Section 4, Prompt 3/17)[0m
[1;33m2025-09-21 14:30:51 - Running prompt generation...[0m
PROMPT GENERATION COMPLETE - Prompt #54
[0;32m2025-09-21 14:31:13 - Completed prompt #54[0m
[0;34m2025-09-21 14:31:18 - Generating prompt #55 (Section 4, Prompt 4/17)[0m
[1;33m2025-09-21 14:31:18 - Running prompt generation...[0m
PROMPT GENERATION COMPLETE - Prompt #55
[0;32m2025-09-21 14:31:41 - Completed prompt #55[0m
[0;34m2025-09-21 14:31:46 - Generating prompt #56 (Section 4, Prompt 5/17)[0m
[1;33m2025-09-21 14:31:46 - Running prompt generation...[0m
PROMPT GENERATION COMPLETE - Prompt #56
[0;32m2025-09-21 14:32:08 - Completed prompt #56[0m
[0;34m2025-09-21 14:32:13 - Generating prompt #57 (Section 4, Prompt 6/17)[0m
[1;33m2025-09-21 14:32:13 - Running prompt generation...[0m
PROMPT GENERATION COMPLETE - Prompt #57
[0;32m2025-09-21 14:32:35 - Completed prompt #57[0m
[0;34m2025-09-21 14:32:40 - Generating prompt #58 (Section 4, Prompt 7/17)[0m
[1;33m2025-09-21 14:32:40 - Running prompt generation...[0m
PROMPT GENERATION COMPLETE - Prompt #58
[0;32m2025-09-21 14:33:00 - Completed prompt #58[0m
[0;34m2025-09-21 14:33:05 - Generating prompt #59 (Section 4, Prompt 8/17)[0m
[1;33m2025-09-21 14:33:05 - Running prompt generation...[0m
PROMPT GENERATION COMPLETE - Prompt #59
[0;32m2025-09-21 14:33:26 - Completed prompt #59[0m
[0;34m2025-09-21 14:33:31 - Generating prompt #60 (Section 4, Prompt 9/17)[0m
[1;33m2025-09-21 14:33:31 - Running prompt generation...[0m
PROMPT GENERATION COMPLETE - Prompt #60
[0;32m2025-09-21 14:33:53 - Completed prompt #60[0m
[0;34m2025-09-21 14:33:58 - Generating prompt #61 (Section 4, Prompt 10/17)[0m
[1;33m2025-09-21 14:33:58 - Running prompt generation...[0m
PROMPT GENERATION COMPLETE - Prompt #61
[0;32m2025-09-21 14:34:18 - Completed prompt #61[0m
[0;34m2025-09-21 14:34:23 - Generating prompt #62 (Section 4, Prompt 11/17)[0m
[1;33m2025-09-21 14:34:23 - Running prompt generation...[0m
PROMPT GENERATION COMPLETE - Prompt #62
[0;32m2025-09-21 14:34:46 - Completed prompt #62[0m
[0;34m2025-09-21 14:34:51 - Generating prompt #63 (Section 4, Prompt 12/17)[0m
[1;33m2025-09-21 14:34:51 - Running prompt generation...[0m
PROMPT GENERATION COMPLETE - Prompt #63
[0;32m2025-09-21 14:35:11 - Completed prompt #63[0m
[0;34m2025-09-21 14:35:16 - Generating prompt #64 (Section 4, Prompt 13/17)[0m
[1;33m2025-09-21 14:35:16 - Running prompt generation...[0m
PROMPT GENERATION COMPLETE - Prompt #64
[0;32m2025-09-21 14:35:38 - Completed prompt #64[0m
[0;34m2025-09-21 14:35:43 - Generating prompt #65 (Section 4, Prompt 14/17)[0m
[1;33m2025-09-21 14:35:43 - Running prompt generation...[0m
PROMPT GENERATION COMPLETE - Prompt #65
[0;32m2025-09-21 14:36:04 - Completed prompt #65[0m
[0;34m2025-09-21 14:36:09 - Generating prompt #66 (Section 4, Prompt 15/17)[0m
[1;33m2025-09-21 14:36:09 - Running prompt generation...[0m
PROMPT GENERATION COMPLETE - Prompt #66
[0;32m2025-09-21 14:36:30 - Completed prompt #66[0m
[0;34m2025-09-21 14:36:35 - Generating prompt #67 (Section 4, Prompt 16/17)[0m
[1;33m2025-09-21 14:36:35 - Running prompt generation...[0m
PROMPT GENERATION COMPLETE - Prompt #67
[0;32m2025-09-21 14:36:56 - Completed prompt #67[0m
[0;34m2025-09-21 14:37:01 - Generating prompt #68 (Section 4, Prompt 17/17)[0m
[1;33m2025-09-21 14:37:01 - Running prompt generation...[0m
PROMPT GENERATION COMPLETE - Prompt #68
[0;32m2025-09-21 14:37:22 - Completed prompt #68[0m
[0;34m2025-09-21 14:37:27 - Generating prompt #69 (Section 5, Prompt 1/17)[0m
[1;33m2025-09-21 14:37:27 - Running prompt generation...[0m
PROMPT GENERATION COMPLETE - Prompt #69
[0;32m2025-09-21 14:37:49 - Completed prompt #69[0m
[0;34m2025-09-21 14:37:54 - Generating prompt #70 (Section 5, Prompt 2/17)[0m
[1;33m2025-09-21 14:37:54 - Running prompt generation...[0m
PROMPT GENERATION COMPLETE - Prompt #70
[0;32m2025-09-21 14:38:16 - Completed prompt #70[0m
[0;34m2025-09-21 14:38:21 - Generating prompt #71 (Section 5, Prompt 3/17)[0m
[1;33m2025-09-21 14:38:21 - Running prompt generation...[0m
PROMPT GENERATION COMPLETE - Prompt #71
[0;32m2025-09-21 14:38:42 - Completed prompt #71[0m
[0;34m2025-09-21 14:38:47 - Generating prompt #72 (Section 5, Prompt 4/17)[0m
[1;33m2025-09-21 14:38:47 - Running prompt generation...[0m
PROMPT GENERATION COMPLETE - Prompt #72
[0;32m2025-09-21 14:39:10 - Completed prompt #72[0m
[0;34m2025-09-21 14:39:15 - Generating prompt #73 (Section 5, Prompt 5/17)[0m
[1;33m2025-09-21 14:39:15 - Running prompt generation...[0m
PROMPT GENERATION COMPLETE - Prompt #73
[0;32m2025-09-21 14:39:36 - Completed prompt #73[0m
[0;34m2025-09-21 14:39:41 - Generating prompt #74 (Section 5, Prompt 6/17)[0m
[1;33m2025-09-21 14:39:41 - Running prompt generation...[0m
PROMPT GENERATION COMPLETE - Prompt #74
[0;32m2025-09-21 14:40:03 - Completed prompt #74[0m
[0;34m2025-09-21 14:40:08 - Generating prompt #75 (Section 5, Prompt 7/17)[0m
[1;33m2025-09-21 14:40:08 - Running prompt generation...[0m
PROMPT GENERATION COMPLETE - Prompt #75
[0;32m2025-09-21 14:40:30 - Completed prompt #75[0m
[0;34m2025-09-21 14:40:35 - Generating prompt #76 (Section 5, Prompt 8/17)[0m
[1;33m2025-09-21 14:40:35 - Running prompt generation...[0m
PROMPT GENERATION COMPLETE - Prompt #76
[0;32m2025-09-21 14:40:57 - Completed prompt #76[0m
[0;34m2025-09-21 14:41:02 - Generating prompt #77 (Section 5, Prompt 9/17)[0m
[1;33m2025-09-21 14:41:02 - Running prompt generation...[0m
PROMPT GENERATION COMPLETE - Prompt #77
[0;32m2025-09-21 14:41:24 - Completed prompt #77[0m
[0;34m2025-09-21 14:41:29 - Generating prompt #78 (Section 5, Prompt 10/17)[0m
[1;33m2025-09-21 14:41:29 - Running prompt generation...[0m
PROMPT GENERATION COMPLETE - Prompt #78
[0;32m2025-09-21 14:41:52 - Completed prompt #78[0m
[0;34m2025-09-21 14:41:57 - Generating prompt #79 (Section 5, Prompt 11/17)[0m
[1;33m2025-09-21 14:41:57 - Running prompt generation...[0m
PROMPT GENERATION COMPLETE - Prompt #79
[0;32m2025-09-21 14:42:17 - Completed prompt #79[0m
[0;34m2025-09-21 14:42:22 - Generating prompt #80 (Section 5, Prompt 12/17)[0m
[1;33m2025-09-21 14:42:22 - Running prompt generation...[0m
PROMPT GENERATION COMPLETE - Prompt #80
[0;32m2025-09-21 14:42:47 - Completed prompt #80[0m
[0;34m2025-09-21 14:42:52 - Generating prompt #81 (Section 5, Prompt 13/17)[0m
[1;33m2025-09-21 14:42:52 - Running prompt generation...[0m
PROMPT GENERATION COMPLETE - Prompt #81
[0;32m2025-09-21 14:43:15 - Completed prompt #81[0m
[0;34m2025-09-21 14:43:20 - Generating prompt #82 (Section 5, Prompt 14/17)[0m
[1;33m2025-09-21 14:43:20 - Running prompt generation...[0m
PROMPT GENERATION COMPLETE - Prompt #82
[0;32m2025-09-21 14:43:41 - Completed prompt #82[0m
[0;34m2025-09-21 14:43:46 - Generating prompt #83 (Section 5, Prompt 15/17)[0m
[1;33m2025-09-21 14:43:46 - Running prompt generation...[0m
PROMPT GENERATION COMPLETE - Prompt #83
[0;32m2025-09-21 14:44:08 - Completed prompt #83[0m
[0;34m2025-09-21 14:44:13 - Generating prompt #84 (Section 5, Prompt 16/17)[0m
[1;33m2025-09-21 14:44:13 - Running prompt generation...[0m
PROMPT GENERATION COMPLETE - Prompt #84
[0;32m2025-09-21 14:44:35 - Completed prompt #84[0m
[0;34m2025-09-21 14:44:40 - Generating prompt #85 (Section 5, Prompt 17/17)[0m
[1;33m2025-09-21 14:44:40 - Running prompt generation...[0m
PROMPT GENERATION COMPLETE - Prompt #85
[0;32m2025-09-21 14:44:59 - Completed prompt #85[0m
[0;34m2025-09-21 14:45:04 - Generating prompt #86 (Section 6, Prompt 1/17)[0m
[1;33m2025-09-21 14:45:04 - Running prompt generation...[0m
PROMPT GENERATION COMPLETE - Prompt #86
[0;32m2025-09-21 14:45:27 - Completed prompt #86[0m
[0;34m2025-09-21 14:45:32 - Generating prompt #87 (Section 6, Prompt 2/17)[0m
[1;33m2025-09-21 14:45:32 - Running prompt generation...[0m
PROMPT GENERATION COMPLETE - Prompt #87
[0;32m2025-09-21 14:45:54 - Completed prompt #87[0m
[0;34m2025-09-21 14:45:59 - Generating prompt #88 (Section 6, Prompt 3/17)[0m
[1;33m2025-09-21 14:45:59 - Running prompt generation...[0m
PROMPT GENERATION COMPLETE - Prompt #88
[0;32m2025-09-21 14:46:22 - Completed prompt #88[0m
[0;34m2025-09-21 14:46:27 - Generating prompt #89 (Section 6, Prompt 4/17)[0m
[1;33m2025-09-21 14:46:27 - Running prompt generation...[0m
PROMPT GENERATION COMPLETE - Prompt #89
[0;32m2025-09-21 14:46:47 - Completed prompt #89[0m
[0;34m2025-09-21 14:46:52 - Generating prompt #90 (Section 6, Prompt 5/17)[0m
[1;33m2025-09-21 14:46:52 - Running prompt generation...[0m
PROMPT GENERATION COMPLETE - Prompt #90
[0;32m2025-09-21 14:47:12 - Completed prompt #90[0m
[0;34m2025-09-21 14:47:17 - Generating prompt #91 (Section 6, Prompt 6/17)[0m
[1;33m2025-09-21 14:47:17 - Running prompt generation...[0m
PROMPT GENERATION COMPLETE - Prompt #91
[0;32m2025-09-21 14:47:42 - Completed prompt #91[0m
[0;34m2025-09-21 14:47:47 - Generating prompt #92 (Section 6, Prompt 7/17)[0m
[1;33m2025-09-21 14:47:47 - Running prompt generation...[0m
PROMPT GENERATION COMPLETE - Prompt #92
[0;32m2025-09-21 14:48:09 - Completed prompt #92[0m
[0;34m2025-09-21 14:48:14 - Generating prompt #93 (Section 6, Prompt 8/17)[0m
[1;33m2025-09-21 14:48:14 - Running prompt generation...[0m
PROMPT GENERATION COMPLETE - Prompt #93
[0;32m2025-09-21 14:48:34 - Completed prompt #93[0m
[0;34m2025-09-21 14:48:39 - Generating prompt #94 (Section 6, Prompt 9/17)[0m
[1;33m2025-09-21 14:48:39 - Running prompt generation...[0m
PROMPT GENERATION COMPLETE - Prompt #94
[0;32m2025-09-21 14:49:03 - Completed prompt #94[0m
[0;34m2025-09-21 14:49:08 - Generating prompt #95 (Section 6, Prompt 10/17)[0m
[1;33m2025-09-21 14:49:08 - Running prompt generation...[0m
PROMPT GENERATION COMPLETE - Prompt #95
[0;32m2025-09-21 14:49:28 - Completed prompt #95[0m
[0;34m2025-09-21 14:49:33 - Generating prompt #96 (Section 6, Prompt 11/17)[0m
[1;33m2025-09-21 14:49:33 - Running prompt generation...[0m
PROMPT GENERATION COMPLETE - Prompt #96
[0;32m2025-09-21 14:49:55 - Completed prompt #96[0m
[0;34m2025-09-21 14:50:00 - Generating prompt #97 (Section 6, Prompt 12/17)[0m
[1;33m2025-09-21 14:50:00 - Running prompt generation...[0m
PROMPT GENERATION COMPLETE - Prompt #97
[0;32m2025-09-21 14:50:22 - Completed prompt #97[0m
[0;34m2025-09-21 14:50:27 - Generating prompt #98 (Section 6, Prompt 13/17)[0m
[1;33m2025-09-21 14:50:27 - Running prompt generation...[0m
PROMPT GENERATION COMPLETE - Prompt #98
[0;32m2025-09-21 14:50:53 - Completed prompt #98[0m
[0;34m2025-09-21 14:50:58 - Generating prompt #99 (Section 6, Prompt 14/17)[0m
[1;33m2025-09-21 14:50:58 - Running prompt generation...[0m
PROMPT GENERATION COMPLETE - Prompt #99
[0;32m2025-09-21 14:51:24 - Completed prompt #99[0m
[0;34m2025-09-21 14:51:29 - Generating prompt #100 (Section 6, Prompt 15/17)[0m
[1;33m2025-09-21 14:51:29 - Running prompt generation...[0m
PROMPT GENERATION COMPLETE - Prompt #100
[0;32m2025-09-21 14:51:50 - Completed prompt #100[0m
[0;34m2025-09-21 14:51:55 - Generating prompt #101 (Section 6, Prompt 16/17)[0m
[1;33m2025-09-21 14:51:55 - Running prompt generation...[0m
PROMPT GENERATION COMPLETE - Prompt #101
[0;32m2025-09-21 14:52:17 - Completed prompt #101[0m
[0;34m2025-09-21 14:52:22 - Generating prompt #102 (Section 6, Prompt 17/17)[0m
[1;33m2025-09-21 14:52:22 - Running prompt generation...[0m
PROMPT GENERATION COMPLETE - Prompt #102
[0;32m2025-09-21 14:52:44 - Completed prompt #102[0m
