[0;34m2025-09-21 19:23:25 - Starting Prompt Generation Cycle for template: job-transition[0m
[1;33m2025-09-21 19:23:25 - Override flag detected - resetting progress and recreating files[0m
[0;32m2025-09-21 19:23:25 - Progress reset to 0 for template: job-transition[0m
[0;32m2025-09-21 19:23:25 - Using existing worktree: ../templata-job-transition[0m
[1;33m2025-09-21 19:23:25 - Creating template prompt file: prompts-job-transition.ts[0m
[0;32m2025-09-21 19:23:25 - Created template prompt file: ../templata-job-transition/src/data/prompts-job-transition.ts[0m
[0;34m2025-09-21 19:23:25 - Generating prompt #1 (Section 1, Prompt 1/17)[0m
[1;33m2025-09-21 19:23:25 - Running prompt generation...[0m
PROMPT GENERATION COMPLETE - Prompt #1
[0;32m2025-09-21 19:23:46 - Completed prompt #1[0m
[0;34m2025-09-21 19:23:51 - Generating prompt #2 (Section 1, Prompt 2/17)[0m
[1;33m2025-09-21 19:23:51 - Running prompt generation...[0m
PROMPT GENERATION COMPLETE - Prompt #2
[0;32m2025-09-21 19:24:11 - Completed prompt #2[0m
[0;34m2025-09-21 19:24:16 - Generating prompt #3 (Section 1, Prompt 3/17)[0m
[1;33m2025-09-21 19:24:16 - Running prompt generation...[0m
PROMPT GENERATION COMPLETE - Prompt #3
[0;32m2025-09-21 19:24:35 - Completed prompt #3[0m
[0;34m2025-09-21 19:24:40 - Generating prompt #4 (Section 1, Prompt 4/17)[0m
[1;33m2025-09-21 19:24:40 - Running prompt generation...[0m
PROMPT GENERATION COMPLETE - Prompt #4
[0;32m2025-09-21 19:24:59 - Completed prompt #4[0m
[0;34m2025-09-21 19:25:04 - Generating prompt #5 (Section 1, Prompt 5/17)[0m
[1;33m2025-09-21 19:25:04 - Running prompt generation...[0m
PROMPT GENERATION COMPLETE - Prompt #5
[0;32m2025-09-21 19:25:24 - Completed prompt #5[0m
[0;34m2025-09-21 19:25:29 - Generating prompt #6 (Section 1, Prompt 6/17)[0m
[1;33m2025-09-21 19:25:29 - Running prompt generation...[0m
PROMPT GENERATION COMPLETE - Prompt #6
[0;32m2025-09-21 19:25:49 - Completed prompt #6[0m
[0;34m2025-09-21 19:25:54 - Generating prompt #7 (Section 1, Prompt 7/17)[0m
[1;33m2025-09-21 19:25:54 - Running prompt generation...[0m
PROMPT GENERATION COMPLETE - Prompt #7
[0;32m2025-09-21 19:26:14 - Completed prompt #7[0m
[0;34m2025-09-21 19:26:19 - Generating prompt #8 (Section 1, Prompt 8/17)[0m
[1;33m2025-09-21 19:26:19 - Running prompt generation...[0m
PROMPT GENERATION COMPLETE - Prompt #8
[0;32m2025-09-21 19:26:39 - Completed prompt #8[0m
[0;34m2025-09-21 19:26:44 - Generating prompt #9 (Section 1, Prompt 9/17)[0m
[1;33m2025-09-21 19:26:44 - Running prompt generation...[0m
PROMPT GENERATION COMPLETE - Prompt #9
[0;32m2025-09-21 19:27:05 - Completed prompt #9[0m
[0;34m2025-09-21 19:27:10 - Generating prompt #10 (Section 1, Prompt 10/17)[0m
[1;33m2025-09-21 19:27:10 - Running prompt generation...[0m
PROMPT GENERATION COMPLETE - Prompt #10
[0;32m2025-09-21 19:27:29 - Completed prompt #10[0m
[0;34m2025-09-21 19:27:34 - Generating prompt #11 (Section 1, Prompt 11/17)[0m
[1;33m2025-09-21 19:27:34 - Running prompt generation...[0m
PROMPT GENERATION COMPLETE - Prompt #11
[0;32m2025-09-21 19:27:53 - Completed prompt #11[0m
[0;34m2025-09-21 19:27:58 - Generating prompt #12 (Section 1, Prompt 12/17)[0m
[1;33m2025-09-21 19:27:58 - Running prompt generation...[0m
PROMPT GENERATION COMPLETE - Prompt #12
[0;32m2025-09-21 19:28:18 - Completed prompt #12[0m
[0;34m2025-09-21 19:28:23 - Generating prompt #13 (Section 1, Prompt 13/17)[0m
[1;33m2025-09-21 19:28:23 - Running prompt generation...[0m
PROMPT GENERATION COMPLETE - Prompt #13
[0;32m2025-09-21 19:28:43 - Completed prompt #13[0m
[0;34m2025-09-21 19:28:48 - Generating prompt #14 (Section 1, Prompt 14/17)[0m
[1;33m2025-09-21 19:28:48 - Running prompt generation...[0m
PROMPT GENERATION COMPLETE - Prompt #14
[0;32m2025-09-21 19:29:07 - Completed prompt #14[0m
[0;34m2025-09-21 19:29:12 - Generating prompt #15 (Section 1, Prompt 15/17)[0m
[1;33m2025-09-21 19:29:12 - Running prompt generation...[0m
PROMPT GENERATION COMPLETE - Prompt #15
[0;32m2025-09-21 19:29:33 - Completed prompt #15[0m
[0;34m2025-09-21 19:29:38 - Generating prompt #16 (Section 1, Prompt 16/17)[0m
[1;33m2025-09-21 19:29:38 - Running prompt generation...[0m
PROMPT GENERATION COMPLETE - Prompt #16
[0;32m2025-09-21 19:29:58 - Completed prompt #16[0m
[0;34m2025-09-21 19:30:03 - Generating prompt #17 (Section 1, Prompt 17/17)[0m
[1;33m2025-09-21 19:30:03 - Running prompt generation...[0m
PROMPT GENERATION COMPLETE - Prompt #17
[0;32m2025-09-21 19:30:23 - Completed prompt #17[0m
[0;34m2025-09-21 19:30:28 - Generating prompt #18 (Section 2, Prompt 1/17)[0m
[1;33m2025-09-21 19:30:28 - Running prompt generation...[0m
PROMPT GENERATION COMPLETE - Prompt #18
[0;32m2025-09-21 19:30:48 - Completed prompt #18[0m
[0;34m2025-09-21 19:30:53 - Generating prompt #19 (Section 2, Prompt 2/17)[0m
[1;33m2025-09-21 19:30:53 - Running prompt generation...[0m
PROMPT GENERATION COMPLETE - Prompt #19
[0;32m2025-09-21 19:31:13 - Completed prompt #19[0m
[0;34m2025-09-21 19:31:18 - Generating prompt #20 (Section 2, Prompt 3/17)[0m
[1;33m2025-09-21 19:31:18 - Running prompt generation...[0m
PROMPT GENERATION COMPLETE - Prompt #20
[0;32m2025-09-21 19:31:38 - Completed prompt #20[0m
[0;34m2025-09-21 19:31:43 - Generating prompt #21 (Section 2, Prompt 4/17)[0m
[1;33m2025-09-21 19:31:43 - Running prompt generation...[0m
PROMPT GENERATION COMPLETE - Prompt #21
[0;32m2025-09-21 19:32:03 - Completed prompt #21[0m
[0;34m2025-09-21 19:32:08 - Generating prompt #22 (Section 2, Prompt 5/17)[0m
[1;33m2025-09-21 19:32:08 - Running prompt generation...[0m
PROMPT GENERATION COMPLETE - Prompt #22
[0;32m2025-09-21 19:32:29 - Completed prompt #22[0m
[0;34m2025-09-21 19:32:34 - Generating prompt #23 (Section 2, Prompt 6/17)[0m
[1;33m2025-09-21 19:32:34 - Running prompt generation...[0m
PROMPT GENERATION COMPLETE - Prompt #23
[0;32m2025-09-21 19:32:53 - Completed prompt #23[0m
[0;34m2025-09-21 19:32:58 - Generating prompt #24 (Section 2, Prompt 7/17)[0m
[1;33m2025-09-21 19:32:58 - Running prompt generation...[0m
PROMPT GENERATION COMPLETE - Prompt #24
[0;32m2025-09-21 19:33:19 - Completed prompt #24[0m
[0;34m2025-09-21 19:33:24 - Generating prompt #25 (Section 2, Prompt 8/17)[0m
[1;33m2025-09-21 19:33:24 - Running prompt generation...[0m
PROMPT GENERATION COMPLETE - Prompt #25
[0;32m2025-09-21 19:33:43 - Completed prompt #25[0m
[0;34m2025-09-21 19:33:48 - Generating prompt #26 (Section 2, Prompt 9/17)[0m
[1;33m2025-09-21 19:33:48 - Running prompt generation...[0m
PROMPT GENERATION COMPLETE - Prompt #26
[0;32m2025-09-21 19:34:09 - Completed prompt #26[0m
[0;34m2025-09-21 19:34:14 - Generating prompt #27 (Section 2, Prompt 10/17)[0m
[1;33m2025-09-21 19:34:14 - Running prompt generation...[0m
PROMPT GENERATION COMPLETE - Prompt #27
[0;32m2025-09-21 19:34:33 - Completed prompt #27[0m
[0;34m2025-09-21 19:34:38 - Generating prompt #28 (Section 2, Prompt 11/17)[0m
[1;33m2025-09-21 19:34:38 - Running prompt generation...[0m
PROMPT GENERATION COMPLETE - Prompt #28
[0;32m2025-09-21 19:34:58 - Completed prompt #28[0m
[0;34m2025-09-21 19:35:03 - Generating prompt #29 (Section 2, Prompt 12/17)[0m
[1;33m2025-09-21 19:35:03 - Running prompt generation...[0m
PROMPT GENERATION COMPLETE - Prompt #29
[0;32m2025-09-21 19:35:24 - Completed prompt #29[0m
[0;34m2025-09-21 19:35:29 - Generating prompt #30 (Section 2, Prompt 13/17)[0m
[1;33m2025-09-21 19:35:29 - Running prompt generation...[0m
PROMPT GENERATION COMPLETE - Prompt #30
[0;32m2025-09-21 19:35:50 - Completed prompt #30[0m
[0;34m2025-09-21 19:35:55 - Generating prompt #31 (Section 2, Prompt 14/17)[0m
[1;33m2025-09-21 19:35:55 - Running prompt generation...[0m
PROMPT GENERATION COMPLETE - Prompt #31
[0;32m2025-09-21 19:36:16 - Completed prompt #31[0m
[0;34m2025-09-21 19:36:21 - Generating prompt #32 (Section 2, Prompt 15/17)[0m
[1;33m2025-09-21 19:36:21 - Running prompt generation...[0m
PROMPT GENERATION COMPLETE - Prompt #32
[0;32m2025-09-21 19:36:41 - Completed prompt #32[0m
[0;34m2025-09-21 19:36:46 - Generating prompt #33 (Section 2, Prompt 16/17)[0m
[1;33m2025-09-21 19:36:46 - Running prompt generation...[0m
PROMPT GENERATION COMPLETE - Prompt #33
[0;32m2025-09-21 19:37:07 - Completed prompt #33[0m
[0;34m2025-09-21 19:37:12 - Generating prompt #34 (Section 2, Prompt 17/17)[0m
[1;33m2025-09-21 19:37:12 - Running prompt generation...[0m
PROMPT GENERATION COMPLETE - Prompt #34
[0;32m2025-09-21 19:37:33 - Completed prompt #34[0m
[0;34m2025-09-21 19:37:38 - Generating prompt #35 (Section 3, Prompt 1/17)[0m
[1;33m2025-09-21 19:37:38 - Running prompt generation...[0m
PROMPT GENERATION COMPLETE - Prompt #35
[0;32m2025-09-21 19:38:00 - Completed prompt #35[0m
[0;34m2025-09-21 19:38:05 - Generating prompt #36 (Section 3, Prompt 2/17)[0m
[1;33m2025-09-21 19:38:05 - Running prompt generation...[0m
PROMPT GENERATION COMPLETE - Prompt #36
[0;32m2025-09-21 19:38:26 - Completed prompt #36[0m
[0;34m2025-09-21 19:38:31 - Generating prompt #37 (Section 3, Prompt 3/17)[0m
[1;33m2025-09-21 19:38:31 - Running prompt generation...[0m
PROMPT GENERATION COMPLETE - Prompt #37
[0;32m2025-09-21 19:38:53 - Completed prompt #37[0m
[0;34m2025-09-21 19:38:58 - Generating prompt #38 (Section 3, Prompt 4/17)[0m
[1;33m2025-09-21 19:38:58 - Running prompt generation...[0m
<invoke name="Edit">
<parameter name="file_path">/Users/ikim1/Documents/GitHub/templata-job-transition/src/data/prompts-job-transition.ts</parameter>
<parameter name="old_string">  {
    id: 'prompt-37',
    prompt: 'Schedule and conduct 3 practice interviews with professionals in your network to refine your responses and build confidence',
    category: 'action',
    helpText: 'Mock interviews with trusted colleagues or mentors help you identify and improve weak areas in your interviewing skills before the stakes are high. Practice with people who can provide honest feedback on your responses, body language, and overall presentation to build confidence and refine your storytelling techniques. These sessions help you articulate your value proposition clearly and handle challenging questions with composure during actual interviews.'
  }
];</parameter>
<parameter name="new_string">  {
    id: 'prompt-37',
    prompt: 'Schedule and conduct 3 practice interviews with professionals in your network to refine your responses and build confidence',
    category: 'action',
    helpText: 'Mock interviews with trusted colleagues or mentors help you identify and improve weak areas in your interviewing skills before the stakes are high. Practice with people who can provide honest feedback on your responses, body language, and overall presentation to build confidence and refine your storytelling techniques. These sessions help you articulate your value proposition clearly and handle challenging questions with composure during actual interviews.'
  },
  {
    id: 'prompt-38',
    prompt: 'Develop and execute an online presence audit by updating your LinkedIn profile, cleaning up social media accounts, and creating a professional Google search result strategy',
    category: 'action',
    helpText: 'Employers regularly research candidates online, making your digital footprint a critical factor in hiring decisions. Review all your social media profiles to remove or hide inappropriate content, optimize your LinkedIn with current keywords and accomplishments, and consider creating professional content like blog posts or portfolio pieces to ensure positive search results. A polished online presence reinforces your professional brand and can differentiate you from other candidates.'
  }
];</parameter>
</invoke>
[0;32m2025-09-21 19:39:16 - Completed prompt #38[0m
[0;34m2025-09-21 19:39:21 - Generating prompt #39 (Section 3, Prompt 5/17)[0m
[1;33m2025-09-21 19:39:21 - Running prompt generation...[0m
PROMPT GENERATION COMPLETE - Prompt #39
[0;32m2025-09-21 19:39:42 - Completed prompt #39[0m
[0;34m2025-09-21 19:39:47 - Generating prompt #40 (Section 3, Prompt 6/17)[0m
[1;33m2025-09-21 19:39:47 - Running prompt generation...[0m
PROMPT GENERATION COMPLETE - Prompt #40
[0;32m2025-09-21 19:40:08 - Completed prompt #40[0m
[0;34m2025-09-21 19:40:13 - Generating prompt #41 (Section 3, Prompt 7/17)[0m
[1;33m2025-09-21 19:40:13 - Running prompt generation...[0m
PROMPT GENERATION COMPLETE - Prompt #41
[0;32m2025-09-21 19:40:33 - Completed prompt #41[0m
[0;34m2025-09-21 19:40:38 - Generating prompt #42 (Section 3, Prompt 8/17)[0m
[1;33m2025-09-21 19:40:38 - Running prompt generation...[0m
PROMPT GENERATION COMPLETE - Prompt #42
[0;32m2025-09-21 19:41:00 - Completed prompt #42[0m
[0;34m2025-09-21 19:41:05 - Generating prompt #43 (Section 3, Prompt 9/17)[0m
[1;33m2025-09-21 19:41:05 - Running prompt generation...[0m
PROMPT GENERATION COMPLETE - Prompt #43
[0;32m2025-09-21 19:41:28 - Completed prompt #43[0m
[0;34m2025-09-21 19:41:33 - Generating prompt #44 (Section 3, Prompt 10/17)[0m
[1;33m2025-09-21 19:41:33 - Running prompt generation...[0m
PROMPT GENERATION COMPLETE - Prompt #44
[0;32m2025-09-21 19:41:54 - Completed prompt #44[0m
[0;34m2025-09-21 19:41:59 - Generating prompt #45 (Section 3, Prompt 11/17)[0m
[1;33m2025-09-21 19:41:59 - Running prompt generation...[0m
<invoke name="Edit">
<parameter name="file_path">/Users/ikim1/Documents/GitHub/templata-job-transition/src/data/prompts-job-transition.ts</parameter>
<parameter name="old_string">  {
    id: 'prompt-44',
    prompt: 'Create and practice your 2-minute elevator pitch by recording yourself and refining it based on feedback from 3 trusted colleagues',
    category: 'action',
    helpText: 'A polished elevator pitch is essential for networking events, informational interviews, and unexpected opportunities where you need to quickly communicate your value proposition. Practice articulating your background, current transition goals, and unique strengths in a compelling 2-minute narrative. Recording yourself helps identify filler words and timing issues, while feedback from colleagues ensures your message is clear and compelling to others.'
  }
];</parameter>
<parameter name="new_string">  {
    id: 'prompt-44',
    prompt: 'Create and practice your 2-minute elevator pitch by recording yourself and refining it based on feedback from 3 trusted colleagues',
    category: 'action',
    helpText: 'A polished elevator pitch is essential for networking events, informational interviews, and unexpected opportunities where you need to quickly communicate your value proposition. Practice articulating your background, current transition goals, and unique strengths in a compelling 2-minute narrative. Recording yourself helps identify filler words and timing issues, while feedback from colleagues ensures your message is clear and compelling to others.'
  },
  {
    id: 'prompt-45',
    prompt: 'Execute your transition plan by submitting resignation letter to your current employer and confirming your start date with your new company',
    category: 'action',
    helpText: 'Taking the final step to formally transition between roles requires careful timing and professional communication to maintain positive relationships. Submit your resignation with appropriate notice (typically 2 weeks for most roles), confirm logistics with your new employer including start date and onboarding requirements, and create a transition timeline that allows you to complete current responsibilities while preparing for your new position.'
  }
];</parameter>
</invoke>
[0;32m2025-09-21 19:42:18 - Completed prompt #45[0m
[0;34m2025-09-21 19:42:23 - Generating prompt #46 (Section 3, Prompt 12/17)[0m
[1;33m2025-09-21 19:42:23 - Running prompt generation...[0m
PROMPT GENERATION COMPLETE - Prompt #46
[0;32m2025-09-21 19:42:45 - Completed prompt #46[0m
[0;34m2025-09-21 19:42:50 - Generating prompt #47 (Section 3, Prompt 13/17)[0m
[1;33m2025-09-21 19:42:50 - Running prompt generation...[0m
PROMPT GENERATION COMPLETE - Prompt #47
[0;32m2025-09-21 19:43:11 - Completed prompt #47[0m
[0;34m2025-09-21 19:43:16 - Generating prompt #48 (Section 3, Prompt 14/17)[0m
[1;33m2025-09-21 19:43:16 - Running prompt generation...[0m
PROMPT GENERATION COMPLETE - Prompt #48
[0;32m2025-09-21 19:43:37 - Completed prompt #48[0m
[0;34m2025-09-21 19:43:42 - Generating prompt #49 (Section 3, Prompt 15/17)[0m
[1;33m2025-09-21 19:43:42 - Running prompt generation...[0m
PROMPT GENERATION COMPLETE - Prompt #49
[0;32m2025-09-21 19:44:04 - Completed prompt #49[0m
[0;34m2025-09-21 19:44:09 - Generating prompt #50 (Section 3, Prompt 16/17)[0m
[1;33m2025-09-21 19:44:09 - Running prompt generation...[0m
<invoke name="Edit">
<parameter name="file_path">/Users/ikim1/Documents/GitHub/templata-job-transition/src/data/prompts-job-transition.ts</parameter>
<parameter name="old_string">  {
    id: 'prompt-49',
    prompt: 'Complete your first-week onboarding checklist by attending all orientation sessions, meeting with your direct manager, and introducing yourself to key team members',
    category: 'action',
    helpText: 'Your first week sets the foundation for long-term success in your new role and creates lasting impressions with colleagues and leadership. Actively participate in all scheduled orientation activities, prepare thoughtful questions for your initial meeting with your manager about expectations and priorities, and proactively introduce yourself to team members to begin building working relationships. This engaged approach demonstrates professionalism and commitment while helping you integrate quickly into your new work environment.'
  }
];</parameter>
<parameter name="new_string">  {
    id: 'prompt-49',
    prompt: 'Complete your first-week onboarding checklist by attending all orientation sessions, meeting with your direct manager, and introducing yourself to key team members',
    category: 'action',
    helpText: 'Your first week sets the foundation for long-term success in your new role and creates lasting impressions with colleagues and leadership. Actively participate in all scheduled orientation activities, prepare thoughtful questions for your initial meeting with your manager about expectations and priorities, and proactively introduce yourself to team members to begin building working relationships. This engaged approach demonstrates professionalism and commitment while helping you integrate quickly into your new work environment.'
  },
  {
    id: 'prompt-50',
    prompt: 'Draft and send a comprehensive handover document to your replacement or team, including all project details, key contacts, and ongoing responsibilities with deadlines',
    category: 'action',
    helpText: 'Creating a thorough handover document demonstrates professionalism and protects your reputation while ensuring business continuity after your departure. Include detailed information about ongoing projects, important client relationships, recurring deadlines, and any institutional knowledge that isn\'t documented elsewhere. This comprehensive transfer of responsibilities shows respect for your colleagues and maintains positive relationships that could benefit your future career opportunities.'
  }
];</parameter>
</invoke>
[0;32m2025-09-21 19:44:28 - Completed prompt #50[0m
[0;34m2025-09-21 19:44:33 - Generating prompt #51 (Section 3, Prompt 17/17)[0m
[1;33m2025-09-21 19:44:33 - Running prompt generation...[0m
PROMPT GENERATION COMPLETE - Prompt #51
[0;32m2025-09-21 19:44:54 - Completed prompt #51[0m
[0;34m2025-09-21 19:44:59 - Generating prompt #52 (Section 4, Prompt 1/17)[0m
[1;33m2025-09-21 19:44:59 - Running prompt generation...[0m
PROMPT GENERATION COMPLETE - Prompt #52
[0;32m2025-09-21 19:45:21 - Completed prompt #52[0m
[0;34m2025-09-21 19:45:26 - Generating prompt #53 (Section 4, Prompt 2/17)[0m
[1;33m2025-09-21 19:45:26 - Running prompt generation...[0m
PROMPT GENERATION COMPLETE - Prompt #53
[0;32m2025-09-21 19:45:47 - Completed prompt #53[0m
[0;34m2025-09-21 19:45:52 - Generating prompt #54 (Section 4, Prompt 3/17)[0m
[1;33m2025-09-21 19:45:52 - Running prompt generation...[0m
PROMPT GENERATION COMPLETE - Prompt #54
[0;32m2025-09-21 19:46:13 - Completed prompt #54[0m
[0;34m2025-09-21 19:46:18 - Generating prompt #55 (Section 4, Prompt 4/17)[0m
[1;33m2025-09-21 19:46:18 - Running prompt generation...[0m
PROMPT GENERATION COMPLETE - Prompt #55
[0;32m2025-09-21 19:46:39 - Completed prompt #55[0m
[0;34m2025-09-21 19:46:44 - Generating prompt #56 (Section 4, Prompt 5/17)[0m
[1;33m2025-09-21 19:46:44 - Running prompt generation...[0m
PROMPT GENERATION COMPLETE - Prompt #56
[0;32m2025-09-21 19:47:05 - Completed prompt #56[0m
[0;34m2025-09-21 19:47:10 - Generating prompt #57 (Section 4, Prompt 6/17)[0m
[1;33m2025-09-21 19:47:10 - Running prompt generation...[0m
PROMPT GENERATION COMPLETE - Prompt #57
[0;32m2025-09-21 19:47:31 - Completed prompt #57[0m
[0;34m2025-09-21 19:47:36 - Generating prompt #58 (Section 4, Prompt 7/17)[0m
[1;33m2025-09-21 19:47:36 - Running prompt generation...[0m
PROMPT GENERATION COMPLETE - Prompt #58
[0;32m2025-09-21 19:47:57 - Completed prompt #58[0m
[0;34m2025-09-21 19:48:02 - Generating prompt #59 (Section 4, Prompt 8/17)[0m
[1;33m2025-09-21 19:48:02 - Running prompt generation...[0m
PROMPT GENERATION COMPLETE - Prompt #59
[0;32m2025-09-21 19:48:24 - Completed prompt #59[0m
[0;34m2025-09-21 19:48:29 - Generating prompt #60 (Section 4, Prompt 9/17)[0m
[1;33m2025-09-21 19:48:29 - Running prompt generation...[0m
PROMPT GENERATION COMPLETE - Prompt #60
[0;32m2025-09-21 19:48:51 - Completed prompt #60[0m
[0;34m2025-09-21 19:48:56 - Generating prompt #61 (Section 4, Prompt 10/17)[0m
[1;33m2025-09-21 19:48:56 - Running prompt generation...[0m
PROMPT GENERATION COMPLETE - Prompt #61
[0;32m2025-09-21 19:49:17 - Completed prompt #61[0m
[0;34m2025-09-21 19:49:22 - Generating prompt #62 (Section 4, Prompt 11/17)[0m
[1;33m2025-09-21 19:49:22 - Running prompt generation...[0m
PROMPT GENERATION COMPLETE - Prompt #62
[0;32m2025-09-21 19:49:41 - Completed prompt #62[0m
[0;34m2025-09-21 19:49:46 - Generating prompt #63 (Section 4, Prompt 12/17)[0m
[1;33m2025-09-21 19:49:47 - Running prompt generation...[0m
PROMPT GENERATION COMPLETE - Prompt #63
[0;32m2025-09-21 19:50:07 - Completed prompt #63[0m
[0;34m2025-09-21 19:50:12 - Generating prompt #64 (Section 4, Prompt 13/17)[0m
[1;33m2025-09-21 19:50:12 - Running prompt generation...[0m
PROMPT GENERATION COMPLETE - Prompt #64
[0;32m2025-09-21 19:50:33 - Completed prompt #64[0m
[0;34m2025-09-21 19:50:38 - Generating prompt #65 (Section 4, Prompt 14/17)[0m
[1;33m2025-09-21 19:50:38 - Running prompt generation...[0m
PROMPT GENERATION COMPLETE - Prompt #65
[0;32m2025-09-21 19:50:59 - Completed prompt #65[0m
[0;34m2025-09-21 19:51:04 - Generating prompt #66 (Section 4, Prompt 15/17)[0m
[1;33m2025-09-21 19:51:04 - Running prompt generation...[0m
PROMPT GENERATION COMPLETE - Prompt #66
[0;32m2025-09-21 19:51:25 - Completed prompt #66[0m
[0;34m2025-09-21 19:51:30 - Generating prompt #67 (Section 4, Prompt 16/17)[0m
[1;33m2025-09-21 19:51:30 - Running prompt generation...[0m
PROMPT GENERATION COMPLETE - Prompt #67
[0;32m2025-09-21 19:51:51 - Completed prompt #67[0m
[0;34m2025-09-21 19:51:56 - Generating prompt #68 (Section 4, Prompt 17/17)[0m
[1;33m2025-09-21 19:51:56 - Running prompt generation...[0m
PROMPT GENERATION COMPLETE - Prompt #68
[0;32m2025-09-21 19:52:16 - Completed prompt #68[0m
[0;34m2025-09-21 19:52:21 - Generating prompt #69 (Section 5, Prompt 1/17)[0m
[1;33m2025-09-21 19:52:21 - Running prompt generation...[0m
PROMPT GENERATION COMPLETE - Prompt #69
[0;32m2025-09-21 19:52:42 - Completed prompt #69[0m
[0;34m2025-09-21 19:52:47 - Generating prompt #70 (Section 5, Prompt 2/17)[0m
[1;33m2025-09-21 19:52:47 - Running prompt generation...[0m
PROMPT GENERATION COMPLETE - Prompt #70
[0;32m2025-09-21 19:53:10 - Completed prompt #70[0m
[0;34m2025-09-21 19:53:15 - Generating prompt #71 (Section 5, Prompt 3/17)[0m
[1;33m2025-09-21 19:53:15 - Running prompt generation...[0m
PROMPT GENERATION COMPLETE - Prompt #71
[0;32m2025-09-21 19:53:39 - Completed prompt #71[0m
[0;34m2025-09-21 19:53:44 - Generating prompt #72 (Section 5, Prompt 4/17)[0m
[1;33m2025-09-21 19:53:44 - Running prompt generation...[0m
PROMPT GENERATION COMPLETE - Prompt #72
[0;32m2025-09-21 19:54:07 - Completed prompt #72[0m
[0;34m2025-09-21 19:54:12 - Generating prompt #73 (Section 5, Prompt 5/17)[0m
[1;33m2025-09-21 19:54:12 - Running prompt generation...[0m
PROMPT GENERATION COMPLETE - Prompt #73
[0;32m2025-09-21 19:54:36 - Completed prompt #73[0m
[0;34m2025-09-21 19:54:41 - Generating prompt #74 (Section 5, Prompt 6/17)[0m
[1;33m2025-09-21 19:54:41 - Running prompt generation...[0m
PROMPT GENERATION COMPLETE - Prompt #74
[0;32m2025-09-21 19:55:03 - Completed prompt #74[0m
[0;34m2025-09-21 19:55:08 - Generating prompt #75 (Section 5, Prompt 7/17)[0m
[1;33m2025-09-21 19:55:08 - Running prompt generation...[0m
PROMPT GENERATION COMPLETE - Prompt #75
[0;32m2025-09-21 19:55:29 - Completed prompt #75[0m
[0;34m2025-09-21 19:55:34 - Generating prompt #76 (Section 5, Prompt 8/17)[0m
[1;33m2025-09-21 19:55:34 - Running prompt generation...[0m
PROMPT GENERATION COMPLETE - Prompt #76
[0;32m2025-09-21 19:55:54 - Completed prompt #76[0m
[0;34m2025-09-21 19:55:59 - Generating prompt #77 (Section 5, Prompt 9/17)[0m
[1;33m2025-09-21 19:55:59 - Running prompt generation...[0m
PROMPT GENERATION COMPLETE - Prompt #77
[0;32m2025-09-21 19:56:18 - Completed prompt #77[0m
[0;34m2025-09-21 19:56:23 - Generating prompt #78 (Section 5, Prompt 10/17)[0m
[1;33m2025-09-21 19:56:23 - Running prompt generation...[0m
PROMPT GENERATION COMPLETE - Prompt #78
[0;32m2025-09-21 19:56:43 - Completed prompt #78[0m
[0;34m2025-09-21 19:56:48 - Generating prompt #79 (Section 5, Prompt 11/17)[0m
[1;33m2025-09-21 19:56:48 - Running prompt generation...[0m
PROMPT GENERATION COMPLETE - Prompt #79
[0;32m2025-09-21 19:57:09 - Completed prompt #79[0m
[0;34m2025-09-21 19:57:14 - Generating prompt #80 (Section 5, Prompt 12/17)[0m
[1;33m2025-09-21 19:57:14 - Running prompt generation...[0m
PROMPT GENERATION COMPLETE - Prompt #80
[0;32m2025-09-21 19:57:36 - Completed prompt #80[0m
[0;34m2025-09-21 19:57:41 - Generating prompt #81 (Section 5, Prompt 13/17)[0m
[1;33m2025-09-21 19:57:41 - Running prompt generation...[0m
PROMPT GENERATION COMPLETE - Prompt #81
[0;32m2025-09-21 19:58:02 - Completed prompt #81[0m
[0;34m2025-09-21 19:58:07 - Generating prompt #82 (Section 5, Prompt 14/17)[0m
[1;33m2025-09-21 19:58:07 - Running prompt generation...[0m
PROMPT GENERATION COMPLETE - Prompt #82
[0;32m2025-09-21 19:58:30 - Completed prompt #82[0m
[0;34m2025-09-21 19:58:35 - Generating prompt #83 (Section 5, Prompt 15/17)[0m
[1;33m2025-09-21 19:58:35 - Running prompt generation...[0m
PROMPT GENERATION COMPLETE - Prompt #83
[0;32m2025-09-21 19:58:56 - Completed prompt #83[0m
[0;34m2025-09-21 19:59:01 - Generating prompt #84 (Section 5, Prompt 16/17)[0m
[1;33m2025-09-21 19:59:01 - Running prompt generation...[0m
PROMPT GENERATION COMPLETE - Prompt #84
[0;32m2025-09-21 19:59:22 - Completed prompt #84[0m
[0;34m2025-09-21 19:59:27 - Generating prompt #85 (Section 5, Prompt 17/17)[0m
[1;33m2025-09-21 19:59:27 - Running prompt generation...[0m
PROMPT GENERATION COMPLETE - Prompt #85
[0;32m2025-09-21 19:59:47 - Completed prompt #85[0m
[0;34m2025-09-21 19:59:52 - Generating prompt #86 (Section 6, Prompt 1/17)[0m
[1;33m2025-09-21 19:59:52 - Running prompt generation...[0m
PROMPT GENERATION COMPLETE - Prompt #86
[0;32m2025-09-21 20:00:11 - Completed prompt #86[0m
[0;34m2025-09-21 20:00:16 - Generating prompt #87 (Section 6, Prompt 2/17)[0m
[1;33m2025-09-21 20:00:16 - Running prompt generation...[0m
PROMPT GENERATION COMPLETE - Prompt #87
[0;32m2025-09-21 20:00:40 - Completed prompt #87[0m
[0;34m2025-09-21 20:00:45 - Generating prompt #88 (Section 6, Prompt 3/17)[0m
[1;33m2025-09-21 20:00:45 - Running prompt generation...[0m
PROMPT GENERATION COMPLETE - Prompt #88
[0;32m2025-09-21 20:01:08 - Completed prompt #88[0m
[0;34m2025-09-21 20:01:13 - Generating prompt #89 (Section 6, Prompt 4/17)[0m
[1;33m2025-09-21 20:01:13 - Running prompt generation...[0m
PROMPT GENERATION COMPLETE - Prompt #89
[0;32m2025-09-21 20:01:33 - Completed prompt #89[0m
[0;34m2025-09-21 20:01:38 - Generating prompt #90 (Section 6, Prompt 5/17)[0m
[1;33m2025-09-21 20:01:38 - Running prompt generation...[0m
PROMPT GENERATION COMPLETE - Prompt #90
[0;32m2025-09-21 20:01:59 - Completed prompt #90[0m
[0;34m2025-09-21 20:02:04 - Generating prompt #91 (Section 6, Prompt 6/17)[0m
[1;33m2025-09-21 20:02:04 - Running prompt generation...[0m
PROMPT GENERATION COMPLETE - Prompt #91
[0;32m2025-09-21 20:02:24 - Completed prompt #91[0m
[0;34m2025-09-21 20:02:29 - Generating prompt #92 (Section 6, Prompt 7/17)[0m
[1;33m2025-09-21 20:02:29 - Running prompt generation...[0m
PROMPT GENERATION COMPLETE - Prompt #92
[0;32m2025-09-21 20:02:50 - Completed prompt #92[0m
[0;34m2025-09-21 20:02:55 - Generating prompt #93 (Section 6, Prompt 8/17)[0m
[1;33m2025-09-21 20:02:55 - Running prompt generation...[0m
PROMPT GENERATION COMPLETE - Prompt #93
[0;32m2025-09-21 20:03:14 - Completed prompt #93[0m
[0;34m2025-09-21 20:03:19 - Generating prompt #94 (Section 6, Prompt 9/17)[0m
[1;33m2025-09-21 20:03:19 - Running prompt generation...[0m
PROMPT GENERATION COMPLETE - Prompt #94
[0;32m2025-09-21 20:03:37 - Completed prompt #94[0m
[0;34m2025-09-21 20:03:42 - Generating prompt #95 (Section 6, Prompt 10/17)[0m
[1;33m2025-09-21 20:03:42 - Running prompt generation...[0m
PROMPT GENERATION COMPLETE - Prompt #95
[0;32m2025-09-21 20:04:03 - Completed prompt #95[0m
[0;34m2025-09-21 20:04:08 - Generating prompt #96 (Section 6, Prompt 11/17)[0m
[1;33m2025-09-21 20:04:08 - Running prompt generation...[0m
PROMPT GENERATION COMPLETE - Prompt #96
[0;32m2025-09-21 20:04:27 - Completed prompt #96[0m
[0;34m2025-09-21 20:04:32 - Generating prompt #97 (Section 6, Prompt 12/17)[0m
[1;33m2025-09-21 20:04:32 - Running prompt generation...[0m
PROMPT GENERATION COMPLETE - Prompt #97
[0;32m2025-09-21 20:04:56 - Completed prompt #97[0m
[0;34m2025-09-21 20:05:01 - Generating prompt #98 (Section 6, Prompt 13/17)[0m
[1;33m2025-09-21 20:05:01 - Running prompt generation...[0m
PROMPT GENERATION COMPLETE - Prompt #98
[0;32m2025-09-21 20:05:21 - Completed prompt #98[0m
[0;34m2025-09-21 20:05:26 - Generating prompt #99 (Section 6, Prompt 14/17)[0m
[1;33m2025-09-21 20:05:26 - Running prompt generation...[0m
PROMPT GENERATION COMPLETE - Prompt #99
[0;32m2025-09-21 20:05:45 - Completed prompt #99[0m
[0;34m2025-09-21 20:05:51 - Generating prompt #100 (Section 6, Prompt 15/17)[0m
[1;33m2025-09-21 20:05:51 - Running prompt generation...[0m
PROMPT GENERATION COMPLETE - Prompt #100
[0;32m2025-09-21 20:06:12 - Completed prompt #100[0m
[0;34m2025-09-21 20:06:17 - Generating prompt #101 (Section 6, Prompt 16/17)[0m
[1;33m2025-09-21 20:06:17 - Running prompt generation...[0m
PROMPT GENERATION COMPLETE - Prompt #101
[0;32m2025-09-21 20:06:39 - Completed prompt #101[0m
[0;34m2025-09-21 20:06:44 - Generating prompt #102 (Section 6, Prompt 17/17)[0m
[1;33m2025-09-21 20:06:44 - Running prompt generation...[0m
PROMPT GENERATION COMPLETE - Prompt #102
[0;32m2025-09-21 20:07:05 - Completed prompt #102[0m
