[0;34m2025-09-21 18:23:30 - Starting Prompt Generation Cycle for template: personal-finance[0m
[1;33m2025-09-21 18:23:30 - Override flag detected - resetting progress and recreating files[0m
[0;32m2025-09-21 18:23:30 - Progress reset to 0 for template: personal-finance[0m
[0;32m2025-09-21 18:23:30 - Using existing worktree: ../templata-personal-finance[0m
[1;33m2025-09-21 18:23:30 - Creating template prompt file: prompts-personal-finance.ts[0m
[0;32m2025-09-21 18:23:31 - Created template prompt file: ../templata-personal-finance/src/data/prompts-personal-finance.ts[0m
[0;34m2025-09-21 18:23:31 - Generating prompt #1 (Section 1, Prompt 1/17)[0m
[1;33m2025-09-21 18:23:31 - Running prompt generation...[0m
PROMPT GENERATION COMPLETE - Prompt #1
[0;32m2025-09-21 18:23:52 - Completed prompt #1[0m
[0;34m2025-09-21 18:23:57 - Generating prompt #2 (Section 1, Prompt 2/17)[0m
[1;33m2025-09-21 18:23:57 - Running prompt generation...[0m
5-hour limit reached ∙ resets 7pm
[0;32m2025-09-21 18:24:15 - Completed prompt #2[0m
[0;34m2025-09-21 18:24:20 - Generating prompt #3 (Section 1, Prompt 3/17)[0m
[1;33m2025-09-21 18:24:20 - Running prompt generation...[0m
5-hour limit reached ∙ resets 7pm
[0;32m2025-09-21 18:24:27 - Completed prompt #3[0m
[0;34m2025-09-21 18:24:32 - Generating prompt #4 (Section 1, Prompt 4/17)[0m
[1;33m2025-09-21 18:24:32 - Running prompt generation...[0m
5-hour limit reached ∙ resets 7pm
[0;32m2025-09-21 18:24:38 - Completed prompt #4[0m
[0;34m2025-09-21 18:24:43 - Generating prompt #5 (Section 1, Prompt 5/17)[0m
[1;33m2025-09-21 18:24:43 - Running prompt generation...[0m
5-hour limit reached ∙ resets 7pm
[0;32m2025-09-21 18:24:49 - Completed prompt #5[0m
[0;34m2025-09-21 18:24:54 - Generating prompt #6 (Section 1, Prompt 6/17)[0m
[1;33m2025-09-21 18:24:54 - Running prompt generation...[0m
5-hour limit reached ∙ resets 7pm
[0;32m2025-09-21 18:25:00 - Completed prompt #6[0m
[0;34m2025-09-21 18:25:05 - Generating prompt #7 (Section 1, Prompt 7/17)[0m
[1;33m2025-09-21 18:25:05 - Running prompt generation...[0m
5-hour limit reached ∙ resets 7pm
[0;32m2025-09-21 18:25:12 - Completed prompt #7[0m
[0;34m2025-09-21 18:25:17 - Generating prompt #8 (Section 1, Prompt 8/17)[0m
[1;33m2025-09-21 18:25:17 - Running prompt generation...[0m
5-hour limit reached ∙ resets 7pm
[0;32m2025-09-21 18:25:23 - Completed prompt #8[0m
[0;34m2025-09-21 18:25:28 - Generating prompt #9 (Section 1, Prompt 9/17)[0m
[1;33m2025-09-21 18:25:28 - Running prompt generation...[0m
5-hour limit reached ∙ resets 7pm
[0;32m2025-09-21 18:25:34 - Completed prompt #9[0m
[0;34m2025-09-21 18:25:39 - Generating prompt #10 (Section 1, Prompt 10/17)[0m
[1;33m2025-09-21 18:25:39 - Running prompt generation...[0m
5-hour limit reached ∙ resets 7pm
[0;32m2025-09-21 18:25:45 - Completed prompt #10[0m
[0;34m2025-09-21 18:25:50 - Generating prompt #11 (Section 1, Prompt 11/17)[0m
[1;33m2025-09-21 18:25:50 - Running prompt generation...[0m
5-hour limit reached ∙ resets 7pm
[0;32m2025-09-21 18:25:56 - Completed prompt #11[0m
[0;34m2025-09-21 18:26:01 - Generating prompt #12 (Section 1, Prompt 12/17)[0m
[1;33m2025-09-21 18:26:01 - Running prompt generation...[0m
5-hour limit reached ∙ resets 7pm
[0;32m2025-09-21 18:26:08 - Completed prompt #12[0m
[0;34m2025-09-21 18:26:13 - Generating prompt #13 (Section 1, Prompt 13/17)[0m
[1;33m2025-09-21 18:26:13 - Running prompt generation...[0m
5-hour limit reached ∙ resets 7pm
[0;32m2025-09-21 18:26:21 - Completed prompt #13[0m
[0;34m2025-09-21 18:26:26 - Generating prompt #14 (Section 1, Prompt 14/17)[0m
[1;33m2025-09-21 18:26:26 - Running prompt generation...[0m
5-hour limit reached ∙ resets 7pm
[0;32m2025-09-21 18:26:33 - Completed prompt #14[0m
[0;34m2025-09-21 18:26:38 - Generating prompt #15 (Section 1, Prompt 15/17)[0m
[1;33m2025-09-21 18:26:38 - Running prompt generation...[0m
5-hour limit reached ∙ resets 7pm
[0;32m2025-09-21 18:26:45 - Completed prompt #15[0m
[0;34m2025-09-21 18:26:50 - Generating prompt #16 (Section 1, Prompt 16/17)[0m
[1;33m2025-09-21 18:26:50 - Running prompt generation...[0m
5-hour limit reached ∙ resets 7pm
[0;32m2025-09-21 18:26:57 - Completed prompt #16[0m
[0;34m2025-09-21 18:27:02 - Generating prompt #17 (Section 1, Prompt 17/17)[0m
[1;33m2025-09-21 18:27:02 - Running prompt generation...[0m
5-hour limit reached ∙ resets 7pm
[0;32m2025-09-21 18:27:09 - Completed prompt #17[0m
[0;34m2025-09-21 18:27:14 - Generating prompt #18 (Section 2, Prompt 1/17)[0m
[1;33m2025-09-21 18:27:14 - Running prompt generation...[0m
5-hour limit reached ∙ resets 7pm
[0;32m2025-09-21 18:27:22 - Completed prompt #18[0m
[0;34m2025-09-21 18:27:27 - Generating prompt #19 (Section 2, Prompt 2/17)[0m
[1;33m2025-09-21 18:27:27 - Running prompt generation...[0m
5-hour limit reached ∙ resets 7pm
[0;32m2025-09-21 18:27:34 - Completed prompt #19[0m
[0;34m2025-09-21 18:27:39 - Generating prompt #20 (Section 2, Prompt 3/17)[0m
[1;33m2025-09-21 18:27:40 - Running prompt generation...[0m
5-hour limit reached ∙ resets 7pm
[0;32m2025-09-21 18:27:47 - Completed prompt #20[0m
[0;34m2025-09-21 18:27:52 - Generating prompt #21 (Section 2, Prompt 4/17)[0m
[1;33m2025-09-21 18:27:52 - Running prompt generation...[0m
5-hour limit reached ∙ resets 7pm
[0;32m2025-09-21 18:27:58 - Completed prompt #21[0m
[0;34m2025-09-21 18:28:03 - Generating prompt #22 (Section 2, Prompt 5/17)[0m
[1;33m2025-09-21 18:28:03 - Running prompt generation...[0m
5-hour limit reached ∙ resets 7pm
[0;32m2025-09-21 18:28:10 - Completed prompt #22[0m
[0;34m2025-09-21 18:28:15 - Generating prompt #23 (Section 2, Prompt 6/17)[0m
[1;33m2025-09-21 18:28:15 - Running prompt generation...[0m
5-hour limit reached ∙ resets 7pm
[0;32m2025-09-21 18:28:21 - Completed prompt #23[0m
[0;34m2025-09-21 18:28:26 - Generating prompt #24 (Section 2, Prompt 7/17)[0m
[1;33m2025-09-21 18:28:26 - Running prompt generation...[0m
5-hour limit reached ∙ resets 7pm
[0;32m2025-09-21 18:28:32 - Completed prompt #24[0m
[0;34m2025-09-21 18:28:37 - Generating prompt #25 (Section 2, Prompt 8/17)[0m
[1;33m2025-09-21 18:28:37 - Running prompt generation...[0m
5-hour limit reached ∙ resets 7pm
[0;32m2025-09-21 18:28:44 - Completed prompt #25[0m
[0;34m2025-09-21 18:28:49 - Generating prompt #26 (Section 2, Prompt 9/17)[0m
[1;33m2025-09-21 18:28:49 - Running prompt generation...[0m
5-hour limit reached ∙ resets 7pm
[0;32m2025-09-21 18:28:55 - Completed prompt #26[0m
[0;34m2025-09-21 18:29:00 - Generating prompt #27 (Section 2, Prompt 10/17)[0m
[1;33m2025-09-21 18:29:00 - Running prompt generation...[0m
5-hour limit reached ∙ resets 7pm
[0;32m2025-09-21 18:29:06 - Completed prompt #27[0m
[0;34m2025-09-21 18:29:11 - Generating prompt #28 (Section 2, Prompt 11/17)[0m
[1;33m2025-09-21 18:29:11 - Running prompt generation...[0m
5-hour limit reached ∙ resets 7pm
[0;32m2025-09-21 18:29:18 - Completed prompt #28[0m
[0;34m2025-09-21 18:29:23 - Generating prompt #29 (Section 2, Prompt 12/17)[0m
[1;33m2025-09-21 18:29:23 - Running prompt generation...[0m
5-hour limit reached ∙ resets 7pm
[0;32m2025-09-21 18:29:31 - Completed prompt #29[0m
[0;34m2025-09-21 18:29:36 - Generating prompt #30 (Section 2, Prompt 13/17)[0m
[1;33m2025-09-21 18:29:36 - Running prompt generation...[0m
5-hour limit reached ∙ resets 7pm
[0;32m2025-09-21 18:29:44 - Completed prompt #30[0m
[0;34m2025-09-21 18:29:49 - Generating prompt #31 (Section 2, Prompt 14/17)[0m
[1;33m2025-09-21 18:29:49 - Running prompt generation...[0m
5-hour limit reached ∙ resets 7pm
[0;32m2025-09-21 18:29:57 - Completed prompt #31[0m
[0;34m2025-09-21 18:30:02 - Generating prompt #32 (Section 2, Prompt 15/17)[0m
[1;33m2025-09-21 18:30:02 - Running prompt generation...[0m
5-hour limit reached ∙ resets 7pm
[0;32m2025-09-21 18:30:11 - Completed prompt #32[0m
[0;34m2025-09-21 18:30:16 - Generating prompt #33 (Section 2, Prompt 16/17)[0m
[1;33m2025-09-21 18:30:16 - Running prompt generation...[0m
5-hour limit reached ∙ resets 7pm
[0;32m2025-09-21 18:30:25 - Completed prompt #33[0m
[0;34m2025-09-21 18:30:31 - Generating prompt #34 (Section 2, Prompt 17/17)[0m
[1;33m2025-09-21 18:30:31 - Running prompt generation...[0m
5-hour limit reached ∙ resets 7pm
[0;32m2025-09-21 18:30:39 - Completed prompt #34[0m
[0;34m2025-09-21 18:30:44 - Generating prompt #35 (Section 3, Prompt 1/17)[0m
[1;33m2025-09-21 18:30:44 - Running prompt generation...[0m
5-hour limit reached ∙ resets 7pm
[0;32m2025-09-21 18:30:53 - Completed prompt #35[0m
[0;34m2025-09-21 18:30:58 - Generating prompt #36 (Section 3, Prompt 2/17)[0m
[1;33m2025-09-21 18:30:58 - Running prompt generation...[0m
5-hour limit reached ∙ resets 7pm
[0;32m2025-09-21 18:31:07 - Completed prompt #36[0m
[0;34m2025-09-21 18:31:12 - Generating prompt #37 (Section 3, Prompt 3/17)[0m
[1;33m2025-09-21 18:31:12 - Running prompt generation...[0m
5-hour limit reached ∙ resets 7pm
[0;32m2025-09-21 18:31:22 - Completed prompt #37[0m
[0;34m2025-09-21 18:31:27 - Generating prompt #38 (Section 3, Prompt 4/17)[0m
[1;33m2025-09-21 18:31:27 - Running prompt generation...[0m
5-hour limit reached ∙ resets 7pm
[0;32m2025-09-21 18:31:37 - Completed prompt #38[0m
[0;34m2025-09-21 18:31:42 - Generating prompt #39 (Section 3, Prompt 5/17)[0m
[1;33m2025-09-21 18:31:42 - Running prompt generation...[0m
5-hour limit reached ∙ resets 7pm
[0;32m2025-09-21 18:31:52 - Completed prompt #39[0m
[0;34m2025-09-21 18:31:57 - Generating prompt #40 (Section 3, Prompt 6/17)[0m
[1;33m2025-09-21 18:31:57 - Running prompt generation...[0m
5-hour limit reached ∙ resets 7pm
[0;32m2025-09-21 18:32:07 - Completed prompt #40[0m
[0;34m2025-09-21 18:32:12 - Generating prompt #41 (Section 3, Prompt 7/17)[0m
[1;33m2025-09-21 18:32:12 - Running prompt generation...[0m
5-hour limit reached ∙ resets 7pm
[0;32m2025-09-21 18:32:22 - Completed prompt #41[0m
[0;34m2025-09-21 18:32:27 - Generating prompt #42 (Section 3, Prompt 8/17)[0m
[1;33m2025-09-21 18:32:27 - Running prompt generation...[0m
5-hour limit reached ∙ resets 7pm
[0;32m2025-09-21 18:32:36 - Completed prompt #42[0m
[0;34m2025-09-21 18:32:41 - Generating prompt #43 (Section 3, Prompt 9/17)[0m
[1;33m2025-09-21 18:32:41 - Running prompt generation...[0m
5-hour limit reached ∙ resets 7pm
[0;32m2025-09-21 18:32:51 - Completed prompt #43[0m
[0;34m2025-09-21 18:32:56 - Generating prompt #44 (Section 3, Prompt 10/17)[0m
[1;33m2025-09-21 18:32:56 - Running prompt generation...[0m
5-hour limit reached ∙ resets 7pm
[0;32m2025-09-21 18:33:06 - Completed prompt #44[0m
[0;34m2025-09-21 18:33:11 - Generating prompt #45 (Section 3, Prompt 11/17)[0m
[1;33m2025-09-21 18:33:11 - Running prompt generation...[0m
5-hour limit reached ∙ resets 7pm
[0;32m2025-09-21 18:33:21 - Completed prompt #45[0m
[0;34m2025-09-21 18:33:26 - Generating prompt #46 (Section 3, Prompt 12/17)[0m
[1;33m2025-09-21 18:33:26 - Running prompt generation...[0m
5-hour limit reached ∙ resets 7pm
[0;32m2025-09-21 18:33:36 - Completed prompt #46[0m
[0;34m2025-09-21 18:33:41 - Generating prompt #47 (Section 3, Prompt 13/17)[0m
[1;33m2025-09-21 18:33:41 - Running prompt generation...[0m
5-hour limit reached ∙ resets 7pm
[0;32m2025-09-21 18:33:50 - Completed prompt #47[0m
[0;34m2025-09-21 18:33:56 - Generating prompt #48 (Section 3, Prompt 14/17)[0m
[1;33m2025-09-21 18:33:56 - Running prompt generation...[0m
5-hour limit reached ∙ resets 7pm
[0;32m2025-09-21 18:34:05 - Completed prompt #48[0m
[0;34m2025-09-21 18:34:10 - Generating prompt #49 (Section 3, Prompt 15/17)[0m
[1;33m2025-09-21 18:34:10 - Running prompt generation...[0m
5-hour limit reached ∙ resets 7pm
[0;32m2025-09-21 18:34:18 - Completed prompt #49[0m
[0;34m2025-09-21 18:34:23 - Generating prompt #50 (Section 3, Prompt 16/17)[0m
[1;33m2025-09-21 18:34:23 - Running prompt generation...[0m
5-hour limit reached ∙ resets 7pm
[0;32m2025-09-21 18:34:31 - Completed prompt #50[0m
[0;34m2025-09-21 18:34:36 - Generating prompt #51 (Section 3, Prompt 17/17)[0m
[1;33m2025-09-21 18:34:36 - Running prompt generation...[0m
5-hour limit reached ∙ resets 7pm
[0;32m2025-09-21 18:34:45 - Completed prompt #51[0m
[0;34m2025-09-21 18:34:50 - Generating prompt #52 (Section 4, Prompt 1/17)[0m
[1;33m2025-09-21 18:34:50 - Running prompt generation...[0m
5-hour limit reached ∙ resets 7pm
[0;32m2025-09-21 18:34:58 - Completed prompt #52[0m
[0;34m2025-09-21 18:35:03 - Generating prompt #53 (Section 4, Prompt 2/17)[0m
[1;33m2025-09-21 18:35:03 - Running prompt generation...[0m
5-hour limit reached ∙ resets 7pm
[0;32m2025-09-21 18:35:11 - Completed prompt #53[0m
[0;34m2025-09-21 18:35:16 - Generating prompt #54 (Section 4, Prompt 3/17)[0m
[1;33m2025-09-21 18:35:17 - Running prompt generation...[0m
5-hour limit reached ∙ resets 7pm
[0;32m2025-09-21 18:35:26 - Completed prompt #54[0m
[0;34m2025-09-21 18:35:31 - Generating prompt #55 (Section 4, Prompt 4/17)[0m
[1;33m2025-09-21 18:35:31 - Running prompt generation...[0m
5-hour limit reached ∙ resets 7pm
[0;32m2025-09-21 18:35:40 - Completed prompt #55[0m
[0;34m2025-09-21 18:35:46 - Generating prompt #56 (Section 4, Prompt 5/17)[0m
[1;33m2025-09-21 18:35:46 - Running prompt generation...[0m
5-hour limit reached ∙ resets 7pm
[0;32m2025-09-21 18:35:54 - Completed prompt #56[0m
[0;34m2025-09-21 18:35:59 - Generating prompt #57 (Section 4, Prompt 6/17)[0m
[1;33m2025-09-21 18:35:59 - Running prompt generation...[0m
5-hour limit reached ∙ resets 7pm
[0;32m2025-09-21 18:36:09 - Completed prompt #57[0m
[0;34m2025-09-21 18:36:14 - Generating prompt #58 (Section 4, Prompt 7/17)[0m
[1;33m2025-09-21 18:36:14 - Running prompt generation...[0m
5-hour limit reached ∙ resets 7pm
[0;32m2025-09-21 18:36:22 - Completed prompt #58[0m
[0;34m2025-09-21 18:36:27 - Generating prompt #59 (Section 4, Prompt 8/17)[0m
[1;33m2025-09-21 18:36:27 - Running prompt generation...[0m
5-hour limit reached ∙ resets 7pm
[0;32m2025-09-21 18:36:36 - Completed prompt #59[0m
[0;34m2025-09-21 18:36:41 - Generating prompt #60 (Section 4, Prompt 9/17)[0m
[1;33m2025-09-21 18:36:41 - Running prompt generation...[0m
5-hour limit reached ∙ resets 7pm
[0;32m2025-09-21 18:36:51 - Completed prompt #60[0m
[0;34m2025-09-21 18:36:56 - Generating prompt #61 (Section 4, Prompt 10/17)[0m
[1;33m2025-09-21 18:36:56 - Running prompt generation...[0m
5-hour limit reached ∙ resets 7pm
[0;32m2025-09-21 18:37:06 - Completed prompt #61[0m
[0;34m2025-09-21 18:37:11 - Generating prompt #62 (Section 4, Prompt 11/17)[0m
[1;33m2025-09-21 18:37:11 - Running prompt generation...[0m
5-hour limit reached ∙ resets 7pm
[0;32m2025-09-21 18:37:19 - Completed prompt #62[0m
[0;34m2025-09-21 18:37:24 - Generating prompt #63 (Section 4, Prompt 12/17)[0m
[1;33m2025-09-21 18:37:25 - Running prompt generation...[0m
5-hour limit reached ∙ resets 7pm
[0;32m2025-09-21 18:37:33 - Completed prompt #63[0m
[0;34m2025-09-21 18:37:38 - Generating prompt #64 (Section 4, Prompt 13/17)[0m
[1;33m2025-09-21 18:37:38 - Running prompt generation...[0m
5-hour limit reached ∙ resets 7pm
[0;32m2025-09-21 18:37:46 - Completed prompt #64[0m
[0;34m2025-09-21 18:37:51 - Generating prompt #65 (Section 4, Prompt 14/17)[0m
[1;33m2025-09-21 18:37:51 - Running prompt generation...[0m
5-hour limit reached ∙ resets 7pm
[0;32m2025-09-21 18:37:57 - Completed prompt #65[0m
[0;34m2025-09-21 18:38:02 - Generating prompt #66 (Section 4, Prompt 15/17)[0m
[1;33m2025-09-21 18:38:02 - Running prompt generation...[0m
5-hour limit reached ∙ resets 7pm
[0;32m2025-09-21 18:38:08 - Completed prompt #66[0m
[0;34m2025-09-21 18:38:13 - Generating prompt #67 (Section 4, Prompt 16/17)[0m
[1;33m2025-09-21 18:38:13 - Running prompt generation...[0m
5-hour limit reached ∙ resets 7pm
[0;32m2025-09-21 18:38:19 - Completed prompt #67[0m
[0;34m2025-09-21 18:38:24 - Generating prompt #68 (Section 4, Prompt 17/17)[0m
[1;33m2025-09-21 18:38:24 - Running prompt generation...[0m
5-hour limit reached ∙ resets 7pm
[0;32m2025-09-21 18:38:32 - Completed prompt #68[0m
[0;34m2025-09-21 18:38:37 - Generating prompt #69 (Section 5, Prompt 1/17)[0m
[1;33m2025-09-21 18:38:37 - Running prompt generation...[0m
5-hour limit reached ∙ resets 7pm
[0;32m2025-09-21 18:38:45 - Completed prompt #69[0m
[0;34m2025-09-21 18:38:50 - Generating prompt #70 (Section 5, Prompt 2/17)[0m
[1;33m2025-09-21 18:38:50 - Running prompt generation...[0m
5-hour limit reached ∙ resets 7pm
[0;32m2025-09-21 18:39:00 - Completed prompt #70[0m
[0;34m2025-09-21 18:39:05 - Generating prompt #71 (Section 5, Prompt 3/17)[0m
[1;33m2025-09-21 18:39:05 - Running prompt generation...[0m
5-hour limit reached ∙ resets 7pm
[0;32m2025-09-21 18:39:14 - Completed prompt #71[0m
[0;34m2025-09-21 18:39:19 - Generating prompt #72 (Section 5, Prompt 4/17)[0m
[1;33m2025-09-21 18:39:19 - Running prompt generation...[0m
5-hour limit reached ∙ resets 7pm
[0;32m2025-09-21 18:39:29 - Completed prompt #72[0m
[0;34m2025-09-21 18:39:34 - Generating prompt #73 (Section 5, Prompt 5/17)[0m
[1;33m2025-09-21 18:39:34 - Running prompt generation...[0m
5-hour limit reached ∙ resets 7pm
[0;32m2025-09-21 18:39:44 - Completed prompt #73[0m
[0;34m2025-09-21 18:39:49 - Generating prompt #74 (Section 5, Prompt 6/17)[0m
[1;33m2025-09-21 18:39:49 - Running prompt generation...[0m
5-hour limit reached ∙ resets 7pm
[0;32m2025-09-21 18:39:58 - Completed prompt #74[0m
[0;34m2025-09-21 18:40:03 - Generating prompt #75 (Section 5, Prompt 7/17)[0m
[1;33m2025-09-21 18:40:03 - Running prompt generation...[0m
5-hour limit reached ∙ resets 7pm
[0;32m2025-09-21 18:40:14 - Completed prompt #75[0m
[0;34m2025-09-21 18:40:19 - Generating prompt #76 (Section 5, Prompt 8/17)[0m
[1;33m2025-09-21 18:40:19 - Running prompt generation...[0m
5-hour limit reached ∙ resets 7pm
[0;32m2025-09-21 18:40:28 - Completed prompt #76[0m
[0;34m2025-09-21 18:40:33 - Generating prompt #77 (Section 5, Prompt 9/17)[0m
[1;33m2025-09-21 18:40:33 - Running prompt generation...[0m
5-hour limit reached ∙ resets 7pm
[0;32m2025-09-21 18:40:42 - Completed prompt #77[0m
[0;34m2025-09-21 18:40:47 - Generating prompt #78 (Section 5, Prompt 10/17)[0m
[1;33m2025-09-21 18:40:47 - Running prompt generation...[0m
5-hour limit reached ∙ resets 7pm
[0;32m2025-09-21 18:40:57 - Completed prompt #78[0m
[0;34m2025-09-21 18:41:02 - Generating prompt #79 (Section 5, Prompt 11/17)[0m
[1;33m2025-09-21 18:41:02 - Running prompt generation...[0m
5-hour limit reached ∙ resets 7pm
[0;32m2025-09-21 18:41:11 - Completed prompt #79[0m
[0;34m2025-09-21 18:41:16 - Generating prompt #80 (Section 5, Prompt 12/17)[0m
[1;33m2025-09-21 18:41:16 - Running prompt generation...[0m
5-hour limit reached ∙ resets 7pm
[0;32m2025-09-21 18:41:26 - Completed prompt #80[0m
[0;34m2025-09-21 18:41:31 - Generating prompt #81 (Section 5, Prompt 13/17)[0m
[1;33m2025-09-21 18:41:31 - Running prompt generation...[0m
5-hour limit reached ∙ resets 7pm
[0;32m2025-09-21 18:41:41 - Completed prompt #81[0m
[0;34m2025-09-21 18:41:46 - Generating prompt #82 (Section 5, Prompt 14/17)[0m
[1;33m2025-09-21 18:41:46 - Running prompt generation...[0m
5-hour limit reached ∙ resets 7pm
[0;32m2025-09-21 18:41:55 - Completed prompt #82[0m
[0;34m2025-09-21 18:42:00 - Generating prompt #83 (Section 5, Prompt 15/17)[0m
[1;33m2025-09-21 18:42:00 - Running prompt generation...[0m
5-hour limit reached ∙ resets 7pm
[0;32m2025-09-21 18:42:10 - Completed prompt #83[0m
[0;34m2025-09-21 18:42:15 - Generating prompt #84 (Section 5, Prompt 16/17)[0m
[1;33m2025-09-21 18:42:15 - Running prompt generation...[0m
5-hour limit reached ∙ resets 7pm
[0;32m2025-09-21 18:42:25 - Completed prompt #84[0m
[0;34m2025-09-21 18:42:30 - Generating prompt #85 (Section 5, Prompt 17/17)[0m
[1;33m2025-09-21 18:42:30 - Running prompt generation...[0m
5-hour limit reached ∙ resets 7pm
[0;32m2025-09-21 18:42:39 - Completed prompt #85[0m
[0;34m2025-09-21 18:42:44 - Generating prompt #86 (Section 6, Prompt 1/17)[0m
[1;33m2025-09-21 18:42:44 - Running prompt generation...[0m
5-hour limit reached ∙ resets 7pm
[0;32m2025-09-21 18:42:54 - Completed prompt #86[0m
[0;34m2025-09-21 18:42:59 - Generating prompt #87 (Section 6, Prompt 2/17)[0m
[1;33m2025-09-21 18:42:59 - Running prompt generation...[0m
5-hour limit reached ∙ resets 7pm
[0;32m2025-09-21 18:43:07 - Completed prompt #87[0m
[0;34m2025-09-21 18:43:12 - Generating prompt #88 (Section 6, Prompt 3/17)[0m
[1;33m2025-09-21 18:43:12 - Running prompt generation...[0m
5-hour limit reached ∙ resets 7pm
[0;32m2025-09-21 18:43:20 - Completed prompt #88[0m
[0;34m2025-09-21 18:43:25 - Generating prompt #89 (Section 6, Prompt 4/17)[0m
[1;33m2025-09-21 18:43:25 - Running prompt generation...[0m
5-hour limit reached ∙ resets 7pm
[0;32m2025-09-21 18:43:31 - Completed prompt #89[0m
[0;34m2025-09-21 18:43:36 - Generating prompt #90 (Section 6, Prompt 5/17)[0m
[1;33m2025-09-21 18:43:36 - Running prompt generation...[0m
5-hour limit reached ∙ resets 7pm
[0;32m2025-09-21 18:43:42 - Completed prompt #90[0m
[0;34m2025-09-21 18:43:47 - Generating prompt #91 (Section 6, Prompt 6/17)[0m
[1;33m2025-09-21 18:43:47 - Running prompt generation...[0m
5-hour limit reached ∙ resets 7pm
[0;32m2025-09-21 18:43:53 - Completed prompt #91[0m
[0;34m2025-09-21 18:43:58 - Generating prompt #92 (Section 6, Prompt 7/17)[0m
[1;33m2025-09-21 18:43:59 - Running prompt generation...[0m
5-hour limit reached ∙ resets 7pm
[0;32m2025-09-21 18:44:06 - Completed prompt #92[0m
[0;34m2025-09-21 18:44:11 - Generating prompt #93 (Section 6, Prompt 8/17)[0m
[1;33m2025-09-21 18:44:11 - Running prompt generation...[0m
5-hour limit reached ∙ resets 7pm
[0;32m2025-09-21 18:44:19 - Completed prompt #93[0m
[0;34m2025-09-21 18:44:24 - Generating prompt #94 (Section 6, Prompt 9/17)[0m
[1;33m2025-09-21 18:44:24 - Running prompt generation...[0m
5-hour limit reached ∙ resets 7pm
[0;32m2025-09-21 18:44:33 - Completed prompt #94[0m
[0;34m2025-09-21 18:44:38 - Generating prompt #95 (Section 6, Prompt 10/17)[0m
[1;33m2025-09-21 18:44:38 - Running prompt generation...[0m
5-hour limit reached ∙ resets 7pm
[0;32m2025-09-21 18:44:46 - Completed prompt #95[0m
[0;34m2025-09-21 18:44:51 - Generating prompt #96 (Section 6, Prompt 11/17)[0m
[1;33m2025-09-21 18:44:51 - Running prompt generation...[0m
5-hour limit reached ∙ resets 7pm
[0;32m2025-09-21 18:44:59 - Completed prompt #96[0m
[0;34m2025-09-21 18:45:04 - Generating prompt #97 (Section 6, Prompt 12/17)[0m
[1;33m2025-09-21 18:45:04 - Running prompt generation...[0m
5-hour limit reached ∙ resets 7pm
[0;32m2025-09-21 18:45:11 - Completed prompt #97[0m
[0;34m2025-09-21 18:45:16 - Generating prompt #98 (Section 6, Prompt 13/17)[0m
[1;33m2025-09-21 18:45:16 - Running prompt generation...[0m
5-hour limit reached ∙ resets 7pm
[0;32m2025-09-21 18:45:22 - Completed prompt #98[0m
[0;34m2025-09-21 18:45:27 - Generating prompt #99 (Section 6, Prompt 14/17)[0m
[1;33m2025-09-21 18:45:27 - Running prompt generation...[0m
5-hour limit reached ∙ resets 7pm
[0;32m2025-09-21 18:45:33 - Completed prompt #99[0m
[0;34m2025-09-21 18:45:38 - Generating prompt #100 (Section 6, Prompt 15/17)[0m
[1;33m2025-09-21 18:45:38 - Running prompt generation...[0m
5-hour limit reached ∙ resets 7pm
[0;32m2025-09-21 18:45:44 - Completed prompt #100[0m
[0;34m2025-09-21 18:45:49 - Generating prompt #101 (Section 6, Prompt 16/17)[0m
[1;33m2025-09-21 18:45:49 - Running prompt generation...[0m
5-hour limit reached ∙ resets 7pm
[0;32m2025-09-21 18:45:56 - Completed prompt #101[0m
[0;34m2025-09-21 18:46:01 - Generating prompt #102 (Section 6, Prompt 17/17)[0m
[1;33m2025-09-21 18:46:01 - Running prompt generation...[0m
5-hour limit reached ∙ resets 7pm
[0;32m2025-09-21 18:46:09 - Completed prompt #102[0m
[0;34m2025-09-21 19:19:10 - Starting Prompt Generation Cycle for template: personal-finance[0m
[0;32m2025-09-21 19:19:10 - Using existing worktree: ../templata-personal-finance[0m
[0;34m2025-09-21 19:19:10 - Generating prompt #3 (Section 1, Prompt 3/17)[0m
[1;33m2025-09-21 19:19:11 - Running prompt generation...[0m
PROMPT GENERATION COMPLETE - Prompt #3
[0;32m2025-09-21 19:19:36 - Completed prompt #3[0m
[0;34m2025-09-21 19:19:41 - Generating prompt #4 (Section 1, Prompt 4/17)[0m
[1;33m2025-09-21 19:19:41 - Running prompt generation...[0m
PROMPT GENERATION COMPLETE - Prompt #4
[0;32m2025-09-21 19:20:03 - Completed prompt #4[0m
[0;34m2025-09-21 19:20:08 - Generating prompt #5 (Section 1, Prompt 5/17)[0m
[1;33m2025-09-21 19:20:08 - Running prompt generation...[0m
PROMPT GENERATION COMPLETE - Prompt #5
[0;32m2025-09-21 19:20:28 - Completed prompt #5[0m
[0;34m2025-09-21 19:20:33 - Generating prompt #6 (Section 1, Prompt 6/17)[0m
[1;33m2025-09-21 19:20:33 - Running prompt generation...[0m
PROMPT GENERATION COMPLETE - Prompt #6
[0;32m2025-09-21 19:20:52 - Completed prompt #6[0m
[0;34m2025-09-21 19:20:57 - Generating prompt #7 (Section 1, Prompt 7/17)[0m
[1;33m2025-09-21 19:20:57 - Running prompt generation...[0m
PROMPT GENERATION COMPLETE - Prompt #7
[0;32m2025-09-21 19:21:16 - Completed prompt #7[0m
[0;34m2025-09-21 19:21:21 - Generating prompt #8 (Section 1, Prompt 8/17)[0m
[1;33m2025-09-21 19:21:21 - Running prompt generation...[0m
PROMPT GENERATION COMPLETE - Prompt #8
[0;32m2025-09-21 19:21:41 - Completed prompt #8[0m
[0;34m2025-09-21 19:21:46 - Generating prompt #9 (Section 1, Prompt 9/17)[0m
[1;33m2025-09-21 19:21:46 - Running prompt generation...[0m
PROMPT GENERATION COMPLETE - Prompt #9
[0;32m2025-09-21 19:22:06 - Completed prompt #9[0m
[0;34m2025-09-21 19:22:11 - Generating prompt #10 (Section 1, Prompt 10/17)[0m
[1;33m2025-09-21 19:22:11 - Running prompt generation...[0m
PROMPT GENERATION COMPLETE - Prompt #10
[0;32m2025-09-21 19:22:33 - Completed prompt #10[0m
[0;34m2025-09-21 19:22:38 - Generating prompt #11 (Section 1, Prompt 11/17)[0m
[1;33m2025-09-21 19:22:38 - Running prompt generation...[0m
PROMPT GENERATION COMPLETE - Prompt #11
[0;32m2025-09-21 19:23:02 - Completed prompt #11[0m
[0;34m2025-09-21 19:23:07 - Generating prompt #12 (Section 1, Prompt 12/17)[0m
[1;33m2025-09-21 19:23:07 - Running prompt generation...[0m
PROMPT GENERATION COMPLETE - Prompt #12
[0;32m2025-09-21 19:23:27 - Completed prompt #12[0m
[0;34m2025-09-21 19:23:32 - Generating prompt #13 (Section 1, Prompt 13/17)[0m
[1;33m2025-09-21 19:23:32 - Running prompt generation...[0m
PROMPT GENERATION COMPLETE - Prompt #13
[0;32m2025-09-21 19:23:53 - Completed prompt #13[0m
[0;34m2025-09-21 19:23:58 - Generating prompt #14 (Section 1, Prompt 14/17)[0m
[1;33m2025-09-21 19:23:58 - Running prompt generation...[0m
PROMPT GENERATION COMPLETE - Prompt #14
[0;32m2025-09-21 19:24:19 - Completed prompt #14[0m
[0;34m2025-09-21 19:24:24 - Generating prompt #15 (Section 1, Prompt 15/17)[0m
[1;33m2025-09-21 19:24:24 - Running prompt generation...[0m
PROMPT GENERATION COMPLETE - Prompt #15
[0;32m2025-09-21 19:24:45 - Completed prompt #15[0m
[0;34m2025-09-21 19:24:50 - Generating prompt #16 (Section 1, Prompt 16/17)[0m
[1;33m2025-09-21 19:24:50 - Running prompt generation...[0m
PROMPT GENERATION COMPLETE - Prompt #16
[0;32m2025-09-21 19:25:10 - Completed prompt #16[0m
[0;34m2025-09-21 19:25:15 - Generating prompt #17 (Section 1, Prompt 17/17)[0m
[1;33m2025-09-21 19:25:15 - Running prompt generation...[0m
PROMPT GENERATION COMPLETE - Prompt #17
[0;32m2025-09-21 19:25:36 - Completed prompt #17[0m
[0;34m2025-09-21 19:25:41 - Generating prompt #18 (Section 2, Prompt 1/17)[0m
[1;33m2025-09-21 19:25:41 - Running prompt generation...[0m
PROMPT GENERATION COMPLETE - Prompt #18
[0;32m2025-09-21 19:26:02 - Completed prompt #18[0m
[0;34m2025-09-21 19:26:07 - Generating prompt #19 (Section 2, Prompt 2/17)[0m
[1;33m2025-09-21 19:26:07 - Running prompt generation...[0m
PROMPT GENERATION COMPLETE - Prompt #19
[0;32m2025-09-21 19:26:27 - Completed prompt #19[0m
[0;34m2025-09-21 19:26:32 - Generating prompt #20 (Section 2, Prompt 3/17)[0m
[1;33m2025-09-21 19:26:32 - Running prompt generation...[0m
PROMPT GENERATION COMPLETE - Prompt #20
[0;32m2025-09-21 19:26:53 - Completed prompt #20[0m
[0;34m2025-09-21 19:26:58 - Generating prompt #21 (Section 2, Prompt 4/17)[0m
[1;33m2025-09-21 19:26:58 - Running prompt generation...[0m
PROMPT GENERATION COMPLETE - Prompt #21
[0;32m2025-09-21 19:27:20 - Completed prompt #21[0m
[0;34m2025-09-21 19:27:25 - Generating prompt #22 (Section 2, Prompt 5/17)[0m
[1;33m2025-09-21 19:27:25 - Running prompt generation...[0m
PROMPT GENERATION COMPLETE - Prompt #22
[0;32m2025-09-21 19:27:45 - Completed prompt #22[0m
[0;34m2025-09-21 19:27:50 - Generating prompt #23 (Section 2, Prompt 6/17)[0m
[1;33m2025-09-21 19:27:50 - Running prompt generation...[0m
PROMPT GENERATION COMPLETE - Prompt #23
[0;32m2025-09-21 19:28:12 - Completed prompt #23[0m
[0;34m2025-09-21 19:28:17 - Generating prompt #24 (Section 2, Prompt 7/17)[0m
[1;33m2025-09-21 19:28:17 - Running prompt generation...[0m
PROMPT GENERATION COMPLETE - Prompt #24
[0;32m2025-09-21 19:28:38 - Completed prompt #24[0m
[0;34m2025-09-21 19:28:43 - Generating prompt #25 (Section 2, Prompt 8/17)[0m
[1;33m2025-09-21 19:28:43 - Running prompt generation...[0m
PROMPT GENERATION COMPLETE - Prompt #25
[0;32m2025-09-21 19:29:03 - Completed prompt #25[0m
[0;34m2025-09-21 19:29:08 - Generating prompt #26 (Section 2, Prompt 9/17)[0m
[1;33m2025-09-21 19:29:08 - Running prompt generation...[0m
PROMPT GENERATION COMPLETE - Prompt #26
[0;32m2025-09-21 19:29:29 - Completed prompt #26[0m
[0;34m2025-09-21 19:29:34 - Generating prompt #27 (Section 2, Prompt 10/17)[0m
[1;33m2025-09-21 19:29:34 - Running prompt generation...[0m
PROMPT GENERATION COMPLETE - Prompt #27
[0;32m2025-09-21 19:29:53 - Completed prompt #27[0m
[0;34m2025-09-21 19:29:58 - Generating prompt #28 (Section 2, Prompt 11/17)[0m
[1;33m2025-09-21 19:29:58 - Running prompt generation...[0m
PROMPT GENERATION COMPLETE - Prompt #28
[0;32m2025-09-21 19:30:21 - Completed prompt #28[0m
[0;34m2025-09-21 19:30:26 - Generating prompt #29 (Section 2, Prompt 12/17)[0m
[1;33m2025-09-21 19:30:26 - Running prompt generation...[0m
PROMPT GENERATION COMPLETE - Prompt #29
[0;32m2025-09-21 19:30:47 - Completed prompt #29[0m
[0;34m2025-09-21 19:30:53 - Generating prompt #30 (Section 2, Prompt 13/17)[0m
[1;33m2025-09-21 19:30:53 - Running prompt generation...[0m
PROMPT GENERATION COMPLETE - Prompt #30
[0;32m2025-09-21 19:31:16 - Completed prompt #30[0m
[0;34m2025-09-21 19:31:21 - Generating prompt #31 (Section 2, Prompt 14/17)[0m
[1;33m2025-09-21 19:31:21 - Running prompt generation...[0m
PROMPT GENERATION COMPLETE - Prompt #31
[0;32m2025-09-21 19:31:41 - Completed prompt #31[0m
[0;34m2025-09-21 19:31:46 - Generating prompt #32 (Section 2, Prompt 15/17)[0m
[1;33m2025-09-21 19:31:46 - Running prompt generation...[0m
PROMPT GENERATION COMPLETE - Prompt #32
[0;32m2025-09-21 19:32:08 - Completed prompt #32[0m
[0;34m2025-09-21 19:32:13 - Generating prompt #33 (Section 2, Prompt 16/17)[0m
[1;33m2025-09-21 19:32:13 - Running prompt generation...[0m
PROMPT GENERATION COMPLETE - Prompt #33
[0;32m2025-09-21 19:32:34 - Completed prompt #33[0m
[0;34m2025-09-21 19:32:39 - Generating prompt #34 (Section 2, Prompt 17/17)[0m
[1;33m2025-09-21 19:32:39 - Running prompt generation...[0m
PROMPT GENERATION COMPLETE - Prompt #34
[0;32m2025-09-21 19:33:01 - Completed prompt #34[0m
[0;34m2025-09-21 19:33:06 - Generating prompt #35 (Section 3, Prompt 1/17)[0m
[1;33m2025-09-21 19:33:06 - Running prompt generation...[0m
PROMPT GENERATION COMPLETE - Prompt #35
[0;32m2025-09-21 19:33:26 - Completed prompt #35[0m
[0;34m2025-09-21 19:33:31 - Generating prompt #36 (Section 3, Prompt 2/17)[0m
[1;33m2025-09-21 19:33:31 - Running prompt generation...[0m
PROMPT GENERATION COMPLETE - Prompt #36
[0;32m2025-09-21 19:33:52 - Completed prompt #36[0m
[0;34m2025-09-21 19:33:57 - Generating prompt #37 (Section 3, Prompt 3/17)[0m
[1;33m2025-09-21 19:33:57 - Running prompt generation...[0m
PROMPT GENERATION COMPLETE - Prompt #37
[0;32m2025-09-21 19:34:17 - Completed prompt #37[0m
[0;34m2025-09-21 19:34:22 - Generating prompt #38 (Section 3, Prompt 4/17)[0m
[1;33m2025-09-21 19:34:22 - Running prompt generation...[0m
PROMPT GENERATION COMPLETE - Prompt #38
[0;32m2025-09-21 19:34:43 - Completed prompt #38[0m
[0;34m2025-09-21 19:34:48 - Generating prompt #39 (Section 3, Prompt 5/17)[0m
[1;33m2025-09-21 19:34:48 - Running prompt generation...[0m
PROMPT GENERATION COMPLETE - Prompt #39
[0;32m2025-09-21 19:35:08 - Completed prompt #39[0m
[0;34m2025-09-21 19:35:13 - Generating prompt #40 (Section 3, Prompt 6/17)[0m
[1;33m2025-09-21 19:35:13 - Running prompt generation...[0m
PROMPT GENERATION COMPLETE - Prompt #40
[0;32m2025-09-21 19:35:33 - Completed prompt #40[0m
[0;34m2025-09-21 19:35:38 - Generating prompt #41 (Section 3, Prompt 7/17)[0m
[1;33m2025-09-21 19:35:38 - Running prompt generation...[0m
PROMPT GENERATION COMPLETE - Prompt #41
[0;32m2025-09-21 19:35:58 - Completed prompt #41[0m
[0;34m2025-09-21 19:36:04 - Generating prompt #42 (Section 3, Prompt 8/17)[0m
[1;33m2025-09-21 19:36:04 - Running prompt generation...[0m
PROMPT GENERATION COMPLETE - Prompt #42
[0;32m2025-09-21 19:36:24 - Completed prompt #42[0m
[0;34m2025-09-21 19:36:29 - Generating prompt #43 (Section 3, Prompt 9/17)[0m
[1;33m2025-09-21 19:36:29 - Running prompt generation...[0m
PROMPT GENERATION COMPLETE - Prompt #43
[0;32m2025-09-21 19:36:50 - Completed prompt #43[0m
[0;34m2025-09-21 19:36:55 - Generating prompt #44 (Section 3, Prompt 10/17)[0m
[1;33m2025-09-21 19:36:55 - Running prompt generation...[0m
<invoke name="Edit">
<parameter name="file_path">/Users/ikim1/Documents/GitHub/templata-personal-finance/src/data/prompts-personal-finance.ts</parameter>
<parameter name="old_string">  {
    id: 'prompt-43',
    prompt: 'Create a complete financial binder with emergency contact information and account access instructions',
    category: 'action',
    helpText: 'Organizing critical financial information in one accessible location protects your family and simplifies financial management during emergencies. Create a secure binder or digital folder containing account numbers, emergency contacts for all financial institutions, beneficiary information, and basic access instructions for trusted family members. This preparation ensures your financial affairs can be managed quickly during medical emergencies or other crises while giving you peace of mind that your important information is organized and accessible.'
  }
];</parameter>
<parameter name="new_string">  {
    id: 'prompt-43',
    prompt: 'Create a complete financial binder with emergency contact information and account access instructions',
    category: 'action',
    helpText: 'Organizing critical financial information in one accessible location protects your family and simplifies financial management during emergencies. Create a secure binder or digital folder containing account numbers, emergency contacts for all financial institutions, beneficiary information, and basic access instructions for trusted family members. This preparation ensures your financial affairs can be managed quickly during medical emergencies or other crises while giving you peace of mind that your important information is organized and accessible.'
  },
  {
    id: 'prompt-44',
    prompt: 'Schedule automatic contributions to a tax-advantaged retirement account this month',
    category: 'action',
    helpText: 'Setting up consistent retirement contributions through automatic transfers ensures you\'re building long-term wealth while reducing your current taxable income. Contact your employer\'s HR department to enroll in or increase your 401(k) contributions, or set up automatic monthly transfers to an IRA if self-employed. Even starting with a small percentage of your income creates a powerful foundation for compound growth and helps establish the habit of paying yourself first before other expenses.'
  }
];</parameter>
</invoke>
[0;32m2025-09-21 19:37:12 - Completed prompt #44[0m
[0;34m2025-09-21 19:37:17 - Generating prompt #45 (Section 3, Prompt 11/17)[0m
[1;33m2025-09-21 19:37:17 - Running prompt generation...[0m
PROMPT GENERATION COMPLETE - Prompt #45
[0;32m2025-09-21 19:37:46 - Completed prompt #45[0m
[0;34m2025-09-21 19:37:51 - Generating prompt #46 (Section 3, Prompt 12/17)[0m
[1;33m2025-09-21 19:37:51 - Running prompt generation...[0m
PROMPT GENERATION COMPLETE - Prompt #46
[0;32m2025-09-21 19:38:14 - Completed prompt #46[0m
[0;34m2025-09-21 19:38:19 - Generating prompt #47 (Section 3, Prompt 13/17)[0m
[1;33m2025-09-21 19:38:19 - Running prompt generation...[0m
PROMPT GENERATION COMPLETE - Prompt #47
[0;32m2025-09-21 19:38:40 - Completed prompt #47[0m
[0;34m2025-09-21 19:38:45 - Generating prompt #48 (Section 3, Prompt 14/17)[0m
[1;33m2025-09-21 19:38:45 - Running prompt generation...[0m
PROMPT GENERATION COMPLETE - Prompt #48
[0;32m2025-09-21 19:39:06 - Completed prompt #48[0m
[0;34m2025-09-21 19:39:11 - Generating prompt #49 (Section 3, Prompt 15/17)[0m
[1;33m2025-09-21 19:39:12 - Running prompt generation...[0m
PROMPT GENERATION COMPLETE - Prompt #49
[0;32m2025-09-21 19:39:33 - Completed prompt #49[0m
[0;34m2025-09-21 19:39:38 - Generating prompt #50 (Section 3, Prompt 16/17)[0m
[1;33m2025-09-21 19:39:38 - Running prompt generation...[0m
PROMPT GENERATION COMPLETE - Prompt #50
[0;32m2025-09-21 19:40:00 - Completed prompt #50[0m
[0;34m2025-09-21 19:40:05 - Generating prompt #51 (Section 3, Prompt 17/17)[0m
[1;33m2025-09-21 19:40:05 - Running prompt generation...[0m
PROMPT GENERATION COMPLETE - Prompt #51
[0;32m2025-09-21 19:40:26 - Completed prompt #51[0m
[0;34m2025-09-21 19:40:31 - Generating prompt #52 (Section 4, Prompt 1/17)[0m
[1;33m2025-09-21 19:40:31 - Running prompt generation...[0m
PROMPT GENERATION COMPLETE - Prompt #52
[0;32m2025-09-21 19:40:53 - Completed prompt #52[0m
[0;34m2025-09-21 19:40:58 - Generating prompt #53 (Section 4, Prompt 2/17)[0m
[1;33m2025-09-21 19:40:58 - Running prompt generation...[0m
PROMPT GENERATION COMPLETE - Prompt #53
[0;32m2025-09-21 19:41:18 - Completed prompt #53[0m
[0;34m2025-09-21 19:41:23 - Generating prompt #54 (Section 4, Prompt 3/17)[0m
[1;33m2025-09-21 19:41:23 - Running prompt generation...[0m
PROMPT GENERATION COMPLETE - Prompt #54
[0;32m2025-09-21 19:41:44 - Completed prompt #54[0m
[0;34m2025-09-21 19:41:49 - Generating prompt #55 (Section 4, Prompt 4/17)[0m
[1;33m2025-09-21 19:41:49 - Running prompt generation...[0m
PROMPT GENERATION COMPLETE - Prompt #55
[0;32m2025-09-21 19:42:09 - Completed prompt #55[0m
[0;34m2025-09-21 19:42:14 - Generating prompt #56 (Section 4, Prompt 5/17)[0m
[1;33m2025-09-21 19:42:14 - Running prompt generation...[0m
PROMPT GENERATION COMPLETE - Prompt #56
[0;32m2025-09-21 19:42:36 - Completed prompt #56[0m
[0;34m2025-09-21 19:42:41 - Generating prompt #57 (Section 4, Prompt 6/17)[0m
[1;33m2025-09-21 19:42:41 - Running prompt generation...[0m
PROMPT GENERATION COMPLETE - Prompt #57
[0;32m2025-09-21 19:43:02 - Completed prompt #57[0m
[0;34m2025-09-21 19:43:07 - Generating prompt #58 (Section 4, Prompt 7/17)[0m
[1;33m2025-09-21 19:43:07 - Running prompt generation...[0m
PROMPT GENERATION COMPLETE - Prompt #58
[0;32m2025-09-21 19:43:28 - Completed prompt #58[0m
[0;34m2025-09-21 19:43:33 - Generating prompt #59 (Section 4, Prompt 8/17)[0m
[1;33m2025-09-21 19:43:33 - Running prompt generation...[0m
PROMPT GENERATION COMPLETE - Prompt #59
[0;32m2025-09-21 19:43:53 - Completed prompt #59[0m
[0;34m2025-09-21 19:43:58 - Generating prompt #60 (Section 4, Prompt 9/17)[0m
[1;33m2025-09-21 19:43:58 - Running prompt generation...[0m
PROMPT GENERATION COMPLETE - Prompt #60
[0;32m2025-09-21 19:44:21 - Completed prompt #60[0m
[0;34m2025-09-21 19:44:26 - Generating prompt #61 (Section 4, Prompt 10/17)[0m
[1;33m2025-09-21 19:44:26 - Running prompt generation...[0m
PROMPT GENERATION COMPLETE - Prompt #61
[0;32m2025-09-21 19:44:46 - Completed prompt #61[0m
[0;34m2025-09-21 19:44:51 - Generating prompt #62 (Section 4, Prompt 11/17)[0m
[1;33m2025-09-21 19:44:51 - Running prompt generation...[0m
PROMPT GENERATION COMPLETE - Prompt #62
[0;32m2025-09-21 19:45:12 - Completed prompt #62[0m
[0;34m2025-09-21 19:45:18 - Generating prompt #63 (Section 4, Prompt 12/17)[0m
[1;33m2025-09-21 19:45:18 - Running prompt generation...[0m
PROMPT GENERATION COMPLETE - Prompt #63
[0;32m2025-09-21 19:45:40 - Completed prompt #63[0m
[0;34m2025-09-21 19:45:45 - Generating prompt #64 (Section 4, Prompt 13/17)[0m
[1;33m2025-09-21 19:45:45 - Running prompt generation...[0m
PROMPT GENERATION COMPLETE - Prompt #64
[0;32m2025-09-21 19:46:05 - Completed prompt #64[0m
[0;34m2025-09-21 19:46:10 - Generating prompt #65 (Section 4, Prompt 14/17)[0m
[1;33m2025-09-21 19:46:10 - Running prompt generation...[0m
PROMPT GENERATION COMPLETE - Prompt #65
[0;32m2025-09-21 19:46:31 - Completed prompt #65[0m
[0;34m2025-09-21 19:46:36 - Generating prompt #66 (Section 4, Prompt 15/17)[0m
[1;33m2025-09-21 19:46:36 - Running prompt generation...[0m
PROMPT GENERATION COMPLETE - Prompt #66
[0;32m2025-09-21 19:46:57 - Completed prompt #66[0m
[0;34m2025-09-21 19:47:02 - Generating prompt #67 (Section 4, Prompt 16/17)[0m
[1;33m2025-09-21 19:47:02 - Running prompt generation...[0m
PROMPT GENERATION COMPLETE - Prompt #67
[0;32m2025-09-21 19:47:22 - Completed prompt #67[0m
[0;34m2025-09-21 19:47:27 - Generating prompt #68 (Section 4, Prompt 17/17)[0m
[1;33m2025-09-21 19:47:27 - Running prompt generation...[0m
PROMPT GENERATION COMPLETE - Prompt #68
[0;32m2025-09-21 19:47:49 - Completed prompt #68[0m
[0;34m2025-09-21 19:47:54 - Generating prompt #69 (Section 5, Prompt 1/17)[0m
[1;33m2025-09-21 19:47:54 - Running prompt generation...[0m
PROMPT GENERATION COMPLETE - Prompt #69
[0;32m2025-09-21 19:48:12 - Completed prompt #69[0m
[0;34m2025-09-21 19:48:17 - Generating prompt #70 (Section 5, Prompt 2/17)[0m
[1;33m2025-09-21 19:48:17 - Running prompt generation...[0m
PROMPT GENERATION COMPLETE - Prompt #70
[0;32m2025-09-21 19:48:38 - Completed prompt #70[0m
[0;34m2025-09-21 19:48:43 - Generating prompt #71 (Section 5, Prompt 3/17)[0m
[1;33m2025-09-21 19:48:43 - Running prompt generation...[0m
PROMPT GENERATION COMPLETE - Prompt #71
[0;32m2025-09-21 19:49:04 - Completed prompt #71[0m
[0;34m2025-09-21 19:49:09 - Generating prompt #72 (Section 5, Prompt 4/17)[0m
[1;33m2025-09-21 19:49:09 - Running prompt generation...[0m
PROMPT GENERATION COMPLETE - Prompt #72
[0;32m2025-09-21 19:49:29 - Completed prompt #72[0m
[0;34m2025-09-21 19:49:34 - Generating prompt #73 (Section 5, Prompt 5/17)[0m
[1;33m2025-09-21 19:49:34 - Running prompt generation...[0m
PROMPT GENERATION COMPLETE - Prompt #73
[0;32m2025-09-21 19:49:55 - Completed prompt #73[0m
[0;34m2025-09-21 19:50:00 - Generating prompt #74 (Section 5, Prompt 6/17)[0m
[1;33m2025-09-21 19:50:00 - Running prompt generation...[0m
PROMPT GENERATION COMPLETE - Prompt #74
[0;32m2025-09-21 19:50:22 - Completed prompt #74[0m
[0;34m2025-09-21 19:50:27 - Generating prompt #75 (Section 5, Prompt 7/17)[0m
[1;33m2025-09-21 19:50:27 - Running prompt generation...[0m
PROMPT GENERATION COMPLETE - Prompt #75
[0;32m2025-09-21 19:50:49 - Completed prompt #75[0m
[0;34m2025-09-21 19:50:54 - Generating prompt #76 (Section 5, Prompt 8/17)[0m
[1;33m2025-09-21 19:50:54 - Running prompt generation...[0m
PROMPT GENERATION COMPLETE - Prompt #76
[0;32m2025-09-21 19:51:18 - Completed prompt #76[0m
[0;34m2025-09-21 19:51:23 - Generating prompt #77 (Section 5, Prompt 9/17)[0m
[1;33m2025-09-21 19:51:23 - Running prompt generation...[0m
PROMPT GENERATION COMPLETE - Prompt #77
[0;32m2025-09-21 19:51:45 - Completed prompt #77[0m
[0;34m2025-09-21 19:51:50 - Generating prompt #78 (Section 5, Prompt 10/17)[0m
[1;33m2025-09-21 19:51:50 - Running prompt generation...[0m
PROMPT GENERATION COMPLETE - Prompt #78
[0;32m2025-09-21 19:52:12 - Completed prompt #78[0m
[0;34m2025-09-21 19:52:17 - Generating prompt #79 (Section 5, Prompt 11/17)[0m
[1;33m2025-09-21 19:52:17 - Running prompt generation...[0m
PROMPT GENERATION COMPLETE - Prompt #79
[0;32m2025-09-21 19:52:36 - Completed prompt #79[0m
[0;34m2025-09-21 19:52:41 - Generating prompt #80 (Section 5, Prompt 12/17)[0m
[1;33m2025-09-21 19:52:41 - Running prompt generation...[0m
PROMPT GENERATION COMPLETE - Prompt #80
[0;32m2025-09-21 19:52:59 - Completed prompt #80[0m
[0;34m2025-09-21 19:53:04 - Generating prompt #81 (Section 5, Prompt 13/17)[0m
[1;33m2025-09-21 19:53:05 - Running prompt generation...[0m
PROMPT GENERATION COMPLETE - Prompt #81
[0;32m2025-09-21 19:53:26 - Completed prompt #81[0m
[0;34m2025-09-21 19:53:31 - Generating prompt #82 (Section 5, Prompt 14/17)[0m
[1;33m2025-09-21 19:53:31 - Running prompt generation...[0m
PROMPT GENERATION COMPLETE - Prompt #82
[0;32m2025-09-21 19:53:53 - Completed prompt #82[0m
[0;34m2025-09-21 19:53:58 - Generating prompt #83 (Section 5, Prompt 15/17)[0m
[1;33m2025-09-21 19:53:58 - Running prompt generation...[0m
PROMPT GENERATION COMPLETE - Prompt #83
[0;32m2025-09-21 19:54:18 - Completed prompt #83[0m
[0;34m2025-09-21 19:54:23 - Generating prompt #84 (Section 5, Prompt 16/17)[0m
[1;33m2025-09-21 19:54:23 - Running prompt generation...[0m
PROMPT GENERATION COMPLETE - Prompt #84
[0;32m2025-09-21 19:54:45 - Completed prompt #84[0m
[0;34m2025-09-21 19:54:50 - Generating prompt #85 (Section 5, Prompt 17/17)[0m
[1;33m2025-09-21 19:54:50 - Running prompt generation...[0m
PROMPT GENERATION COMPLETE - Prompt #85
[0;32m2025-09-21 19:55:10 - Completed prompt #85[0m
[0;34m2025-09-21 19:55:16 - Generating prompt #86 (Section 6, Prompt 1/17)[0m
[1;33m2025-09-21 19:55:16 - Running prompt generation...[0m
PROMPT GENERATION COMPLETE - Prompt #86
[0;32m2025-09-21 19:55:34 - Completed prompt #86[0m
[0;34m2025-09-21 19:55:39 - Generating prompt #87 (Section 6, Prompt 2/17)[0m
[1;33m2025-09-21 19:55:39 - Running prompt generation...[0m
PROMPT GENERATION COMPLETE - Prompt #87
[0;32m2025-09-21 19:56:04 - Completed prompt #87[0m
[0;34m2025-09-21 19:56:09 - Generating prompt #88 (Section 6, Prompt 3/17)[0m
[1;33m2025-09-21 19:56:09 - Running prompt generation...[0m
PROMPT GENERATION COMPLETE - Prompt #88
[0;32m2025-09-21 19:56:31 - Completed prompt #88[0m
[0;34m2025-09-21 19:56:36 - Generating prompt #89 (Section 6, Prompt 4/17)[0m
[1;33m2025-09-21 19:56:36 - Running prompt generation...[0m
PROMPT GENERATION COMPLETE - Prompt #89
[0;32m2025-09-21 19:56:56 - Completed prompt #89[0m
[0;34m2025-09-21 19:57:01 - Generating prompt #90 (Section 6, Prompt 5/17)[0m
[1;33m2025-09-21 19:57:01 - Running prompt generation...[0m
PROMPT GENERATION COMPLETE - Prompt #90
[0;32m2025-09-21 19:57:21 - Completed prompt #90[0m
[0;34m2025-09-21 19:57:26 - Generating prompt #91 (Section 6, Prompt 6/17)[0m
[1;33m2025-09-21 19:57:26 - Running prompt generation...[0m
PROMPT GENERATION COMPLETE - Prompt #91
[0;32m2025-09-21 19:57:44 - Completed prompt #91[0m
[0;34m2025-09-21 19:57:50 - Generating prompt #92 (Section 6, Prompt 7/17)[0m
[1;33m2025-09-21 19:57:50 - Running prompt generation...[0m
PROMPT GENERATION COMPLETE - Prompt #92
[0;32m2025-09-21 19:58:12 - Completed prompt #92[0m
[0;34m2025-09-21 19:58:17 - Generating prompt #93 (Section 6, Prompt 8/17)[0m
[1;33m2025-09-21 19:58:17 - Running prompt generation...[0m
PROMPT GENERATION COMPLETE - Prompt #93
[0;32m2025-09-21 19:58:38 - Completed prompt #93[0m
[0;34m2025-09-21 19:58:43 - Generating prompt #94 (Section 6, Prompt 9/17)[0m
[1;33m2025-09-21 19:58:43 - Running prompt generation...[0m
PROMPT GENERATION COMPLETE - Prompt #94
[0;32m2025-09-21 19:59:05 - Completed prompt #94[0m
[0;34m2025-09-21 19:59:10 - Generating prompt #95 (Section 6, Prompt 10/17)[0m
[1;33m2025-09-21 19:59:10 - Running prompt generation...[0m
PROMPT GENERATION COMPLETE - Prompt #95
[0;32m2025-09-21 19:59:31 - Completed prompt #95[0m
[0;34m2025-09-21 19:59:36 - Generating prompt #96 (Section 6, Prompt 11/17)[0m
[1;33m2025-09-21 19:59:36 - Running prompt generation...[0m
PROMPT GENERATION COMPLETE - Prompt #96
[0;32m2025-09-21 19:59:56 - Completed prompt #96[0m
[0;34m2025-09-21 20:00:01 - Generating prompt #97 (Section 6, Prompt 12/17)[0m
[1;33m2025-09-21 20:00:01 - Running prompt generation...[0m
PROMPT GENERATION COMPLETE - Prompt #97
[0;32m2025-09-21 20:00:21 - Completed prompt #97[0m
[0;34m2025-09-21 20:00:26 - Generating prompt #98 (Section 6, Prompt 13/17)[0m
[1;33m2025-09-21 20:00:27 - Running prompt generation...[0m
PROMPT GENERATION COMPLETE - Prompt #98
[0;32m2025-09-21 20:00:48 - Completed prompt #98[0m
[0;34m2025-09-21 20:00:53 - Generating prompt #99 (Section 6, Prompt 14/17)[0m
[1;33m2025-09-21 20:00:53 - Running prompt generation...[0m
PROMPT GENERATION COMPLETE - Prompt #99
[0;32m2025-09-21 20:01:14 - Completed prompt #99[0m
[0;34m2025-09-21 20:01:19 - Generating prompt #100 (Section 6, Prompt 15/17)[0m
[1;33m2025-09-21 20:01:19 - Running prompt generation...[0m
PROMPT GENERATION COMPLETE - Prompt #100
[0;32m2025-09-21 20:01:39 - Completed prompt #100[0m
[0;34m2025-09-21 20:01:44 - Generating prompt #101 (Section 6, Prompt 16/17)[0m
[1;33m2025-09-21 20:01:44 - Running prompt generation...[0m
PROMPT GENERATION COMPLETE - Prompt #101
[0;32m2025-09-21 20:02:02 - Completed prompt #101[0m
[0;34m2025-09-21 20:02:07 - Generating prompt #102 (Section 6, Prompt 17/17)[0m
[1;33m2025-09-21 20:02:07 - Running prompt generation...[0m
PROMPT GENERATION COMPLETE - Prompt #102
[0;32m2025-09-21 20:02:29 - Completed prompt #102[0m
