[0;34m2025-09-21 00:17:33 - Starting Prompt Generation Cycle for template: content-creation-business[0m
[1;33m2025-09-21 00:17:33 - Override flag detected - resetting progress and recreating files[0m
[0;32m2025-09-21 00:17:33 - Progress reset to 0 for template: content-creation-business[0m
[0;32m2025-09-21 00:17:33 - Using existing worktree: ../templata-content-creation-business[0m
[1;33m2025-09-21 00:17:34 - Creating template prompt file: prompts-content-creation-business.ts[0m
[0;32m2025-09-21 00:17:34 - Created template prompt file: ../templata-content-creation-business/src/data/prompts-content-creation-business.ts[0m
[0;34m2025-09-21 00:17:34 - Generating prompt #1 (Section 1, Prompt 1/17)[0m
[1;33m2025-09-21 00:17:34 - Running prompt generation...[0m
PROMPT GENERATION COMPLETE - Prompt #1
[0;32m2025-09-21 00:18:08 - Completed prompt #1[0m
[0;34m2025-09-21 00:18:13 - Generating prompt #2 (Section 1, Prompt 2/17)[0m
[1;33m2025-09-21 00:18:13 - Running prompt generation...[0m
PROMPT GENERATION COMPLETE - Prompt #2
[0;32m2025-09-21 00:18:48 - Completed prompt #2[0m
[0;34m2025-09-21 00:18:53 - Generating prompt #3 (Section 1, Prompt 3/17)[0m
[1;33m2025-09-21 00:18:53 - Running prompt generation...[0m
PROMPT GENERATION COMPLETE - Prompt #3
[0;32m2025-09-21 00:19:21 - Completed prompt #3[0m
[0;34m2025-09-21 00:19:26 - Generating prompt #4 (Section 1, Prompt 4/17)[0m
[1;33m2025-09-21 00:19:26 - Running prompt generation...[0m
PROMPT GENERATION COMPLETE - Prompt #4
[0;32m2025-09-21 00:19:47 - Completed prompt #4[0m
[0;34m2025-09-21 00:19:52 - Generating prompt #5 (Section 1, Prompt 5/17)[0m
[1;33m2025-09-21 00:19:52 - Running prompt generation...[0m
PROMPT GENERATION COMPLETE - Prompt #5
[0;32m2025-09-21 00:20:16 - Completed prompt #5[0m
[0;34m2025-09-21 00:20:21 - Generating prompt #6 (Section 1, Prompt 6/17)[0m
[1;33m2025-09-21 00:20:21 - Running prompt generation...[0m
PROMPT GENERATION COMPLETE - Prompt #6
[0;32m2025-09-21 00:20:47 - Completed prompt #6[0m
[0;34m2025-09-21 00:20:52 - Generating prompt #7 (Section 1, Prompt 7/17)[0m
[1;33m2025-09-21 00:20:52 - Running prompt generation...[0m
PROMPT GENERATION COMPLETE - Prompt #7
[0;32m2025-09-21 00:21:16 - Completed prompt #7[0m
[0;34m2025-09-21 00:21:21 - Generating prompt #8 (Section 1, Prompt 8/17)[0m
[1;33m2025-09-21 00:21:21 - Running prompt generation...[0m
PROMPT GENERATION COMPLETE - Prompt #8
[0;32m2025-09-21 00:21:46 - Completed prompt #8[0m
[0;34m2025-09-21 00:21:51 - Generating prompt #9 (Section 1, Prompt 9/17)[0m
[1;33m2025-09-21 00:21:51 - Running prompt generation...[0m
PROMPT GENERATION COMPLETE - Prompt #9
[0;32m2025-09-21 00:22:13 - Completed prompt #9[0m
[0;34m2025-09-21 00:22:18 - Generating prompt #10 (Section 1, Prompt 10/17)[0m
[1;33m2025-09-21 00:22:18 - Running prompt generation...[0m
PROMPT GENERATION COMPLETE - Prompt #10
[0;32m2025-09-21 00:22:38 - Completed prompt #10[0m
[0;34m2025-09-21 00:22:43 - Generating prompt #11 (Section 1, Prompt 11/17)[0m
[1;33m2025-09-21 00:22:43 - Running prompt generation...[0m
PROMPT GENERATION COMPLETE - Prompt #11
[0;32m2025-09-21 00:23:04 - Completed prompt #11[0m
[0;34m2025-09-21 00:23:09 - Generating prompt #12 (Section 1, Prompt 12/17)[0m
[1;33m2025-09-21 00:23:09 - Running prompt generation...[0m
PROMPT GENERATION COMPLETE - Prompt #12
[0;32m2025-09-21 00:23:29 - Completed prompt #12[0m
[0;34m2025-09-21 00:23:34 - Generating prompt #13 (Section 1, Prompt 13/17)[0m
[1;33m2025-09-21 00:23:34 - Running prompt generation...[0m
PROMPT GENERATION COMPLETE - Prompt #13
[0;32m2025-09-21 00:23:55 - Completed prompt #13[0m
[0;34m2025-09-21 00:24:00 - Generating prompt #14 (Section 1, Prompt 14/17)[0m
[1;33m2025-09-21 00:24:00 - Running prompt generation...[0m
PROMPT GENERATION COMPLETE - Prompt #14
[0;32m2025-09-21 00:24:19 - Completed prompt #14[0m
[0;34m2025-09-21 00:24:24 - Generating prompt #15 (Section 1, Prompt 15/17)[0m
[1;33m2025-09-21 00:24:24 - Running prompt generation...[0m
PROMPT GENERATION COMPLETE - Prompt #15
[0;32m2025-09-21 00:24:44 - Completed prompt #15[0m
[0;34m2025-09-21 00:24:49 - Generating prompt #16 (Section 1, Prompt 16/17)[0m
[1;33m2025-09-21 00:24:49 - Running prompt generation...[0m
PROMPT GENERATION COMPLETE - Prompt #16
[0;32m2025-09-21 00:25:11 - Completed prompt #16[0m
[0;34m2025-09-21 00:25:16 - Generating prompt #17 (Section 1, Prompt 17/17)[0m
[1;33m2025-09-21 00:25:16 - Running prompt generation...[0m
PROMPT GENERATION COMPLETE - Prompt #17
[0;32m2025-09-21 00:25:36 - Completed prompt #17[0m
[0;34m2025-09-21 00:25:41 - Generating prompt #18 (Section 2, Prompt 1/17)[0m
[1;33m2025-09-21 00:25:41 - Running prompt generation...[0m
PROMPT GENERATION COMPLETE - Prompt #18
[0;32m2025-09-21 00:26:04 - Completed prompt #18[0m
[0;34m2025-09-21 00:26:09 - Generating prompt #19 (Section 2, Prompt 2/17)[0m
[1;33m2025-09-21 00:26:10 - Running prompt generation...[0m
PROMPT GENERATION COMPLETE - Prompt #19
[0;32m2025-09-21 00:26:33 - Completed prompt #19[0m
[0;34m2025-09-21 00:26:38 - Generating prompt #20 (Section 2, Prompt 3/17)[0m
[1;33m2025-09-21 00:26:38 - Running prompt generation...[0m
PROMPT GENERATION COMPLETE - Prompt #20
[0;32m2025-09-21 00:27:00 - Completed prompt #20[0m
[0;34m2025-09-21 00:27:05 - Generating prompt #21 (Section 2, Prompt 4/17)[0m
[1;33m2025-09-21 00:27:05 - Running prompt generation...[0m
PROMPT GENERATION COMPLETE - Prompt #21
[0;32m2025-09-21 00:27:27 - Completed prompt #21[0m
[0;34m2025-09-21 00:27:32 - Generating prompt #22 (Section 2, Prompt 5/17)[0m
[1;33m2025-09-21 00:27:32 - Running prompt generation...[0m
PROMPT GENERATION COMPLETE - Prompt #22
[0;32m2025-09-21 00:27:54 - Completed prompt #22[0m
[0;34m2025-09-21 00:27:59 - Generating prompt #23 (Section 2, Prompt 6/17)[0m
[1;33m2025-09-21 00:27:59 - Running prompt generation...[0m
PROMPT GENERATION COMPLETE - Prompt #23
[0;32m2025-09-21 00:28:20 - Completed prompt #23[0m
[0;34m2025-09-21 00:28:25 - Generating prompt #24 (Section 2, Prompt 7/17)[0m
[1;33m2025-09-21 00:28:25 - Running prompt generation...[0m
PROMPT GENERATION COMPLETE - Prompt #24
[0;32m2025-09-21 00:28:46 - Completed prompt #24[0m
[0;34m2025-09-21 00:28:51 - Generating prompt #25 (Section 2, Prompt 8/17)[0m
[1;33m2025-09-21 00:28:51 - Running prompt generation...[0m
PROMPT GENERATION COMPLETE - Prompt #25
[0;32m2025-09-21 00:29:12 - Completed prompt #25[0m
[0;34m2025-09-21 00:29:17 - Generating prompt #26 (Section 2, Prompt 9/17)[0m
[1;33m2025-09-21 00:29:17 - Running prompt generation...[0m
PROMPT GENERATION COMPLETE - Prompt #26
[0;32m2025-09-21 00:29:37 - Completed prompt #26[0m
[0;34m2025-09-21 00:29:42 - Generating prompt #27 (Section 2, Prompt 10/17)[0m
[1;33m2025-09-21 00:29:42 - Running prompt generation...[0m
PROMPT GENERATION COMPLETE - Prompt #27
[0;32m2025-09-21 00:30:02 - Completed prompt #27[0m
[0;34m2025-09-21 00:30:07 - Generating prompt #28 (Section 2, Prompt 11/17)[0m
[1;33m2025-09-21 00:30:07 - Running prompt generation...[0m
PROMPT GENERATION COMPLETE - Prompt #28
[0;32m2025-09-21 00:30:27 - Completed prompt #28[0m
[0;34m2025-09-21 00:30:32 - Generating prompt #29 (Section 2, Prompt 12/17)[0m
[1;33m2025-09-21 00:30:32 - Running prompt generation...[0m
PROMPT GENERATION COMPLETE - Prompt #29
[0;32m2025-09-21 00:30:53 - Completed prompt #29[0m
[0;34m2025-09-21 00:30:58 - Generating prompt #30 (Section 2, Prompt 13/17)[0m
[1;33m2025-09-21 00:30:58 - Running prompt generation...[0m
PROMPT GENERATION COMPLETE - Prompt #30
[0;32m2025-09-21 00:31:19 - Completed prompt #30[0m
[0;34m2025-09-21 00:31:24 - Generating prompt #31 (Section 2, Prompt 14/17)[0m
[1;33m2025-09-21 00:31:24 - Running prompt generation...[0m
PROMPT GENERATION COMPLETE - Prompt #31
[0;32m2025-09-21 00:31:44 - Completed prompt #31[0m
[0;34m2025-09-21 00:31:49 - Generating prompt #32 (Section 2, Prompt 15/17)[0m
[1;33m2025-09-21 00:31:50 - Running prompt generation...[0m
PROMPT GENERATION COMPLETE - Prompt #32
[0;32m2025-09-21 00:32:10 - Completed prompt #32[0m
[0;34m2025-09-21 00:32:15 - Generating prompt #33 (Section 2, Prompt 16/17)[0m
[1;33m2025-09-21 00:32:15 - Running prompt generation...[0m
PROMPT GENERATION COMPLETE - Prompt #33
[0;32m2025-09-21 00:32:37 - Completed prompt #33[0m
[0;34m2025-09-21 00:32:42 - Generating prompt #34 (Section 2, Prompt 17/17)[0m
[1;33m2025-09-21 00:32:42 - Running prompt generation...[0m
PROMPT GENERATION COMPLETE - Prompt #34
[0;32m2025-09-21 00:33:04 - Completed prompt #34[0m
[0;34m2025-09-21 00:33:09 - Generating prompt #35 (Section 3, Prompt 1/17)[0m
[1;33m2025-09-21 00:33:09 - Running prompt generation...[0m
PROMPT GENERATION COMPLETE - Prompt #35
[0;32m2025-09-21 00:33:31 - Completed prompt #35[0m
[0;34m2025-09-21 00:33:36 - Generating prompt #36 (Section 3, Prompt 2/17)[0m
[1;33m2025-09-21 00:33:36 - Running prompt generation...[0m
PROMPT GENERATION COMPLETE - Prompt #36
[0;32m2025-09-21 00:33:58 - Completed prompt #36[0m
[0;34m2025-09-21 00:34:03 - Generating prompt #37 (Section 3, Prompt 3/17)[0m
[1;33m2025-09-21 00:34:03 - Running prompt generation...[0m
PROMPT GENERATION COMPLETE - Prompt #37
[0;32m2025-09-21 00:34:25 - Completed prompt #37[0m
[0;34m2025-09-21 00:34:30 - Generating prompt #38 (Section 3, Prompt 4/17)[0m
[1;33m2025-09-21 00:34:30 - Running prompt generation...[0m
PROMPT GENERATION COMPLETE - Prompt #38
[0;32m2025-09-21 00:34:52 - Completed prompt #38[0m
[0;34m2025-09-21 00:34:57 - Generating prompt #39 (Section 3, Prompt 5/17)[0m
[1;33m2025-09-21 00:34:57 - Running prompt generation...[0m
PROMPT GENERATION COMPLETE - Prompt #39
[0;32m2025-09-21 00:35:18 - Completed prompt #39[0m
[0;34m2025-09-21 00:35:23 - Generating prompt #40 (Section 3, Prompt 6/17)[0m
[1;33m2025-09-21 00:35:23 - Running prompt generation...[0m
PROMPT GENERATION COMPLETE - Prompt #40
[0;32m2025-09-21 00:35:44 - Completed prompt #40[0m
[0;34m2025-09-21 00:35:49 - Generating prompt #41 (Section 3, Prompt 7/17)[0m
[1;33m2025-09-21 00:35:49 - Running prompt generation...[0m
PROMPT GENERATION COMPLETE - Prompt #41
[0;32m2025-09-21 00:36:10 - Completed prompt #41[0m
[0;34m2025-09-21 00:36:15 - Generating prompt #42 (Section 3, Prompt 8/17)[0m
[1;33m2025-09-21 00:36:15 - Running prompt generation...[0m
PROMPT GENERATION COMPLETE - Prompt #42
[0;32m2025-09-21 00:36:36 - Completed prompt #42[0m
[0;34m2025-09-21 00:36:41 - Generating prompt #43 (Section 3, Prompt 9/17)[0m
[1;33m2025-09-21 00:36:41 - Running prompt generation...[0m
PROMPT GENERATION COMPLETE - Prompt #43
[0;32m2025-09-21 00:37:02 - Completed prompt #43[0m
[0;34m2025-09-21 00:37:07 - Generating prompt #44 (Section 3, Prompt 10/17)[0m
[1;33m2025-09-21 00:37:07 - Running prompt generation...[0m
PROMPT GENERATION COMPLETE - Prompt #44
[0;32m2025-09-21 00:37:27 - Completed prompt #44[0m
[0;34m2025-09-21 00:37:33 - Generating prompt #45 (Section 3, Prompt 11/17)[0m
[1;33m2025-09-21 00:37:33 - Running prompt generation...[0m
PROMPT GENERATION COMPLETE - Prompt #45
[0;32m2025-09-21 00:38:00 - Completed prompt #45[0m
[0;34m2025-09-21 00:38:05 - Generating prompt #46 (Section 3, Prompt 12/17)[0m
[1;33m2025-09-21 00:38:05 - Running prompt generation...[0m
PROMPT GENERATION COMPLETE - Prompt #46
[0;32m2025-09-21 00:38:27 - Completed prompt #46[0m
[0;34m2025-09-21 00:38:32 - Generating prompt #47 (Section 3, Prompt 13/17)[0m
[1;33m2025-09-21 00:38:32 - Running prompt generation...[0m
PROMPT GENERATION COMPLETE - Prompt #47
[0;32m2025-09-21 00:38:53 - Completed prompt #47[0m
[0;34m2025-09-21 00:38:58 - Generating prompt #48 (Section 3, Prompt 14/17)[0m
[1;33m2025-09-21 00:38:58 - Running prompt generation...[0m
PROMPT GENERATION COMPLETE - Prompt #48
[0;32m2025-09-21 00:39:19 - Completed prompt #48[0m
[0;34m2025-09-21 00:39:24 - Generating prompt #49 (Section 3, Prompt 15/17)[0m
[1;33m2025-09-21 00:39:24 - Running prompt generation...[0m
PROMPT GENERATION COMPLETE - Prompt #49
[0;32m2025-09-21 00:39:45 - Completed prompt #49[0m
[0;34m2025-09-21 00:39:50 - Generating prompt #50 (Section 3, Prompt 16/17)[0m
[1;33m2025-09-21 00:39:50 - Running prompt generation...[0m
PROMPT GENERATION COMPLETE - Prompt #50
[0;32m2025-09-21 00:40:10 - Completed prompt #50[0m
[0;34m2025-09-21 00:40:15 - Generating prompt #51 (Section 3, Prompt 17/17)[0m
[1;33m2025-09-21 00:40:15 - Running prompt generation...[0m
PROMPT GENERATION COMPLETE - Prompt #51
[0;32m2025-09-21 00:40:39 - Completed prompt #51[0m
[0;34m2025-09-21 00:40:44 - Generating prompt #52 (Section 4, Prompt 1/17)[0m
[1;33m2025-09-21 00:40:44 - Running prompt generation...[0m
PROMPT GENERATION COMPLETE - Prompt #52
[0;32m2025-09-21 00:41:02 - Completed prompt #52[0m
[0;34m2025-09-21 00:41:07 - Generating prompt #53 (Section 4, Prompt 2/17)[0m
[1;33m2025-09-21 00:41:07 - Running prompt generation...[0m
PROMPT GENERATION COMPLETE - Prompt #53
[0;32m2025-09-21 00:41:27 - Completed prompt #53[0m
[0;34m2025-09-21 00:41:32 - Generating prompt #54 (Section 4, Prompt 3/17)[0m
[1;33m2025-09-21 00:41:32 - Running prompt generation...[0m
PROMPT GENERATION COMPLETE - Prompt #54
[0;32m2025-09-21 00:41:54 - Completed prompt #54[0m
[0;34m2025-09-21 00:41:59 - Generating prompt #55 (Section 4, Prompt 4/17)[0m
[1;33m2025-09-21 00:41:59 - Running prompt generation...[0m
PROMPT GENERATION COMPLETE - Prompt #55
[0;32m2025-09-21 00:42:19 - Completed prompt #55[0m
[0;34m2025-09-21 00:42:24 - Generating prompt #56 (Section 4, Prompt 5/17)[0m
[1;33m2025-09-21 00:42:24 - Running prompt generation...[0m
PROMPT GENERATION COMPLETE - Prompt #56
[0;32m2025-09-21 00:42:42 - Completed prompt #56[0m
[0;34m2025-09-21 00:42:47 - Generating prompt #57 (Section 4, Prompt 6/17)[0m
[1;33m2025-09-21 00:42:47 - Running prompt generation...[0m
PROMPT GENERATION COMPLETE - Prompt #57
[0;32m2025-09-21 00:43:09 - Completed prompt #57[0m
[0;34m2025-09-21 00:43:14 - Generating prompt #58 (Section 4, Prompt 7/17)[0m
[1;33m2025-09-21 00:43:14 - Running prompt generation...[0m
PROMPT GENERATION COMPLETE - Prompt #58
[0;32m2025-09-21 00:43:36 - Completed prompt #58[0m
[0;34m2025-09-21 00:43:41 - Generating prompt #59 (Section 4, Prompt 8/17)[0m
[1;33m2025-09-21 00:43:41 - Running prompt generation...[0m
PROMPT GENERATION COMPLETE - Prompt #59
[0;32m2025-09-21 00:44:00 - Completed prompt #59[0m
[0;34m2025-09-21 00:44:05 - Generating prompt #60 (Section 4, Prompt 9/17)[0m
[1;33m2025-09-21 00:44:05 - Running prompt generation...[0m
PROMPT GENERATION COMPLETE - Prompt #60
[0;32m2025-09-21 00:44:26 - Completed prompt #60[0m
[0;34m2025-09-21 00:44:31 - Generating prompt #61 (Section 4, Prompt 10/17)[0m
[1;33m2025-09-21 00:44:31 - Running prompt generation...[0m
PROMPT GENERATION COMPLETE - Prompt #61
[0;32m2025-09-21 00:44:54 - Completed prompt #61[0m
[0;34m2025-09-21 00:44:59 - Generating prompt #62 (Section 4, Prompt 11/17)[0m
[1;33m2025-09-21 00:44:59 - Running prompt generation...[0m
PROMPT GENERATION COMPLETE - Prompt #62
[0;32m2025-09-21 00:45:20 - Completed prompt #62[0m
[0;34m2025-09-21 00:45:25 - Generating prompt #63 (Section 4, Prompt 12/17)[0m
[1;33m2025-09-21 00:45:25 - Running prompt generation...[0m
PROMPT GENERATION COMPLETE - Prompt #63
[0;32m2025-09-21 00:45:43 - Completed prompt #63[0m
[0;34m2025-09-21 00:45:49 - Generating prompt #64 (Section 4, Prompt 13/17)[0m
[1;33m2025-09-21 00:45:49 - Running prompt generation...[0m
PROMPT GENERATION COMPLETE - Prompt #64
[0;32m2025-09-21 00:46:09 - Completed prompt #64[0m
[0;34m2025-09-21 00:46:14 - Generating prompt #65 (Section 4, Prompt 14/17)[0m
[1;33m2025-09-21 00:46:14 - Running prompt generation...[0m
PROMPT GENERATION COMPLETE - Prompt #65
[0;32m2025-09-21 00:46:37 - Completed prompt #65[0m
[0;34m2025-09-21 00:46:42 - Generating prompt #66 (Section 4, Prompt 15/17)[0m
[1;33m2025-09-21 00:46:42 - Running prompt generation...[0m
PROMPT GENERATION COMPLETE - Prompt #66
[0;32m2025-09-21 00:47:05 - Completed prompt #66[0m
[0;34m2025-09-21 00:47:10 - Generating prompt #67 (Section 4, Prompt 16/17)[0m
[1;33m2025-09-21 00:47:10 - Running prompt generation...[0m
PROMPT GENERATION COMPLETE - Prompt #67
[0;32m2025-09-21 00:47:34 - Completed prompt #67[0m
[0;34m2025-09-21 00:47:39 - Generating prompt #68 (Section 4, Prompt 17/17)[0m
[1;33m2025-09-21 00:47:39 - Running prompt generation...[0m
PROMPT GENERATION COMPLETE - Prompt #68
[0;32m2025-09-21 00:48:00 - Completed prompt #68[0m
[0;34m2025-09-21 00:48:05 - Generating prompt #69 (Section 5, Prompt 1/17)[0m
[1;33m2025-09-21 00:48:05 - Running prompt generation...[0m
PROMPT GENERATION COMPLETE - Prompt #69
[0;32m2025-09-21 00:48:25 - Completed prompt #69[0m
[0;34m2025-09-21 00:48:30 - Generating prompt #70 (Section 5, Prompt 2/17)[0m
[1;33m2025-09-21 00:48:30 - Running prompt generation...[0m
PROMPT GENERATION COMPLETE - Prompt #70
[0;32m2025-09-21 00:48:51 - Completed prompt #70[0m
[0;34m2025-09-21 00:48:56 - Generating prompt #71 (Section 5, Prompt 3/17)[0m
[1;33m2025-09-21 00:48:56 - Running prompt generation...[0m
PROMPT GENERATION COMPLETE - Prompt #71
[0;32m2025-09-21 00:49:18 - Completed prompt #71[0m
[0;34m2025-09-21 00:49:23 - Generating prompt #72 (Section 5, Prompt 4/17)[0m
[1;33m2025-09-21 00:49:23 - Running prompt generation...[0m
PROMPT GENERATION COMPLETE - Prompt #72
[0;32m2025-09-21 00:49:44 - Completed prompt #72[0m
[0;34m2025-09-21 00:49:49 - Generating prompt #73 (Section 5, Prompt 5/17)[0m
[1;33m2025-09-21 00:49:49 - Running prompt generation...[0m
PROMPT GENERATION COMPLETE - Prompt #73
[0;32m2025-09-21 00:50:09 - Completed prompt #73[0m
[0;34m2025-09-21 00:50:14 - Generating prompt #74 (Section 5, Prompt 6/17)[0m
[1;33m2025-09-21 00:50:14 - Running prompt generation...[0m
PROMPT GENERATION COMPLETE - Prompt #74
[0;32m2025-09-21 00:50:34 - Completed prompt #74[0m
[0;34m2025-09-21 00:50:39 - Generating prompt #75 (Section 5, Prompt 7/17)[0m
[1;33m2025-09-21 00:50:39 - Running prompt generation...[0m
PROMPT GENERATION COMPLETE - Prompt #75
[0;32m2025-09-21 00:51:01 - Completed prompt #75[0m
[0;34m2025-09-21 00:51:06 - Generating prompt #76 (Section 5, Prompt 8/17)[0m
[1;33m2025-09-21 00:51:06 - Running prompt generation...[0m
PROMPT GENERATION COMPLETE - Prompt #76
[0;32m2025-09-21 00:51:27 - Completed prompt #76[0m
[0;34m2025-09-21 00:51:32 - Generating prompt #77 (Section 5, Prompt 9/17)[0m
[1;33m2025-09-21 00:51:32 - Running prompt generation...[0m
5-hour limit reached ∙ resets 5am
[0;32m2025-09-21 00:51:52 - Completed prompt #77[0m
[0;34m2025-09-21 00:51:57 - Generating prompt #78 (Section 5, Prompt 10/17)[0m
[1;33m2025-09-21 00:51:57 - Running prompt generation...[0m
5-hour limit reached ∙ resets 5am
[0;32m2025-09-21 00:52:08 - Completed prompt #78[0m
[0;34m2025-09-21 00:52:13 - Generating prompt #79 (Section 5, Prompt 11/17)[0m
[1;33m2025-09-21 00:52:13 - Running prompt generation...[0m
5-hour limit reached ∙ resets 5am
[0;32m2025-09-21 00:52:24 - Completed prompt #79[0m
[0;34m2025-09-21 00:52:29 - Generating prompt #80 (Section 5, Prompt 12/17)[0m
[1;33m2025-09-21 00:52:30 - Running prompt generation...[0m
5-hour limit reached ∙ resets 5am
[0;32m2025-09-21 00:52:43 - Completed prompt #80[0m
[0;34m2025-09-21 00:52:48 - Generating prompt #81 (Section 5, Prompt 13/17)[0m
[1;33m2025-09-21 00:52:48 - Running prompt generation...[0m
5-hour limit reached ∙ resets 5am
[0;32m2025-09-21 00:52:58 - Completed prompt #81[0m
[0;34m2025-09-21 00:53:03 - Generating prompt #82 (Section 5, Prompt 14/17)[0m
[1;33m2025-09-21 00:53:03 - Running prompt generation...[0m
5-hour limit reached ∙ resets 5am
[0;32m2025-09-21 00:53:16 - Completed prompt #82[0m
[0;34m2025-09-21 00:53:21 - Generating prompt #83 (Section 5, Prompt 15/17)[0m
[1;33m2025-09-21 00:53:21 - Running prompt generation...[0m
5-hour limit reached ∙ resets 5am
[0;32m2025-09-21 00:53:31 - Completed prompt #83[0m
[0;34m2025-09-21 00:53:36 - Generating prompt #84 (Section 5, Prompt 16/17)[0m
[1;33m2025-09-21 00:53:36 - Running prompt generation...[0m
5-hour limit reached ∙ resets 5am
[0;32m2025-09-21 00:53:49 - Completed prompt #84[0m
[0;34m2025-09-21 00:53:54 - Generating prompt #85 (Section 5, Prompt 17/17)[0m
[1;33m2025-09-21 00:53:54 - Running prompt generation...[0m
5-hour limit reached ∙ resets 5am
[0;32m2025-09-21 00:54:07 - Completed prompt #85[0m
[0;34m2025-09-21 00:54:12 - Generating prompt #86 (Section 6, Prompt 1/17)[0m
[1;33m2025-09-21 00:54:12 - Running prompt generation...[0m
5-hour limit reached ∙ resets 5am
[0;32m2025-09-21 00:54:21 - Completed prompt #86[0m
[0;34m2025-09-21 00:54:26 - Generating prompt #87 (Section 6, Prompt 2/17)[0m
[1;33m2025-09-21 00:54:26 - Running prompt generation...[0m
5-hour limit reached ∙ resets 5am
[0;32m2025-09-21 00:54:36 - Completed prompt #87[0m
[0;34m2025-09-21 00:54:41 - Generating prompt #88 (Section 6, Prompt 3/17)[0m
[1;33m2025-09-21 00:54:42 - Running prompt generation...[0m
5-hour limit reached ∙ resets 5am
[0;32m2025-09-21 00:54:54 - Completed prompt #88[0m
[0;34m2025-09-21 00:54:59 - Generating prompt #89 (Section 6, Prompt 4/17)[0m
[1;33m2025-09-21 00:54:59 - Running prompt generation...[0m
5-hour limit reached ∙ resets 5am
[0;32m2025-09-21 00:55:11 - Completed prompt #89[0m
[0;34m2025-09-21 00:55:16 - Generating prompt #90 (Section 6, Prompt 5/17)[0m
[1;33m2025-09-21 00:55:16 - Running prompt generation...[0m
5-hour limit reached ∙ resets 5am
[0;32m2025-09-21 00:55:28 - Completed prompt #90[0m
[0;34m2025-09-21 00:55:33 - Generating prompt #91 (Section 6, Prompt 6/17)[0m
[1;33m2025-09-21 00:55:33 - Running prompt generation...[0m
5-hour limit reached ∙ resets 5am
[0;32m2025-09-21 00:55:45 - Completed prompt #91[0m
[0;34m2025-09-21 00:55:50 - Generating prompt #92 (Section 6, Prompt 7/17)[0m
[1;33m2025-09-21 00:55:50 - Running prompt generation...[0m
5-hour limit reached ∙ resets 5am
[0;32m2025-09-21 00:56:03 - Completed prompt #92[0m
[0;34m2025-09-21 00:56:09 - Generating prompt #93 (Section 6, Prompt 8/17)[0m
[1;33m2025-09-21 00:56:09 - Running prompt generation...[0m
5-hour limit reached ∙ resets 5am
[0;32m2025-09-21 00:56:20 - Completed prompt #93[0m
[0;34m2025-09-21 00:56:25 - Generating prompt #94 (Section 6, Prompt 9/17)[0m
[1;33m2025-09-21 00:56:26 - Running prompt generation...[0m
5-hour limit reached ∙ resets 5am
[0;32m2025-09-21 00:56:36 - Completed prompt #94[0m
[0;34m2025-09-21 00:56:41 - Generating prompt #95 (Section 6, Prompt 10/17)[0m
[1;33m2025-09-21 00:56:42 - Running prompt generation...[0m
5-hour limit reached ∙ resets 5am
[0;32m2025-09-21 00:56:50 - Completed prompt #95[0m
[0;34m2025-09-21 00:56:55 - Generating prompt #96 (Section 6, Prompt 11/17)[0m
[1;33m2025-09-21 00:56:55 - Running prompt generation...[0m
5-hour limit reached ∙ resets 5am
[0;32m2025-09-21 00:57:06 - Completed prompt #96[0m
[0;34m2025-09-21 00:57:11 - Generating prompt #97 (Section 6, Prompt 12/17)[0m
[1;33m2025-09-21 00:57:11 - Running prompt generation...[0m
5-hour limit reached ∙ resets 5am
[0;32m2025-09-21 00:57:21 - Completed prompt #97[0m
[0;34m2025-09-21 00:57:26 - Generating prompt #98 (Section 6, Prompt 13/17)[0m
[1;33m2025-09-21 00:57:26 - Running prompt generation...[0m
5-hour limit reached ∙ resets 5am
[0;32m2025-09-21 00:57:39 - Completed prompt #98[0m
[0;34m2025-09-21 00:57:44 - Generating prompt #99 (Section 6, Prompt 14/17)[0m
[1;33m2025-09-21 00:57:44 - Running prompt generation...[0m
5-hour limit reached ∙ resets 5am
[0;32m2025-09-21 00:57:56 - Completed prompt #99[0m
[0;34m2025-09-21 00:58:01 - Generating prompt #100 (Section 6, Prompt 15/17)[0m
[1;33m2025-09-21 00:58:01 - Running prompt generation...[0m
5-hour limit reached ∙ resets 5am
[0;32m2025-09-21 00:58:11 - Completed prompt #100[0m
[0;34m2025-09-21 00:58:16 - Generating prompt #101 (Section 6, Prompt 16/17)[0m
[1;33m2025-09-21 00:58:17 - Running prompt generation...[0m
5-hour limit reached ∙ resets 5am
[0;32m2025-09-21 00:58:28 - Completed prompt #101[0m
[0;34m2025-09-21 00:58:33 - Generating prompt #102 (Section 6, Prompt 17/17)[0m
[1;33m2025-09-21 00:58:33 - Running prompt generation...[0m
5-hour limit reached ∙ resets 5am
[0;32m2025-09-21 00:58:41 - Completed prompt #102[0m
