[0;34m2025-09-21 00:17:33 - Starting Prompt Generation Cycle for template: digital-nomad-planning[0m
[1;33m2025-09-21 00:17:33 - Override flag detected - resetting progress and recreating files[0m
[0;32m2025-09-21 00:17:33 - Progress reset to 0 for template: digital-nomad-planning[0m
[0;32m2025-09-21 00:17:34 - Using existing worktree: ../templata-digital-nomad-planning[0m
[1;33m2025-09-21 00:17:34 - Creating template prompt file: prompts-digital-nomad-planning.ts[0m
[0;32m2025-09-21 00:17:34 - Created template prompt file: ../templata-digital-nomad-planning/src/data/prompts-digital-nomad-planning.ts[0m
[0;34m2025-09-21 00:17:34 - Generating prompt #1 (Section 1, Prompt 1/17)[0m
[1;33m2025-09-21 00:17:34 - Running prompt generation...[0m
PROMPT GENERATION COMPLETE - Prompt #1
[0;32m2025-09-21 00:18:10 - Completed prompt #1[0m
[0;34m2025-09-21 00:18:15 - Generating prompt #2 (Section 1, Prompt 2/17)[0m
[1;33m2025-09-21 00:18:15 - Running prompt generation...[0m
PROMPT GENERATION COMPLETE - Prompt #2
[0;32m2025-09-21 00:18:54 - Completed prompt #2[0m
[0;34m2025-09-21 00:18:59 - Generating prompt #3 (Section 1, Prompt 3/17)[0m
[1;33m2025-09-21 00:18:59 - Running prompt generation...[0m
PROMPT GENERATION COMPLETE - Prompt #3
[0;32m2025-09-21 00:19:24 - Completed prompt #3[0m
[0;34m2025-09-21 00:19:29 - Generating prompt #4 (Section 1, Prompt 4/17)[0m
[1;33m2025-09-21 00:19:29 - Running prompt generation...[0m
PROMPT GENERATION COMPLETE - Prompt #4
[0;32m2025-09-21 00:19:54 - Completed prompt #4[0m
[0;34m2025-09-21 00:19:59 - Generating prompt #5 (Section 1, Prompt 5/17)[0m
[1;33m2025-09-21 00:19:59 - Running prompt generation...[0m
PROMPT GENERATION COMPLETE - Prompt #5
[0;32m2025-09-21 00:20:27 - Completed prompt #5[0m
[0;34m2025-09-21 00:20:32 - Generating prompt #6 (Section 1, Prompt 6/17)[0m
[1;33m2025-09-21 00:20:32 - Running prompt generation...[0m
PROMPT GENERATION COMPLETE - Prompt #6
[0;32m2025-09-21 00:21:05 - Completed prompt #6[0m
[0;34m2025-09-21 00:21:10 - Generating prompt #7 (Section 1, Prompt 7/17)[0m
[1;33m2025-09-21 00:21:10 - Running prompt generation...[0m
PROMPT GENERATION COMPLETE - Prompt #7
[0;32m2025-09-21 00:21:34 - Completed prompt #7[0m
[0;34m2025-09-21 00:21:39 - Generating prompt #8 (Section 1, Prompt 8/17)[0m
[1;33m2025-09-21 00:21:39 - Running prompt generation...[0m
PROMPT GENERATION COMPLETE - Prompt #8
[0;32m2025-09-21 00:22:00 - Completed prompt #8[0m
[0;34m2025-09-21 00:22:05 - Generating prompt #9 (Section 1, Prompt 9/17)[0m
[1;33m2025-09-21 00:22:05 - Running prompt generation...[0m
PROMPT GENERATION COMPLETE - Prompt #9
[0;32m2025-09-21 00:22:28 - Completed prompt #9[0m
[0;34m2025-09-21 00:22:34 - Generating prompt #10 (Section 1, Prompt 10/17)[0m
[1;33m2025-09-21 00:22:34 - Running prompt generation...[0m
PROMPT GENERATION COMPLETE - Prompt #10
[0;32m2025-09-21 00:22:56 - Completed prompt #10[0m
[0;34m2025-09-21 00:23:01 - Generating prompt #11 (Section 1, Prompt 11/17)[0m
[1;33m2025-09-21 00:23:01 - Running prompt generation...[0m
PROMPT GENERATION COMPLETE - Prompt #11
[0;32m2025-09-21 00:23:21 - Completed prompt #11[0m
[0;34m2025-09-21 00:23:26 - Generating prompt #12 (Section 1, Prompt 12/17)[0m
[1;33m2025-09-21 00:23:26 - Running prompt generation...[0m
PROMPT GENERATION COMPLETE - Prompt #12
[0;32m2025-09-21 00:23:47 - Completed prompt #12[0m
[0;34m2025-09-21 00:23:52 - Generating prompt #13 (Section 1, Prompt 13/17)[0m
[1;33m2025-09-21 00:23:52 - Running prompt generation...[0m
PROMPT GENERATION COMPLETE - Prompt #13
[0;32m2025-09-21 00:24:11 - Completed prompt #13[0m
[0;34m2025-09-21 00:24:16 - Generating prompt #14 (Section 1, Prompt 14/17)[0m
[1;33m2025-09-21 00:24:16 - Running prompt generation...[0m
PROMPT GENERATION COMPLETE - Prompt #14
[0;32m2025-09-21 00:24:39 - Completed prompt #14[0m
[0;34m2025-09-21 00:24:44 - Generating prompt #15 (Section 1, Prompt 15/17)[0m
[1;33m2025-09-21 00:24:44 - Running prompt generation...[0m
PROMPT GENERATION COMPLETE - Prompt #15
[0;32m2025-09-21 00:25:06 - Completed prompt #15[0m
[0;34m2025-09-21 00:25:11 - Generating prompt #16 (Section 1, Prompt 16/17)[0m
[1;33m2025-09-21 00:25:11 - Running prompt generation...[0m
PROMPT GENERATION COMPLETE - Prompt #16
[0;32m2025-09-21 00:25:31 - Completed prompt #16[0m
[0;34m2025-09-21 00:25:36 - Generating prompt #17 (Section 1, Prompt 17/17)[0m
[1;33m2025-09-21 00:25:36 - Running prompt generation...[0m
PROMPT GENERATION COMPLETE - Prompt #17
[0;32m2025-09-21 00:26:00 - Completed prompt #17[0m
[0;34m2025-09-21 00:26:05 - Generating prompt #18 (Section 2, Prompt 1/17)[0m
[1;33m2025-09-21 00:26:05 - Running prompt generation...[0m
PROMPT GENERATION COMPLETE - Prompt #18
[0;32m2025-09-21 00:26:28 - Completed prompt #18[0m
[0;34m2025-09-21 00:26:33 - Generating prompt #19 (Section 2, Prompt 2/17)[0m
[1;33m2025-09-21 00:26:34 - Running prompt generation...[0m
PROMPT GENERATION COMPLETE - Prompt #19
[0;32m2025-09-21 00:26:54 - Completed prompt #19[0m
[0;34m2025-09-21 00:26:59 - Generating prompt #20 (Section 2, Prompt 3/17)[0m
[1;33m2025-09-21 00:26:59 - Running prompt generation...[0m
PROMPT GENERATION COMPLETE - Prompt #20
[0;32m2025-09-21 00:27:20 - Completed prompt #20[0m
[0;34m2025-09-21 00:27:25 - Generating prompt #21 (Section 2, Prompt 4/17)[0m
[1;33m2025-09-21 00:27:25 - Running prompt generation...[0m
PROMPT GENERATION COMPLETE - Prompt #21
[0;32m2025-09-21 00:27:45 - Completed prompt #21[0m
[0;34m2025-09-21 00:27:50 - Generating prompt #22 (Section 2, Prompt 5/17)[0m
[1;33m2025-09-21 00:27:50 - Running prompt generation...[0m
PROMPT GENERATION COMPLETE - Prompt #22
[0;32m2025-09-21 00:28:13 - Completed prompt #22[0m
[0;34m2025-09-21 00:28:18 - Generating prompt #23 (Section 2, Prompt 6/17)[0m
[1;33m2025-09-21 00:28:18 - Running prompt generation...[0m
PROMPT GENERATION COMPLETE - Prompt #23
[0;32m2025-09-21 00:28:39 - Completed prompt #23[0m
[0;34m2025-09-21 00:28:44 - Generating prompt #24 (Section 2, Prompt 7/17)[0m
[1;33m2025-09-21 00:28:44 - Running prompt generation...[0m
PROMPT GENERATION COMPLETE - Prompt #24
[0;32m2025-09-21 00:29:05 - Completed prompt #24[0m
[0;34m2025-09-21 00:29:10 - Generating prompt #25 (Section 2, Prompt 8/17)[0m
[1;33m2025-09-21 00:29:10 - Running prompt generation...[0m
PROMPT GENERATION COMPLETE - Prompt #25
[0;32m2025-09-21 00:29:30 - Completed prompt #25[0m
[0;34m2025-09-21 00:29:35 - Generating prompt #26 (Section 2, Prompt 9/17)[0m
[1;33m2025-09-21 00:29:35 - Running prompt generation...[0m
PROMPT GENERATION COMPLETE - Prompt #26
[0;32m2025-09-21 00:29:56 - Completed prompt #26[0m
[0;34m2025-09-21 00:30:02 - Generating prompt #27 (Section 2, Prompt 10/17)[0m
[1;33m2025-09-21 00:30:02 - Running prompt generation...[0m
PROMPT GENERATION COMPLETE - Prompt #27
[0;32m2025-09-21 00:30:22 - Completed prompt #27[0m
[0;34m2025-09-21 00:30:27 - Generating prompt #28 (Section 2, Prompt 11/17)[0m
[1;33m2025-09-21 00:30:27 - Running prompt generation...[0m
PROMPT GENERATION COMPLETE - Prompt #28
[0;32m2025-09-21 00:30:48 - Completed prompt #28[0m
[0;34m2025-09-21 00:30:53 - Generating prompt #29 (Section 2, Prompt 12/17)[0m
[1;33m2025-09-21 00:30:53 - Running prompt generation...[0m
PROMPT GENERATION COMPLETE - Prompt #29
[0;32m2025-09-21 00:31:15 - Completed prompt #29[0m
[0;34m2025-09-21 00:31:20 - Generating prompt #30 (Section 2, Prompt 13/17)[0m
[1;33m2025-09-21 00:31:20 - Running prompt generation...[0m
PROMPT GENERATION COMPLETE - Prompt #30
[0;32m2025-09-21 00:31:42 - Completed prompt #30[0m
[0;34m2025-09-21 00:31:47 - Generating prompt #31 (Section 2, Prompt 14/17)[0m
[1;33m2025-09-21 00:31:47 - Running prompt generation...[0m
PROMPT GENERATION COMPLETE - Prompt #31
[0;32m2025-09-21 00:32:08 - Completed prompt #31[0m
[0;34m2025-09-21 00:32:13 - Generating prompt #32 (Section 2, Prompt 15/17)[0m
[1;33m2025-09-21 00:32:13 - Running prompt generation...[0m
PROMPT GENERATION COMPLETE - Prompt #32
[0;32m2025-09-21 00:32:36 - Completed prompt #32[0m
[0;34m2025-09-21 00:32:41 - Generating prompt #33 (Section 2, Prompt 16/17)[0m
[1;33m2025-09-21 00:32:41 - Running prompt generation...[0m
PROMPT GENERATION COMPLETE - Prompt #33
[0;32m2025-09-21 00:33:04 - Completed prompt #33[0m
[0;34m2025-09-21 00:33:09 - Generating prompt #34 (Section 2, Prompt 17/17)[0m
[1;33m2025-09-21 00:33:09 - Running prompt generation...[0m
PROMPT GENERATION COMPLETE - Prompt #34
[0;32m2025-09-21 00:33:31 - Completed prompt #34[0m
[0;34m2025-09-21 00:33:36 - Generating prompt #35 (Section 3, Prompt 1/17)[0m
[1;33m2025-09-21 00:33:36 - Running prompt generation...[0m
PROMPT GENERATION COMPLETE - Prompt #35
[0;32m2025-09-21 00:34:01 - Completed prompt #35[0m
[0;34m2025-09-21 00:34:06 - Generating prompt #36 (Section 3, Prompt 2/17)[0m
[1;33m2025-09-21 00:34:06 - Running prompt generation...[0m
PROMPT GENERATION COMPLETE - Prompt #36
[0;32m2025-09-21 00:34:27 - Completed prompt #36[0m
[0;34m2025-09-21 00:34:32 - Generating prompt #37 (Section 3, Prompt 3/17)[0m
[1;33m2025-09-21 00:34:32 - Running prompt generation...[0m
PROMPT GENERATION COMPLETE - Prompt #37
[0;32m2025-09-21 00:34:53 - Completed prompt #37[0m
[0;34m2025-09-21 00:34:58 - Generating prompt #38 (Section 3, Prompt 4/17)[0m
[1;33m2025-09-21 00:34:58 - Running prompt generation...[0m
PROMPT GENERATION COMPLETE - Prompt #38
[0;32m2025-09-21 00:35:20 - Completed prompt #38[0m
[0;34m2025-09-21 00:35:25 - Generating prompt #39 (Section 3, Prompt 5/17)[0m
[1;33m2025-09-21 00:35:25 - Running prompt generation...[0m
PROMPT GENERATION COMPLETE - Prompt #39
[0;32m2025-09-21 00:35:46 - Completed prompt #39[0m
[0;34m2025-09-21 00:35:51 - Generating prompt #40 (Section 3, Prompt 6/17)[0m
[1;33m2025-09-21 00:35:51 - Running prompt generation...[0m
PROMPT GENERATION COMPLETE - Prompt #40
[0;32m2025-09-21 00:36:15 - Completed prompt #40[0m
[0;34m2025-09-21 00:36:20 - Generating prompt #41 (Section 3, Prompt 7/17)[0m
[1;33m2025-09-21 00:36:20 - Running prompt generation...[0m
PROMPT GENERATION COMPLETE - Prompt #41
[0;32m2025-09-21 00:36:45 - Completed prompt #41[0m
[0;34m2025-09-21 00:36:50 - Generating prompt #42 (Section 3, Prompt 8/17)[0m
[1;33m2025-09-21 00:36:50 - Running prompt generation...[0m
PROMPT GENERATION COMPLETE - Prompt #42
[0;32m2025-09-21 00:37:11 - Completed prompt #42[0m
[0;34m2025-09-21 00:37:16 - Generating prompt #43 (Section 3, Prompt 9/17)[0m
[1;33m2025-09-21 00:37:16 - Running prompt generation...[0m
PROMPT GENERATION COMPLETE - Prompt #43
[0;32m2025-09-21 00:37:37 - Completed prompt #43[0m
[0;34m2025-09-21 00:37:42 - Generating prompt #44 (Section 3, Prompt 10/17)[0m
[1;33m2025-09-21 00:37:42 - Running prompt generation...[0m
PROMPT GENERATION COMPLETE - Prompt #44
[0;32m2025-09-21 00:38:02 - Completed prompt #44[0m
[0;34m2025-09-21 00:38:07 - Generating prompt #45 (Section 3, Prompt 11/17)[0m
[1;33m2025-09-21 00:38:07 - Running prompt generation...[0m
PROMPT GENERATION COMPLETE - Prompt #45
[0;32m2025-09-21 00:38:29 - Completed prompt #45[0m
[0;34m2025-09-21 00:38:34 - Generating prompt #46 (Section 3, Prompt 12/17)[0m
[1;33m2025-09-21 00:38:34 - Running prompt generation...[0m
PROMPT GENERATION COMPLETE - Prompt #46
[0;32m2025-09-21 00:38:57 - Completed prompt #46[0m
[0;34m2025-09-21 00:39:02 - Generating prompt #47 (Section 3, Prompt 13/17)[0m
[1;33m2025-09-21 00:39:02 - Running prompt generation...[0m
PROMPT GENERATION COMPLETE - Prompt #47
[0;32m2025-09-21 00:39:31 - Completed prompt #47[0m
[0;34m2025-09-21 00:39:36 - Generating prompt #48 (Section 3, Prompt 14/17)[0m
[1;33m2025-09-21 00:39:36 - Running prompt generation...[0m
PROMPT GENERATION COMPLETE - Prompt #48
[0;32m2025-09-21 00:39:58 - Completed prompt #48[0m
[0;34m2025-09-21 00:40:03 - Generating prompt #49 (Section 3, Prompt 15/17)[0m
[1;33m2025-09-21 00:40:03 - Running prompt generation...[0m
PROMPT GENERATION COMPLETE - Prompt #49
[0;32m2025-09-21 00:40:26 - Completed prompt #49[0m
[0;34m2025-09-21 00:40:31 - Generating prompt #50 (Section 3, Prompt 16/17)[0m
[1;33m2025-09-21 00:40:31 - Running prompt generation...[0m
PROMPT GENERATION COMPLETE - Prompt #50
[0;32m2025-09-21 00:40:57 - Completed prompt #50[0m
[0;34m2025-09-21 00:41:02 - Generating prompt #51 (Section 3, Prompt 17/17)[0m
[1;33m2025-09-21 00:41:02 - Running prompt generation...[0m
<invoke name="Edit">
<parameter name="file_path">/Users/ikim1/Documents/GitHub/templata-digital-nomad-planning/src/data/prompts-digital-nomad-planning.ts</parameter>
<parameter name="old_string">  {
    id: 'prompt-50',
    prompt: 'Schedule and conduct a final equipment check and departure countdown protocol for all travel gear, documents, and digital systems before leaving for nomadic life',
    category: 'action',
    helpText: 'Implementing a systematic final countdown checklist is essential for ensuring you depart with everything needed for nomadic success and nothing is forgotten in the excitement of leaving. Create a detailed protocol covering equipment testing, document verification, digital backup confirmation, and emergency contact distribution that you execute in the final 48 hours before departure. This structured approach prevents costly oversights and provides confidence that you\'re fully prepared for the challenges of nomadic life.'
  }
];</parameter>
<parameter name="new_string">  {
    id: 'prompt-50',
    prompt: 'Schedule and conduct a final equipment check and departure countdown protocol for all travel gear, documents, and digital systems before leaving for nomadic life',
    category: 'action',
    helpText: 'Implementing a systematic final countdown checklist is essential for ensuring you depart with everything needed for nomadic success and nothing is forgotten in the excitement of leaving. Create a detailed protocol covering equipment testing, document verification, digital backup confirmation, and emergency contact distribution that you execute in the final 48 hours before departure. This structured approach prevents costly oversights and provides confidence that you\'re fully prepared for the challenges of nomadic life.'
  },
  {
    id: 'prompt-51',
    prompt: 'Create and execute a location transition checklist for your first destination change including accommodation checkout, packing optimization, and arrival logistics coordination',
    category: 'action',
    helpText: 'Mastering the location transition process is a critical nomadic skill that determines whether you experience smooth moves or stressful relocations between destinations. Develop a systematic checklist covering checkout procedures, efficient packing methods that minimize weight and maximize protection for electronics, and arrival coordination including ground transportation and immediate workspace setup. Practice this process during your first move to establish routines that will serve you throughout your nomadic journey.'
  }
];</parameter>
</invoke>
[0;32m2025-09-21 00:41:21 - Completed prompt #51[0m
[0;34m2025-09-21 00:41:26 - Generating prompt #52 (Section 4, Prompt 1/17)[0m
[1;33m2025-09-21 00:41:26 - Running prompt generation...[0m
PROMPT GENERATION COMPLETE - Prompt #52
[0;32m2025-09-21 00:41:46 - Completed prompt #52[0m
[0;34m2025-09-21 00:41:51 - Generating prompt #53 (Section 4, Prompt 2/17)[0m
[1;33m2025-09-21 00:41:51 - Running prompt generation...[0m
PROMPT GENERATION COMPLETE - Prompt #53
[0;32m2025-09-21 00:42:15 - Completed prompt #53[0m
[0;34m2025-09-21 00:42:20 - Generating prompt #54 (Section 4, Prompt 3/17)[0m
[1;33m2025-09-21 00:42:20 - Running prompt generation...[0m
PROMPT GENERATION COMPLETE - Prompt #54
[0;32m2025-09-21 00:42:43 - Completed prompt #54[0m
[0;34m2025-09-21 00:42:48 - Generating prompt #55 (Section 4, Prompt 4/17)[0m
[1;33m2025-09-21 00:42:49 - Running prompt generation...[0m
PROMPT GENERATION COMPLETE - Prompt #55
[0;32m2025-09-21 00:43:14 - Completed prompt #55[0m
[0;34m2025-09-21 00:43:19 - Generating prompt #56 (Section 4, Prompt 5/17)[0m
[1;33m2025-09-21 00:43:19 - Running prompt generation...[0m
PROMPT GENERATION COMPLETE - Prompt #56
[0;32m2025-09-21 00:43:42 - Completed prompt #56[0m
[0;34m2025-09-21 00:43:47 - Generating prompt #57 (Section 4, Prompt 6/17)[0m
[1;33m2025-09-21 00:43:47 - Running prompt generation...[0m
PROMPT GENERATION COMPLETE - Prompt #57
[0;32m2025-09-21 00:44:10 - Completed prompt #57[0m
[0;34m2025-09-21 00:44:15 - Generating prompt #58 (Section 4, Prompt 7/17)[0m
[1;33m2025-09-21 00:44:15 - Running prompt generation...[0m
PROMPT GENERATION COMPLETE - Prompt #58
[0;32m2025-09-21 00:44:38 - Completed prompt #58[0m
[0;34m2025-09-21 00:44:43 - Generating prompt #59 (Section 4, Prompt 8/17)[0m
[1;33m2025-09-21 00:44:43 - Running prompt generation...[0m
PROMPT GENERATION COMPLETE - Prompt #59
[0;32m2025-09-21 00:45:09 - Completed prompt #59[0m
[0;34m2025-09-21 00:45:14 - Generating prompt #60 (Section 4, Prompt 9/17)[0m
[1;33m2025-09-21 00:45:14 - Running prompt generation...[0m
PROMPT GENERATION COMPLETE - Prompt #60
[0;32m2025-09-21 00:45:37 - Completed prompt #60[0m
[0;34m2025-09-21 00:45:42 - Generating prompt #61 (Section 4, Prompt 10/17)[0m
[1;33m2025-09-21 00:45:42 - Running prompt generation...[0m
PROMPT GENERATION COMPLETE - Prompt #61
[0;32m2025-09-21 00:46:06 - Completed prompt #61[0m
[0;34m2025-09-21 00:46:11 - Generating prompt #62 (Section 4, Prompt 11/17)[0m
[1;33m2025-09-21 00:46:11 - Running prompt generation...[0m
PROMPT GENERATION COMPLETE - Prompt #62
[0;32m2025-09-21 00:46:34 - Completed prompt #62[0m
[0;34m2025-09-21 00:46:39 - Generating prompt #63 (Section 4, Prompt 12/17)[0m
[1;33m2025-09-21 00:46:39 - Running prompt generation...[0m
PROMPT GENERATION COMPLETE - Prompt #63
[0;32m2025-09-21 00:47:09 - Completed prompt #63[0m
[0;34m2025-09-21 00:47:14 - Generating prompt #64 (Section 4, Prompt 13/17)[0m
[1;33m2025-09-21 00:47:14 - Running prompt generation...[0m
PROMPT GENERATION COMPLETE - Prompt #64
[0;32m2025-09-21 00:47:38 - Completed prompt #64[0m
[0;34m2025-09-21 00:47:43 - Generating prompt #65 (Section 4, Prompt 14/17)[0m
[1;33m2025-09-21 00:47:43 - Running prompt generation...[0m
PROMPT GENERATION COMPLETE - Prompt #65
[0;32m2025-09-21 00:48:06 - Completed prompt #65[0m
[0;34m2025-09-21 00:48:11 - Generating prompt #66 (Section 4, Prompt 15/17)[0m
[1;33m2025-09-21 00:48:11 - Running prompt generation...[0m
PROMPT GENERATION COMPLETE - Prompt #66
[0;32m2025-09-21 00:48:31 - Completed prompt #66[0m
[0;34m2025-09-21 00:48:36 - Generating prompt #67 (Section 4, Prompt 16/17)[0m
[1;33m2025-09-21 00:48:36 - Running prompt generation...[0m
PROMPT GENERATION COMPLETE - Prompt #67
[0;32m2025-09-21 00:48:57 - Completed prompt #67[0m
[0;34m2025-09-21 00:49:02 - Generating prompt #68 (Section 4, Prompt 17/17)[0m
[1;33m2025-09-21 00:49:02 - Running prompt generation...[0m
PROMPT GENERATION COMPLETE - Prompt #68
[0;32m2025-09-21 00:49:24 - Completed prompt #68[0m
[0;34m2025-09-21 00:49:29 - Generating prompt #69 (Section 5, Prompt 1/17)[0m
[1;33m2025-09-21 00:49:29 - Running prompt generation...[0m
PROMPT GENERATION COMPLETE - Prompt #69
[0;32m2025-09-21 00:49:51 - Completed prompt #69[0m
[0;34m2025-09-21 00:49:56 - Generating prompt #70 (Section 5, Prompt 2/17)[0m
[1;33m2025-09-21 00:49:56 - Running prompt generation...[0m
PROMPT GENERATION COMPLETE - Prompt #70
[0;32m2025-09-21 00:50:17 - Completed prompt #70[0m
[0;34m2025-09-21 00:50:22 - Generating prompt #71 (Section 5, Prompt 3/17)[0m
[1;33m2025-09-21 00:50:22 - Running prompt generation...[0m
PROMPT GENERATION COMPLETE - Prompt #71
[0;32m2025-09-21 00:50:45 - Completed prompt #71[0m
[0;34m2025-09-21 00:50:50 - Generating prompt #72 (Section 5, Prompt 4/17)[0m
[1;33m2025-09-21 00:50:50 - Running prompt generation...[0m
PROMPT GENERATION COMPLETE - Prompt #72
[0;32m2025-09-21 00:51:12 - Completed prompt #72[0m
[0;34m2025-09-21 00:51:17 - Generating prompt #73 (Section 5, Prompt 5/17)[0m
[1;33m2025-09-21 00:51:17 - Running prompt generation...[0m
PROMPT GENERATION COMPLETE - Prompt #73
[0;32m2025-09-21 00:51:40 - Completed prompt #73[0m
[0;34m2025-09-21 00:51:45 - Generating prompt #74 (Section 5, Prompt 6/17)[0m
[1;33m2025-09-21 00:51:45 - Running prompt generation...[0m
5-hour limit reached ∙ resets 5am
[0;32m2025-09-21 00:51:52 - Completed prompt #74[0m
[0;34m2025-09-21 00:51:57 - Generating prompt #75 (Section 5, Prompt 7/17)[0m
[1;33m2025-09-21 00:51:57 - Running prompt generation...[0m
5-hour limit reached ∙ resets 5am
[0;32m2025-09-21 00:52:08 - Completed prompt #75[0m
[0;34m2025-09-21 00:52:13 - Generating prompt #76 (Section 5, Prompt 8/17)[0m
[1;33m2025-09-21 00:52:13 - Running prompt generation...[0m
5-hour limit reached ∙ resets 5am
[0;32m2025-09-21 00:52:24 - Completed prompt #76[0m
[0;34m2025-09-21 00:52:29 - Generating prompt #77 (Section 5, Prompt 9/17)[0m
[1;33m2025-09-21 00:52:30 - Running prompt generation...[0m
5-hour limit reached ∙ resets 5am
[0;32m2025-09-21 00:52:43 - Completed prompt #77[0m
[0;34m2025-09-21 00:52:48 - Generating prompt #78 (Section 5, Prompt 10/17)[0m
[1;33m2025-09-21 00:52:48 - Running prompt generation...[0m
5-hour limit reached ∙ resets 5am
[0;32m2025-09-21 00:52:58 - Completed prompt #78[0m
[0;34m2025-09-21 00:53:03 - Generating prompt #79 (Section 5, Prompt 11/17)[0m
[1;33m2025-09-21 00:53:03 - Running prompt generation...[0m
5-hour limit reached ∙ resets 5am
[0;32m2025-09-21 00:53:15 - Completed prompt #79[0m
[0;34m2025-09-21 00:53:21 - Generating prompt #80 (Section 5, Prompt 12/17)[0m
[1;33m2025-09-21 00:53:21 - Running prompt generation...[0m
5-hour limit reached ∙ resets 5am
[0;32m2025-09-21 00:53:31 - Completed prompt #80[0m
[0;34m2025-09-21 00:53:36 - Generating prompt #81 (Section 5, Prompt 13/17)[0m
[1;33m2025-09-21 00:53:36 - Running prompt generation...[0m
5-hour limit reached ∙ resets 5am
[0;32m2025-09-21 00:53:50 - Completed prompt #81[0m
[0;34m2025-09-21 00:53:55 - Generating prompt #82 (Section 5, Prompt 14/17)[0m
[1;33m2025-09-21 00:53:55 - Running prompt generation...[0m
5-hour limit reached ∙ resets 5am
[0;32m2025-09-21 00:54:06 - Completed prompt #82[0m
[0;34m2025-09-21 00:54:12 - Generating prompt #83 (Section 5, Prompt 15/17)[0m
[1;33m2025-09-21 00:54:12 - Running prompt generation...[0m
5-hour limit reached ∙ resets 5am
[0;32m2025-09-21 00:54:22 - Completed prompt #83[0m
[0;34m2025-09-21 00:54:27 - Generating prompt #84 (Section 5, Prompt 16/17)[0m
[1;33m2025-09-21 00:54:27 - Running prompt generation...[0m
5-hour limit reached ∙ resets 5am
[0;32m2025-09-21 00:54:40 - Completed prompt #84[0m
[0;34m2025-09-21 00:54:45 - Generating prompt #85 (Section 5, Prompt 17/17)[0m
[1;33m2025-09-21 00:54:45 - Running prompt generation...[0m
5-hour limit reached ∙ resets 5am
[0;32m2025-09-21 00:54:55 - Completed prompt #85[0m
[0;34m2025-09-21 00:55:00 - Generating prompt #86 (Section 6, Prompt 1/17)[0m
[1;33m2025-09-21 00:55:00 - Running prompt generation...[0m
5-hour limit reached ∙ resets 5am
[0;32m2025-09-21 00:55:11 - Completed prompt #86[0m
[0;34m2025-09-21 00:55:16 - Generating prompt #87 (Section 6, Prompt 2/17)[0m
[1;33m2025-09-21 00:55:16 - Running prompt generation...[0m
5-hour limit reached ∙ resets 5am
[0;32m2025-09-21 00:55:28 - Completed prompt #87[0m
[0;34m2025-09-21 00:55:33 - Generating prompt #88 (Section 6, Prompt 3/17)[0m
[1;33m2025-09-21 00:55:33 - Running prompt generation...[0m
5-hour limit reached ∙ resets 5am
[0;32m2025-09-21 00:55:45 - Completed prompt #88[0m
[0;34m2025-09-21 00:55:50 - Generating prompt #89 (Section 6, Prompt 4/17)[0m
[1;33m2025-09-21 00:55:50 - Running prompt generation...[0m
5-hour limit reached ∙ resets 5am
[0;32m2025-09-21 00:55:59 - Completed prompt #89[0m
[0;34m2025-09-21 00:56:04 - Generating prompt #90 (Section 6, Prompt 5/17)[0m
[1;33m2025-09-21 00:56:04 - Running prompt generation...[0m
5-hour limit reached ∙ resets 5am
[0;32m2025-09-21 00:56:14 - Completed prompt #90[0m
[0;34m2025-09-21 00:56:19 - Generating prompt #91 (Section 6, Prompt 6/17)[0m
[1;33m2025-09-21 00:56:19 - Running prompt generation...[0m
5-hour limit reached ∙ resets 5am
[0;32m2025-09-21 00:56:31 - Completed prompt #91[0m
[0;34m2025-09-21 00:56:36 - Generating prompt #92 (Section 6, Prompt 7/17)[0m
[1;33m2025-09-21 00:56:36 - Running prompt generation...[0m
5-hour limit reached ∙ resets 5am
[0;32m2025-09-21 00:56:47 - Completed prompt #92[0m
[0;34m2025-09-21 00:56:52 - Generating prompt #93 (Section 6, Prompt 8/17)[0m
[1;33m2025-09-21 00:56:52 - Running prompt generation...[0m
5-hour limit reached ∙ resets 5am
[0;32m2025-09-21 00:57:02 - Completed prompt #93[0m
[0;34m2025-09-21 00:57:07 - Generating prompt #94 (Section 6, Prompt 9/17)[0m
[1;33m2025-09-21 00:57:07 - Running prompt generation...[0m
5-hour limit reached ∙ resets 5am
[0;32m2025-09-21 00:57:21 - Completed prompt #94[0m
[0;34m2025-09-21 00:57:26 - Generating prompt #95 (Section 6, Prompt 10/17)[0m
[1;33m2025-09-21 00:57:26 - Running prompt generation...[0m
5-hour limit reached ∙ resets 5am
[0;32m2025-09-21 00:57:38 - Completed prompt #95[0m
[0;34m2025-09-21 00:57:43 - Generating prompt #96 (Section 6, Prompt 11/17)[0m
[1;33m2025-09-21 00:57:43 - Running prompt generation...[0m
5-hour limit reached ∙ resets 5am
[0;32m2025-09-21 00:57:53 - Completed prompt #96[0m
[0;34m2025-09-21 00:57:58 - Generating prompt #97 (Section 6, Prompt 12/17)[0m
[1;33m2025-09-21 00:57:58 - Running prompt generation...[0m
5-hour limit reached ∙ resets 5am
[0;32m2025-09-21 00:58:09 - Completed prompt #97[0m
[0;34m2025-09-21 00:58:14 - Generating prompt #98 (Section 6, Prompt 13/17)[0m
[1;33m2025-09-21 00:58:14 - Running prompt generation...[0m
5-hour limit reached ∙ resets 5am
[0;32m2025-09-21 00:58:27 - Completed prompt #98[0m
[0;34m2025-09-21 00:58:32 - Generating prompt #99 (Section 6, Prompt 14/17)[0m
[1;33m2025-09-21 00:58:32 - Running prompt generation...[0m
5-hour limit reached ∙ resets 5am
[0;32m2025-09-21 00:58:41 - Completed prompt #99[0m
[0;34m2025-09-21 00:58:46 - Generating prompt #100 (Section 6, Prompt 15/17)[0m
[1;33m2025-09-21 00:58:46 - Running prompt generation...[0m
5-hour limit reached ∙ resets 5am
[0;32m2025-09-21 00:58:54 - Completed prompt #100[0m
[0;34m2025-09-21 00:58:59 - Generating prompt #101 (Section 6, Prompt 16/17)[0m
[1;33m2025-09-21 00:58:59 - Running prompt generation...[0m
5-hour limit reached ∙ resets 5am
[0;32m2025-09-21 00:59:05 - Completed prompt #101[0m
[0;34m2025-09-21 00:59:10 - Generating prompt #102 (Section 6, Prompt 17/17)[0m
[1;33m2025-09-21 00:59:10 - Running prompt generation...[0m
5-hour limit reached ∙ resets 5am
[0;32m2025-09-21 00:59:17 - Completed prompt #102[0m
