[0;34m2025-09-21 00:17:33 - Starting Prompt Generation Cycle for template: chronic-illness[0m
[1;33m2025-09-21 00:17:33 - Override flag detected - resetting progress and recreating files[0m
[0;32m2025-09-21 00:17:33 - Progress reset to 0 for template: chronic-illness[0m
[0;32m2025-09-21 00:17:33 - Using existing worktree: ../templata-chronic-illness[0m
[1;33m2025-09-21 00:17:34 - Creating template prompt file: prompts-chronic-illness.ts[0m
[0;32m2025-09-21 00:17:34 - Created template prompt file: ../templata-chronic-illness/src/data/prompts-chronic-illness.ts[0m
[0;34m2025-09-21 00:17:34 - Generating prompt #1 (Section 1, Prompt 1/17)[0m
[1;33m2025-09-21 00:17:34 - Running prompt generation...[0m
PROMPT GENERATION COMPLETE - Prompt #1
[0;32m2025-09-21 00:18:07 - Completed prompt #1[0m
[0;34m2025-09-21 00:18:12 - Generating prompt #2 (Section 1, Prompt 2/17)[0m
[1;33m2025-09-21 00:18:12 - Running prompt generation...[0m
PROMPT GENERATION COMPLETE - Prompt #2
[0;32m2025-09-21 00:18:48 - Completed prompt #2[0m
[0;34m2025-09-21 00:18:53 - Generating prompt #3 (Section 1, Prompt 3/17)[0m
[1;33m2025-09-21 00:18:53 - Running prompt generation...[0m
PROMPT GENERATION COMPLETE - Prompt #3
[0;32m2025-09-21 00:19:21 - Completed prompt #3[0m
[0;34m2025-09-21 00:19:26 - Generating prompt #4 (Section 1, Prompt 4/17)[0m
[1;33m2025-09-21 00:19:26 - Running prompt generation...[0m
PROMPT GENERATION COMPLETE - Prompt #4
[0;32m2025-09-21 00:19:46 - Completed prompt #4[0m
[0;34m2025-09-21 00:19:52 - Generating prompt #5 (Section 1, Prompt 5/17)[0m
[1;33m2025-09-21 00:19:52 - Running prompt generation...[0m
PROMPT GENERATION COMPLETE - Prompt #5
[0;32m2025-09-21 00:20:15 - Completed prompt #5[0m
[0;34m2025-09-21 00:20:20 - Generating prompt #6 (Section 1, Prompt 6/17)[0m
[1;33m2025-09-21 00:20:20 - Running prompt generation...[0m
PROMPT GENERATION COMPLETE - Prompt #6
[0;32m2025-09-21 00:20:46 - Completed prompt #6[0m
[0;34m2025-09-21 00:20:51 - Generating prompt #7 (Section 1, Prompt 7/17)[0m
[1;33m2025-09-21 00:20:51 - Running prompt generation...[0m
PROMPT GENERATION COMPLETE - Prompt #7
[0;32m2025-09-21 00:21:16 - Completed prompt #7[0m
[0;34m2025-09-21 00:21:21 - Generating prompt #8 (Section 1, Prompt 8/17)[0m
[1;33m2025-09-21 00:21:21 - Running prompt generation...[0m
PROMPT GENERATION COMPLETE - Prompt #8
[0;32m2025-09-21 00:21:45 - Completed prompt #8[0m
[0;34m2025-09-21 00:21:50 - Generating prompt #9 (Section 1, Prompt 9/17)[0m
[1;33m2025-09-21 00:21:50 - Running prompt generation...[0m
PROMPT GENERATION COMPLETE - Prompt #9
[0;32m2025-09-21 00:22:10 - Completed prompt #9[0m
[0;34m2025-09-21 00:22:15 - Generating prompt #10 (Section 1, Prompt 10/17)[0m
[1;33m2025-09-21 00:22:16 - Running prompt generation...[0m
PROMPT GENERATION COMPLETE - Prompt #10
[0;32m2025-09-21 00:22:36 - Completed prompt #10[0m
[0;34m2025-09-21 00:22:41 - Generating prompt #11 (Section 1, Prompt 11/17)[0m
[1;33m2025-09-21 00:22:41 - Running prompt generation...[0m
PROMPT GENERATION COMPLETE - Prompt #11
[0;32m2025-09-21 00:23:01 - Completed prompt #11[0m
[0;34m2025-09-21 00:23:06 - Generating prompt #12 (Section 1, Prompt 12/17)[0m
[1;33m2025-09-21 00:23:06 - Running prompt generation...[0m
PROMPT GENERATION COMPLETE - Prompt #12
[0;32m2025-09-21 00:23:25 - Completed prompt #12[0m
[0;34m2025-09-21 00:23:30 - Generating prompt #13 (Section 1, Prompt 13/17)[0m
[1;33m2025-09-21 00:23:30 - Running prompt generation...[0m
PROMPT GENERATION COMPLETE - Prompt #13
[0;32m2025-09-21 00:23:50 - Completed prompt #13[0m
[0;34m2025-09-21 00:23:55 - Generating prompt #14 (Section 1, Prompt 14/17)[0m
[1;33m2025-09-21 00:23:55 - Running prompt generation...[0m
PROMPT GENERATION COMPLETE - Prompt #14
[0;32m2025-09-21 00:24:17 - Completed prompt #14[0m
[0;34m2025-09-21 00:24:22 - Generating prompt #15 (Section 1, Prompt 15/17)[0m
[1;33m2025-09-21 00:24:22 - Running prompt generation...[0m
PROMPT GENERATION COMPLETE - Prompt #15
[0;32m2025-09-21 00:24:43 - Completed prompt #15[0m
[0;34m2025-09-21 00:24:48 - Generating prompt #16 (Section 1, Prompt 16/17)[0m
[1;33m2025-09-21 00:24:48 - Running prompt generation...[0m
PROMPT GENERATION COMPLETE - Prompt #16
[0;32m2025-09-21 00:25:11 - Completed prompt #16[0m
[0;34m2025-09-21 00:25:16 - Generating prompt #17 (Section 1, Prompt 17/17)[0m
[1;33m2025-09-21 00:25:16 - Running prompt generation...[0m
PROMPT GENERATION COMPLETE - Prompt #17
[0;32m2025-09-21 00:25:36 - Completed prompt #17[0m
[0;34m2025-09-21 00:25:41 - Generating prompt #18 (Section 2, Prompt 1/17)[0m
[1;33m2025-09-21 00:25:41 - Running prompt generation...[0m
PROMPT GENERATION COMPLETE - Prompt #18
[0;32m2025-09-21 00:26:04 - Completed prompt #18[0m
[0;34m2025-09-21 00:26:09 - Generating prompt #19 (Section 2, Prompt 2/17)[0m
[1;33m2025-09-21 00:26:09 - Running prompt generation...[0m
PROMPT GENERATION COMPLETE - Prompt #19
[0;32m2025-09-21 00:26:32 - Completed prompt #19[0m
[0;34m2025-09-21 00:26:37 - Generating prompt #20 (Section 2, Prompt 3/17)[0m
[1;33m2025-09-21 00:26:37 - Running prompt generation...[0m
PROMPT GENERATION COMPLETE - Prompt #20
[0;32m2025-09-21 00:26:59 - Completed prompt #20[0m
[0;34m2025-09-21 00:27:04 - Generating prompt #21 (Section 2, Prompt 4/17)[0m
[1;33m2025-09-21 00:27:04 - Running prompt generation...[0m
PROMPT GENERATION COMPLETE - Prompt #21
[0;32m2025-09-21 00:27:25 - Completed prompt #21[0m
[0;34m2025-09-21 00:27:30 - Generating prompt #22 (Section 2, Prompt 5/17)[0m
[1;33m2025-09-21 00:27:30 - Running prompt generation...[0m
PROMPT GENERATION COMPLETE - Prompt #22
[0;32m2025-09-21 00:27:53 - Completed prompt #22[0m
[0;34m2025-09-21 00:27:58 - Generating prompt #23 (Section 2, Prompt 6/17)[0m
[1;33m2025-09-21 00:27:58 - Running prompt generation...[0m
PROMPT GENERATION COMPLETE - Prompt #23
[0;32m2025-09-21 00:28:19 - Completed prompt #23[0m
[0;34m2025-09-21 00:28:24 - Generating prompt #24 (Section 2, Prompt 7/17)[0m
[1;33m2025-09-21 00:28:24 - Running prompt generation...[0m
PROMPT GENERATION COMPLETE - Prompt #24
[0;32m2025-09-21 00:28:45 - Completed prompt #24[0m
[0;34m2025-09-21 00:28:50 - Generating prompt #25 (Section 2, Prompt 8/17)[0m
[1;33m2025-09-21 00:28:50 - Running prompt generation...[0m
PROMPT GENERATION COMPLETE - Prompt #25
[0;32m2025-09-21 00:29:11 - Completed prompt #25[0m
[0;34m2025-09-21 00:29:16 - Generating prompt #26 (Section 2, Prompt 9/17)[0m
[1;33m2025-09-21 00:29:16 - Running prompt generation...[0m
PROMPT GENERATION COMPLETE - Prompt #26
[0;32m2025-09-21 00:29:39 - Completed prompt #26[0m
[0;34m2025-09-21 00:29:44 - Generating prompt #27 (Section 2, Prompt 10/17)[0m
[1;33m2025-09-21 00:29:44 - Running prompt generation...[0m
PROMPT GENERATION COMPLETE - Prompt #27
[0;32m2025-09-21 00:30:06 - Completed prompt #27[0m
[0;34m2025-09-21 00:30:11 - Generating prompt #28 (Section 2, Prompt 11/17)[0m
[1;33m2025-09-21 00:30:11 - Running prompt generation...[0m
PROMPT GENERATION COMPLETE - Prompt #28
[0;32m2025-09-21 00:30:31 - Completed prompt #28[0m
[0;34m2025-09-21 00:30:36 - Generating prompt #29 (Section 2, Prompt 12/17)[0m
[1;33m2025-09-21 00:30:36 - Running prompt generation...[0m
<invoke name="Edit">
<parameter name="file_path">/Users/ikim1/Documents/GitHub/templata-chronic-illness/src/data/prompts-chronic-illness.ts</parameter>
<parameter name="old_string">  {
    id: 'prompt-28',
    prompt: 'Create a comprehensive transition plan for managing your chronic illness during major life changes such as moving, job changes, or relationship transitions',
    category: 'planning',
    helpText: 'Life transitions can significantly disrupt chronic illness management routines and access to care, making advance planning essential for maintaining stability. Document how to transfer medical records, research healthcare providers in new locations, and maintain medication access during transitions. Include strategies for managing stress-related symptom flares that often accompany major changes, and create backup plans for accessing care if your usual support systems are temporarily unavailable.'
  }
];</parameter>
<parameter name="new_string">  {
    id: 'prompt-28',
    prompt: 'Create a comprehensive transition plan for managing your chronic illness during major life changes such as moving, job changes, or relationship transitions',
    category: 'planning',
    helpText: 'Life transitions can significantly disrupt chronic illness management routines and access to care, making advance planning essential for maintaining stability. Document how to transfer medical records, research healthcare providers in new locations, and maintain medication access during transitions. Include strategies for managing stress-related symptom flares that often accompany major changes, and create backup plans for accessing care if your usual support systems are temporarily unavailable.'
  },
  {
    id: 'prompt-29',
    prompt: 'Research and create a detailed family education plan to help loved ones understand your chronic illness and their role in supporting your care',
    category: 'planning',
    helpText: 'Educating your family and close friends about your chronic illness ensures they can provide appropriate support and understand the invisible aspects of your condition. Create materials explaining your specific symptoms, treatment requirements, and how they can help during flares or emergencies. Include information about what activities may need to be modified, how to recognize when you need assistance, and dispel common misconceptions about your condition to build a more supportive environment.'
  }
];</parameter>
</invoke>
[0;32m2025-09-21 00:30:56 - Completed prompt #29[0m
[0;34m2025-09-21 00:31:01 - Generating prompt #30 (Section 2, Prompt 13/17)[0m
[1;33m2025-09-21 00:31:01 - Running prompt generation...[0m
PROMPT GENERATION COMPLETE - Prompt #30
[0;32m2025-09-21 00:31:31 - Completed prompt #30[0m
[0;34m2025-09-21 00:31:36 - Generating prompt #31 (Section 2, Prompt 14/17)[0m
[1;33m2025-09-21 00:31:36 - Running prompt generation...[0m
PROMPT GENERATION COMPLETE - Prompt #31
[0;32m2025-09-21 00:31:57 - Completed prompt #31[0m
[0;34m2025-09-21 00:32:02 - Generating prompt #32 (Section 2, Prompt 15/17)[0m
[1;33m2025-09-21 00:32:02 - Running prompt generation...[0m
PROMPT GENERATION COMPLETE - Prompt #32
[0;32m2025-09-21 00:32:23 - Completed prompt #32[0m
[0;34m2025-09-21 00:32:28 - Generating prompt #33 (Section 2, Prompt 16/17)[0m
[1;33m2025-09-21 00:32:28 - Running prompt generation...[0m
PROMPT GENERATION COMPLETE - Prompt #33
[0;32m2025-09-21 00:32:47 - Completed prompt #33[0m
[0;34m2025-09-21 00:32:53 - Generating prompt #34 (Section 2, Prompt 17/17)[0m
[1;33m2025-09-21 00:32:53 - Running prompt generation...[0m
PROMPT GENERATION COMPLETE - Prompt #34
[0;32m2025-09-21 00:33:13 - Completed prompt #34[0m
[0;34m2025-09-21 00:33:18 - Generating prompt #35 (Section 3, Prompt 1/17)[0m
[1;33m2025-09-21 00:33:18 - Running prompt generation...[0m
PROMPT GENERATION COMPLETE - Prompt #35
[0;32m2025-09-21 00:33:37 - Completed prompt #35[0m
[0;34m2025-09-21 00:33:42 - Generating prompt #36 (Section 3, Prompt 2/17)[0m
[1;33m2025-09-21 00:33:42 - Running prompt generation...[0m
PROMPT GENERATION COMPLETE - Prompt #36
[0;32m2025-09-21 00:34:03 - Completed prompt #36[0m
[0;34m2025-09-21 00:34:08 - Generating prompt #37 (Section 3, Prompt 3/17)[0m
[1;33m2025-09-21 00:34:08 - Running prompt generation...[0m
PROMPT GENERATION COMPLETE - Prompt #37
[0;32m2025-09-21 00:34:28 - Completed prompt #37[0m
[0;34m2025-09-21 00:34:33 - Generating prompt #38 (Section 3, Prompt 4/17)[0m
[1;33m2025-09-21 00:34:33 - Running prompt generation...[0m
<invoke name="Edit">
<parameter name="file_path">/Users/ikim1/Documents/GitHub/templata-chronic-illness/src/data/prompts-chronic-illness.ts</parameter>
<parameter name="old_string">    helpText: 'A functional capacity evaluation provides objective documentation of your physical and cognitive abilities, which is crucial for workplace accommodations, disability claims, and treatment planning. This assessment measures your ability to perform specific tasks like lifting, standing, concentrating, and problem-solving over extended periods. Having professional documentation of your limitations helps validate your experiences to employers and insurance companies while providing your healthcare team with concrete data to guide treatment decisions and activity recommendations.'
  }
];</parameter>
<parameter name="new_string">    helpText: 'A functional capacity evaluation provides objective documentation of your physical and cognitive abilities, which is crucial for workplace accommodations, disability claims, and treatment planning. This assessment measures your ability to perform specific tasks like lifting, standing, concentrating, and problem-solving over extended periods. Having professional documentation of your limitations helps validate your experiences to employers and insurance companies while providing your healthcare team with concrete data to guide treatment decisions and activity recommendations.'
  },
  {
    id: 'prompt-38',
    prompt: 'Schedule a comprehensive nutrition consultation with a registered dietitian who specializes in chronic illness management and dietary interventions',
    category: 'action',
    helpText: 'Proper nutrition plays a crucial role in managing chronic illness symptoms and can significantly impact inflammation, energy levels, and overall disease progression. A registered dietitian with chronic illness expertise can identify specific nutrients that support your condition, recommend anti-inflammatory foods, and create meal plans that accommodate medication timing and dietary restrictions. They can also help you develop strategies for maintaining adequate nutrition during symptom flares when appetite or digestion may be compromised.'
  }
];</parameter>
</invoke>
[0;32m2025-09-21 00:34:51 - Completed prompt #38[0m
[0;34m2025-09-21 00:34:56 - Generating prompt #39 (Section 3, Prompt 5/17)[0m
[1;33m2025-09-21 00:34:56 - Running prompt generation...[0m
PROMPT GENERATION COMPLETE - Prompt #39
[0;32m2025-09-21 00:35:17 - Completed prompt #39[0m
[0;34m2025-09-21 00:35:22 - Generating prompt #40 (Section 3, Prompt 6/17)[0m
[1;33m2025-09-21 00:35:22 - Running prompt generation...[0m
<invoke name="Edit">
<parameter name="file_path">/Users/ikim1/Documents/GitHub/templata-chronic-illness/src/data/prompts-chronic-illness.ts</parameter>
<parameter name="old_string">  }
];</parameter>
<parameter name="new_string">  },
  {
    id: 'prompt-40',
    prompt: 'Research and schedule specialized physical therapy or occupational therapy evaluations to develop a customized exercise and activity program for your chronic condition',
    category: 'action',
    helpText: 'Working with therapists experienced in chronic illness helps create safe, sustainable exercise routines that can improve symptoms while avoiding overexertion that leads to flares. These specialists understand how to modify traditional rehabilitation approaches for chronic conditions and can teach energy conservation techniques, proper body mechanics, and adaptive strategies for daily activities. A customized program addresses your specific limitations while gradually building strength and endurance within safe parameters for your condition.'
  }
];</parameter>
</invoke>
[0;32m2025-09-21 00:35:38 - Completed prompt #40[0m
[0;34m2025-09-21 00:35:43 - Generating prompt #41 (Section 3, Prompt 7/17)[0m
[1;33m2025-09-21 00:35:43 - Running prompt generation...[0m
PROMPT GENERATION COMPLETE - Prompt #41
[0;32m2025-09-21 00:36:03 - Completed prompt #41[0m
[0;34m2025-09-21 00:36:08 - Generating prompt #42 (Section 3, Prompt 8/17)[0m
[1;33m2025-09-21 00:36:08 - Running prompt generation...[0m
PROMPT GENERATION COMPLETE - Prompt #42
[0;32m2025-09-21 00:36:28 - Completed prompt #42[0m
[0;34m2025-09-21 00:36:33 - Generating prompt #43 (Section 3, Prompt 9/17)[0m
[1;33m2025-09-21 00:36:33 - Running prompt generation...[0m
PROMPT GENERATION COMPLETE - Prompt #43
[0;32m2025-09-21 00:36:55 - Completed prompt #43[0m
[0;34m2025-09-21 00:37:00 - Generating prompt #44 (Section 3, Prompt 10/17)[0m
[1;33m2025-09-21 00:37:00 - Running prompt generation...[0m
PROMPT GENERATION COMPLETE - Prompt #44
[0;32m2025-09-21 00:37:21 - Completed prompt #44[0m
[0;34m2025-09-21 00:37:26 - Generating prompt #45 (Section 3, Prompt 11/17)[0m
[1;33m2025-09-21 00:37:26 - Running prompt generation...[0m
PROMPT GENERATION COMPLETE - Prompt #45
[0;32m2025-09-21 00:37:47 - Completed prompt #45[0m
[0;34m2025-09-21 00:37:52 - Generating prompt #46 (Section 3, Prompt 12/17)[0m
[1;33m2025-09-21 00:37:52 - Running prompt generation...[0m
PROMPT GENERATION COMPLETE - Prompt #46
[0;32m2025-09-21 00:38:13 - Completed prompt #46[0m
[0;34m2025-09-21 00:38:18 - Generating prompt #47 (Section 3, Prompt 13/17)[0m
[1;33m2025-09-21 00:38:18 - Running prompt generation...[0m
PROMPT GENERATION COMPLETE - Prompt #47
[0;32m2025-09-21 00:38:39 - Completed prompt #47[0m
[0;34m2025-09-21 00:38:44 - Generating prompt #48 (Section 3, Prompt 14/17)[0m
[1;33m2025-09-21 00:38:44 - Running prompt generation...[0m
PROMPT GENERATION COMPLETE - Prompt #48
[0;32m2025-09-21 00:39:06 - Completed prompt #48[0m
[0;34m2025-09-21 00:39:11 - Generating prompt #49 (Section 3, Prompt 15/17)[0m
[1;33m2025-09-21 00:39:11 - Running prompt generation...[0m
<invoke name="Edit">
<parameter name="file_path">/Users/ikim1/Documents/GitHub/templata-chronic-illness/src/data/prompts-chronic-illness.ts</parameter>
<parameter name="old_string">  {
    id: 'prompt-48',
    prompt: 'Research and schedule a consultation with a chronic illness specialist to evaluate the effectiveness of your current treatment plan and explore advanced therapeutic options',
    category: 'research',
    helpText: 'Many chronic conditions benefit from specialized expertise that goes beyond general care, especially when standard treatments are not providing adequate symptom control. Research specialists who focus specifically on your condition and have experience with complex cases or treatment-resistant symptoms. Prepare a detailed summary of your current treatments, their effectiveness, and specific areas where you need better symptom management before the consultation to maximize the value of this specialized assessment.'
  }
];</parameter>
<parameter name="new_string">  {
    id: 'prompt-48',
    prompt: 'Research and schedule a consultation with a chronic illness specialist to evaluate the effectiveness of your current treatment plan and explore advanced therapeutic options',
    category: 'research',
    helpText: 'Many chronic conditions benefit from specialized expertise that goes beyond general care, especially when standard treatments are not providing adequate symptom control. Research specialists who focus specifically on your condition and have experience with complex cases or treatment-resistant symptoms. Prepare a detailed summary of your current treatments, their effectiveness, and specific areas where you need better symptom management before the consultation to maximize the value of this specialized assessment.'
  },
  {
    id: 'prompt-49',
    prompt: 'Create a comprehensive legal and financial protection plan including disability insurance review, medical directives, and chronic illness-specific estate planning',
    category: 'planning',
    helpText: 'Protecting your financial and legal interests becomes crucial when managing a chronic illness that may impact your earning capacity or decision-making abilities over time. Review your current disability insurance coverage, update your will and medical directives to reflect your chronic illness needs, and consider establishing powers of attorney that specifically address healthcare and financial decisions during periods when symptoms may affect your judgment. This proactive planning ensures your wishes are respected and your family is protected from financial hardship related to your condition.'
  }
];</parameter>
</invoke>
[0;32m2025-09-21 00:39:31 - Completed prompt #49[0m
[0;34m2025-09-21 00:39:36 - Generating prompt #50 (Section 3, Prompt 16/17)[0m
[1;33m2025-09-21 00:39:36 - Running prompt generation...[0m
PROMPT GENERATION COMPLETE - Prompt #50
[0;32m2025-09-21 00:39:58 - Completed prompt #50[0m
[0;34m2025-09-21 00:40:03 - Generating prompt #51 (Section 3, Prompt 17/17)[0m
[1;33m2025-09-21 00:40:03 - Running prompt generation...[0m
<invoke name="Edit">
<parameter name="file_path">/Users/ikim1/Documents/GitHub/templata-chronic-illness/src/data/prompts-chronic-illness.ts</parameter>
<parameter name="old_string">  {
    id: 'prompt-50',
    prompt: 'Create and implement a detailed chronic illness disclosure plan for workplace accommodations and necessary support conversations',
    category: 'action',
    helpText: 'Strategically planning how and when to disclose your chronic illness at work ensures you receive necessary accommodations while protecting your privacy and career prospects. Prepare talking points that focus on your abilities and needed accommodations rather than medical details, research your legal rights under the ADA, and practice these conversations beforehand. Having a clear disclosure strategy helps you advocate effectively for workplace modifications while maintaining professional relationships and job security.'
  }
];</parameter>
<parameter name="new_string">  {
    id: 'prompt-50',
    prompt: 'Create and implement a detailed chronic illness disclosure plan for workplace accommodations and necessary support conversations',
    category: 'action',
    helpText: 'Strategically planning how and when to disclose your chronic illness at work ensures you receive necessary accommodations while protecting your privacy and career prospects. Prepare talking points that focus on your abilities and needed accommodations rather than medical details, research your legal rights under the ADA, and practice these conversations beforehand. Having a clear disclosure strategy helps you advocate effectively for workplace modifications while maintaining professional relationships and job security.'
  },
  {
    id: 'prompt-51',
    prompt: 'Schedule and complete a comprehensive medication adherence review with your pharmacist to optimize dosing schedules and prevent missed doses',
    category: 'action',
    helpText: 'Consistent medication adherence is critical for chronic illness management, but complex regimens can be challenging to maintain long-term. Work with your pharmacist to review your current medication schedule, identify potential timing conflicts, and develop strategies like pill organizers, smartphone reminders, or simplified dosing schedules to improve consistency. They can also suggest ways to align medication timing with your daily routine and energy patterns to make adherence more sustainable.'
  }
];</parameter>
</invoke>
[0;32m2025-09-21 00:40:23 - Completed prompt #51[0m
[0;34m2025-09-21 00:40:28 - Generating prompt #52 (Section 4, Prompt 1/17)[0m
[1;33m2025-09-21 00:40:28 - Running prompt generation...[0m
PROMPT GENERATION COMPLETE - Prompt #52
[0;32m2025-09-21 00:40:49 - Completed prompt #52[0m
[0;34m2025-09-21 00:40:54 - Generating prompt #53 (Section 4, Prompt 2/17)[0m
[1;33m2025-09-21 00:40:54 - Running prompt generation...[0m
PROMPT GENERATION COMPLETE - Prompt #53
[0;32m2025-09-21 00:41:13 - Completed prompt #53[0m
[0;34m2025-09-21 00:41:18 - Generating prompt #54 (Section 4, Prompt 3/17)[0m
[1;33m2025-09-21 00:41:18 - Running prompt generation...[0m
PROMPT GENERATION COMPLETE - Prompt #54
[0;32m2025-09-21 00:41:41 - Completed prompt #54[0m
[0;34m2025-09-21 00:41:46 - Generating prompt #55 (Section 4, Prompt 4/17)[0m
[1;33m2025-09-21 00:41:46 - Running prompt generation...[0m
PROMPT GENERATION COMPLETE - Prompt #55
[0;32m2025-09-21 00:42:08 - Completed prompt #55[0m
[0;34m2025-09-21 00:42:13 - Generating prompt #56 (Section 4, Prompt 5/17)[0m
[1;33m2025-09-21 00:42:13 - Running prompt generation...[0m
PROMPT GENERATION COMPLETE - Prompt #56
[0;32m2025-09-21 00:42:35 - Completed prompt #56[0m
[0;34m2025-09-21 00:42:40 - Generating prompt #57 (Section 4, Prompt 6/17)[0m
[1;33m2025-09-21 00:42:40 - Running prompt generation...[0m
PROMPT GENERATION COMPLETE - Prompt #57
[0;32m2025-09-21 00:43:02 - Completed prompt #57[0m
[0;34m2025-09-21 00:43:08 - Generating prompt #58 (Section 4, Prompt 7/17)[0m
[1;33m2025-09-21 00:43:08 - Running prompt generation...[0m
PROMPT GENERATION COMPLETE - Prompt #58
[0;32m2025-09-21 00:43:31 - Completed prompt #58[0m
[0;34m2025-09-21 00:43:36 - Generating prompt #59 (Section 4, Prompt 8/17)[0m
[1;33m2025-09-21 00:43:36 - Running prompt generation...[0m
PROMPT GENERATION COMPLETE - Prompt #59
[0;32m2025-09-21 00:43:57 - Completed prompt #59[0m
[0;34m2025-09-21 00:44:02 - Generating prompt #60 (Section 4, Prompt 9/17)[0m
[1;33m2025-09-21 00:44:02 - Running prompt generation...[0m
PROMPT GENERATION COMPLETE - Prompt #60
[0;32m2025-09-21 00:44:24 - Completed prompt #60[0m
[0;34m2025-09-21 00:44:29 - Generating prompt #61 (Section 4, Prompt 10/17)[0m
[1;33m2025-09-21 00:44:29 - Running prompt generation...[0m
PROMPT GENERATION COMPLETE - Prompt #61
[0;32m2025-09-21 00:44:50 - Completed prompt #61[0m
[0;34m2025-09-21 00:44:55 - Generating prompt #62 (Section 4, Prompt 11/17)[0m
[1;33m2025-09-21 00:44:55 - Running prompt generation...[0m
PROMPT GENERATION COMPLETE - Prompt #62
[0;32m2025-09-21 00:45:13 - Completed prompt #62[0m
[0;34m2025-09-21 00:45:18 - Generating prompt #63 (Section 4, Prompt 12/17)[0m
[1;33m2025-09-21 00:45:18 - Running prompt generation...[0m
PROMPT GENERATION COMPLETE - Prompt #63
[0;32m2025-09-21 00:45:39 - Completed prompt #63[0m
[0;34m2025-09-21 00:45:44 - Generating prompt #64 (Section 4, Prompt 13/17)[0m
[1;33m2025-09-21 00:45:44 - Running prompt generation...[0m
PROMPT GENERATION COMPLETE - Prompt #64
[0;32m2025-09-21 00:46:06 - Completed prompt #64[0m
[0;34m2025-09-21 00:46:11 - Generating prompt #65 (Section 4, Prompt 14/17)[0m
[1;33m2025-09-21 00:46:11 - Running prompt generation...[0m
PROMPT GENERATION COMPLETE - Prompt #65
[0;32m2025-09-21 00:46:38 - Completed prompt #65[0m
[0;34m2025-09-21 00:46:43 - Generating prompt #66 (Section 4, Prompt 15/17)[0m
[1;33m2025-09-21 00:46:43 - Running prompt generation...[0m
PROMPT GENERATION COMPLETE - Prompt #66
[0;32m2025-09-21 00:47:07 - Completed prompt #66[0m
[0;34m2025-09-21 00:47:12 - Generating prompt #67 (Section 4, Prompt 16/17)[0m
[1;33m2025-09-21 00:47:12 - Running prompt generation...[0m
PROMPT GENERATION COMPLETE - Prompt #67
[0;32m2025-09-21 00:47:39 - Completed prompt #67[0m
[0;34m2025-09-21 00:47:44 - Generating prompt #68 (Section 4, Prompt 17/17)[0m
[1;33m2025-09-21 00:47:44 - Running prompt generation...[0m
PROMPT GENERATION COMPLETE - Prompt #68
[0;32m2025-09-21 00:48:15 - Completed prompt #68[0m
[0;34m2025-09-21 00:48:21 - Generating prompt #69 (Section 5, Prompt 1/17)[0m
[1;33m2025-09-21 00:48:21 - Running prompt generation...[0m
PROMPT GENERATION COMPLETE - Prompt #69
[0;32m2025-09-21 00:48:42 - Completed prompt #69[0m
[0;34m2025-09-21 00:48:47 - Generating prompt #70 (Section 5, Prompt 2/17)[0m
[1;33m2025-09-21 00:48:47 - Running prompt generation...[0m
PROMPT GENERATION COMPLETE - Prompt #70
[0;32m2025-09-21 00:49:07 - Completed prompt #70[0m
[0;34m2025-09-21 00:49:12 - Generating prompt #71 (Section 5, Prompt 3/17)[0m
[1;33m2025-09-21 00:49:12 - Running prompt generation...[0m
PROMPT GENERATION COMPLETE - Prompt #71
[0;32m2025-09-21 00:49:33 - Completed prompt #71[0m
[0;34m2025-09-21 00:49:38 - Generating prompt #72 (Section 5, Prompt 4/17)[0m
[1;33m2025-09-21 00:49:38 - Running prompt generation...[0m
PROMPT GENERATION COMPLETE - Prompt #72
[0;32m2025-09-21 00:50:01 - Completed prompt #72[0m
[0;34m2025-09-21 00:50:06 - Generating prompt #73 (Section 5, Prompt 5/17)[0m
[1;33m2025-09-21 00:50:06 - Running prompt generation...[0m
PROMPT GENERATION COMPLETE - Prompt #73
[0;32m2025-09-21 00:50:29 - Completed prompt #73[0m
[0;34m2025-09-21 00:50:34 - Generating prompt #74 (Section 5, Prompt 6/17)[0m
[1;33m2025-09-21 00:50:34 - Running prompt generation...[0m
PROMPT GENERATION COMPLETE - Prompt #74
[0;32m2025-09-21 00:50:59 - Completed prompt #74[0m
[0;34m2025-09-21 00:51:04 - Generating prompt #75 (Section 5, Prompt 7/17)[0m
[1;33m2025-09-21 00:51:04 - Running prompt generation...[0m
PROMPT GENERATION COMPLETE - Prompt #75
[0;32m2025-09-21 00:51:25 - Completed prompt #75[0m
[0;34m2025-09-21 00:51:30 - Generating prompt #76 (Section 5, Prompt 8/17)[0m
[1;33m2025-09-21 00:51:30 - Running prompt generation...[0m
5-hour limit reached ∙ resets 5am
[0;32m2025-09-21 00:51:49 - Completed prompt #76[0m
[0;34m2025-09-21 00:51:54 - Generating prompt #77 (Section 5, Prompt 9/17)[0m
[1;33m2025-09-21 00:51:54 - Running prompt generation...[0m
5-hour limit reached ∙ resets 5am
[0;32m2025-09-21 00:52:04 - Completed prompt #77[0m
[0;34m2025-09-21 00:52:09 - Generating prompt #78 (Section 5, Prompt 10/17)[0m
[1;33m2025-09-21 00:52:09 - Running prompt generation...[0m
5-hour limit reached ∙ resets 5am
[0;32m2025-09-21 00:52:18 - Completed prompt #78[0m
[0;34m2025-09-21 00:52:24 - Generating prompt #79 (Section 5, Prompt 11/17)[0m
[1;33m2025-09-21 00:52:24 - Running prompt generation...[0m
5-hour limit reached ∙ resets 5am
[0;32m2025-09-21 00:52:33 - Completed prompt #79[0m
[0;34m2025-09-21 00:52:38 - Generating prompt #80 (Section 5, Prompt 12/17)[0m
[1;33m2025-09-21 00:52:39 - Running prompt generation...[0m
5-hour limit reached ∙ resets 5am
[0;32m2025-09-21 00:52:50 - Completed prompt #80[0m
[0;34m2025-09-21 00:52:55 - Generating prompt #81 (Section 5, Prompt 13/17)[0m
[1;33m2025-09-21 00:52:55 - Running prompt generation...[0m
5-hour limit reached ∙ resets 5am
[0;32m2025-09-21 00:53:07 - Completed prompt #81[0m
[0;34m2025-09-21 00:53:13 - Generating prompt #82 (Section 5, Prompt 14/17)[0m
[1;33m2025-09-21 00:53:13 - Running prompt generation...[0m
5-hour limit reached ∙ resets 5am
[0;32m2025-09-21 00:53:23 - Completed prompt #82[0m
[0;34m2025-09-21 00:53:28 - Generating prompt #83 (Section 5, Prompt 15/17)[0m
[1;33m2025-09-21 00:53:29 - Running prompt generation...[0m
5-hour limit reached ∙ resets 5am
[0;32m2025-09-21 00:53:41 - Completed prompt #83[0m
[0;34m2025-09-21 00:53:46 - Generating prompt #84 (Section 5, Prompt 16/17)[0m
[1;33m2025-09-21 00:53:46 - Running prompt generation...[0m
5-hour limit reached ∙ resets 5am
[0;32m2025-09-21 00:53:56 - Completed prompt #84[0m
[0;34m2025-09-21 00:54:01 - Generating prompt #85 (Section 5, Prompt 17/17)[0m
[1;33m2025-09-21 00:54:01 - Running prompt generation...[0m
5-hour limit reached ∙ resets 5am
[0;32m2025-09-21 00:54:12 - Completed prompt #85[0m
[0;34m2025-09-21 00:54:17 - Generating prompt #86 (Section 6, Prompt 1/17)[0m
[1;33m2025-09-21 00:54:17 - Running prompt generation...[0m
5-hour limit reached ∙ resets 5am
[0;32m2025-09-21 00:54:29 - Completed prompt #86[0m
[0;34m2025-09-21 00:54:34 - Generating prompt #87 (Section 6, Prompt 2/17)[0m
[1;33m2025-09-21 00:54:34 - Running prompt generation...[0m
5-hour limit reached ∙ resets 5am
[0;32m2025-09-21 00:54:46 - Completed prompt #87[0m
[0;34m2025-09-21 00:54:51 - Generating prompt #88 (Section 6, Prompt 3/17)[0m
[1;33m2025-09-21 00:54:51 - Running prompt generation...[0m
5-hour limit reached ∙ resets 5am
[0;32m2025-09-21 00:55:01 - Completed prompt #88[0m
[0;34m2025-09-21 00:55:07 - Generating prompt #89 (Section 6, Prompt 4/17)[0m
[1;33m2025-09-21 00:55:07 - Running prompt generation...[0m
5-hour limit reached ∙ resets 5am
[0;32m2025-09-21 00:55:17 - Completed prompt #89[0m
[0;34m2025-09-21 00:55:22 - Generating prompt #90 (Section 6, Prompt 5/17)[0m
[1;33m2025-09-21 00:55:22 - Running prompt generation...[0m
5-hour limit reached ∙ resets 5am
[0;32m2025-09-21 00:55:34 - Completed prompt #90[0m
[0;34m2025-09-21 00:55:39 - Generating prompt #91 (Section 6, Prompt 6/17)[0m
[1;33m2025-09-21 00:55:40 - Running prompt generation...[0m
5-hour limit reached ∙ resets 5am
[0;32m2025-09-21 00:55:51 - Completed prompt #91[0m
[0;34m2025-09-21 00:55:56 - Generating prompt #92 (Section 6, Prompt 7/17)[0m
[1;33m2025-09-21 00:55:56 - Running prompt generation...[0m
5-hour limit reached ∙ resets 5am
[0;32m2025-09-21 00:56:08 - Completed prompt #92[0m
[0;34m2025-09-21 00:56:13 - Generating prompt #93 (Section 6, Prompt 8/17)[0m
[1;33m2025-09-21 00:56:13 - Running prompt generation...[0m
5-hour limit reached ∙ resets 5am
[0;32m2025-09-21 00:56:23 - Completed prompt #93[0m
[0;34m2025-09-21 00:56:28 - Generating prompt #94 (Section 6, Prompt 9/17)[0m
[1;33m2025-09-21 00:56:28 - Running prompt generation...[0m
5-hour limit reached ∙ resets 5am
[0;32m2025-09-21 00:56:40 - Completed prompt #94[0m
[0;34m2025-09-21 00:56:45 - Generating prompt #95 (Section 6, Prompt 10/17)[0m
[1;33m2025-09-21 00:56:45 - Running prompt generation...[0m
5-hour limit reached ∙ resets 5am
[0;32m2025-09-21 00:56:56 - Completed prompt #95[0m
[0;34m2025-09-21 00:57:01 - Generating prompt #96 (Section 6, Prompt 11/17)[0m
[1;33m2025-09-21 00:57:01 - Running prompt generation...[0m
5-hour limit reached ∙ resets 5am
[0;32m2025-09-21 00:57:14 - Completed prompt #96[0m
[0;34m2025-09-21 00:57:19 - Generating prompt #97 (Section 6, Prompt 12/17)[0m
[1;33m2025-09-21 00:57:19 - Running prompt generation...[0m
5-hour limit reached ∙ resets 5am
[0;32m2025-09-21 00:57:28 - Completed prompt #97[0m
[0;34m2025-09-21 00:57:33 - Generating prompt #98 (Section 6, Prompt 13/17)[0m
[1;33m2025-09-21 00:57:34 - Running prompt generation...[0m
5-hour limit reached ∙ resets 5am
[0;32m2025-09-21 00:57:44 - Completed prompt #98[0m
[0;34m2025-09-21 00:57:49 - Generating prompt #99 (Section 6, Prompt 14/17)[0m
[1;33m2025-09-21 00:57:49 - Running prompt generation...[0m
5-hour limit reached ∙ resets 5am
[0;32m2025-09-21 00:58:05 - Completed prompt #99[0m
[0;34m2025-09-21 00:58:10 - Generating prompt #100 (Section 6, Prompt 15/17)[0m
[1;33m2025-09-21 00:58:10 - Running prompt generation...[0m
5-hour limit reached ∙ resets 5am
[0;32m2025-09-21 00:58:23 - Completed prompt #100[0m
[0;34m2025-09-21 00:58:28 - Generating prompt #101 (Section 6, Prompt 16/17)[0m
[1;33m2025-09-21 00:58:28 - Running prompt generation...[0m
5-hour limit reached ∙ resets 5am
[0;32m2025-09-21 00:58:37 - Completed prompt #101[0m
[0;34m2025-09-21 00:58:42 - Generating prompt #102 (Section 6, Prompt 17/17)[0m
[1;33m2025-09-21 00:58:42 - Running prompt generation...[0m
5-hour limit reached ∙ resets 5am
[0;32m2025-09-21 00:58:49 - Completed prompt #102[0m
