[0;34m2025-09-21 18:23:30 - Starting Prompt Generation Cycle for template: caring-for-aging-parents[0m
[1;33m2025-09-21 18:23:30 - Override flag detected - resetting progress and recreating files[0m
[0;32m2025-09-21 18:23:30 - Progress reset to 0 for template: caring-for-aging-parents[0m
[0;32m2025-09-21 18:23:30 - Using existing worktree: ../templata-caring-for-aging-parents[0m
[1;33m2025-09-21 18:23:30 - Creating template prompt file: prompts-caring-for-aging-parents.ts[0m
[0;32m2025-09-21 18:23:31 - Created template prompt file: ../templata-caring-for-aging-parents/src/data/prompts-caring-for-aging-parents.ts[0m
[0;34m2025-09-21 18:23:31 - Generating prompt #1 (Section 1, Prompt 1/17)[0m
[1;33m2025-09-21 18:23:31 - Running prompt generation...[0m
5-hour limit reached ∙ resets 7pm
[0;32m2025-09-21 18:23:45 - Completed prompt #1[0m
[0;34m2025-09-21 18:23:50 - Generating prompt #2 (Section 1, Prompt 2/17)[0m
[1;33m2025-09-21 18:23:50 - Running prompt generation...[0m
5-hour limit reached ∙ resets 7pm
[0;32m2025-09-21 18:24:06 - Completed prompt #2[0m
[0;34m2025-09-21 18:24:11 - Generating prompt #3 (Section 1, Prompt 3/17)[0m
[1;33m2025-09-21 18:24:11 - Running prompt generation...[0m
5-hour limit reached ∙ resets 7pm
[0;32m2025-09-21 18:24:18 - Completed prompt #3[0m
[0;34m2025-09-21 18:24:23 - Generating prompt #4 (Section 1, Prompt 4/17)[0m
[1;33m2025-09-21 18:24:23 - Running prompt generation...[0m
5-hour limit reached ∙ resets 7pm
[0;32m2025-09-21 18:24:30 - Completed prompt #4[0m
[0;34m2025-09-21 18:24:35 - Generating prompt #5 (Section 1, Prompt 5/17)[0m
[1;33m2025-09-21 18:24:35 - Running prompt generation...[0m
5-hour limit reached ∙ resets 7pm
[0;32m2025-09-21 18:24:42 - Completed prompt #5[0m
[0;34m2025-09-21 18:24:48 - Generating prompt #6 (Section 1, Prompt 6/17)[0m
[1;33m2025-09-21 18:24:48 - Running prompt generation...[0m
5-hour limit reached ∙ resets 7pm
[0;32m2025-09-21 18:24:54 - Completed prompt #6[0m
[0;34m2025-09-21 18:24:59 - Generating prompt #7 (Section 1, Prompt 7/17)[0m
[1;33m2025-09-21 18:24:59 - Running prompt generation...[0m
5-hour limit reached ∙ resets 7pm
[0;32m2025-09-21 18:25:06 - Completed prompt #7[0m
[0;34m2025-09-21 18:25:11 - Generating prompt #8 (Section 1, Prompt 8/17)[0m
[1;33m2025-09-21 18:25:11 - Running prompt generation...[0m
5-hour limit reached ∙ resets 7pm
[0;32m2025-09-21 18:25:18 - Completed prompt #8[0m
[0;34m2025-09-21 18:25:23 - Generating prompt #9 (Section 1, Prompt 9/17)[0m
[1;33m2025-09-21 18:25:23 - Running prompt generation...[0m
5-hour limit reached ∙ resets 7pm
[0;32m2025-09-21 18:25:30 - Completed prompt #9[0m
[0;34m2025-09-21 18:25:35 - Generating prompt #10 (Section 1, Prompt 10/17)[0m
[1;33m2025-09-21 18:25:35 - Running prompt generation...[0m
5-hour limit reached ∙ resets 7pm
[0;32m2025-09-21 18:25:41 - Completed prompt #10[0m
[0;34m2025-09-21 18:25:46 - Generating prompt #11 (Section 1, Prompt 11/17)[0m
[1;33m2025-09-21 18:25:46 - Running prompt generation...[0m
5-hour limit reached ∙ resets 7pm
[0;32m2025-09-21 18:25:53 - Completed prompt #11[0m
[0;34m2025-09-21 18:25:58 - Generating prompt #12 (Section 1, Prompt 12/17)[0m
[1;33m2025-09-21 18:25:58 - Running prompt generation...[0m
5-hour limit reached ∙ resets 7pm
[0;32m2025-09-21 18:26:04 - Completed prompt #12[0m
[0;34m2025-09-21 18:26:09 - Generating prompt #13 (Section 1, Prompt 13/17)[0m
[1;33m2025-09-21 18:26:09 - Running prompt generation...[0m
5-hour limit reached ∙ resets 7pm
[0;32m2025-09-21 18:26:15 - Completed prompt #13[0m
[0;34m2025-09-21 18:26:20 - Generating prompt #14 (Section 1, Prompt 14/17)[0m
[1;33m2025-09-21 18:26:20 - Running prompt generation...[0m
5-hour limit reached ∙ resets 7pm
[0;32m2025-09-21 18:26:26 - Completed prompt #14[0m
[0;34m2025-09-21 18:26:31 - Generating prompt #15 (Section 1, Prompt 15/17)[0m
[1;33m2025-09-21 18:26:31 - Running prompt generation...[0m
5-hour limit reached ∙ resets 7pm
[0;32m2025-09-21 18:26:37 - Completed prompt #15[0m
[0;34m2025-09-21 18:26:42 - Generating prompt #16 (Section 1, Prompt 16/17)[0m
[1;33m2025-09-21 18:26:42 - Running prompt generation...[0m
5-hour limit reached ∙ resets 7pm
[0;32m2025-09-21 18:26:49 - Completed prompt #16[0m
[0;34m2025-09-21 18:26:54 - Generating prompt #17 (Section 1, Prompt 17/17)[0m
[1;33m2025-09-21 18:26:54 - Running prompt generation...[0m
5-hour limit reached ∙ resets 7pm
[0;32m2025-09-21 18:27:00 - Completed prompt #17[0m
[0;34m2025-09-21 18:27:05 - Generating prompt #18 (Section 2, Prompt 1/17)[0m
[1;33m2025-09-21 18:27:05 - Running prompt generation...[0m
5-hour limit reached ∙ resets 7pm
[0;32m2025-09-21 18:27:12 - Completed prompt #18[0m
[0;34m2025-09-21 18:27:17 - Generating prompt #19 (Section 2, Prompt 2/17)[0m
[1;33m2025-09-21 18:27:17 - Running prompt generation...[0m
5-hour limit reached ∙ resets 7pm
[0;32m2025-09-21 18:27:24 - Completed prompt #19[0m
[0;34m2025-09-21 18:27:29 - Generating prompt #20 (Section 2, Prompt 3/17)[0m
[1;33m2025-09-21 18:27:29 - Running prompt generation...[0m
5-hour limit reached ∙ resets 7pm
[0;32m2025-09-21 18:27:36 - Completed prompt #20[0m
[0;34m2025-09-21 18:27:41 - Generating prompt #21 (Section 2, Prompt 4/17)[0m
[1;33m2025-09-21 18:27:41 - Running prompt generation...[0m
5-hour limit reached ∙ resets 7pm
[0;32m2025-09-21 18:27:49 - Completed prompt #21[0m
[0;34m2025-09-21 18:27:54 - Generating prompt #22 (Section 2, Prompt 5/17)[0m
[1;33m2025-09-21 18:27:54 - Running prompt generation...[0m
5-hour limit reached ∙ resets 7pm
[0;32m2025-09-21 18:28:01 - Completed prompt #22[0m
[0;34m2025-09-21 18:28:06 - Generating prompt #23 (Section 2, Prompt 6/17)[0m
[1;33m2025-09-21 18:28:06 - Running prompt generation...[0m
5-hour limit reached ∙ resets 7pm
[0;32m2025-09-21 18:28:14 - Completed prompt #23[0m
[0;34m2025-09-21 18:28:19 - Generating prompt #24 (Section 2, Prompt 7/17)[0m
[1;33m2025-09-21 18:28:19 - Running prompt generation...[0m
5-hour limit reached ∙ resets 7pm
[0;32m2025-09-21 18:28:26 - Completed prompt #24[0m
[0;34m2025-09-21 18:28:31 - Generating prompt #25 (Section 2, Prompt 8/17)[0m
[1;33m2025-09-21 18:28:31 - Running prompt generation...[0m
5-hour limit reached ∙ resets 7pm
[0;32m2025-09-21 18:28:38 - Completed prompt #25[0m
[0;34m2025-09-21 18:28:43 - Generating prompt #26 (Section 2, Prompt 9/17)[0m
[1;33m2025-09-21 18:28:43 - Running prompt generation...[0m
5-hour limit reached ∙ resets 7pm
[0;32m2025-09-21 18:28:50 - Completed prompt #26[0m
[0;34m2025-09-21 18:28:55 - Generating prompt #27 (Section 2, Prompt 10/17)[0m
[1;33m2025-09-21 18:28:55 - Running prompt generation...[0m
5-hour limit reached ∙ resets 7pm
[0;32m2025-09-21 18:29:02 - Completed prompt #27[0m
[0;34m2025-09-21 18:29:07 - Generating prompt #28 (Section 2, Prompt 11/17)[0m
[1;33m2025-09-21 18:29:07 - Running prompt generation...[0m
5-hour limit reached ∙ resets 7pm
[0;32m2025-09-21 18:29:14 - Completed prompt #28[0m
[0;34m2025-09-21 18:29:19 - Generating prompt #29 (Section 2, Prompt 12/17)[0m
[1;33m2025-09-21 18:29:19 - Running prompt generation...[0m
5-hour limit reached ∙ resets 7pm
[0;32m2025-09-21 18:29:25 - Completed prompt #29[0m
[0;34m2025-09-21 18:29:30 - Generating prompt #30 (Section 2, Prompt 13/17)[0m
[1;33m2025-09-21 18:29:30 - Running prompt generation...[0m
5-hour limit reached ∙ resets 7pm
[0;32m2025-09-21 18:29:36 - Completed prompt #30[0m
[0;34m2025-09-21 18:29:41 - Generating prompt #31 (Section 2, Prompt 14/17)[0m
[1;33m2025-09-21 18:29:41 - Running prompt generation...[0m
5-hour limit reached ∙ resets 7pm
[0;32m2025-09-21 18:29:47 - Completed prompt #31[0m
[0;34m2025-09-21 18:29:52 - Generating prompt #32 (Section 2, Prompt 15/17)[0m
[1;33m2025-09-21 18:29:52 - Running prompt generation...[0m
5-hour limit reached ∙ resets 7pm
[0;32m2025-09-21 18:29:59 - Completed prompt #32[0m
[0;34m2025-09-21 18:30:04 - Generating prompt #33 (Section 2, Prompt 16/17)[0m
[1;33m2025-09-21 18:30:04 - Running prompt generation...[0m
5-hour limit reached ∙ resets 7pm
[0;32m2025-09-21 18:30:12 - Completed prompt #33[0m
[0;34m2025-09-21 18:30:17 - Generating prompt #34 (Section 2, Prompt 17/17)[0m
[1;33m2025-09-21 18:30:17 - Running prompt generation...[0m
5-hour limit reached ∙ resets 7pm
[0;32m2025-09-21 18:30:26 - Completed prompt #34[0m
[0;34m2025-09-21 18:30:31 - Generating prompt #35 (Section 3, Prompt 1/17)[0m
[1;33m2025-09-21 18:30:31 - Running prompt generation...[0m
5-hour limit reached ∙ resets 7pm
[0;32m2025-09-21 18:30:39 - Completed prompt #35[0m
[0;34m2025-09-21 18:30:44 - Generating prompt #36 (Section 3, Prompt 2/17)[0m
[1;33m2025-09-21 18:30:44 - Running prompt generation...[0m
5-hour limit reached ∙ resets 7pm
[0;32m2025-09-21 18:30:53 - Completed prompt #36[0m
[0;34m2025-09-21 18:30:58 - Generating prompt #37 (Section 3, Prompt 3/17)[0m
[1;33m2025-09-21 18:30:58 - Running prompt generation...[0m
5-hour limit reached ∙ resets 7pm
[0;32m2025-09-21 18:31:07 - Completed prompt #37[0m
[0;34m2025-09-21 18:31:12 - Generating prompt #38 (Section 3, Prompt 4/17)[0m
[1;33m2025-09-21 18:31:12 - Running prompt generation...[0m
5-hour limit reached ∙ resets 7pm
[0;32m2025-09-21 18:31:22 - Completed prompt #38[0m
[0;34m2025-09-21 18:31:27 - Generating prompt #39 (Section 3, Prompt 5/17)[0m
[1;33m2025-09-21 18:31:27 - Running prompt generation...[0m
5-hour limit reached ∙ resets 7pm
[0;32m2025-09-21 18:31:37 - Completed prompt #39[0m
[0;34m2025-09-21 18:31:42 - Generating prompt #40 (Section 3, Prompt 6/17)[0m
[1;33m2025-09-21 18:31:42 - Running prompt generation...[0m
5-hour limit reached ∙ resets 7pm
[0;32m2025-09-21 18:31:52 - Completed prompt #40[0m
[0;34m2025-09-21 18:31:57 - Generating prompt #41 (Section 3, Prompt 7/17)[0m
[1;33m2025-09-21 18:31:57 - Running prompt generation...[0m
5-hour limit reached ∙ resets 7pm
[0;32m2025-09-21 18:32:07 - Completed prompt #41[0m
[0;34m2025-09-21 18:32:12 - Generating prompt #42 (Section 3, Prompt 8/17)[0m
[1;33m2025-09-21 18:32:12 - Running prompt generation...[0m
5-hour limit reached ∙ resets 7pm
[0;32m2025-09-21 18:32:22 - Completed prompt #42[0m
[0;34m2025-09-21 18:32:27 - Generating prompt #43 (Section 3, Prompt 9/17)[0m
[1;33m2025-09-21 18:32:27 - Running prompt generation...[0m
5-hour limit reached ∙ resets 7pm
[0;32m2025-09-21 18:32:37 - Completed prompt #43[0m
[0;34m2025-09-21 18:32:42 - Generating prompt #44 (Section 3, Prompt 10/17)[0m
[1;33m2025-09-21 18:32:42 - Running prompt generation...[0m
5-hour limit reached ∙ resets 7pm
[0;32m2025-09-21 18:32:51 - Completed prompt #44[0m
[0;34m2025-09-21 18:32:56 - Generating prompt #45 (Section 3, Prompt 11/17)[0m
[1;33m2025-09-21 18:32:56 - Running prompt generation...[0m
5-hour limit reached ∙ resets 7pm
[0;32m2025-09-21 18:33:06 - Completed prompt #45[0m
[0;34m2025-09-21 18:33:11 - Generating prompt #46 (Section 3, Prompt 12/17)[0m
[1;33m2025-09-21 18:33:11 - Running prompt generation...[0m
5-hour limit reached ∙ resets 7pm
[0;32m2025-09-21 18:33:21 - Completed prompt #46[0m
[0;34m2025-09-21 18:33:26 - Generating prompt #47 (Section 3, Prompt 13/17)[0m
[1;33m2025-09-21 18:33:26 - Running prompt generation...[0m
5-hour limit reached ∙ resets 7pm
[0;32m2025-09-21 18:33:36 - Completed prompt #47[0m
[0;34m2025-09-21 18:33:41 - Generating prompt #48 (Section 3, Prompt 14/17)[0m
[1;33m2025-09-21 18:33:41 - Running prompt generation...[0m
5-hour limit reached ∙ resets 7pm
[0;32m2025-09-21 18:33:50 - Completed prompt #48[0m
[0;34m2025-09-21 18:33:55 - Generating prompt #49 (Section 3, Prompt 15/17)[0m
[1;33m2025-09-21 18:33:55 - Running prompt generation...[0m
5-hour limit reached ∙ resets 7pm
[0;32m2025-09-21 18:34:05 - Completed prompt #49[0m
[0;34m2025-09-21 18:34:10 - Generating prompt #50 (Section 3, Prompt 16/17)[0m
[1;33m2025-09-21 18:34:10 - Running prompt generation...[0m
5-hour limit reached ∙ resets 7pm
[0;32m2025-09-21 18:34:18 - Completed prompt #50[0m
[0;34m2025-09-21 18:34:23 - Generating prompt #51 (Section 3, Prompt 17/17)[0m
[1;33m2025-09-21 18:34:23 - Running prompt generation...[0m
5-hour limit reached ∙ resets 7pm
[0;32m2025-09-21 18:34:31 - Completed prompt #51[0m
[0;34m2025-09-21 18:34:36 - Generating prompt #52 (Section 4, Prompt 1/17)[0m
[1;33m2025-09-21 18:34:36 - Running prompt generation...[0m
5-hour limit reached ∙ resets 7pm
[0;32m2025-09-21 18:34:44 - Completed prompt #52[0m
[0;34m2025-09-21 18:34:49 - Generating prompt #53 (Section 4, Prompt 2/17)[0m
[1;33m2025-09-21 18:34:49 - Running prompt generation...[0m
5-hour limit reached ∙ resets 7pm
[0;32m2025-09-21 18:34:58 - Completed prompt #53[0m
[0;34m2025-09-21 18:35:03 - Generating prompt #54 (Section 4, Prompt 3/17)[0m
[1;33m2025-09-21 18:35:03 - Running prompt generation...[0m
5-hour limit reached ∙ resets 7pm
[0;32m2025-09-21 18:35:11 - Completed prompt #54[0m
[0;34m2025-09-21 18:35:16 - Generating prompt #55 (Section 4, Prompt 4/17)[0m
[1;33m2025-09-21 18:35:17 - Running prompt generation...[0m
5-hour limit reached ∙ resets 7pm
[0;32m2025-09-21 18:35:25 - Completed prompt #55[0m
[0;34m2025-09-21 18:35:30 - Generating prompt #56 (Section 4, Prompt 5/17)[0m
[1;33m2025-09-21 18:35:30 - Running prompt generation...[0m
5-hour limit reached ∙ resets 7pm
[0;32m2025-09-21 18:35:39 - Completed prompt #56[0m
[0;34m2025-09-21 18:35:44 - Generating prompt #57 (Section 4, Prompt 6/17)[0m
[1;33m2025-09-21 18:35:44 - Running prompt generation...[0m
5-hour limit reached ∙ resets 7pm
[0;32m2025-09-21 18:35:51 - Completed prompt #57[0m
[0;34m2025-09-21 18:35:56 - Generating prompt #58 (Section 4, Prompt 7/17)[0m
[1;33m2025-09-21 18:35:56 - Running prompt generation...[0m
5-hour limit reached ∙ resets 7pm
[0;32m2025-09-21 18:36:02 - Completed prompt #58[0m
[0;34m2025-09-21 18:36:07 - Generating prompt #59 (Section 4, Prompt 8/17)[0m
[1;33m2025-09-21 18:36:07 - Running prompt generation...[0m
5-hour limit reached ∙ resets 7pm
[0;32m2025-09-21 18:36:13 - Completed prompt #59[0m
[0;34m2025-09-21 18:36:18 - Generating prompt #60 (Section 4, Prompt 9/17)[0m
[1;33m2025-09-21 18:36:18 - Running prompt generation...[0m
5-hour limit reached ∙ resets 7pm
[0;32m2025-09-21 18:36:24 - Completed prompt #60[0m
[0;34m2025-09-21 18:36:29 - Generating prompt #61 (Section 4, Prompt 10/17)[0m
[1;33m2025-09-21 18:36:29 - Running prompt generation...[0m
5-hour limit reached ∙ resets 7pm
[0;32m2025-09-21 18:36:37 - Completed prompt #61[0m
[0;34m2025-09-21 18:36:42 - Generating prompt #62 (Section 4, Prompt 11/17)[0m
[1;33m2025-09-21 18:36:42 - Running prompt generation...[0m
5-hour limit reached ∙ resets 7pm
[0;32m2025-09-21 18:36:51 - Completed prompt #62[0m
[0;34m2025-09-21 18:36:56 - Generating prompt #63 (Section 4, Prompt 12/17)[0m
[1;33m2025-09-21 18:36:56 - Running prompt generation...[0m
5-hour limit reached ∙ resets 7pm
[0;32m2025-09-21 18:37:06 - Completed prompt #63[0m
[0;34m2025-09-21 18:37:11 - Generating prompt #64 (Section 4, Prompt 13/17)[0m
[1;33m2025-09-21 18:37:11 - Running prompt generation...[0m
5-hour limit reached ∙ resets 7pm
[0;32m2025-09-21 18:37:20 - Completed prompt #64[0m
[0;34m2025-09-21 18:37:26 - Generating prompt #65 (Section 4, Prompt 14/17)[0m
[1;33m2025-09-21 18:37:26 - Running prompt generation...[0m
5-hour limit reached ∙ resets 7pm
[0;32m2025-09-21 18:37:34 - Completed prompt #65[0m
[0;34m2025-09-21 18:37:39 - Generating prompt #66 (Section 4, Prompt 15/17)[0m
[1;33m2025-09-21 18:37:39 - Running prompt generation...[0m
5-hour limit reached ∙ resets 7pm
[0;32m2025-09-21 18:37:49 - Completed prompt #66[0m
[0;34m2025-09-21 18:37:54 - Generating prompt #67 (Section 4, Prompt 16/17)[0m
[1;33m2025-09-21 18:37:54 - Running prompt generation...[0m
5-hour limit reached ∙ resets 7pm
[0;32m2025-09-21 18:38:02 - Completed prompt #67[0m
[0;34m2025-09-21 18:38:07 - Generating prompt #68 (Section 4, Prompt 17/17)[0m
[1;33m2025-09-21 18:38:08 - Running prompt generation...[0m
5-hour limit reached ∙ resets 7pm
[0;32m2025-09-21 18:38:16 - Completed prompt #68[0m
[0;34m2025-09-21 18:38:21 - Generating prompt #69 (Section 5, Prompt 1/17)[0m
[1;33m2025-09-21 18:38:21 - Running prompt generation...[0m
5-hour limit reached ∙ resets 7pm
[0;32m2025-09-21 18:38:31 - Completed prompt #69[0m
[0;34m2025-09-21 18:38:36 - Generating prompt #70 (Section 5, Prompt 2/17)[0m
[1;33m2025-09-21 18:38:36 - Running prompt generation...[0m
5-hour limit reached ∙ resets 7pm
[0;32m2025-09-21 18:38:45 - Completed prompt #70[0m
[0;34m2025-09-21 18:38:50 - Generating prompt #71 (Section 5, Prompt 3/17)[0m
[1;33m2025-09-21 18:38:50 - Running prompt generation...[0m
5-hour limit reached ∙ resets 7pm
[0;32m2025-09-21 18:39:00 - Completed prompt #71[0m
[0;34m2025-09-21 18:39:05 - Generating prompt #72 (Section 5, Prompt 4/17)[0m
[1;33m2025-09-21 18:39:05 - Running prompt generation...[0m
5-hour limit reached ∙ resets 7pm
[0;32m2025-09-21 18:39:14 - Completed prompt #72[0m
[0;34m2025-09-21 18:39:19 - Generating prompt #73 (Section 5, Prompt 5/17)[0m
[1;33m2025-09-21 18:39:19 - Running prompt generation...[0m
5-hour limit reached ∙ resets 7pm
[0;32m2025-09-21 18:39:29 - Completed prompt #73[0m
[0;34m2025-09-21 18:39:34 - Generating prompt #74 (Section 5, Prompt 6/17)[0m
[1;33m2025-09-21 18:39:34 - Running prompt generation...[0m
5-hour limit reached ∙ resets 7pm
[0;32m2025-09-21 18:39:44 - Completed prompt #74[0m
[0;34m2025-09-21 18:39:49 - Generating prompt #75 (Section 5, Prompt 7/17)[0m
[1;33m2025-09-21 18:39:49 - Running prompt generation...[0m
5-hour limit reached ∙ resets 7pm
[0;32m2025-09-21 18:39:58 - Completed prompt #75[0m
[0;34m2025-09-21 18:40:03 - Generating prompt #76 (Section 5, Prompt 8/17)[0m
[1;33m2025-09-21 18:40:03 - Running prompt generation...[0m
5-hour limit reached ∙ resets 7pm
[0;32m2025-09-21 18:40:14 - Completed prompt #76[0m
[0;34m2025-09-21 18:40:19 - Generating prompt #77 (Section 5, Prompt 9/17)[0m
[1;33m2025-09-21 18:40:19 - Running prompt generation...[0m
5-hour limit reached ∙ resets 7pm
[0;32m2025-09-21 18:40:27 - Completed prompt #77[0m
[0;34m2025-09-21 18:40:32 - Generating prompt #78 (Section 5, Prompt 10/17)[0m
[1;33m2025-09-21 18:40:33 - Running prompt generation...[0m
5-hour limit reached ∙ resets 7pm
[0;32m2025-09-21 18:40:42 - Completed prompt #78[0m
[0;34m2025-09-21 18:40:47 - Generating prompt #79 (Section 5, Prompt 11/17)[0m
[1;33m2025-09-21 18:40:47 - Running prompt generation...[0m
5-hour limit reached ∙ resets 7pm
[0;32m2025-09-21 18:40:57 - Completed prompt #79[0m
[0;34m2025-09-21 18:41:02 - Generating prompt #80 (Section 5, Prompt 12/17)[0m
[1;33m2025-09-21 18:41:02 - Running prompt generation...[0m
5-hour limit reached ∙ resets 7pm
[0;32m2025-09-21 18:41:11 - Completed prompt #80[0m
[0;34m2025-09-21 18:41:16 - Generating prompt #81 (Section 5, Prompt 13/17)[0m
[1;33m2025-09-21 18:41:16 - Running prompt generation...[0m
5-hour limit reached ∙ resets 7pm
[0;32m2025-09-21 18:41:26 - Completed prompt #81[0m
[0;34m2025-09-21 18:41:31 - Generating prompt #82 (Section 5, Prompt 14/17)[0m
[1;33m2025-09-21 18:41:31 - Running prompt generation...[0m
5-hour limit reached ∙ resets 7pm
[0;32m2025-09-21 18:41:41 - Completed prompt #82[0m
[0;34m2025-09-21 18:41:46 - Generating prompt #83 (Section 5, Prompt 15/17)[0m
[1;33m2025-09-21 18:41:46 - Running prompt generation...[0m
5-hour limit reached ∙ resets 7pm
[0;32m2025-09-21 18:41:55 - Completed prompt #83[0m
[0;34m2025-09-21 18:42:00 - Generating prompt #84 (Section 5, Prompt 16/17)[0m
[1;33m2025-09-21 18:42:00 - Running prompt generation...[0m
5-hour limit reached ∙ resets 7pm
[0;32m2025-09-21 18:42:10 - Completed prompt #84[0m
[0;34m2025-09-21 18:42:15 - Generating prompt #85 (Section 5, Prompt 17/17)[0m
[1;33m2025-09-21 18:42:15 - Running prompt generation...[0m
5-hour limit reached ∙ resets 7pm
[0;32m2025-09-21 18:42:24 - Completed prompt #85[0m
[0;34m2025-09-21 18:42:29 - Generating prompt #86 (Section 6, Prompt 1/17)[0m
[1;33m2025-09-21 18:42:29 - Running prompt generation...[0m
5-hour limit reached ∙ resets 7pm
[0;32m2025-09-21 18:42:39 - Completed prompt #86[0m
[0;34m2025-09-21 18:42:45 - Generating prompt #87 (Section 6, Prompt 2/17)[0m
[1;33m2025-09-21 18:42:45 - Running prompt generation...[0m
5-hour limit reached ∙ resets 7pm
[0;32m2025-09-21 18:42:54 - Completed prompt #87[0m
[0;34m2025-09-21 18:42:59 - Generating prompt #88 (Section 6, Prompt 3/17)[0m
[1;33m2025-09-21 18:42:59 - Running prompt generation...[0m
5-hour limit reached ∙ resets 7pm
[0;32m2025-09-21 18:43:08 - Completed prompt #88[0m
[0;34m2025-09-21 18:43:13 - Generating prompt #89 (Section 6, Prompt 4/17)[0m
[1;33m2025-09-21 18:43:13 - Running prompt generation...[0m
5-hour limit reached ∙ resets 7pm
[0;32m2025-09-21 18:43:22 - Completed prompt #89[0m
[0;34m2025-09-21 18:43:27 - Generating prompt #90 (Section 6, Prompt 5/17)[0m
[1;33m2025-09-21 18:43:27 - Running prompt generation...[0m
5-hour limit reached ∙ resets 7pm
[0;32m2025-09-21 18:43:36 - Completed prompt #90[0m
[0;34m2025-09-21 18:43:41 - Generating prompt #91 (Section 6, Prompt 6/17)[0m
[1;33m2025-09-21 18:43:41 - Running prompt generation...[0m
5-hour limit reached ∙ resets 7pm
[0;32m2025-09-21 18:43:50 - Completed prompt #91[0m
[0;34m2025-09-21 18:43:55 - Generating prompt #92 (Section 6, Prompt 7/17)[0m
[1;33m2025-09-21 18:43:55 - Running prompt generation...[0m
5-hour limit reached ∙ resets 7pm
[0;32m2025-09-21 18:44:04 - Completed prompt #92[0m
[0;34m2025-09-21 18:44:09 - Generating prompt #93 (Section 6, Prompt 8/17)[0m
[1;33m2025-09-21 18:44:09 - Running prompt generation...[0m
5-hour limit reached ∙ resets 7pm
[0;32m2025-09-21 18:44:19 - Completed prompt #93[0m
[0;34m2025-09-21 18:44:24 - Generating prompt #94 (Section 6, Prompt 9/17)[0m
[1;33m2025-09-21 18:44:24 - Running prompt generation...[0m
5-hour limit reached ∙ resets 7pm
[0;32m2025-09-21 18:44:34 - Completed prompt #94[0m
[0;34m2025-09-21 18:44:39 - Generating prompt #95 (Section 6, Prompt 10/17)[0m
[1;33m2025-09-21 18:44:39 - Running prompt generation...[0m
5-hour limit reached ∙ resets 7pm
[0;32m2025-09-21 18:44:48 - Completed prompt #95[0m
[0;34m2025-09-21 18:44:53 - Generating prompt #96 (Section 6, Prompt 11/17)[0m
[1;33m2025-09-21 18:44:53 - Running prompt generation...[0m
5-hour limit reached ∙ resets 7pm
[0;32m2025-09-21 18:45:02 - Completed prompt #96[0m
[0;34m2025-09-21 18:45:07 - Generating prompt #97 (Section 6, Prompt 12/17)[0m
[1;33m2025-09-21 18:45:07 - Running prompt generation...[0m
5-hour limit reached ∙ resets 7pm
[0;32m2025-09-21 18:45:15 - Completed prompt #97[0m
[0;34m2025-09-21 18:45:20 - Generating prompt #98 (Section 6, Prompt 13/17)[0m
[1;33m2025-09-21 18:45:20 - Running prompt generation...[0m
5-hour limit reached ∙ resets 7pm
[0;32m2025-09-21 18:45:29 - Completed prompt #98[0m
[0;34m2025-09-21 18:45:34 - Generating prompt #99 (Section 6, Prompt 14/17)[0m
[1;33m2025-09-21 18:45:34 - Running prompt generation...[0m
5-hour limit reached ∙ resets 7pm
[0;32m2025-09-21 18:45:42 - Completed prompt #99[0m
[0;34m2025-09-21 18:45:47 - Generating prompt #100 (Section 6, Prompt 15/17)[0m
[1;33m2025-09-21 18:45:47 - Running prompt generation...[0m
5-hour limit reached ∙ resets 7pm
[0;32m2025-09-21 18:45:54 - Completed prompt #100[0m
[0;34m2025-09-21 18:45:59 - Generating prompt #101 (Section 6, Prompt 16/17)[0m
[1;33m2025-09-21 18:45:59 - Running prompt generation...[0m
5-hour limit reached ∙ resets 7pm
[0;32m2025-09-21 18:46:08 - Completed prompt #101[0m
[0;34m2025-09-21 18:46:13 - Generating prompt #102 (Section 6, Prompt 17/17)[0m
[1;33m2025-09-21 18:46:13 - Running prompt generation...[0m
5-hour limit reached ∙ resets 7pm
[0;32m2025-09-21 18:46:20 - Completed prompt #102[0m
[0;34m2025-09-21 19:19:10 - Starting Prompt Generation Cycle for template: caring-for-aging-parents[0m
[0;32m2025-09-21 19:19:10 - Using existing worktree: ../templata-caring-for-aging-parents[0m
[0;34m2025-09-21 19:19:10 - Generating prompt #2 (Section 1, Prompt 2/17)[0m
[1;33m2025-09-21 19:19:11 - Running prompt generation...[0m
The prompt has already been added to the file. Let me verify the content:

The prompt that was added is:
- **ID**: prompt-2
- **Prompt**: "Schedule a comprehensive family meeting to discuss your parent's current health status, living situation, and care preferences"
- **Category**: planning
- **Help Text**: "Having an honest family conversation early helps establish everyone's expectations and your parent's wishes before a crisis occurs. Include all key family members and consider involving your parent's primary care physician to provide medical context and answer questions about their current health needs."

This is a practical, actionable task that fits the "Foundation and Understanding" theme perfectly - it helps establish the groundwork for caregiving by ensuring all family members are aligned and informed about the parent's current situation and preferences.

PROMPT GENERATION COMPLETE - Prompt #2
[0;32m2025-09-21 19:19:29 - Completed prompt #2[0m
[0;34m2025-09-21 19:19:34 - Generating prompt #3 (Section 1, Prompt 3/17)[0m
[1;33m2025-09-21 19:19:34 - Running prompt generation...[0m
PROMPT GENERATION COMPLETE - Prompt #3
[0;32m2025-09-21 19:19:53 - Completed prompt #3[0m
[0;34m2025-09-21 19:19:58 - Generating prompt #4 (Section 1, Prompt 4/17)[0m
[1;33m2025-09-21 19:19:58 - Running prompt generation...[0m
PROMPT GENERATION COMPLETE - Prompt #4
[0;32m2025-09-21 19:20:16 - Completed prompt #4[0m
[0;34m2025-09-21 19:20:21 - Generating prompt #5 (Section 1, Prompt 5/17)[0m
[1;33m2025-09-21 19:20:21 - Running prompt generation...[0m
PROMPT GENERATION COMPLETE - Prompt #5
[0;32m2025-09-21 19:20:39 - Completed prompt #5[0m
[0;34m2025-09-21 19:20:44 - Generating prompt #6 (Section 1, Prompt 6/17)[0m
[1;33m2025-09-21 19:20:44 - Running prompt generation...[0m
PROMPT GENERATION COMPLETE - Prompt #6
[0;32m2025-09-21 19:21:02 - Completed prompt #6[0m
[0;34m2025-09-21 19:21:07 - Generating prompt #7 (Section 1, Prompt 7/17)[0m
[1;33m2025-09-21 19:21:07 - Running prompt generation...[0m
PROMPT GENERATION COMPLETE - Prompt #7
[0;32m2025-09-21 19:21:25 - Completed prompt #7[0m
[0;34m2025-09-21 19:21:30 - Generating prompt #8 (Section 1, Prompt 8/17)[0m
[1;33m2025-09-21 19:21:30 - Running prompt generation...[0m
PROMPT GENERATION COMPLETE - Prompt #8
[0;32m2025-09-21 19:21:48 - Completed prompt #8[0m
[0;34m2025-09-21 19:21:53 - Generating prompt #9 (Section 1, Prompt 9/17)[0m
[1;33m2025-09-21 19:21:54 - Running prompt generation...[0m
PROMPT GENERATION COMPLETE - Prompt #9
[0;32m2025-09-21 19:22:12 - Completed prompt #9[0m
[0;34m2025-09-21 19:22:17 - Generating prompt #10 (Section 1, Prompt 10/17)[0m
[1;33m2025-09-21 19:22:17 - Running prompt generation...[0m
PROMPT GENERATION COMPLETE - Prompt #10
[0;32m2025-09-21 19:22:37 - Completed prompt #10[0m
[0;34m2025-09-21 19:22:42 - Generating prompt #11 (Section 1, Prompt 11/17)[0m
[1;33m2025-09-21 19:22:42 - Running prompt generation...[0m
PROMPT GENERATION COMPLETE - Prompt #11
[0;32m2025-09-21 19:23:02 - Completed prompt #11[0m
[0;34m2025-09-21 19:23:07 - Generating prompt #12 (Section 1, Prompt 12/17)[0m
[1;33m2025-09-21 19:23:07 - Running prompt generation...[0m
PROMPT GENERATION COMPLETE - Prompt #12
[0;32m2025-09-21 19:23:27 - Completed prompt #12[0m
[0;34m2025-09-21 19:23:32 - Generating prompt #13 (Section 1, Prompt 13/17)[0m
[1;33m2025-09-21 19:23:32 - Running prompt generation...[0m
PROMPT GENERATION COMPLETE - Prompt #13
[0;32m2025-09-21 19:23:53 - Completed prompt #13[0m
[0;34m2025-09-21 19:23:58 - Generating prompt #14 (Section 1, Prompt 14/17)[0m
[1;33m2025-09-21 19:23:58 - Running prompt generation...[0m
PROMPT GENERATION COMPLETE - Prompt #14
[0;32m2025-09-21 19:24:19 - Completed prompt #14[0m
[0;34m2025-09-21 19:24:24 - Generating prompt #15 (Section 1, Prompt 15/17)[0m
[1;33m2025-09-21 19:24:24 - Running prompt generation...[0m
PROMPT GENERATION COMPLETE - Prompt #15
[0;32m2025-09-21 19:24:43 - Completed prompt #15[0m
[0;34m2025-09-21 19:24:48 - Generating prompt #16 (Section 1, Prompt 16/17)[0m
[1;33m2025-09-21 19:24:48 - Running prompt generation...[0m
PROMPT GENERATION COMPLETE - Prompt #16
[0;32m2025-09-21 19:25:08 - Completed prompt #16[0m
[0;34m2025-09-21 19:25:13 - Generating prompt #17 (Section 1, Prompt 17/17)[0m
[1;33m2025-09-21 19:25:13 - Running prompt generation...[0m
PROMPT GENERATION COMPLETE - Prompt #17
[0;32m2025-09-21 19:25:35 - Completed prompt #17[0m
[0;34m2025-09-21 19:25:40 - Generating prompt #18 (Section 2, Prompt 1/17)[0m
[1;33m2025-09-21 19:25:40 - Running prompt generation...[0m
PROMPT GENERATION COMPLETE - Prompt #18
[0;32m2025-09-21 19:26:01 - Completed prompt #18[0m
[0;34m2025-09-21 19:26:06 - Generating prompt #19 (Section 2, Prompt 2/17)[0m
[1;33m2025-09-21 19:26:06 - Running prompt generation...[0m
PROMPT GENERATION COMPLETE - Prompt #19
[0;32m2025-09-21 19:26:27 - Completed prompt #19[0m
[0;34m2025-09-21 19:26:32 - Generating prompt #20 (Section 2, Prompt 3/17)[0m
[1;33m2025-09-21 19:26:33 - Running prompt generation...[0m
PROMPT GENERATION COMPLETE - Prompt #20
[0;32m2025-09-21 19:26:53 - Completed prompt #20[0m
[0;34m2025-09-21 19:26:58 - Generating prompt #21 (Section 2, Prompt 4/17)[0m
[1;33m2025-09-21 19:26:58 - Running prompt generation...[0m
PROMPT GENERATION COMPLETE - Prompt #21
[0;32m2025-09-21 19:27:18 - Completed prompt #21[0m
[0;34m2025-09-21 19:27:23 - Generating prompt #22 (Section 2, Prompt 5/17)[0m
[1;33m2025-09-21 19:27:23 - Running prompt generation...[0m
PROMPT GENERATION COMPLETE - Prompt #22
[0;32m2025-09-21 19:27:43 - Completed prompt #22[0m
[0;34m2025-09-21 19:27:48 - Generating prompt #23 (Section 2, Prompt 6/17)[0m
[1;33m2025-09-21 19:27:48 - Running prompt generation...[0m
PROMPT GENERATION COMPLETE - Prompt #23
[0;32m2025-09-21 19:28:09 - Completed prompt #23[0m
[0;34m2025-09-21 19:28:14 - Generating prompt #24 (Section 2, Prompt 7/17)[0m
[1;33m2025-09-21 19:28:14 - Running prompt generation...[0m
PROMPT GENERATION COMPLETE - Prompt #24
[0;32m2025-09-21 19:28:34 - Completed prompt #24[0m
[0;34m2025-09-21 19:28:39 - Generating prompt #25 (Section 2, Prompt 8/17)[0m
[1;33m2025-09-21 19:28:39 - Running prompt generation...[0m
PROMPT GENERATION COMPLETE - Prompt #25
[0;32m2025-09-21 19:29:00 - Completed prompt #25[0m
[0;34m2025-09-21 19:29:05 - Generating prompt #26 (Section 2, Prompt 9/17)[0m
[1;33m2025-09-21 19:29:05 - Running prompt generation...[0m
PROMPT GENERATION COMPLETE - Prompt #26
[0;32m2025-09-21 19:29:26 - Completed prompt #26[0m
[0;34m2025-09-21 19:29:31 - Generating prompt #27 (Section 2, Prompt 10/17)[0m
[1;33m2025-09-21 19:29:31 - Running prompt generation...[0m
PROMPT GENERATION COMPLETE - Prompt #27
[0;32m2025-09-21 19:29:53 - Completed prompt #27[0m
[0;34m2025-09-21 19:29:58 - Generating prompt #28 (Section 2, Prompt 11/17)[0m
[1;33m2025-09-21 19:29:58 - Running prompt generation...[0m
PROMPT GENERATION COMPLETE - Prompt #28
[0;32m2025-09-21 19:30:29 - Completed prompt #28[0m
[0;34m2025-09-21 19:30:34 - Generating prompt #29 (Section 2, Prompt 12/17)[0m
[1;33m2025-09-21 19:30:34 - Running prompt generation...[0m
<invoke name="Edit">
<parameter name="file_path">/Users/ikim1/Documents/GitHub/templata-caring-for-aging-parents/src/data/prompts-caring-for-aging-parents.ts</parameter>
<parameter name="old_string">  {
    id: 'prompt-28',
    prompt: 'Create a comprehensive disaster preparedness kit and emergency evacuation plan specifically tailored to your parent\'s medical needs and mobility limitations',
    category: 'planning',
    helpText: 'Natural disasters and emergencies can be especially dangerous for aging adults who rely on medical equipment, medications, or mobility aids. Prepare an emergency kit with at least 7 days of medications, backup power for medical devices, important documents in waterproof containers, and evacuation plans that account for mobility challenges. Include emergency contact lists and ensure your parent knows exactly what to do if they need to shelter in place or evacuate quickly.'
  }
];</parameter>
<parameter name="new_string">  {
    id: 'prompt-28',
    prompt: 'Create a comprehensive disaster preparedness kit and emergency evacuation plan specifically tailored to your parent\'s medical needs and mobility limitations',
    category: 'planning',
    helpText: 'Natural disasters and emergencies can be especially dangerous for aging adults who rely on medical equipment, medications, or mobility aids. Prepare an emergency kit with at least 7 days of medications, backup power for medical devices, important documents in waterproof containers, and evacuation plans that account for mobility challenges. Include emergency contact lists and ensure your parent knows exactly what to do if they need to shelter in place or evacuate quickly.'
  },
  {
    id: 'prompt-29',
    prompt: 'Research and schedule a comprehensive financial planning consultation with an elder financial advisor to explore long-term care funding strategies',
    category: 'research',
    helpText: 'A specialized elder financial advisor can help you understand complex funding options for long-term care including long-term care insurance, veterans benefits, and Medicaid planning strategies that protect assets while ensuring quality care. Schedule this consultation early to explore funding mechanisms before they\'re needed, as some strategies require advance planning to be effective. This professional guidance helps families avoid depleting life savings unnecessarily and understand all available financial resources for aging care.'
  }
];</parameter>
</invoke>
[0;32m2025-09-21 19:30:53 - Completed prompt #29[0m
[0;34m2025-09-21 19:30:58 - Generating prompt #30 (Section 2, Prompt 13/17)[0m
[1;33m2025-09-21 19:30:58 - Running prompt generation...[0m
PROMPT GENERATION COMPLETE - Prompt #30
[0;32m2025-09-21 19:31:19 - Completed prompt #30[0m
[0;34m2025-09-21 19:31:24 - Generating prompt #31 (Section 2, Prompt 14/17)[0m
[1;33m2025-09-21 19:31:24 - Running prompt generation...[0m
PROMPT GENERATION COMPLETE - Prompt #31
[0;32m2025-09-21 19:31:44 - Completed prompt #31[0m
[0;34m2025-09-21 19:31:49 - Generating prompt #32 (Section 2, Prompt 15/17)[0m
[1;33m2025-09-21 19:31:49 - Running prompt generation...[0m
PROMPT GENERATION COMPLETE - Prompt #32
[0;32m2025-09-21 19:32:11 - Completed prompt #32[0m
[0;34m2025-09-21 19:32:16 - Generating prompt #33 (Section 2, Prompt 16/17)[0m
[1;33m2025-09-21 19:32:16 - Running prompt generation...[0m
PROMPT GENERATION COMPLETE - Prompt #33
[0;32m2025-09-21 19:32:37 - Completed prompt #33[0m
[0;34m2025-09-21 19:32:42 - Generating prompt #34 (Section 2, Prompt 17/17)[0m
[1;33m2025-09-21 19:32:42 - Running prompt generation...[0m
PROMPT GENERATION COMPLETE - Prompt #34
[0;32m2025-09-21 19:33:05 - Completed prompt #34[0m
[0;34m2025-09-21 19:33:10 - Generating prompt #35 (Section 3, Prompt 1/17)[0m
[1;33m2025-09-21 19:33:10 - Running prompt generation...[0m
PROMPT GENERATION COMPLETE - Prompt #35
[0;32m2025-09-21 19:33:31 - Completed prompt #35[0m
[0;34m2025-09-21 19:33:36 - Generating prompt #36 (Section 3, Prompt 2/17)[0m
[1;33m2025-09-21 19:33:36 - Running prompt generation...[0m
PROMPT GENERATION COMPLETE - Prompt #36
[0;32m2025-09-21 19:33:56 - Completed prompt #36[0m
[0;34m2025-09-21 19:34:01 - Generating prompt #37 (Section 3, Prompt 3/17)[0m
[1;33m2025-09-21 19:34:01 - Running prompt generation...[0m
PROMPT GENERATION COMPLETE - Prompt #37
[0;32m2025-09-21 19:34:21 - Completed prompt #37[0m
[0;34m2025-09-21 19:34:26 - Generating prompt #38 (Section 3, Prompt 4/17)[0m
[1;33m2025-09-21 19:34:26 - Running prompt generation...[0m
PROMPT GENERATION COMPLETE - Prompt #38
[0;32m2025-09-21 19:34:47 - Completed prompt #38[0m
[0;34m2025-09-21 19:34:52 - Generating prompt #39 (Section 3, Prompt 5/17)[0m
[1;33m2025-09-21 19:34:52 - Running prompt generation...[0m
PROMPT GENERATION COMPLETE - Prompt #39
[0;32m2025-09-21 19:35:14 - Completed prompt #39[0m
[0;34m2025-09-21 19:35:19 - Generating prompt #40 (Section 3, Prompt 6/17)[0m
[1;33m2025-09-21 19:35:19 - Running prompt generation...[0m
PROMPT GENERATION COMPLETE - Prompt #40
[0;32m2025-09-21 19:35:39 - Completed prompt #40[0m
[0;34m2025-09-21 19:35:44 - Generating prompt #41 (Section 3, Prompt 7/17)[0m
[1;33m2025-09-21 19:35:44 - Running prompt generation...[0m
PROMPT GENERATION COMPLETE - Prompt #41
[0;32m2025-09-21 19:36:07 - Completed prompt #41[0m
[0;34m2025-09-21 19:36:12 - Generating prompt #42 (Section 3, Prompt 8/17)[0m
[1;33m2025-09-21 19:36:12 - Running prompt generation...[0m
PROMPT GENERATION COMPLETE - Prompt #42
[0;32m2025-09-21 19:36:32 - Completed prompt #42[0m
[0;34m2025-09-21 19:36:37 - Generating prompt #43 (Section 3, Prompt 9/17)[0m
[1;33m2025-09-21 19:36:37 - Running prompt generation...[0m
<invoke name="Edit">
<parameter name="file_path">/Users/ikim1/Documents/GitHub/templata-caring-for-aging-parents/src/data/prompts-caring-for-aging-parents.ts</parameter>
<parameter name="old_string">    category: 'research',
    helpText: 'A geriatric case manager specializes in navigating the complex healthcare system and coordinating multiple providers to create cohesive care plans. They can assess your parent\'s current needs, identify service gaps, coordinate between doctors and specialists, and help implement sustainable care strategies. This professional coordination becomes essential as care needs increase and helps prevent medical errors while ensuring all providers are working toward unified care goals.'
  }
];</parameter>
<parameter name="new_string">    category: 'research',
    helpText: 'A geriatric case manager specializes in navigating the complex healthcare system and coordinating multiple providers to create cohesive care plans. They can assess your parent\'s current needs, identify service gaps, coordinate between doctors and specialists, and help implement sustainable care strategies. This professional coordination becomes essential as care needs increase and helps prevent medical errors while ensuring all providers are working toward unified care goals.'
  },
  {
    id: 'prompt-43',
    prompt: 'Schedule a comprehensive technology assessment and implement senior-friendly devices to help your parent stay connected and manage daily tasks safely',
    category: 'action',
    helpText: 'Technology solutions can significantly enhance your parent\'s safety, independence, and social connections when chosen and set up thoughtfully. Work with your parent to evaluate their comfort level with devices, then implement solutions like voice-activated assistants for medication reminders, video calling for family connections, or smart home devices for safety monitoring. Focus on simple, reliable technologies that enhance rather than complicate their daily routines.'
  }
];</parameter>
</invoke>
[0;32m2025-09-21 19:36:54 - Completed prompt #43[0m
[0;34m2025-09-21 19:36:59 - Generating prompt #44 (Section 3, Prompt 10/17)[0m
[1;33m2025-09-21 19:36:59 - Running prompt generation...[0m
PROMPT GENERATION COMPLETE - Prompt #44
[0;32m2025-09-21 19:37:20 - Completed prompt #44[0m
[0;34m2025-09-21 19:37:25 - Generating prompt #45 (Section 3, Prompt 11/17)[0m
[1;33m2025-09-21 19:37:25 - Running prompt generation...[0m
PROMPT GENERATION COMPLETE - Prompt #45
[0;32m2025-09-21 19:37:47 - Completed prompt #45[0m
[0;34m2025-09-21 19:37:52 - Generating prompt #46 (Section 3, Prompt 12/17)[0m
[1;33m2025-09-21 19:37:52 - Running prompt generation...[0m
PROMPT GENERATION COMPLETE - Prompt #46
[0;32m2025-09-21 19:38:15 - Completed prompt #46[0m
[0;34m2025-09-21 19:38:20 - Generating prompt #47 (Section 3, Prompt 13/17)[0m
[1;33m2025-09-21 19:38:20 - Running prompt generation...[0m
PROMPT GENERATION COMPLETE - Prompt #47
[0;32m2025-09-21 19:38:43 - Completed prompt #47[0m
[0;34m2025-09-21 19:38:48 - Generating prompt #48 (Section 3, Prompt 14/17)[0m
[1;33m2025-09-21 19:38:48 - Running prompt generation...[0m
PROMPT GENERATION COMPLETE - Prompt #48
[0;32m2025-09-21 19:39:09 - Completed prompt #48[0m
[0;34m2025-09-21 19:39:14 - Generating prompt #49 (Section 3, Prompt 15/17)[0m
[1;33m2025-09-21 19:39:15 - Running prompt generation...[0m
PROMPT GENERATION COMPLETE - Prompt #49
[0;32m2025-09-21 19:39:35 - Completed prompt #49[0m
[0;34m2025-09-21 19:39:40 - Generating prompt #50 (Section 3, Prompt 16/17)[0m
[1;33m2025-09-21 19:39:40 - Running prompt generation...[0m
PROMPT GENERATION COMPLETE - Prompt #50
[0;32m2025-09-21 19:40:02 - Completed prompt #50[0m
[0;34m2025-09-21 19:40:08 - Generating prompt #51 (Section 3, Prompt 17/17)[0m
[1;33m2025-09-21 19:40:08 - Running prompt generation...[0m
PROMPT GENERATION COMPLETE - Prompt #51
[0;32m2025-09-21 19:40:31 - Completed prompt #51[0m
[0;34m2025-09-21 19:40:36 - Generating prompt #52 (Section 4, Prompt 1/17)[0m
[1;33m2025-09-21 19:40:36 - Running prompt generation...[0m
PROMPT GENERATION COMPLETE - Prompt #52
[0;32m2025-09-21 19:40:59 - Completed prompt #52[0m
[0;34m2025-09-21 19:41:04 - Generating prompt #53 (Section 4, Prompt 2/17)[0m
[1;33m2025-09-21 19:41:04 - Running prompt generation...[0m
PROMPT GENERATION COMPLETE - Prompt #53
[0;32m2025-09-21 19:41:30 - Completed prompt #53[0m
[0;34m2025-09-21 19:41:35 - Generating prompt #54 (Section 4, Prompt 3/17)[0m
[1;33m2025-09-21 19:41:35 - Running prompt generation...[0m
PROMPT GENERATION COMPLETE - Prompt #54
[0;32m2025-09-21 19:41:57 - Completed prompt #54[0m
[0;34m2025-09-21 19:42:02 - Generating prompt #55 (Section 4, Prompt 4/17)[0m
[1;33m2025-09-21 19:42:02 - Running prompt generation...[0m
PROMPT GENERATION COMPLETE - Prompt #55
[0;32m2025-09-21 19:42:24 - Completed prompt #55[0m
[0;34m2025-09-21 19:42:29 - Generating prompt #56 (Section 4, Prompt 5/17)[0m
[1;33m2025-09-21 19:42:30 - Running prompt generation...[0m
PROMPT GENERATION COMPLETE - Prompt #56
[0;32m2025-09-21 19:42:52 - Completed prompt #56[0m
[0;34m2025-09-21 19:42:57 - Generating prompt #57 (Section 4, Prompt 6/17)[0m
[1;33m2025-09-21 19:42:57 - Running prompt generation...[0m
PROMPT GENERATION COMPLETE - Prompt #57
[0;32m2025-09-21 19:43:20 - Completed prompt #57[0m
[0;34m2025-09-21 19:43:25 - Generating prompt #58 (Section 4, Prompt 7/17)[0m
[1;33m2025-09-21 19:43:25 - Running prompt generation...[0m
PROMPT GENERATION COMPLETE - Prompt #58
[0;32m2025-09-21 19:43:46 - Completed prompt #58[0m
[0;34m2025-09-21 19:43:51 - Generating prompt #59 (Section 4, Prompt 8/17)[0m
[1;33m2025-09-21 19:43:51 - Running prompt generation...[0m
PROMPT GENERATION COMPLETE - Prompt #59
[0;32m2025-09-21 19:44:12 - Completed prompt #59[0m
[0;34m2025-09-21 19:44:17 - Generating prompt #60 (Section 4, Prompt 9/17)[0m
[1;33m2025-09-21 19:44:17 - Running prompt generation...[0m
PROMPT GENERATION COMPLETE - Prompt #60
[0;32m2025-09-21 19:44:38 - Completed prompt #60[0m
[0;34m2025-09-21 19:44:43 - Generating prompt #61 (Section 4, Prompt 10/17)[0m
[1;33m2025-09-21 19:44:43 - Running prompt generation...[0m
PROMPT GENERATION COMPLETE - Prompt #61
[0;32m2025-09-21 19:45:04 - Completed prompt #61[0m
[0;34m2025-09-21 19:45:09 - Generating prompt #62 (Section 4, Prompt 11/17)[0m
[1;33m2025-09-21 19:45:09 - Running prompt generation...[0m
PROMPT GENERATION COMPLETE - Prompt #62
[0;32m2025-09-21 19:45:31 - Completed prompt #62[0m
[0;34m2025-09-21 19:45:36 - Generating prompt #63 (Section 4, Prompt 12/17)[0m
[1;33m2025-09-21 19:45:37 - Running prompt generation...[0m
PROMPT GENERATION COMPLETE - Prompt #63
[0;32m2025-09-21 19:46:01 - Completed prompt #63[0m
[0;34m2025-09-21 19:46:06 - Generating prompt #64 (Section 4, Prompt 13/17)[0m
[1;33m2025-09-21 19:46:06 - Running prompt generation...[0m
PROMPT GENERATION COMPLETE - Prompt #64
[0;32m2025-09-21 19:46:28 - Completed prompt #64[0m
[0;34m2025-09-21 19:46:33 - Generating prompt #65 (Section 4, Prompt 14/17)[0m
[1;33m2025-09-21 19:46:33 - Running prompt generation...[0m
PROMPT GENERATION COMPLETE - Prompt #65
[0;32m2025-09-21 19:46:54 - Completed prompt #65[0m
[0;34m2025-09-21 19:46:59 - Generating prompt #66 (Section 4, Prompt 15/17)[0m
[1;33m2025-09-21 19:46:59 - Running prompt generation...[0m
PROMPT GENERATION COMPLETE - Prompt #66
[0;32m2025-09-21 19:47:19 - Completed prompt #66[0m
[0;34m2025-09-21 19:47:24 - Generating prompt #67 (Section 4, Prompt 16/17)[0m
[1;33m2025-09-21 19:47:24 - Running prompt generation...[0m
PROMPT GENERATION COMPLETE - Prompt #67
[0;32m2025-09-21 19:47:47 - Completed prompt #67[0m
[0;34m2025-09-21 19:47:52 - Generating prompt #68 (Section 4, Prompt 17/17)[0m
[1;33m2025-09-21 19:47:52 - Running prompt generation...[0m
PROMPT GENERATION COMPLETE - Prompt #68
[0;32m2025-09-21 19:48:13 - Completed prompt #68[0m
[0;34m2025-09-21 19:48:18 - Generating prompt #69 (Section 5, Prompt 1/17)[0m
[1;33m2025-09-21 19:48:19 - Running prompt generation...[0m
PROMPT GENERATION COMPLETE - Prompt #69
[0;32m2025-09-21 19:48:42 - Completed prompt #69[0m
[0;34m2025-09-21 19:48:47 - Generating prompt #70 (Section 5, Prompt 2/17)[0m
[1;33m2025-09-21 19:48:47 - Running prompt generation...[0m
PROMPT GENERATION COMPLETE - Prompt #70
[0;32m2025-09-21 19:49:09 - Completed prompt #70[0m
[0;34m2025-09-21 19:49:14 - Generating prompt #71 (Section 5, Prompt 3/17)[0m
[1;33m2025-09-21 19:49:14 - Running prompt generation...[0m
PROMPT GENERATION COMPLETE - Prompt #71
[0;32m2025-09-21 19:49:36 - Completed prompt #71[0m
[0;34m2025-09-21 19:49:41 - Generating prompt #72 (Section 5, Prompt 4/17)[0m
[1;33m2025-09-21 19:49:41 - Running prompt generation...[0m
PROMPT GENERATION COMPLETE - Prompt #72
[0;32m2025-09-21 19:50:03 - Completed prompt #72[0m
[0;34m2025-09-21 19:50:08 - Generating prompt #73 (Section 5, Prompt 5/17)[0m
[1;33m2025-09-21 19:50:08 - Running prompt generation...[0m
PROMPT GENERATION COMPLETE - Prompt #73
[0;32m2025-09-21 19:50:30 - Completed prompt #73[0m
[0;34m2025-09-21 19:50:35 - Generating prompt #74 (Section 5, Prompt 6/17)[0m
[1;33m2025-09-21 19:50:35 - Running prompt generation...[0m
PROMPT GENERATION COMPLETE - Prompt #74
[0;32m2025-09-21 19:50:57 - Completed prompt #74[0m
[0;34m2025-09-21 19:51:02 - Generating prompt #75 (Section 5, Prompt 7/17)[0m
[1;33m2025-09-21 19:51:02 - Running prompt generation...[0m
PROMPT GENERATION COMPLETE - Prompt #75
[0;32m2025-09-21 19:51:23 - Completed prompt #75[0m
[0;34m2025-09-21 19:51:29 - Generating prompt #76 (Section 5, Prompt 8/17)[0m
[1;33m2025-09-21 19:51:29 - Running prompt generation...[0m
PROMPT GENERATION COMPLETE - Prompt #76
[0;32m2025-09-21 19:51:48 - Completed prompt #76[0m
[0;34m2025-09-21 19:51:53 - Generating prompt #77 (Section 5, Prompt 9/17)[0m
[1;33m2025-09-21 19:51:53 - Running prompt generation...[0m
PROMPT GENERATION COMPLETE - Prompt #77
[0;32m2025-09-21 19:52:16 - Completed prompt #77[0m
[0;34m2025-09-21 19:52:21 - Generating prompt #78 (Section 5, Prompt 10/17)[0m
[1;33m2025-09-21 19:52:21 - Running prompt generation...[0m
PROMPT GENERATION COMPLETE - Prompt #78
[0;32m2025-09-21 19:52:43 - Completed prompt #78[0m
[0;34m2025-09-21 19:52:48 - Generating prompt #79 (Section 5, Prompt 11/17)[0m
[1;33m2025-09-21 19:52:48 - Running prompt generation...[0m
PROMPT GENERATION COMPLETE - Prompt #79
[0;32m2025-09-21 19:53:10 - Completed prompt #79[0m
[0;34m2025-09-21 19:53:15 - Generating prompt #80 (Section 5, Prompt 12/17)[0m
[1;33m2025-09-21 19:53:15 - Running prompt generation...[0m
PROMPT GENERATION COMPLETE - Prompt #80
[0;32m2025-09-21 19:53:39 - Completed prompt #80[0m
[0;34m2025-09-21 19:53:44 - Generating prompt #81 (Section 5, Prompt 13/17)[0m
[1;33m2025-09-21 19:53:44 - Running prompt generation...[0m
PROMPT GENERATION COMPLETE - Prompt #81
[0;32m2025-09-21 19:54:06 - Completed prompt #81[0m
[0;34m2025-09-21 19:54:11 - Generating prompt #82 (Section 5, Prompt 14/17)[0m
[1;33m2025-09-21 19:54:11 - Running prompt generation...[0m
PROMPT GENERATION COMPLETE - Prompt #82
[0;32m2025-09-21 19:54:34 - Completed prompt #82[0m
[0;34m2025-09-21 19:54:39 - Generating prompt #83 (Section 5, Prompt 15/17)[0m
[1;33m2025-09-21 19:54:39 - Running prompt generation...[0m
PROMPT GENERATION COMPLETE - Prompt #83
[0;32m2025-09-21 19:55:00 - Completed prompt #83[0m
[0;34m2025-09-21 19:55:05 - Generating prompt #84 (Section 5, Prompt 16/17)[0m
[1;33m2025-09-21 19:55:05 - Running prompt generation...[0m
PROMPT GENERATION COMPLETE - Prompt #84
[0;32m2025-09-21 19:55:27 - Completed prompt #84[0m
[0;34m2025-09-21 19:55:32 - Generating prompt #85 (Section 5, Prompt 17/17)[0m
[1;33m2025-09-21 19:55:32 - Running prompt generation...[0m
PROMPT GENERATION COMPLETE - Prompt #85
[0;32m2025-09-21 19:55:53 - Completed prompt #85[0m
[0;34m2025-09-21 19:55:58 - Generating prompt #86 (Section 6, Prompt 1/17)[0m
[1;33m2025-09-21 19:55:58 - Running prompt generation...[0m
PROMPT GENERATION COMPLETE - Prompt #86
[0;32m2025-09-21 19:56:22 - Completed prompt #86[0m
[0;34m2025-09-21 19:56:27 - Generating prompt #87 (Section 6, Prompt 2/17)[0m
[1;33m2025-09-21 19:56:27 - Running prompt generation...[0m
PROMPT GENERATION COMPLETE - Prompt #87
[0;32m2025-09-21 19:56:48 - Completed prompt #87[0m
[0;34m2025-09-21 19:56:53 - Generating prompt #88 (Section 6, Prompt 3/17)[0m
[1;33m2025-09-21 19:56:53 - Running prompt generation...[0m
PROMPT GENERATION COMPLETE - Prompt #88
[0;32m2025-09-21 19:57:16 - Completed prompt #88[0m
[0;34m2025-09-21 19:57:21 - Generating prompt #89 (Section 6, Prompt 4/17)[0m
[1;33m2025-09-21 19:57:21 - Running prompt generation...[0m
PROMPT GENERATION COMPLETE - Prompt #89
[0;32m2025-09-21 19:57:44 - Completed prompt #89[0m
[0;34m2025-09-21 19:57:49 - Generating prompt #90 (Section 6, Prompt 5/17)[0m
[1;33m2025-09-21 19:57:49 - Running prompt generation...[0m
PROMPT GENERATION COMPLETE - Prompt #90
[0;32m2025-09-21 19:58:12 - Completed prompt #90[0m
[0;34m2025-09-21 19:58:17 - Generating prompt #91 (Section 6, Prompt 6/17)[0m
[1;33m2025-09-21 19:58:17 - Running prompt generation...[0m
PROMPT GENERATION COMPLETE - Prompt #91
[0;32m2025-09-21 19:58:38 - Completed prompt #91[0m
[0;34m2025-09-21 19:58:43 - Generating prompt #92 (Section 6, Prompt 7/17)[0m
[1;33m2025-09-21 19:58:43 - Running prompt generation...[0m
PROMPT GENERATION COMPLETE - Prompt #92
[0;32m2025-09-21 19:59:06 - Completed prompt #92[0m
[0;34m2025-09-21 19:59:11 - Generating prompt #93 (Section 6, Prompt 8/17)[0m
[1;33m2025-09-21 19:59:11 - Running prompt generation...[0m
PROMPT GENERATION COMPLETE - Prompt #93
[0;32m2025-09-21 19:59:30 - Completed prompt #93[0m
[0;34m2025-09-21 19:59:35 - Generating prompt #94 (Section 6, Prompt 9/17)[0m
[1;33m2025-09-21 19:59:35 - Running prompt generation...[0m
PROMPT GENERATION COMPLETE - Prompt #94
[0;32m2025-09-21 19:59:58 - Completed prompt #94[0m
[0;34m2025-09-21 20:00:03 - Generating prompt #95 (Section 6, Prompt 10/17)[0m
[1;33m2025-09-21 20:00:03 - Running prompt generation...[0m
PROMPT GENERATION COMPLETE - Prompt #95
[0;32m2025-09-21 20:00:26 - Completed prompt #95[0m
[0;34m2025-09-21 20:00:31 - Generating prompt #96 (Section 6, Prompt 11/17)[0m
[1;33m2025-09-21 20:00:31 - Running prompt generation...[0m
PROMPT GENERATION COMPLETE - Prompt #96
[0;32m2025-09-21 20:00:54 - Completed prompt #96[0m
[0;34m2025-09-21 20:00:59 - Generating prompt #97 (Section 6, Prompt 12/17)[0m
[1;33m2025-09-21 20:00:59 - Running prompt generation...[0m
PROMPT GENERATION COMPLETE - Prompt #97
[0;32m2025-09-21 20:01:17 - Completed prompt #97[0m
[0;34m2025-09-21 20:01:22 - Generating prompt #98 (Section 6, Prompt 13/17)[0m
[1;33m2025-09-21 20:01:22 - Running prompt generation...[0m
PROMPT GENERATION COMPLETE - Prompt #98
[0;32m2025-09-21 20:01:45 - Completed prompt #98[0m
[0;34m2025-09-21 20:01:50 - Generating prompt #99 (Section 6, Prompt 14/17)[0m
[1;33m2025-09-21 20:01:50 - Running prompt generation...[0m
PROMPT GENERATION COMPLETE - Prompt #99
[0;32m2025-09-21 20:02:12 - Completed prompt #99[0m
[0;34m2025-09-21 20:02:17 - Generating prompt #100 (Section 6, Prompt 15/17)[0m
[1;33m2025-09-21 20:02:17 - Running prompt generation...[0m
PROMPT GENERATION COMPLETE - Prompt #100
[0;32m2025-09-21 20:02:39 - Completed prompt #100[0m
[0;34m2025-09-21 20:02:44 - Generating prompt #101 (Section 6, Prompt 16/17)[0m
[1;33m2025-09-21 20:02:44 - Running prompt generation...[0m
PROMPT GENERATION COMPLETE - Prompt #101
[0;32m2025-09-21 20:03:04 - Completed prompt #101[0m
[0;34m2025-09-21 20:03:09 - Generating prompt #102 (Section 6, Prompt 17/17)[0m
[1;33m2025-09-21 20:03:09 - Running prompt generation...[0m
PROMPT GENERATION COMPLETE - Prompt #102
[0;32m2025-09-21 20:03:29 - Completed prompt #102[0m
